         5 JB I00 DEFINE: BLANK CARD FOUND, SKIP TO NEXT IMAGE   
         9 JB I00 DEFINE: BLANK CARD FOUND, SKIP TO NEXT IMAGE   
        33 MP I03 MPPROC: IOSTAT=    22620 REACHED END OF HEADERS
        19 JB I00 DEFINE: BLANK CARD FOUND, SKIP TO NEXT IMAGE   
        20 MP I19 MPSTUP: ENCOUNTERED END OF "JOB/RUN CARD"      
         0 OS W15 AUTCHK: MHGT NOT INPUT: AUDIT & TRACE DISABLED 
         0 OS W15 AUTCHK: SE   NOT INPUT: AUDIT & TRACE DISABLED 
       359 MP W75 SFSTAB:  1 HOURS HAVE 0 FOR PG CATEGORY        
       359 MP W72 ZI1NWS:  1 HOURS HAVE MISSING ZI VALUES        
       359 MP W74  WS1OS:  1 HOURS HAVE MISSING WS VALUES        
       359 MP W74  WS1OS:  1 HOURS HAVE MISSING WD VALUES        
1
         METEOROLOGICAL PROCESSOR FOR REGULATORY MODELS [MPRM (dated 99349)]

                         DECEMBER 15, 1999     14:23:58

                STAGE-3 PROCESSING OF MERGED METEOROLOGICAL DATA 



 *** HEADER ON OUTPUT MP-DATA FILE:     13722        99     13723        99

       364 MP W75 SFSTAB:  1 HOURS HAVE 0 FOR PG CATEGORY        
       364 MP W72 ZI1NWS:  1 HOURS HAVE MISSING ZI VALUES        
       364 MP W74  WS1OS:  1 HOURS HAVE MISSING WS VALUES        
       364 MP W74  WS1OS:  1 HOURS HAVE MISSING WD VALUES        
         7 MP I79  FETCH: EOF FOUND ON MERGED INPUT DATA FILE    
