1
         METEOROLOGICAL PROCESSOR FOR REGULATORY MODELS [MPRM (dated 99349)]

                         DECEMBER 15, 1999     14:22:08

                STAGE 1 EXTRACTION AND QA OF METEOROLOGICAL DATA


             ********************************************************
             ***             JOB TERMINATED NORMALLY              ***
             ********************************************************

                  STATUS REPORT PRIOR TO BEGINNING PROCESSOR RUN


 1.  REPORT FILE NAMES

      ERROR MESSAGES: Y2K-132.ERR                                     
      SUMMARY OF RUN: Y2K-132.RPT                                     


 2.  UPPER AIR DATA  

     THE PROCESS(ES) MPRM ANTICIPATES TO PERFORM ARE:

           NONE - NO DATA TO BE PROCESSED ON THIS PATH 



 3.  NWS SURFACE DATA

      SITE ID    LATITUDE(DEG.)   LONGITUDE(DEG.)
        13722       35.52N            78.47W

     THE PROCESS(ES) MPRM ANTICIPATES TO PERFORM ARE:

           EXTRACT AND QUALITY ASSESSMENT              

          EXTRACT INPUT -    OPEN: Y2K-132.MET                                     
          EXTRACT OUTPUT-    OPEN: Y2K-132.IQA                                     
          QA OUTPUT     -    OPEN: Y2K-132.OQA                                     

          THE EXTRACT DATES ARE:    STARTING: DEC 25, 1999
                                      ENDING: JAN  7, 2000


 4.  ON-SITE DATA    

     THE PROCESS(ES) MPRM ANTICIPATES TO PERFORM ARE:

           NONE - NO DATA TO BE PROCESSED ON THIS PATH 



                      **** MPRM MESSAGE SUMMARY TABLE ****

         0- 9   10-19   20-29   30-39   40-49   50-59   60-69   70-79   TOTAL
       ----------------------------------------------------------------------

    JB
      E    0       0       0       0       0       0       0       0       0
      W    0       0       0       0       0       0       0       0       0
      I    2       7       0       0       0       0       0       0       9

    SF
      E    0       0       0       0       0       0       0       0       0
      W    0       0       0       0       0       0       0       0       0
      I    0       0       0       0       4       0       0       0       4
      Q    0       0       0       0       0       0       0       0       0
       ----------------------------------------------------------------------
           2       7       0       0       4       0       0       0      13

        ****   WARNING MESSAGES ****

               ---  NONE  ---


        ****    ERROR MESSAGES  ****

               ---  NONE  ---



             ********************************************************
             ***             JOB TERMINATED NORMALLY              ***
             ********************************************************


                        **** SUMMARY OF THE QA AUDIT ****


 SURFACE DATA         |------VIOLATION SUMMARY------|   |-----TEST VALUES-----|
               TOTAL     #     LOWER  UPPER      %      MISSING   LOWER   UPPER
               # OBS  MISSING  BOUND  BOUND  ACCEPTED     FLAG    BOUND   BOUND
       SLVP     336      336      0      0      0.00    -9999.0, 9000.0,10999.0
       PRES     336      336      0      0      0.00    -9999.0, 9000.0,10999.0
       CLHT     336        1      0      0     99.70    -9999.0,    0.0,  300.0
       TS       336        1      0      0     99.70       99.0,    0.0,   10.0
         KC     336        1      0      0     99.70       99.0,    0.0,   10.0
       HZVS     336      336      0      0      0.00    -9999.0,    0.0, 1640.0
       TMPD     336        1      0      0     99.70    -9999.0, -300.0,  350.0
       WD16     336        1      0      0     99.70    -9999.0,    0.0,   36.0
       WIND     336        1      0      0     99.70    -9999.0,    0.0,  500.0

 NOTE: TEST VALUES MATCH INTERNAL SCALING APPLIED TO VARIABLES
       (SEE APPENDIX C OF THE USER'S GUIDE)


     THE FOLLOWING CHECKS WERE ALSO PERFORMED FOR THE SURFACE QA                
       OF   336 REPORTS, THERE WERE                                             
             38 CALM WIND CONDITIONS (WS=0, WD=0)                               
              0 ZERO WIND SPEEDS WITH NONZERO WIND DIRECTIONS                   
              0 DEW-POINT GREATER THAN DRY BULB TEMPERATURES                    
              0 PRECIPITATION & WEATHER MISMATCH                                
     THE TIMES OF THESE OCCURRENCES CAN BE FOUND IN THE MESSAGE FILE            
      WITH QUALIFIERS CLM, ZNZ, DTT & PPT (RESP.)                               
                                                                                
                                                                                

     THIS CONCLUDES THE AUDIT TRAIL
