         5 JB I00 DEFINE: BLANK CARD FOUND, SKIP TO NEXT IMAGE   
        13 JB I00 DEFINE: BLANK CARD FOUND, SKIP TO NEXT IMAGE   
        14 JB I19  SETUP: ENCOUNTERED END OF "JOB/RUN CARD"      
         0 JB I10   TEST: SUMMARY: NO UA-EXT CARD, NULL EXTRACT  
         0 JB I11   TEST: SUMMARY: NO UA-IQA CARD, NULL QA       
         0 JB I12   TEST: SUMMARY: NO UA-OQA CARD, NULL MERGE    
         0 JB I10   TEST: SUMMARY: NO OS-EXT CARD, NULL EXTRACT  
         0 JB I11   TEST: SUMMARY: NO OS-IQA CARD, NULL QA       
         0 JB I12   TEST: SUMMARY: NO OS-OQA CARD, NULL MERGE    
         0 SF I40  SFEXT: *** HLY SFC OBS & PRECIP EXTRACTION ***
    743343 SF I49 RD144D: END-OF-FILE AFTER RECORD  336          
         0 SF I49  SFEXT:  335 HLY WX &    0 PRECIP OBS EXTRACTED
     35901 SF CLM SFQASM: CALM WINDS ON 99/12/25/01              
     35904 SF CLM SFQASM: CALM WINDS ON 99/12/25/04              
     35905 SF CLM SFQASM: CALM WINDS ON 99/12/25/05              
     35906 SF CLM SFQASM: CALM WINDS ON 99/12/25/06              
     36119 SF CLM SFQASM: CALM WINDS ON 99/12/27/19              
     36121 SF CLM SFQASM: CALM WINDS ON 99/12/27/21              
     36122 SF CLM SFQASM: CALM WINDS ON 99/12/27/22              
     36123 SF CLM SFQASM: CALM WINDS ON 99/12/27/23              
     36124 SF CLM SFQASM: CALM WINDS ON 99/12/27/24              
     36201 SF CLM SFQASM: CALM WINDS ON 99/12/28/01              
     36202 SF CLM SFQASM: CALM WINDS ON 99/12/28/02              
     36203 SF CLM SFQASM: CALM WINDS ON 99/12/28/03              
     36205 SF CLM SFQASM: CALM WINDS ON 99/12/28/05              
     36218 SF CLM SFQASM: CALM WINDS ON 99/12/28/18              
     36221 SF CLM SFQASM: CALM WINDS ON 99/12/28/21              
     36304 SF CLM SFQASM: CALM WINDS ON 99/12/29/04              
     36309 SF CLM SFQASM: CALM WINDS ON 99/12/29/09              
     36424 SF CLM SFQASM: CALM WINDS ON 99/12/30/24              
       204 SF CLM SFQASM: CALM WINDS ON  0/01/02/04              
       205 SF CLM SFQASM: CALM WINDS ON  0/01/02/05              
       206 SF CLM SFQASM: CALM WINDS ON  0/01/02/06              
       208 SF CLM SFQASM: CALM WINDS ON  0/01/02/08              
       209 SF CLM SFQASM: CALM WINDS ON  0/01/02/09              
       220 SF CLM SFQASM: CALM WINDS ON  0/01/02/20              
       506 SF CLM SFQASM: CALM WINDS ON  0/01/05/06              
       516 SF CLM SFQASM: CALM WINDS ON  0/01/05/16              
       517 SF CLM SFQASM: CALM WINDS ON  0/01/05/17              
       603 SF CLM SFQASM: CALM WINDS ON  0/01/06/03              
       604 SF CLM SFQASM: CALM WINDS ON  0/01/06/04              
       607 SF CLM SFQASM: CALM WINDS ON  0/01/06/07              
       701 SF CLM SFQASM: CALM WINDS ON  0/01/07/01              
       703 SF CLM SFQASM: CALM WINDS ON  0/01/07/03              
       706 SF CLM SFQASM: CALM WINDS ON  0/01/07/06              
       708 SF CLM SFQASM: CALM WINDS ON  0/01/07/08              
       709 SF CLM SFQASM: CALM WINDS ON  0/01/07/09              
       710 SF CLM SFQASM: CALM WINDS ON  0/01/07/10              
       715 SF CLM SFQASM: CALM WINDS ON  0/01/07/15              
       721 SF CLM SFQASM: CALM WINDS ON  0/01/07/21              
       337 SF I49 SFQASM: END OF FILE AFTER OBS #   336          
