         5 JB I00 DEFINE: BLANK CARD FOUND, SKIP TO NEXT IMAGE   
        13 JB I00 DEFINE: BLANK CARD FOUND, SKIP TO NEXT IMAGE   
        14 JB I19  SETUP: ENCOUNTERED END OF "JOB/RUN CARD"      
         0 JB I10   TEST: SUMMARY: NO UA-EXT CARD, NULL EXTRACT  
         0 JB I11   TEST: SUMMARY: NO UA-IQA CARD, NULL QA       
         0 JB I12   TEST: SUMMARY: NO UA-OQA CARD, NULL MERGE    
         0 JB I10   TEST: SUMMARY: NO OS-EXT CARD, NULL EXTRACT  
         0 JB I11   TEST: SUMMARY: NO OS-IQA CARD, NULL QA       
         0 JB I12   TEST: SUMMARY: NO OS-OQA CARD, NULL MERGE    
         0 SF I40  SFEXT: *** HLY SFC OBS & PRECIP EXTRACTION ***
    743344 SF I49 RD144D: END-OF DATA WINDOW AFTER RECORD  913   
         0 SF I49  SFEXT:  336 HLY WX &    0 PRECIP OBS EXTRACTED
     36105 SF CLM SFQASM: CALM WINDS ON 99/12/27/05              
     36203 SF CLM SFQASM: CALM WINDS ON 99/12/28/03              
     36302 SF CLM SFQASM: CALM WINDS ON 99/12/29/02              
     36313 SF CLM SFQASM: CALM WINDS ON 99/12/29/13              
     36319 SF CLM SFQASM: CALM WINDS ON 99/12/29/19              
     36408 SF CLM SFQASM: CALM WINDS ON 99/12/30/08              
     36409 SF CLM SFQASM: CALM WINDS ON 99/12/30/09              
     36410 SF CLM SFQASM: CALM WINDS ON 99/12/30/10              
     36412 SF CLM SFQASM: CALM WINDS ON 99/12/30/12              
     36420 SF CLM SFQASM: CALM WINDS ON 99/12/30/20              
     36504 SF CLM SFQASM: CALM WINDS ON 99/12/31/04              
     36505 SF CLM SFQASM: CALM WINDS ON 99/12/31/05              
     36510 SF CLM SFQASM: CALM WINDS ON 99/12/31/10              
     36511 SF CLM SFQASM: CALM WINDS ON 99/12/31/11              
     36522 SF CLM SFQASM: CALM WINDS ON 99/12/31/22              
       505 SF CLM SFQASM: CALM WINDS ON  0/01/05/05              
       506 SF CLM SFQASM: CALM WINDS ON  0/01/05/06              
       507 SF CLM SFQASM: CALM WINDS ON  0/01/05/07              
       509 SF CLM SFQASM: CALM WINDS ON  0/01/05/09              
       522 SF CLM SFQASM: CALM WINDS ON  0/01/05/22              
       606 SF CLM SFQASM: CALM WINDS ON  0/01/06/06              
       607 SF CLM SFQASM: CALM WINDS ON  0/01/06/07              
       610 SF CLM SFQASM: CALM WINDS ON  0/01/06/10              
       717 SF CLM SFQASM: CALM WINDS ON  0/01/07/17              
       337 SF I49 SFQASM: END OF FILE AFTER OBS #   336          
