AERCOARE Summary
------------------------------ ----------
 AERCOARE Version             : D13108

 Run Date                     : 20130516  
 Run Time (hour:min:sec)      : 08:14:08.029
 Run Time Zone                : -0700     
 Control/Option file          : ventc1.in                                                                       
 Overwater meteorological file: ventmet.csv                                                                     
 Output SFC file for AERMOD   : ventc1.sfc                                                                      
 Output PFL file for AERMOD   : ventc1.pfl                                                                      


Control File Options
------------------------------- ----------
 Latitude (degN)              :    34.3000
 Longitude (degW)             :   119.2000
 Time Zone (5-EST.. 8-PST)    :          8
 COARE Gust Mix Ht (m)        :      600.0
 Mininum Overwater Mix Ht (m) :       25.0
 Min Abs(L) allowed           :        5.0
 Calm Threshold (m/s)         :       0.50
 Default VPTG (degC/m)        :      0.010
 Default Wind Meas. Ht (m)    :      20.50
 Default Temp Meas. Ht (m)    :       7.00
 Default RelH Meas. Ht (m)    :       7.00
 Default Sea Temp Depth (m)   :      0.500
 Mix Ht Option (-2 to 2)      :          1
 COARE Warm Layer Option (0-1):          0
 COARE Cool Skin Option (0-1) :          0
 COARE Wave Option (0-2)      :          0


Overwater Input File Variables and Limits
  n name column     scale       min       max
 -- ---- ------ --------- --------- ---------
  1 wspd      5  1.00      0.00      50.0    
  2 wdir      6  1.00      0.00      360.    
  3 tsea      7  1.00     -3.00      50.0    
  4 tair      8  1.00     -30.0      50.0    
  5 relh      9  1.00      0.00      100.    
  6 pres     10  1.00      900.     0.110E+04
 11 sigt     11  1.00      0.00      105.    
 20 mixh     12  1.00      0.00     0.500E+04


Missing Data Summary by Variable (1)
 Vname   No. Miss
 ----- ----------
  wspd          0
  wdir          0
  tsea          0
  tair          0
  relh          0
  pres          0
  sigt          0
  mixh          0

(1) - does not include whole missing hours caused
      by non-sequential data.
  
  
 AERCOARE processed  17  records
 number of records with insufficient data :  0
 number of calm records                   :  0
