    0.1500    2.0000    1.5000  0.000000         9        91
 LOG-NORMAL SIZE DISTRIBUTION (101 POINT HISTOGRAM) 
   0.35000   9.66708   9.66708   0.00000   0.66341
  12.862
  12.703  12.270  11.650  10.924  10.149   9.364   8.595   7.856   7.154   6.496
   5.883   5.316   4.796   4.322   3.891   3.503   3.152   2.837   2.553   2.299
   2.070   1.866   1.684   1.521   1.376   1.247   1.130   1.025   0.931   0.846
   0.771   0.704   0.644   0.591   0.543   0.500   0.462   0.427   0.395   0.367
   0.341   0.318   0.297   0.279   0.263   0.248   0.235   0.223   0.212   0.203
   0.195   0.187   0.180   0.174   0.169   0.164   0.161   0.158   0.156   0.154
   0.153   0.153   0.153   0.154   0.155   0.157   0.159   0.162   0.165   0.168
   0.172   0.177   0.181   0.187   0.192   0.197   0.202   0.207   0.212   0.216
   0.220   0.223   0.227   0.233   0.243   0.257   0.276   0.295   0.310   0.316
   0.40000   8.21079   8.21079   0.00000   0.65322
  11.681
  11.563  11.235  10.750  10.165   9.524   8.860   8.195   7.545   6.918   6.321
   5.760   5.236   4.750   4.303   3.893   3.520   3.181   2.874   2.596   2.345
   2.119   1.916   1.734   1.570   1.424   1.292   1.174   1.067   0.971   0.884
   0.807   0.738   0.675   0.620   0.570   0.525   0.485   0.448   0.416   0.386
   0.359   0.335   0.313   0.294   0.276   0.261   0.247   0.235   0.223   0.213
   0.205   0.197   0.189   0.183   0.178   0.173   0.169   0.166   0.163   0.162
   0.160   0.160   0.160   0.160   0.161   0.162   0.164   0.166   0.169   0.172
   0.175   0.179   0.183   0.188   0.192   0.196   0.201   0.205   0.209   0.212
   0.216   0.219   0.223   0.229   0.238   0.250   0.265   0.280   0.292   0.296
   0.45000   6.99013   6.99013   0.00000   0.64247
  10.754
  10.663  10.404  10.015   9.535   8.996   8.424   7.839   7.256   6.687   6.141
   5.624   5.138   4.684   4.264   3.876   3.520   3.194   2.896   2.625   2.379
   2.157   1.956   1.775   1.611   1.464   1.331   1.211   1.104   1.007   0.919
   0.840   0.769   0.705   0.647   0.596   0.549   0.507   0.469   0.435   0.405
   0.377   0.352   0.329   0.309   0.290   0.274   0.259   0.246   0.234   0.224
   0.214   0.206   0.199   0.192   0.187   0.182   0.178   0.175   0.172   0.170
   0.169   0.168   0.167   0.167   0.168   0.169   0.170   0.172   0.175   0.178
   0.181   0.184   0.188   0.192   0.196   0.200   0.204   0.207   0.210   0.213
   0.216   0.219   0.224   0.230   0.238   0.247   0.258   0.269   0.277   0.280
   0.50000   5.96546   5.96546   0.00000   0.63175
  10.012
   9.937   9.725   9.400   8.991   8.526   8.025   7.506   6.984   6.470   5.971
   5.493   5.040   4.614   4.216   3.847   3.506   3.193   2.906   2.644   2.405
   2.187   1.989   1.810   1.647   1.499   1.366   1.246   1.137   1.039   0.951
   0.871   0.798   0.733   0.674   0.621   0.573   0.529   0.490   0.455   0.423
   0.394   0.368   0.345   0.324   0.305   0.288   0.272   0.258   0.246   0.235
   0.225   0.216   0.209   0.202   0.196   0.191   0.187   0.183   0.180   0.178
   0.176   0.175   0.174   0.174   0.175   0.176   0.178   0.179   0.182   0.184
   0.187   0.190   0.193   0.196   0.200   0.203   0.207   0.210   0.213   0.216
   0.219   0.223   0.227   0.234   0.241   0.250   0.260   0.268   0.274   0.277
   0.55000   5.11515   5.11515   0.00000   0.62043
   9.401
   9.338   9.156   8.876   8.521   8.111   7.666   7.200   6.728   6.258   5.799
   5.357   4.935   4.536   4.161   3.812   3.487   3.186   2.908   2.654   2.420
   2.207   2.013   1.836   1.675   1.529   1.396   1.276   1.167   1.069   0.979
   0.898   0.825   0.758   0.698   0.644   0.594   0.550   0.510   0.474   0.441
   0.411   0.384   0.360   0.338   0.318   0.301   0.285   0.270   0.258   0.246
   0.236   0.227   0.219   0.212   0.206   0.201   0.196   0.193   0.190   0.188
   0.186   0.185   0.184   0.184   0.184   0.185   0.186   0.187   0.189   0.192
   0.195   0.198   0.201   0.204   0.207   0.211   0.214   0.217   0.220   0.223
   0.226   0.230   0.234   0.240   0.246   0.254   0.262   0.270   0.275   0.277
   0.60000   4.40131   4.40131   0.00000   0.60935
   8.865
   8.811   8.654   8.410   8.096   7.733   7.336   6.918   6.490   6.062   5.640
   5.230   4.835   4.459   4.104   3.771   3.460   3.171   2.904   2.657   2.430
   2.222   2.032   1.858   1.700   1.555   1.424   1.304   1.195   1.095   1.005
   0.923   0.849   0.782   0.721   0.666   0.616   0.570   0.529   0.492   0.458
   0.427   0.400   0.375   0.352   0.332   0.314   0.297   0.283   0.270   0.258
   0.247   0.238   0.230   0.222   0.216   0.211   0.206   0.202   0.199   0.197
   0.195   0.194   0.193   0.193   0.193   0.194   0.195   0.196   0.198   0.200
   0.203   0.205   0.208   0.211   0.214   0.218   0.221   0.224   0.227   0.231
   0.234   0.238   0.242   0.247   0.253   0.261   0.268   0.275   0.280   0.282
   0.65000   3.80470   3.80470   0.00000   0.59840
   8.397
   8.351   8.216   8.004   7.728   7.404   7.046   6.666   6.274   5.879   5.487
   5.104   4.734   4.380   4.044   3.726   3.429   3.152   2.894   2.656   2.436
   2.234   2.047   1.876   1.720   1.577   1.446   1.327   1.218   1.119   1.028
   0.946   0.872   0.804   0.742   0.686   0.635   0.589   0.547   0.509   0.474
   0.443   0.415   0.389   0.366   0.345   0.326   0.309   0.294   0.281   0.269
   0.258   0.248   0.240   0.233   0.226   0.221   0.216   0.212   0.209   0.206
   0.204   0.203   0.202   0.202   0.202   0.203   0.204   0.206   0.207   0.210
   0.212   0.214   0.217   0.220   0.223   0.226   0.230   0.233   0.236   0.239
   0.243   0.246   0.251   0.256   0.262   0.269   0.275   0.281   0.285   0.286
   0.70000   3.30342   3.30342   0.00000   0.58752
   7.996
   7.955   7.836   7.646   7.399   7.106   6.781   6.433   6.072   5.706   5.341
   4.983   4.635   4.301   3.982   3.680   3.396   3.130   2.882   2.651   2.438
   2.240   2.058   1.890   1.736   1.595   1.465   1.347   1.238   1.140   1.049
   0.967   0.892   0.824   0.761   0.705   0.653   0.606   0.563   0.525   0.490
   0.458   0.429   0.403   0.379   0.358   0.339   0.321   0.306   0.292   0.280
   0.269   0.259   0.250   0.243   0.236   0.231   0.226   0.222   0.219   0.216
   0.214   0.213   0.212   0.212   0.212   0.213   0.214   0.215   0.217   0.219
   0.222   0.224   0.227   0.230   0.233   0.236   0.239   0.243   0.246   0.249
   0.253   0.256   0.261   0.266   0.271   0.277   0.283   0.288   0.291   0.292
   0.75000   2.88015   2.88015   0.00000   0.57675
   7.638
   7.601   7.494   7.324   7.100   6.834   6.537   6.217   5.883   5.543   5.203
   4.867   4.540   4.223   3.921   3.633   3.361   3.105   2.866   2.643   2.436
   2.243   2.065   1.901   1.749   1.610   1.482   1.364   1.257   1.158   1.068
   0.986   0.911   0.842   0.779   0.722   0.670   0.622   0.579   0.540   0.504
   0.472   0.442   0.416   0.392   0.370   0.351   0.333   0.317   0.303   0.290
   0.279   0.269   0.261   0.253   0.246   0.241   0.236   0.232   0.229   0.226
   0.224   0.223   0.222   0.222   0.222   0.223   0.224   0.226   0.228   0.230
   0.232   0.235   0.237   0.240   0.243   0.247   0.250   0.253   0.256   0.260
   0.263   0.267   0.271   0.276   0.281   0.287   0.292   0.296   0.299   0.300
    3.0000    2.2000    1.5000  0.000000         9        91
 LOG-NORMAL SIZE DISTRIBUTION (101 POINT HISTOGRAM) 
   0.35000   0.76866   0.76866   0.00000   0.76442
1430.593
 274.589  76.784  30.440  16.148   9.813   6.952   5.589   4.613   4.117   3.485
   3.333   2.812   2.682   2.354   2.255   1.938   1.797   1.639   1.443   1.406
   1.164   1.180   1.015   0.923   0.871   0.757   0.725   0.626   0.561   0.577
   0.482   0.434   0.414   0.346   0.317   0.335   0.270   0.237   0.227   0.236
   0.217   0.185   0.193   0.147   0.160   0.126   0.111   0.106   0.094   0.081
   0.081   0.082   0.076   0.074   0.065   0.063   0.059   0.055   0.058   0.055
   0.053   0.049   0.049   0.059   0.053   0.057   0.059   0.059   0.061   0.066
   0.064   0.079   0.096   0.124   0.160   0.188   0.242   0.352   0.523   0.634
   0.696   0.687   0.703   0.722   0.765   0.894   1.107   1.297   1.295   1.059
   0.40000   0.77662   0.77662   0.00000   0.75530
1090.571
 254.711  78.447  32.960  17.058  10.766   7.518   6.078   4.746   4.326   3.471
   3.356   2.845   2.784   2.332   2.289   1.937   1.836   1.557   1.511   1.385
   1.190   1.163   1.012   0.970   0.856   0.762   0.733   0.620   0.577   0.546
   0.511   0.460   0.415   0.359   0.314   0.350   0.316   0.253   0.238   0.213
   0.225   0.206   0.182   0.164   0.156   0.146   0.135   0.128   0.116   0.097
   0.090   0.087   0.089   0.079   0.070   0.069   0.068   0.072   0.069   0.062
   0.056   0.063   0.058   0.063   0.063   0.069   0.071   0.071   0.068   0.071
   0.077   0.091   0.109   0.133   0.151   0.203   0.281   0.374   0.488   0.611
   0.659   0.706   0.712   0.766   0.890   0.978   1.019   1.098   1.141   1.031
   0.45000   0.78762   0.78762   0.00000   0.74822
 870.294
 238.679  77.921  34.520  18.156  11.547   7.956   6.066   4.992   4.266   3.716
   3.236   2.919   2.601   2.475   2.201   2.006   1.809   1.596   1.583   1.319
   1.360   1.167   1.090   0.971   0.861   0.802   0.713   0.680   0.624   0.518
   0.469   0.455   0.410   0.371   0.351   0.303   0.271   0.289   0.239   0.221
   0.207   0.210   0.182   0.162   0.159   0.154   0.137   0.124   0.113   0.112
   0.102   0.098   0.097   0.089   0.084   0.083   0.080   0.065   0.061   0.061
   0.064   0.063   0.065   0.059   0.064   0.061   0.070   0.073   0.083   0.092
   0.108   0.107   0.121   0.149   0.175   0.203   0.276   0.369   0.519   0.649
   0.725   0.766   0.762   0.763   0.798   0.906   1.023   1.181   1.117   0.907
   0.50000   0.79425   0.79425   0.00000   0.74703
 691.921
 218.198  78.633  35.394  19.687  12.200   8.567   6.437   5.155   4.349   3.747
   3.372   3.045   2.821   2.471   2.232   2.003   1.796   1.700   1.515   1.452
   1.253   1.231   1.050   0.964   0.932   0.801   0.745   0.686   0.588   0.581
   0.523   0.439   0.431   0.377   0.364   0.351   0.293   0.260   0.236   0.255
   0.225   0.180   0.175   0.173   0.163   0.140   0.133   0.121   0.115   0.107
   0.101   0.093   0.091   0.086   0.082   0.079   0.071   0.068   0.071   0.067
   0.072   0.073   0.065   0.063   0.068   0.071   0.076   0.081   0.082   0.087
   0.095   0.110   0.135   0.167   0.201   0.242   0.297   0.381   0.488   0.618
   0.675   0.703   0.711   0.733   0.784   0.841   0.933   0.961   0.867   0.729
   0.55000   0.80461   0.80461   0.00000   0.73721
 582.102
 204.367  76.745  35.884  19.806  12.613   9.052   6.861   5.632   4.525   3.991
   3.347   3.106   2.688   2.552   2.272   2.154   1.887   1.696   1.498   1.339
   1.252   1.122   1.128   0.951   0.839   0.825   0.707   0.682   0.633   0.546
   0.518   0.444   0.419   0.414   0.365   0.324   0.299   0.293   0.268   0.229
   0.218   0.195   0.199   0.176   0.154   0.150   0.153   0.134   0.130   0.121
   0.119   0.113   0.103   0.100   0.097   0.091   0.080   0.082   0.081   0.078
   0.077   0.074   0.078   0.077   0.081   0.078   0.081   0.085   0.091   0.101
   0.112   0.126   0.141   0.156   0.180   0.234   0.306   0.396   0.519   0.649
   0.727   0.734   0.735   0.751   0.788   0.883   0.957   1.042   1.057   1.065
   0.60000   0.82268   0.82268   0.00000   0.72452
 486.148
 189.019  74.987  36.976  20.628  13.287   9.162   6.967   5.404   4.547   3.869
   3.447   3.093   2.790   2.474   2.261   1.975   1.859   1.638   1.565   1.390
   1.321   1.170   1.038   0.964   0.840   0.819   0.774   0.680   0.622   0.541
   0.489   0.505   0.452   0.393   0.370   0.325   0.318   0.309   0.274   0.258
   0.235   0.237   0.206   0.198   0.189   0.179   0.158   0.152   0.150   0.140
   0.128   0.124   0.113   0.103   0.099   0.094   0.094   0.090   0.078   0.078
   0.078   0.082   0.083   0.079   0.086   0.085   0.091   0.100   0.113   0.116
   0.125   0.143   0.162   0.175   0.210   0.248   0.297   0.396   0.507   0.633
   0.761   0.815   0.803   0.782   0.811   0.877   1.002   1.152   1.204   1.219
   0.65000   0.82339   0.82339   0.00000   0.72705
 412.889
 174.487  73.164  36.546  21.115  13.931   9.736   7.432   5.824   4.900   4.065
   3.610   3.085   2.840   2.512   2.297   1.982   1.903   1.681   1.557   1.409
   1.312   1.189   1.033   0.995   0.887   0.831   0.770   0.655   0.624   0.582
   0.534   0.532   0.469   0.391   0.367   0.359   0.347   0.308   0.284   0.254
   0.257   0.247   0.215   0.196   0.188   0.175   0.150   0.144   0.138   0.128
   0.114   0.103   0.100   0.098   0.096   0.092   0.091   0.088   0.080   0.082
   0.080   0.076   0.076   0.080   0.086   0.092   0.094   0.089   0.095   0.107
   0.121   0.138   0.154   0.176   0.204   0.265   0.325   0.387   0.490   0.594
   0.670   0.728   0.749   0.762   0.836   0.904   1.016   1.044   0.997   0.963
   0.70000   0.83930   0.83930   0.00000   0.71732
 352.436
 161.842  71.825  36.636  21.149  13.882   9.920   7.726   6.047   5.031   4.109
   3.674   3.194   2.913   2.514   2.295   2.026   1.875   1.626   1.535   1.416
   1.272   1.179   1.058   0.995   0.888   0.811   0.760   0.663   0.632   0.593
   0.561   0.527   0.467   0.410   0.386   0.390   0.366   0.325   0.290   0.258
   0.265   0.254   0.232   0.213   0.194   0.174   0.157   0.154   0.153   0.135
   0.120   0.118   0.116   0.112   0.106   0.097   0.098   0.101   0.097   0.088
   0.082   0.086   0.088   0.089   0.090   0.098   0.104   0.104   0.102   0.113
   0.128   0.141   0.161   0.188   0.223   0.270   0.333   0.417   0.511   0.588
   0.641   0.705   0.768   0.871   0.930   0.953   0.931   0.953   1.068   1.135
   0.75000   0.84426   0.84426   0.00000   0.71666
 307.780
 150.105  69.173  36.512  21.629  14.375  10.299   7.922   6.207   5.184   4.283
   3.781   3.262   2.936   2.556   2.337   2.052   1.900   1.665   1.549   1.435
   1.326   1.203   1.068   1.014   0.904   0.837   0.781   0.672   0.635   0.595
   0.569   0.541   0.471   0.407   0.382   0.394   0.368   0.319   0.289   0.259
   0.270   0.258   0.227   0.212   0.195   0.178   0.159   0.151   0.150   0.137
   0.122   0.111   0.109   0.111   0.109   0.099   0.096   0.097   0.092   0.088
   0.086   0.086   0.085   0.091   0.095   0.100   0.103   0.103   0.107   0.116
   0.129   0.144   0.165   0.195   0.237   0.288   0.339   0.411   0.500   0.588
   0.644   0.697   0.743   0.802   0.858   0.900   0.933   0.938   0.974   1.015
    0.1000    2.0000    1.5000  0.000000         9        91
 LOG-NORMAL SIZE DISTRIBUTION (101 POINT HISTOGRAM) 
   0.35000   8.28033   8.28033   0.00000   0.62598
   9.698
   9.629   9.430   9.125   8.741   8.303   7.832   7.343   6.850   6.361   5.885
   5.426   4.989   4.577   4.190   3.830   3.497   3.190   2.907   2.649   2.412
   2.197   2.001   1.823   1.662   1.516   1.383   1.263   1.153   1.055   0.965
   0.884   0.812   0.746   0.686   0.633   0.584   0.540   0.501   0.465   0.432
   0.403   0.376   0.352   0.331   0.312   0.294   0.279   0.265   0.252   0.241
   0.231   0.222   0.214   0.207   0.201   0.196   0.192   0.188   0.185   0.183
   0.181   0.180   0.179   0.179   0.180   0.181   0.182   0.183   0.185   0.188
   0.190   0.193   0.196   0.200   0.203   0.206   0.210   0.213   0.216   0.220
   0.223   0.227   0.231   0.237   0.244   0.252   0.262   0.271   0.278   0.280
   0.40000   6.60196   6.60196   0.00000   0.60935
   8.865
   8.811   8.654   8.410   8.096   7.733   7.336   6.918   6.490   6.062   5.640
   5.230   4.835   4.459   4.104   3.771   3.460   3.171   2.904   2.657   2.430
   2.222   2.032   1.858   1.700   1.555   1.424   1.304   1.195   1.095   1.005
   0.923   0.849   0.782   0.721   0.666   0.616   0.570   0.529   0.492   0.458
   0.427   0.400   0.375   0.352   0.332   0.314   0.297   0.283   0.270   0.258
   0.247   0.238   0.230   0.222   0.216   0.211   0.206   0.202   0.199   0.197
   0.195   0.194   0.193   0.193   0.193   0.194   0.195   0.196   0.198   0.200
   0.203   0.205   0.208   0.211   0.214   0.218   0.221   0.224   0.227   0.231
   0.234   0.238   0.242   0.247   0.253   0.261   0.268   0.275   0.280   0.282
   0.45000   5.31632   5.31632   0.00000   0.59285
   8.197
   8.153   8.025   7.824   7.562   7.254   6.912   6.547   6.170   5.789   5.411
   5.041   4.683   4.339   4.013   3.704   3.414   3.142   2.889   2.654   2.437
   2.237   2.053   1.883   1.728   1.586   1.456   1.337   1.228   1.129   1.039
   0.957   0.882   0.814   0.751   0.695   0.644   0.597   0.555   0.517   0.482
   0.450   0.422   0.396   0.373   0.351   0.332   0.315   0.300   0.286   0.274
   0.263   0.254   0.245   0.238   0.231   0.226   0.221   0.217   0.214   0.211
   0.210   0.208   0.207   0.207   0.207   0.208   0.209   0.210   0.212   0.215
   0.217   0.220   0.223   0.226   0.229   0.232   0.235   0.238   0.241   0.244
   0.248   0.252   0.256   0.261   0.266   0.272   0.278   0.284   0.287   0.289
   0.50000   4.32022   4.32022   0.00000   0.57675
   7.638
   7.601   7.494   7.324   7.100   6.834   6.537   6.217   5.883   5.543   5.203
   4.867   4.540   4.223   3.921   3.633   3.361   3.105   2.866   2.643   2.436
   2.243   2.065   1.901   1.749   1.610   1.482   1.364   1.257   1.158   1.068
   0.986   0.911   0.842   0.779   0.722   0.670   0.622   0.579   0.540   0.504
   0.472   0.442   0.416   0.392   0.370   0.351   0.333   0.317   0.303   0.290
   0.279   0.269   0.261   0.253   0.246   0.241   0.236   0.232   0.229   0.226
   0.224   0.223   0.222   0.222   0.222   0.223   0.224   0.226   0.228   0.230
   0.232   0.235   0.237   0.240   0.243   0.247   0.250   0.253   0.256   0.260
   0.263   0.267   0.271   0.276   0.281   0.287   0.292   0.296   0.299   0.300
   0.55000   3.54414   3.54414   0.00000   0.56086
   7.170
   7.139   7.047   6.899   6.704   6.470   6.207   5.922   5.623   5.317   5.008
   4.702   4.402   4.110   3.830   3.562   3.307   3.066   2.839   2.626   2.427
   2.242   2.070   1.911   1.764   1.628   1.502   1.386   1.280   1.183   1.093
   1.011   0.935   0.866   0.803   0.745   0.693   0.645   0.601   0.561   0.525
   0.492   0.462   0.435   0.410   0.388   0.368   0.350   0.334   0.319   0.306
   0.295   0.285   0.276   0.268   0.261   0.256   0.251   0.247   0.244   0.241
   0.240   0.238   0.238   0.238   0.238   0.239   0.240   0.242   0.244   0.246
   0.248   0.251   0.254   0.257   0.260   0.264   0.267   0.270   0.274   0.277
   0.281   0.284   0.288   0.293   0.298   0.302   0.307   0.311   0.313   0.314
   0.60000   2.93137   2.93137   0.00000   0.54548
   6.759
   6.732   6.651   6.522   6.351   6.145   5.911   5.657   5.389   5.112   4.831
   4.550   4.274   4.004   3.742   3.491   3.251   3.023   2.808   2.605   2.415
   2.237   2.071   1.917   1.774   1.641   1.518   1.405   1.300   1.203   1.114
   1.032   0.957   0.888   0.825   0.767   0.714   0.665   0.621   0.581   0.544
   0.510   0.480   0.452   0.427   0.405   0.384   0.366   0.349   0.335   0.322
   0.310   0.300   0.291   0.283   0.276   0.271   0.266   0.262   0.259   0.256
   0.255   0.254   0.253   0.253   0.254   0.255   0.256   0.258   0.260   0.262
   0.265   0.268   0.271   0.274   0.277   0.281   0.284   0.288   0.291   0.295
   0.299   0.302   0.306   0.311   0.315   0.319   0.323   0.327   0.329   0.330
   0.65000   2.44425   2.44425   0.00000   0.53060
   6.404
   6.380   6.310   6.196   6.044   5.860   5.650   5.421   5.177   4.924   4.667
   4.408   4.152   3.901   3.656   3.421   3.195   2.979   2.774   2.581   2.399
   2.228   2.068   1.919   1.780   1.650   1.530   1.418   1.315   1.220   1.132
   1.050   0.976   0.907   0.844   0.786   0.732   0.684   0.639   0.598   0.561
   0.527   0.497   0.469   0.443   0.420   0.400   0.381   0.365   0.350   0.336
   0.325   0.314   0.305   0.298   0.291   0.285   0.281   0.277   0.274   0.272
   0.270   0.269   0.269   0.269   0.270   0.271   0.273   0.275   0.277   0.279
   0.282   0.285   0.288   0.292   0.295   0.298   0.302   0.306   0.309   0.313
   0.317   0.321   0.325   0.329   0.333   0.337   0.341   0.344   0.346   0.347
   0.70000   2.05322   2.05322   0.00000   0.51619
   6.093
   6.071   6.009   5.907   5.771   5.605   5.415   5.207   4.984   4.752   4.515
   4.275   4.037   3.803   3.574   3.352   3.139   2.935   2.740   2.556   2.381
   2.217   2.062   1.917   1.782   1.656   1.538   1.429   1.327   1.233   1.146
   1.066   0.992   0.923   0.860   0.802   0.749   0.700   0.656   0.615   0.577
   0.543   0.512   0.484   0.458   0.435   0.414   0.396   0.379   0.364   0.351
   0.339   0.329   0.320   0.312   0.305   0.300   0.295   0.292   0.289   0.287
   0.285   0.285   0.284   0.285   0.286   0.287   0.289   0.291   0.294   0.296
   0.299   0.303   0.306   0.309   0.313   0.317   0.320   0.324   0.328   0.332
   0.336   0.340   0.344   0.348   0.351   0.355   0.359   0.361   0.363   0.364
   0.75000   1.73656   1.73656   0.00000   0.50223
   5.815
   5.796   5.740   5.648   5.525   5.375   5.202   5.011   4.807   4.593   4.374
   4.152   3.930   3.710   3.496   3.286   3.085   2.891   2.705   2.529   2.361
   2.203   2.054   1.913   1.782   1.659   1.544   1.437   1.337   1.245   1.159
   1.079   1.006   0.938   0.875   0.817   0.764   0.715   0.671   0.630   0.592
   0.558   0.527   0.498   0.473   0.449   0.428   0.410   0.393   0.378   0.364
   0.353   0.342   0.334   0.326   0.319   0.314   0.310   0.306   0.303   0.301
   0.300   0.300   0.300   0.301   0.302   0.303   0.305   0.308   0.311   0.314
   0.317   0.320   0.324   0.327   0.331   0.335   0.339   0.343   0.347   0.351
   0.355   0.359   0.363   0.366   0.370   0.374   0.377   0.379   0.381   0.382
    0.0500    2.0000    1.5000  0.000000         9        91
 LOG-NORMAL SIZE DISTRIBUTION (101 POINT HISTOGRAM) 
   0.35000   4.10644   4.10644   0.00000   0.51619
   6.093
   6.071   6.009   5.907   5.771   5.605   5.415   5.207   4.984   4.752   4.515
   4.275   4.037   3.803   3.574   3.352   3.139   2.935   2.740   2.556   2.381
   2.217   2.062   1.917   1.782   1.656   1.538   1.429   1.327   1.233   1.146
   1.066   0.992   0.923   0.860   0.802   0.749   0.700   0.656   0.615   0.577
   0.543   0.512   0.484   0.458   0.435   0.414   0.396   0.379   0.364   0.351
   0.339   0.329   0.320   0.312   0.305   0.300   0.295   0.292   0.289   0.287
   0.285   0.285   0.284   0.285   0.286   0.287   0.289   0.291   0.294   0.296
   0.299   0.303   0.306   0.309   0.313   0.317   0.320   0.324   0.328   0.332
   0.336   0.340   0.344   0.348   0.351   0.355   0.359   0.361   0.363   0.364
   0.40000   2.95616   2.95616   0.00000   0.48875
   5.566
   5.549   5.498   5.415   5.303   5.166   5.008   4.833   4.645   4.447   4.243
   4.036   3.829   3.623   3.420   3.223   3.031   2.847   2.670   2.501   2.340
   2.187   2.043   1.908   1.780   1.660   1.548   1.443   1.345   1.254   1.169
   1.091   1.018   0.951   0.888   0.831   0.778   0.729   0.684   0.643   0.606
   0.571   0.540   0.512   0.486   0.463   0.442   0.423   0.406   0.391   0.378
   0.366   0.356   0.347   0.339   0.333   0.328   0.324   0.320   0.318   0.316
   0.315   0.315   0.315   0.316   0.318   0.320   0.322   0.325   0.327   0.331
   0.334   0.338   0.342   0.345   0.349   0.353   0.358   0.362   0.366   0.370
   0.374   0.378   0.382   0.385   0.389   0.393   0.395   0.398   0.399   0.400
   0.45000   2.17899   2.17899   0.00000   0.46317
   5.138
   5.124   5.081   5.012   4.918   4.802   4.668   4.518   4.357   4.186   4.008
   3.827   3.644   3.461   3.280   3.103   2.930   2.762   2.600   2.444   2.295
   2.154   2.019   1.891   1.770   1.657   1.550   1.449   1.355   1.267   1.185
   1.109   1.037   0.971   0.910   0.853   0.801   0.753   0.708   0.667   0.630
   0.596   0.565   0.536   0.510   0.487   0.466   0.447   0.431   0.416   0.403
   0.391   0.381   0.373   0.365   0.359   0.355   0.351   0.348   0.346   0.345
   0.344   0.345   0.345   0.347   0.349   0.351   0.354   0.357   0.361   0.364
   0.368   0.373   0.377   0.381   0.386   0.390   0.394   0.399   0.403   0.407
   0.412   0.416   0.420   0.423   0.427   0.430   0.433   0.435   0.436   0.437
   0.50000   1.63945   1.63945   0.00000   0.43938
   4.786
   4.774   4.738   4.678   4.598   4.498   4.382   4.252   4.110   3.960   3.803
   3.643   3.479   3.316   3.153   2.992   2.835   2.681   2.532   2.388   2.250
   2.118   1.991   1.871   1.757   1.648   1.546   1.450   1.360   1.275   1.195
   1.121   1.052   0.987   0.927   0.871   0.820   0.772   0.728   0.688   0.651
   0.617   0.586   0.558   0.532   0.509   0.488   0.470   0.453   0.438   0.426
   0.414   0.405   0.397   0.390   0.384   0.380   0.376   0.374   0.373   0.372
   0.372   0.373   0.374   0.376   0.379   0.382   0.385   0.389   0.393   0.397
   0.402   0.407   0.411   0.416   0.421   0.426   0.431   0.435   0.440   0.444
   0.449   0.453   0.457   0.461   0.464   0.467   0.470   0.472   0.473   0.473
   0.55000   1.25570   1.25570   0.00000   0.41721
   4.485
   4.474   4.443   4.392   4.322   4.236   4.134   4.020   3.896   3.763   3.624
   3.480   3.333   3.185   3.037   2.891   2.746   2.605   2.467   2.334   2.205
   2.081   1.962   1.848   1.740   1.637   1.540   1.447   1.360   1.278   1.202
   1.129   1.062   0.999   0.940   0.886   0.835   0.788   0.745   0.705   0.669
   0.635   0.604   0.577   0.551   0.529   0.508   0.490   0.474   0.459   0.447
   0.436   0.427   0.419   0.413   0.408   0.404   0.401   0.399   0.398   0.398
   0.399   0.400   0.402   0.405   0.408   0.412   0.415   0.420   0.424   0.429
   0.434   0.439   0.445   0.450   0.455   0.460   0.466   0.471   0.476   0.480
   0.485   0.489   0.493   0.497   0.501   0.504   0.506   0.508   0.509   0.509
   0.60000   0.97709   0.97709   0.00000   0.39657
   4.229
   4.220   4.193   4.148   4.087   4.011   3.921   3.820   3.709   3.590   3.464
   3.335   3.202   3.067   2.932   2.798   2.664   2.534   2.406   2.281   2.160
   2.044   1.932   1.824   1.721   1.623   1.530   1.442   1.358   1.279   1.205
   1.135   1.069   1.008   0.950   0.897   0.847   0.801   0.759   0.720   0.684
   0.651   0.621   0.593   0.569   0.546   0.526   0.508   0.492   0.478   0.466
   0.456   0.447   0.440   0.434   0.429   0.426   0.424   0.422   0.422   0.423
   0.424   0.426   0.429   0.432   0.436   0.440   0.444   0.449   0.454   0.460
   0.465   0.471   0.477   0.482   0.488   0.494   0.499   0.505   0.510   0.515
   0.520   0.524   0.529   0.533   0.536   0.539   0.541   0.543   0.544   0.545
   0.65000   0.77102   0.77102   0.00000   0.37734
   4.009
   4.001   3.977   3.937   3.882   3.814   3.734   3.643   3.543   3.436   3.323
   3.205   3.083   2.960   2.836   2.712   2.589   2.467   2.348   2.231   2.118
   2.008   1.902   1.800   1.702   1.608   1.519   1.434   1.353   1.277   1.205
   1.137   1.074   1.014   0.958   0.906   0.857   0.812   0.771   0.732   0.697
   0.665   0.635   0.608   0.584   0.562   0.542   0.525   0.509   0.496   0.484
   0.474   0.466   0.459   0.454   0.450   0.447   0.445   0.445   0.445   0.446
   0.448   0.450   0.454   0.458   0.462   0.467   0.472   0.477   0.483   0.489
   0.495   0.501   0.508   0.514   0.520   0.526   0.532   0.538   0.543   0.549
   0.554   0.558   0.563   0.567   0.570   0.573   0.575   0.577   0.578   0.579
   0.70000   0.61605   0.61605   0.00000   0.35939
   3.816
   3.809   3.787   3.752   3.703   3.642   3.569   3.487   3.397   3.299   3.196
   3.088   2.977   2.863   2.748   2.633   2.519   2.405   2.293   2.184   2.077
   1.973   1.872   1.775   1.682   1.592   1.507   1.425   1.347   1.274   1.204
   1.138   1.076   1.018   0.964   0.913   0.866   0.822   0.781   0.743   0.708
   0.677   0.648   0.621   0.598   0.576   0.557   0.540   0.525   0.512   0.501
   0.492   0.484   0.478   0.473   0.469   0.467   0.466   0.465   0.466   0.468
   0.470   0.474   0.478   0.482   0.487   0.492   0.498   0.504   0.510   0.517
   0.524   0.530   0.537   0.544   0.550   0.557   0.563   0.569   0.575   0.581
   0.586   0.591   0.595   0.599   0.603   0.606   0.608   0.610   0.611   0.611
   0.75000   0.49777   0.49777   0.00000   0.34262
   3.647
   3.640   3.621   3.588   3.544   3.489   3.423   3.349   3.266   3.177   3.082
   2.982   2.880   2.774   2.668   2.561   2.453   2.347   2.242   2.139   2.038
   1.939   1.843   1.751   1.662   1.576   1.494   1.415   1.340   1.269   1.202
   1.138   1.078   1.021   0.968   0.918   0.872   0.829   0.789   0.752   0.718
   0.687   0.659   0.633   0.610   0.589   0.570   0.554   0.540   0.527   0.516
   0.507   0.500   0.494   0.490   0.487   0.485   0.485   0.485   0.487   0.489
   0.492   0.496   0.500   0.505   0.511   0.517   0.523   0.530   0.537   0.544
   0.551   0.558   0.565   0.572   0.579   0.586   0.593   0.599   0.605   0.611
   0.617   0.622   0.626   0.631   0.634   0.637   0.640   0.642   0.643   0.643
    1.0000    2.0000    1.5000  0.000000         9        91
 LOG-NORMAL SIZE DISTRIBUTION (101 POINT HISTOGRAM) 
   0.35000   2.41693   2.41693   0.00000   0.70597
 163.918
 112.438  64.173  37.851  23.610  15.744  11.165   8.363   6.539   5.334   4.530
   3.926   3.436   3.021   2.705   2.415   2.172   1.943   1.771   1.617   1.500
   1.389   1.229   1.104   0.995   0.939   0.885   0.810   0.721   0.628   0.585
   0.559   0.512   0.453   0.410   0.386   0.378   0.359   0.307   0.282   0.281
   0.269   0.238   0.216   0.214   0.206   0.188   0.170   0.165   0.164   0.158
   0.146   0.133   0.127   0.121   0.117   0.109   0.101   0.099   0.097   0.095
   0.098   0.101   0.102   0.100   0.102   0.109   0.116   0.122   0.127   0.136
   0.150   0.168   0.195   0.235   0.275   0.307   0.341   0.400   0.502   0.620
   0.690   0.716   0.720   0.738   0.768   0.811   0.867   0.937   0.996   1.059
   0.40000   2.46558   2.46558   0.00000   0.70262
 126.270
  92.881  57.052  35.733  23.464  16.233  11.789   8.940   7.038   5.729   4.823
   4.152   3.634   3.202   2.865   2.560   2.289   2.037   1.859   1.686   1.547
   1.422   1.270   1.138   1.027   0.956   0.884   0.811   0.732   0.642   0.589
   0.552   0.509   0.461   0.413   0.384   0.373   0.354   0.315   0.288   0.277
   0.266   0.240   0.219   0.214   0.204   0.189   0.176   0.170   0.168   0.160
   0.151   0.141   0.132   0.126   0.122   0.116   0.110   0.105   0.104   0.104
   0.107   0.109   0.108   0.108   0.111   0.119   0.125   0.131   0.137   0.146
   0.162   0.182   0.208   0.243   0.278   0.310   0.345   0.401   0.487   0.577
   0.642   0.669   0.664   0.662   0.678   0.730   0.806   0.868   0.936   1.002
   0.45000   2.52892   2.52892   0.00000   0.69448
 100.831
  78.045  51.022  33.555  22.934  16.356  12.192   9.443   7.581   6.202   5.147
   4.316   3.705   3.266   2.938   2.646   2.378   2.117   1.880   1.668   1.516
   1.379   1.279   1.167   1.054   0.957   0.863   0.794   0.736   0.677   0.618
   0.568   0.527   0.488   0.438   0.402   0.382   0.358   0.332   0.301   0.278
   0.267   0.256   0.238   0.216   0.203   0.194   0.185   0.177   0.169   0.158
   0.150   0.145   0.139   0.135   0.130   0.126   0.126   0.126   0.128   0.128
   0.125   0.122   0.120   0.121   0.123   0.125   0.127   0.132   0.145   0.165
   0.185   0.202   0.220   0.242   0.277   0.326   0.380   0.436   0.499   0.561
   0.608   0.638   0.641   0.625   0.613   0.626   0.672   0.744   0.843   0.917
   0.50000   2.55571   2.55571   0.00000   0.69810
  83.092
  66.897  45.983  31.657  22.491  16.506  12.498   9.772   7.836   6.438   5.398
   4.614   3.989   3.498   3.066   2.699   2.394   2.158   1.947   1.773   1.605
   1.455   1.313   1.194   1.089   0.984   0.887   0.796   0.742   0.693   0.640
   0.590   0.529   0.482   0.456   0.427   0.388   0.352   0.330   0.315   0.298
   0.276   0.254   0.236   0.223   0.209   0.196   0.185   0.174   0.161   0.153
   0.149   0.143   0.135   0.130   0.125   0.122   0.120   0.117   0.115   0.113
   0.112   0.113   0.114   0.115   0.119   0.127   0.137   0.145   0.152   0.160
   0.171   0.185   0.206   0.234   0.270   0.316   0.371   0.419   0.462   0.501
   0.527   0.542   0.552   0.573   0.590   0.630   0.686   0.746   0.817   0.883
   0.55000   2.61387   2.61387   0.00000   0.68947
  69.994
  58.447  42.156  29.990  21.741  16.227  12.506   9.927   8.082   6.689   5.612
   4.752   4.069   3.547   3.150   2.820   2.527   2.252   1.999   1.768   1.590
   1.442   1.324   1.206   1.091   0.983   0.892   0.820   0.753   0.689   0.630
   0.580   0.542   0.503   0.453   0.410   0.385   0.365   0.342   0.311   0.283
   0.269   0.260   0.246   0.226   0.209   0.199   0.191   0.182   0.172   0.162
   0.156   0.151   0.144   0.137   0.133   0.133   0.134   0.134   0.133   0.132
   0.131   0.130   0.129   0.129   0.132   0.137   0.139   0.145   0.157   0.173
   0.190   0.208   0.229   0.255   0.288   0.326   0.368   0.417   0.468   0.512
   0.543   0.561   0.567   0.562   0.558   0.573   0.616   0.685   0.768   0.821
   0.60000   2.62123   2.62123   0.00000   0.69262
  59.738
  51.264  38.453  28.348  21.167  16.155  12.625  10.083   8.216   6.825   5.776
   4.961   4.308   3.771   3.327   2.944   2.609   2.312   2.070   1.861   1.682
   1.518   1.361   1.222   1.104   1.013   0.929   0.850   0.768   0.687   0.625
   0.576   0.529   0.483   0.440   0.408   0.387   0.363   0.332   0.306   0.289
   0.272   0.251   0.233   0.222   0.211   0.199   0.187   0.180   0.176   0.170
   0.161   0.153   0.146   0.140   0.135   0.130   0.125   0.121   0.120   0.121
   0.124   0.126   0.127   0.128   0.132   0.138   0.144   0.151   0.158   0.169
   0.183   0.202   0.225   0.252   0.280   0.308   0.339   0.379   0.431   0.483
   0.518   0.526   0.514   0.508   0.519   0.558   0.628   0.714   0.800   0.849
   0.65000   2.64696   2.64696   0.00000   0.68939
  52.831
  46.193  35.600  26.905  20.511  15.913  12.609  10.198   8.404   7.038   5.962
   5.109   4.422   3.847   3.362   2.958   2.619   2.337   2.094   1.880   1.685
   1.516   1.366   1.241   1.127   1.025   0.930   0.838   0.762   0.704   0.653
   0.603   0.545   0.491   0.455   0.430   0.405   0.374   0.342   0.318   0.301
   0.284   0.265   0.248   0.230   0.212   0.201   0.194   0.188   0.179   0.170
   0.161   0.153   0.147   0.141   0.136   0.132   0.130   0.129   0.128   0.126
   0.124   0.124   0.128   0.133   0.139   0.144   0.149   0.156   0.164   0.172
   0.183   0.198   0.215   0.238   0.268   0.305   0.343   0.382   0.415   0.443
   0.473   0.497   0.505   0.510   0.523   0.561   0.634   0.732   0.836   0.897
   0.70000   2.64153   2.64153   0.00000   0.69333
  45.907
  40.946  32.638  25.438  19.927  15.802  12.708  10.375   8.595   7.221   6.141
   5.280   4.578   3.995   3.493   3.066   2.708   2.410   2.156   1.938   1.741
   1.566   1.409   1.273   1.151   1.038   0.935   0.842   0.771   0.713   0.657
   0.602   0.547   0.498   0.462   0.430   0.395   0.363   0.338   0.317   0.299
   0.279   0.259   0.242   0.226   0.212   0.200   0.190   0.180   0.171   0.164
   0.158   0.151   0.145   0.140   0.136   0.132   0.130   0.128   0.126   0.124
   0.124   0.124   0.126   0.129   0.134   0.141   0.148   0.156   0.164   0.173
   0.184   0.198   0.215   0.237   0.264   0.297   0.334   0.368   0.397   0.417
   0.429   0.434   0.437   0.447   0.469   0.507   0.560   0.624   0.691   0.727
   0.75000   2.64327   2.64327   0.00000   0.69314
  41.425
  37.442  30.489  24.249  19.331  15.552  12.656  10.431   8.703   7.346   6.267
   5.398   4.684   4.088   3.577   3.140   2.772   2.464   2.202   1.975   1.773
   1.593   1.432   1.291   1.165   1.050   0.945   0.853   0.781   0.719   0.661
   0.606   0.550   0.503   0.466   0.432   0.396   0.364   0.339   0.318   0.299
   0.279   0.259   0.242   0.227   0.213   0.201   0.191   0.181   0.171   0.163
   0.158   0.152   0.146   0.141   0.137   0.134   0.131   0.129   0.127   0.125
   0.125   0.126   0.127   0.130   0.135   0.141   0.149   0.157   0.165   0.174
   0.185   0.198   0.214   0.235   0.261   0.293   0.327   0.358   0.382   0.400
   0.410   0.413   0.417   0.427   0.447   0.483   0.533   0.592   0.654   0.689
    0.0500    2.0000    2.0000  1.000000         9        91
 LOG-NORMAL SIZE DISTRIBUTION (101 POINT HISTOGRAM) 
   0.35000  25.46558   7.50207  17.96351   0.32732
   3.847
   3.837   3.807   3.759   3.693   3.614   3.522   3.421   3.312   3.197   3.079
   2.958   2.837   2.715   2.595   2.477   2.361   2.248   2.138   2.033   1.931
   1.834   1.741   1.653   1.568   1.489   1.413   1.342   1.274   1.211   1.152
   1.096   1.044   0.996   0.950   0.908   0.869   0.833   0.800   0.769   0.741
   0.715   0.691   0.669   0.650   0.632   0.616   0.601   0.589   0.577   0.567
   0.559   0.551   0.545   0.540   0.536   0.532   0.530   0.528   0.527   0.527
   0.528   0.529   0.530   0.533   0.535   0.538   0.541   0.545   0.549   0.553
   0.557   0.561   0.566   0.570   0.575   0.579   0.584   0.588   0.592   0.596
   0.600   0.603   0.606   0.609   0.611   0.613   0.615   0.616   0.616   0.617
   0.40000  22.23112   6.04430  16.18683   0.30384
   3.518
   3.510   3.487   3.449   3.398   3.334   3.261   3.178   3.089   2.994   2.895
   2.793   2.690   2.585   2.481   2.377   2.275   2.174   2.076   1.981   1.888
   1.799   1.714   1.631   1.553   1.478   1.407   1.339   1.275   1.214   1.157
   1.103   1.053   1.006   0.961   0.920   0.882   0.846   0.814   0.783   0.755
   0.730   0.706   0.685   0.666   0.648   0.633   0.619   0.606   0.596   0.586
   0.578   0.571   0.566   0.561   0.558   0.555   0.554   0.553   0.553   0.554
   0.556   0.558   0.560   0.563   0.567   0.571   0.575   0.580   0.584   0.589
   0.595   0.600   0.605   0.610   0.616   0.621   0.626   0.631   0.636   0.640
   0.644   0.648   0.651   0.654   0.657   0.659   0.661   0.662   0.663   0.663
   0.45000  19.54794   4.90654  14.64140   0.28403
   3.274
   3.267   3.248   3.217   3.175   3.122   3.061   2.992   2.916   2.835   2.750
   2.661   2.571   2.479   2.386   2.294   2.202   2.111   2.022   1.934   1.849
   1.767   1.687   1.610   1.536   1.465   1.398   1.333   1.272   1.213   1.158
   1.106   1.057   1.011   0.968   0.928   0.891   0.856   0.824   0.794   0.766
   0.741   0.718   0.697   0.678   0.661   0.646   0.633   0.621   0.611   0.602
   0.594   0.588   0.583   0.579   0.577   0.575   0.574   0.575   0.575   0.577
   0.580   0.583   0.586   0.590   0.595   0.599   0.605   0.610   0.616   0.622
   0.628   0.634   0.640   0.646   0.652   0.658   0.663   0.669   0.674   0.679
   0.684   0.688   0.692   0.695   0.698   0.700   0.702   0.704   0.704   0.705
   0.50000  17.31521   4.01325  13.30196   0.26700
   3.085
   3.079   3.063   3.037   3.001   2.956   2.903   2.844   2.778   2.707   2.632
   2.554   2.473   2.390   2.307   2.223   2.139   2.056   1.974   1.893   1.814
   1.737   1.662   1.590   1.520   1.452   1.388   1.326   1.267   1.211   1.157
   1.107   1.059   1.015   0.973   0.933   0.897   0.862   0.831   0.801   0.775
   0.750   0.727   0.707   0.688   0.672   0.657   0.644   0.633   0.623   0.615
   0.608   0.602   0.598   0.595   0.593   0.592   0.592   0.593   0.595   0.597
   0.600   0.604   0.609   0.614   0.619   0.625   0.631   0.637   0.644   0.650
   0.657   0.664   0.671   0.678   0.684   0.691   0.697   0.703   0.709   0.714
   0.719   0.724   0.728   0.731   0.735   0.737   0.739   0.741   0.742   0.742
   0.55000  15.44798   3.30693  12.14104   0.25215
   2.934
   2.929   2.915   2.892   2.861   2.822   2.776   2.723   2.665   2.601   2.534
   2.464   2.391   2.316   2.240   2.163   2.085   2.008   1.932   1.856   1.782
   1.710   1.639   1.570   1.503   1.439   1.377   1.318   1.261   1.207   1.155
   1.106   1.060   1.016   0.975   0.937   0.901   0.867   0.836   0.807   0.781
   0.757   0.734   0.714   0.696   0.680   0.666   0.653   0.643   0.633   0.626
   0.619   0.614   0.611   0.608   0.607   0.607   0.608   0.609   0.612   0.615
   0.619   0.624   0.629   0.635   0.641   0.647   0.654   0.661   0.669   0.676
   0.683   0.691   0.698   0.706   0.713   0.720   0.727   0.734   0.740   0.746
   0.751   0.756   0.760   0.764   0.768   0.770   0.773   0.774   0.775   0.775
   0.60000  13.87665   2.74428  11.13238   0.23904
   2.811
   2.807   2.794   2.774   2.746   2.711   2.670   2.623   2.570   2.513   2.452
   2.388   2.321   2.252   2.181   2.110   2.038   1.966   1.894   1.823   1.753
   1.685   1.617   1.552   1.488   1.426   1.367   1.309   1.254   1.202   1.152
   1.104   1.059   1.016   0.976   0.938   0.903   0.870   0.840   0.812   0.786
   0.762   0.740   0.721   0.703   0.687   0.674   0.661   0.651   0.642   0.635
   0.629   0.625   0.622   0.620   0.619   0.620   0.621   0.624   0.627   0.631
   0.636   0.641   0.647   0.653   0.660   0.668   0.675   0.683   0.691   0.699
   0.707   0.715   0.724   0.732   0.739   0.747   0.754   0.761   0.768   0.774
   0.780   0.785   0.790   0.794   0.798   0.801   0.803   0.805   0.806   0.806
   0.65000  12.54577   2.29270  10.25307   0.22735
   2.708
   2.704   2.693   2.675   2.650   2.618   2.581   2.538   2.490   2.437   2.381
   2.322   2.260   2.196   2.131   2.064   1.996   1.929   1.861   1.794   1.727
   1.662   1.597   1.534   1.473   1.414   1.356   1.301   1.248   1.196   1.148
   1.101   1.057   1.016   0.976   0.939   0.905   0.873   0.843   0.815   0.789
   0.766   0.745   0.726   0.709   0.693   0.680   0.668   0.658   0.650   0.643
   0.638   0.634   0.632   0.631   0.630   0.632   0.634   0.637   0.640   0.645
   0.651   0.657   0.663   0.670   0.678   0.686   0.694   0.703   0.711   0.720
   0.729   0.738   0.746   0.755   0.763   0.772   0.779   0.787   0.794   0.800
   0.807   0.812   0.817   0.822   0.825   0.828   0.831   0.833   0.834   0.834
   0.70000  11.41093   1.92762   9.48332   0.21682
   2.621
   2.618   2.607   2.591   2.568   2.539   2.505   2.465   2.421   2.372   2.320
   2.265   2.207   2.147   2.086   2.023   1.959   1.895   1.831   1.767   1.703
   1.640   1.579   1.518   1.459   1.402   1.346   1.292   1.241   1.191   1.143
   1.098   1.055   1.014   0.976   0.940   0.906   0.874   0.845   0.817   0.792
   0.770   0.749   0.730   0.713   0.698   0.685   0.674   0.665   0.657   0.651
   0.646   0.643   0.641   0.640   0.640   0.642   0.645   0.648   0.653   0.658
   0.664   0.671   0.678   0.686   0.694   0.703   0.712   0.721   0.730   0.739
   0.749   0.758   0.767   0.777   0.785   0.794   0.802   0.810   0.818   0.825
   0.831   0.837   0.842   0.847   0.851   0.854   0.857   0.858   0.860   0.860
   0.75000  10.43689   1.63038   8.80651   0.20728
   2.546
   2.543   2.534   2.518   2.497   2.470   2.438   2.402   2.360   2.315   2.267
   2.215   2.161   2.104   2.046   1.986   1.926   1.865   1.803   1.742   1.681
   1.621   1.561   1.503   1.446   1.390   1.336   1.284   1.234   1.185   1.139
   1.095   1.053   1.013   0.975   0.939   0.906   0.875   0.846   0.819   0.795
   0.772   0.752   0.734   0.717   0.703   0.690   0.679   0.670   0.663   0.657
   0.653   0.650   0.649   0.648   0.649   0.651   0.655   0.659   0.664   0.670
   0.676   0.684   0.692   0.700   0.709   0.718   0.728   0.737   0.747   0.757
   0.767   0.777   0.787   0.796   0.806   0.815   0.823   0.832   0.839   0.847
   0.854   0.860   0.865   0.870   0.874   0.878   0.880   0.882   0.883   0.884
