13723931231    52               203
1372394 1 1    52               203
1372394 1 2    86               676
1372394 1 3   791               630
1372394 1 4   508               679
1372394 1 5   683               982
1372394 1 6   180              1033
1372394 1 7   395               770
1372394 1 8  1095               596
1372394 1 9   645               848
1372394 110   411               698
1372394 111   337               479
1372394 112   163               205
1372394 113   775               101
1372394 114  1261               724
1372394 115  1717              1633
1372394 116   842              1067
1372394 117   396               426
1372394 118   743               165
1372394 119   776               918
1372394 120   392               642
1372394 121   446              1263
1372394 122   110               865
1372394 123    41              1026
1372394 124    64              1237
1372394 125    25              1305
1372394 126   110               597
1372394 127   645             -9999
1372394 128   209               543
1372394 129   543               328
1372394 130   801             -9999
1372394 131   586               485
1372394 2 1  1287              1465
1372394 2 2   943              1184
1372394 2 3   145              1914
1372394 2 4     4              1715
1372394 2 5   475               257
1372394 2 6     9               807
1372394 2 7    38              1755
1372394 2 8   156               435
1372394 2 9  1271             -9999
1372394 210   782             -9999
1372394 211   406               406
1372394 212   524               118
1372394 213   535               577
1372394 214   417              1187
1372394 215    47               662
1372394 216    98              1166
1372394 217    18              1170
1372394 218    16              1791
1372394 219    51              1479
1372394 220    73              1673
1372394 221    23                82
1372394 222   592               289
1372394 223   445             -9999
1372394 224   290               401
1372394 225   402              1356
1372394 226  1383             -9999
1372394 227   770              1314
1372394 228   150              1394
1372394 3 1   191                31
1372394 3 2   590               339
1372394 3 3  1369              1507
1372394 3 4    49              1842
1372394 3 5   195              1588
1372394 3 6   226              1615
1372394 3 7   212              1622
1372394 3 8   406              2069
1372394 3 9   710             -9999
1372394 310   113               465
1372394 311   997              1562
1372394 312   167              1458
1372394 313    23              1386
1372394 314  1389              2387
1372394 315    81              1977
1372394 316  2049              1980
1372394 317  1482              1749
1372394 318   228              1296
1372394 319  1276              1684
1372394 320 -9999              1541
1372394 321   146                71
1372394 322  1183              1371
1372394 323    25              1521
1372394 324   350              1130
1372394 325   984               885
1372394 326   452              1094
1372394 327   449               669
1372394 328  1134             -9999
1372394 329  1345               894
1372394 330   955              1625
1372394 331   271              1054
1372394 4 1   570              2054
1372394 4 2    24              2410
1372394 4 3   126              1426
1372394 4 4  1083              1520
1372394 4 5   140              1592
1372394 4 6   447               965
1372394 4 7  1185              1167
1372394 4 8   232              1279
1372394 4 9   190              1407
1372394 410   963              1727
1372394 411   447                12
1372394 412   532              1370
1372394 413   926              1819
1372394 414    21              1712
1372394 415    84               852
1372394 416  1034              1119
1372394 417    83              2368
1372394 418     7              1386
1372394 419   135              1592
1372394 420    91              1760
1372394 421   179              1125
1372394 422   763               502
1372394 423    49              1644
1372394 424   109              1587
1372394 425    82              1688
1372394 426   176              2189
1372394 427   283              1202
1372394 428    67              1347
1372394 429   145              1464
1372394 430   366              1684
1372394 5 1   689              1400
1372394 5 2   760               941
1372394 5 3   206              1379
1372394 5 4   671               516
1372394 5 5   762              1291
1372394 5 6    90              2157
1372394 5 7   365              1259
1372394 5 8  1304              1103
1372394 5 9    90              1419
1372394 510    54              1513
1372394 511    24              2312
1372394 512   293              1602
1372394 513  1016              1643
1372394 514    94              1433
1372394 515   274              1231
1372394 516   422              1888
1372394 517  1433              1775
1372394 518  1037              1210
1372394 519   926              1643
1372394 520  1282              2076
1372394 521   713              2281
1372394 522    71              2396
1372394 523     3              3225
1372394 524    64              3050
1372394 525   121              2247
1372394 526   266              1439
1372394 527  1108              1618
1372394 528   149              1678
1372394 529   218              2095
1372394 530   310              2283
1372394 531   383              1908
1372394 6 1   262              2135
1372394 6 2    62              1487
1372394 6 3   975              1499
1372394 6 4   853              1223
1372394 6 5   606              1325
1372394 6 6   499              1121
1372394 6 7   852              1290
1372394 6 8   753               995
1372394 6 9   837               759
1372394 610   430               232
1372394 611   573               443
1372394 612   647              1230
1372394 613    97              1838
1372394 614   136              1760
1372394 615   144              1677
1372394 616    76              2163
1372394 617   314              1578
1372394 618   294              1858
1372394 619   115              2080
1372394 620   379              2328
1372394 621   231              1883
1372394 622   220              1613
1372394 623   137              1459
1372394 624   675              1105
1372394 625  1049              1753
1372394 626   316              2042
1372394 627  1070              1233
1372394 628   603              2013
1372394 629   314              1386
1372394 630   898              1855
1372394 7 1   175              1745
1372394 7 2   373              1930
1372394 7 3   222              1339
1372394 7 4   410              1508
1372394 7 5   614              1716
1372394 7 6   510              1474
1372394 7 7   456              1536
1372394 7 8   857              1298
1372394 7 9   291              1769
1372394 710   251              1220
1372394 711   561              1078
1372394 712   709               917
1372394 713   536              1502
1372394 714   581              1576
1372394 715   265              1570
1372394 716    75              1510
1372394 717   243              1779
1372394 718   596              1963
1372394 719   491              1470
1372394 720   887              1542
1372394 721   952              1419
1372394 722   964              1138
1372394 723   678              1528
1372394 724   282              1849
1372394 725   304              1437
1372394 726   417               569
1372394 727   609              1296
1372394 728  1021              1021
1372394 729   331               989
1372394 730   400              1464
1372394 731   922              1690
1372394 8 1   559              1156
1372394 8 2   510              1551
1372394 8 3   131              1057
1372394 8 4   459              1109
1372394 8 5   413               327
1372394 8 6  1127              1408
1372394 8 7   346              1525
1372394 8 8   137              1480
1372394 8 9    98              1814
1372394 810   179              2039
1372394 811   125              1703
1372394 812   990              1715
1372394 813   282              1354
1372394 814   560              1539
1372394 815  1060               503
1372394 816   756               919
1372394 817  1225              1047
1372394 818   124              1634
1372394 819   404              1645
1372394 820   129              1341
1372394 821   614               614
1372394 822   166              1805
1372394 823   336              2050
1372394 824   325              1833
1372394 825   354              1955
1372394 826    96              2021
1372394 827 -9999              2150
1372394 828   136              1669
1372394 829   130              1195
1372394 830   739               953
1372394 831   430              1540
1372394 9 1   314               774
1372394 9 2   679               367
1372394 9 3  1149              1149
1372394 9 4   430              1239
1372394 9 5   306              1436
1372394 9 6   389              1303
1372394 9 7   754              1839
1372394 9 8    92              1928
1372394 9 9    53              1691
1372394 910    84              2166
1372394 911    69              1723
1372394 912   173              1749
1372394 913    66              1468
1372394 914    35              1671
1372394 915    56              1703
1372394 916   103              1857
1372394 917   551               528
1372394 918   821               364
1372394 919   155              1484
1372394 920    40              1658
1372394 921    82              1198
1372394 922   407              1053
1372394 923    79              1726
1372394 924   222               430
1372394 925   941              1149
1372394 926   902              1225
1372394 927   352              1726
1372394 928    41              1574
1372394 929   182              1213
1372394 930    12              1127
137239410 1    89               725
137239410 2   162               416
137239410 3   839             -9999
137239410 4    74              1140
137239410 5   181              1384
137239410 6   892              1355
137239410 7   203              1496
137239410 8    62              1339
137239410 9   457               831
13723941010   599               521
13723941011   577              1163
13723941012   564               875
13723941013   602               528
13723941014   768               454
13723941015   516              1322
13723941016   484               898
13723941017    33              1250
13723941018    21              1011
13723941019    59               146
13723941020    70              1013
13723941021    41              1885
13723941022 -9999              2105
13723941023   500              1443
13723941024    39              1278
13723941025    49              1209
13723941026   723               565
13723941027   148              1331
13723941028    21              1244
13723941029    19              1327
13723941030   333              1016
13723941031   363               363
137239411 1   927             -9999
137239411 2   249              1163
137239411 3    27              1147
137239411 4    23               717
137239411 5   216              1133
137239411 6   554               554
137239411 7   719               955
137239411 8    38              1021
137239411 9    88               876
13723941110   323             -9999
13723941111   530               825
13723941112    48               796
13723941113    17               777
13723941114 -9999               783
13723941115 -9999               782
13723941116   119               165
13723941117   688               594
13723941118   447               606
13723941119   402               594
13723941120    40               607
13723941121   213               400
13723941122   819               870
13723941123   996               946
13723941124   837              1346
13723941125   134               561
13723941126   356               183
13723941127  1032             -9999
13723941128   165               273
13723941129    22                54
13723941130   141              1023
137239412 1   285              1358
137239412 2    38              1001
137239412 3    27               783
137239412 4   175               253
137239412 5  1041               431
137239412 6    51              1208
137239412 7    56               771
137239412 8   591               296
137239412 9   318               524
13723941210   356               166
13723941211  1003             -9999
13723941212   500               653
13723941213   403               322
13723941214   430               350
13723941215   702               761
13723941216   497               365
13723941217   487               527
13723941218   643               889
13723941219   868              1411
13723941220    41              1098
13723941221    25               561
13723941222   363               327
13723941223   777               803
13723941224   561               469
13723941225   542              1085
13723941226   335              1012
13723941227    56               735
13723941228    30               816
13723941229    20               363
13723941230   430               430
13723941231   468               304
13723941231   468               304
