1                     VALLEY               (DATED 85338)

1





                    TEST RUN -- SO2


            SPD(MPS)   2.500   0.000   0.000   0.000   0.000   0.000
 STABILITY   WIND DIR
0     A         N     0.0000  0.0000  0.0000  0.0000  0.0000  0.0000
      A       NNE     0.0000  0.0000  0.0000  0.0000  0.0000  0.0000
      A        NE     0.0000  0.0000  0.0000  0.0000  0.0000  0.0000
      A       ENE     0.0000  0.0000  0.0000  0.0000  0.0000  0.0000
      A         E     0.0000  0.0000  0.0000  0.0000  0.0000  0.0000
      A       ESE     0.0000  0.0000  0.0000  0.0000  0.0000  0.0000
      A        SE     0.0000  0.0000  0.0000  0.0000  0.0000  0.0000
      A       SSE     0.0000  0.0000  0.0000  0.0000  0.0000  0.0000
      A         S     0.0000  0.0000  0.0000  0.0000  0.0000  0.0000
      A       SSW     0.0000  0.0000  0.0000  0.0000  0.0000  0.0000
      A        SW     0.0000  0.0000  0.0000  0.0000  0.0000  0.0000
      A       WSW     0.0000  0.0000  0.0000  0.0000  0.0000  0.0000
      A         W     0.0000  0.0000  0.0000  0.0000  0.0000  0.0000
      A       WNW     0.0000  0.0000  0.0000  0.0000  0.0000  0.0000
      A        NW     0.0000  0.0000  0.0000  0.0000  0.0000  0.0000
      A       NNW     0.0000  0.0000  0.0000  0.0000  0.0000  0.0000
0     B         N     0.0000  0.0000  0.0000  0.0000  0.0000  0.0000
      B       NNE     0.0000  0.0000  0.0000  0.0000  0.0000  0.0000
      B        NE     0.0000  0.0000  0.0000  0.0000  0.0000  0.0000
      B       ENE     0.0000  0.0000  0.0000  0.0000  0.0000  0.0000
      B         E     0.0000  0.0000  0.0000  0.0000  0.0000  0.0000
      B       ESE     0.0000  0.0000  0.0000  0.0000  0.0000  0.0000
      B        SE     0.0000  0.0000  0.0000  0.0000  0.0000  0.0000
      B       SSE     0.0000  0.0000  0.0000  0.0000  0.0000  0.0000
      B         S     0.0000  0.0000  0.0000  0.0000  0.0000  0.0000
      B       SSW     0.0000  0.0000  0.0000  0.0000  0.0000  0.0000
      B        SW     0.0000  0.0000  0.0000  0.0000  0.0000  0.0000
      B       WSW     0.0000  0.0000  0.0000  0.0000  0.0000  0.0000
      B         W     0.0000  0.0000  0.0000  0.0000  0.0000  0.0000
      B       WNW     0.0000  0.0000  0.0000  0.0000  0.0000  0.0000
      B        NW     0.0000  0.0000  0.0000  0.0000  0.0000  0.0000
      B       NNW     0.0000  0.0000  0.0000  0.0000  0.0000  0.0000
0     C         N     0.0000  0.0000  0.0000  0.0000  0.0000  0.0000
      C       NNE     0.0000  0.0000  0.0000  0.0000  0.0000  0.0000
      C        NE     0.0000  0.0000  0.0000  0.0000  0.0000  0.0000
      C       ENE     0.0000  0.0000  0.0000  0.0000  0.0000  0.0000
      C         E     0.0000  0.0000  0.0000  0.0000  0.0000  0.0000
      C       ESE     0.0000  0.0000  0.0000  0.0000  0.0000  0.0000
      C        SE     0.0000  0.0000  0.0000  0.0000  0.0000  0.0000
      C       SSE     0.0000  0.0000  0.0000  0.0000  0.0000  0.0000
      C         S     0.0000  0.0000  0.0000  0.0000  0.0000  0.0000
      C       SSW     0.0000  0.0000  0.0000  0.0000  0.0000  0.0000
      C        SW     0.0000  0.0000  0.0000  0.0000  0.0000  0.0000
      C       WSW     0.0000  0.0000  0.0000  0.0000  0.0000  0.0000
      C         W     0.0000  0.0000  0.0000  0.0000  0.0000  0.0000
      C       WNW     0.0000  0.0000  0.0000  0.0000  0.0000  0.0000
      C        NW     0.0000  0.0000  0.0000  0.0000  0.0000  0.0000
      C       NNW     0.0000  0.0000  0.0000  0.0000  0.0000  0.0000
0     D         N     0.0000  0.0000  0.0000  0.0000  0.0000  0.0000
      D       NNE     0.0000  0.0000  0.0000  0.0000  0.0000  0.0000
      D        NE     0.0000  0.0000  0.0000  0.0000  0.0000  0.0000
      D       ENE     0.0000  0.0000  0.0000  0.0000  0.0000  0.0000
      D         E     0.0000  0.0000  0.0000  0.0000  0.0000  0.0000
      D       ESE     0.0000  0.0000  0.0000  0.0000  0.0000  0.0000
      D        SE     0.0000  0.0000  0.0000  0.0000  0.0000  0.0000
      D       SSE     0.0000  0.0000  0.0000  0.0000  0.0000  0.0000
      D         S     0.0000  0.0000  0.0000  0.0000  0.0000  0.0000
      D       SSW     0.0000  0.0000  0.0000  0.0000  0.0000  0.0000
      D        SW     0.0000  0.0000  0.0000  0.0000  0.0000  0.0000
      D       WSW     0.0000  0.0000  0.0000  0.0000  0.0000  0.0000
      D         W     0.0000  0.0000  0.0000  0.0000  0.0000  0.0000
      D       WNW     0.0000  0.0000  0.0000  0.0000  0.0000  0.0000
      D        NW     0.0000  0.0000  0.0000  0.0000  0.0000  0.0000
      D       NNW     0.0000  0.0000  0.0000  0.0000  0.0000  0.0000
0     E         N     0.0000  0.0000  0.0000  0.0000  0.0000  0.0000
      E       NNE     0.0000  0.0000  0.0000  0.0000  0.0000  0.0000
      E        NE     0.0000  0.0000  0.0000  0.0000  0.0000  0.0000
      E       ENE     0.0000  0.0000  0.0000  0.0000  0.0000  0.0000
      E         E     0.0000  0.0000  0.0000  0.0000  0.0000  0.0000
      E       ESE     0.0000  0.0000  0.0000  0.0000  0.0000  0.0000
      E        SE     0.0000  0.0000  0.0000  0.0000  0.0000  0.0000
      E       SSE     0.0000  0.0000  0.0000  0.0000  0.0000  0.0000
      E         S     0.0000  0.0000  0.0000  0.0000  0.0000  0.0000
      E       SSW     0.0000  0.0000  0.0000  0.0000  0.0000  0.0000
      E        SW     0.0000  0.0000  0.0000  0.0000  0.0000  0.0000
      E       WSW     0.0000  0.0000  0.0000  0.0000  0.0000  0.0000
      E         W     0.0000  0.0000  0.0000  0.0000  0.0000  0.0000
      E       WNW     0.0000  0.0000  0.0000  0.0000  0.0000  0.0000
      E        NW     0.0000  0.0000  0.0000  0.0000  0.0000  0.0000
      E       NNW     0.0000  0.0000  0.0000  0.0000  0.0000  0.0000
0     F         N     0.0000  0.0000  0.0000  0.0000  0.0000  0.0000
      F       NNE     0.0000  0.0000  0.0000  0.0000  0.0000  0.0000
      F        NE     0.0000  0.0000  0.0000  0.0000  0.0000  0.0000
      F       ENE     1.0000  0.0000  0.0000  0.0000  0.0000  0.0000
      F         E     1.0000  0.0000  0.0000  0.0000  0.0000  0.0000
      F       ESE     1.0000  0.0000  0.0000  0.0000  0.0000  0.0000
      F        SE     0.0000  0.0000  0.0000  0.0000  0.0000  0.0000
      F       SSE     0.0000  0.0000  0.0000  0.0000  0.0000  0.0000
      F         S     0.0000  0.0000  0.0000  0.0000  0.0000  0.0000
      F       SSW     0.0000  0.0000  0.0000  0.0000  0.0000  0.0000
      F        SW     0.0000  0.0000  0.0000  0.0000  0.0000  0.0000
      F       WSW     1.0000  0.0000  0.0000  0.0000  0.0000  0.0000
      F         W     1.0000  0.0000  0.0000  0.0000  0.0000  0.0000
      F       WNW     1.0000  0.0000  0.0000  0.0000  0.0000  0.0000
      F        NW     0.0000  0.0000  0.0000  0.0000  0.0000  0.0000
      F       NNW     0.0000  0.0000  0.0000  0.0000  0.0000  0.0000
1                                       0.0            /--   0.0                  0.0
                                 RELOCATE 2/3 INCH UP-/      0.0


                                           0.0                                 0.0

                                                             0.0
                       0.0                                                                         0.0
                                              0.0                            0.0

                            0.0                                                               0.0          VALLEY
 1280                                                        0.0                                     MAIN STACK
                                                0.0                       0.0
                                 0.0                                                     0.0
                                                                                                   TEST RUN -- SO2
                                                                                    PARTIAL WIND ROSE FOR EASY DUPLICATION.
                                      0.0                    0.0                    0.0
         0.0                                        0.0               0.0                                       10.8
        HLIFE=   3.00 HRS.  CONCTR CORRCTD TO STD COND VIA   FACTOR 1.106.  MAX TOWARD  90. DEG.  NORTH TOWARD TOP.  PLOT 153.126
                  0.0                                                                                   2.9
                                            0.0                               0.0
                         0.0                                 0.0                                14.7
                                                       0.0         0.0
                                 0.0             0.0                     0.0            38.8
                                      0.0                                          64.3
                                                             0.0
                                             0.0      0.0       0.0        140.3
                                                           0.0    0.0
                                                     0.0  *********  0.0                          MULTIPLY PRINTED VALUES BY
                                                          * COORD *                                1.0E+02 TO GET CONC. IN UG/M3
     0.0     0.0     0.0     0.0     0.0     0.0     0.0  *  _._  *  0.0   153.1    62.4    25.7     0.0     5.7    10.0
                                                          * 460,60*        SOR ELEV  COORDX  COORDY  STK HT  Q(GM/SEC)  FIXD DH
                                                     0.0  *********  0.0    3800.FT  460.00   60.00    75.M 1.2000E+03    ******
                                                           0.0    0.0
                                             0.0      0.0       0.0        135.8   BRIG.E  BRIG.F  DMIX    DMNI  STAR F WIDTH
                                                             0.0                   ******     51.     0.    100.   6.00*******
                                      0.0                                          61.3
                                 0.0             0.0                     0.0            34.4            BRIGUN P(MB)  MWT
                                                       0.0         0.0                                    272.  870.   0.0
                         0.0                                 0.0                                10.8
                                            0.0  VV MEAN WIND SPDS(MPS) VV    0.0
                  0.0              2.50000  0.00000  0.00000  0.00000  0.00000  0.00000                 0.0

         0.0                                        0.0               0.0                                        5.6
                                      0.0                    0.0                    0.0
                                                                                                AIR T  GAS T   DIAM  GAS V  FLOW
                                                                                                 283.   375.    3.2    4.8  38.6
                                 0.0                                                     0.0
                                                0.0                       0.0
                                                             0.0
                            0.0                                                               0.0

                                              0.0                           0.0
                       0.0                                                                         0.0
                                                             0.0

                                           0.0                                 0.0
                                                       0 KM     0.609KM   1.218KM   1.827KM   2.436KM   3.045KM   3.654KM
                                                       !....+....!....+....!....+....!....+....!....+....!....+....!
                                                             0.0   __RELOCATE 2/3 INCH DOWN
    RURL, SHRT-TERM MODE.               0.0                  0.0--/               0.0              SLOPING TERRAIN CONCEPT.
1                                       0.0            /--   0.0                  0.0
                                 RELOCATE 2/3 INCH UP-/      0.0


                                           0.0                                 0.0

                                                             0.0
                       0.0                                                                         0.0
                                              0.0                            0.0

                            0.0                                                               0.0          VALLEY
 1280                                                        0.0                                     VENTS.(AS AREA SRC)
                                                0.0                       0.0
                                 0.0                                                     0.0
                                                                                                   TEST RUN -- SO2
                                                                                    PARTIAL WIND ROSE FOR EASY DUPLICATION.
                                      0.0                    0.0                    0.0
        46.2                                        0.0               0.0                                       11.6
        HLIFE=   3.00 HRS.  CONCTR CORRCTD TO STD COND VIA   FACTOR 1.106.  MAX TOWARD  90. DEG.  NORTH TOWARD TOP.  PLOT 793.771
                 60.2                                                                                   0.0
                                            0.0                               0.0
                        75.8                                 0.0                                10.2
                                                       0.0         0.0
                                98.7             0.0                     0.0            55.2
                                    118.7                                         100.8
                                                             0.0
                                           155.0      0.0       0.0        250.6
                                                           0.0    0.0
                                                    93.3  *********731.0                          MULTIPLY PRINTED VALUES BY
                                                          * COORD *                                1.0E+01 TO GET CONC. IN UG/M3
    47.6    58.4    73.8    96.3   128.8   155.3    82.8  *  _._  *793.8   268.9    97.0    27.8     0.0     0.0     9.8
                                                          * 460,60*        SOR ELEV  COORDX  COORDY  STK HT  Q(GM/SEC)  FIXD DH
                                                    93.4  *********730.6    3800.FT  459.84   59.84    20.M 3.0000E+02        0.
                                                           0.0    0.0
                                           145.6      0.0       0.0        226.7   BRIG.E  BRIG.F  DMIX    DMNI  STAR F WIDTH
                                                             0.0                   **************     0.    100.   6.00    20.
                                    118.6                                          93.8
                                98.6             0.0                     0.0            44.7            BRIGUN P(MB)  MWT
                                                       0.0         0.0                                ********  870.   0.0
                        75.7                                 0.0                                 0.6
                                            0.0  VV MEAN WIND SPDS(MPS) VV    0.0
                 60.1              2.50000  0.00000  0.00000  0.00000  0.00000  0.00000                 0.0

        46.2                                        0.0               0.0                                        0.0
                                      0.0                    0.0                    0.0
                                                                                                AIR T  GAS T   DIAM  GAS V  FLOW
                                                                                                 283.***************************
                                 0.0                                                     0.0
                                                0.0                       0.0
                                                             0.0
                            0.0                                                               0.0

                                              0.0                           0.0
                       0.0                                                                         0.0
                                                             0.0

                                           0.0                                 0.0
                                                       0 KM     0.609KM   1.218KM   1.827KM   2.436KM   3.045KM   3.654KM
                                                       !....+....!....+....!....+....!....+....!....+....!....+....!
                                                             0.0   __RELOCATE 2/3 INCH DOWN
    RURL, SHRT-TERM MODE.               0.0                  0.0--/               0.0              SLOPING TERRAIN CONCEPT.
1      TEST RUN -- SO2                         PARTIAL WIND ROSE FOR EASY DUPLICATION.
   SOURCE DATA.  PLOT 180.013
     SOURCE NAME           COORDX COORDY  STK HT  EMISS RATE  FIXD DH  SOR W  SOR H  BRIGUN  BRIGE  BRIGF  AIR T  GAS T  DIAM  GAS V
  1 MAIN STACK               460.00  60.00     75. 1.2000E+03*********     0.  3800.    272.*******    51.  283.   375.   3.2   4.8
  2 VENTS.(AS AREA SRC)      459.84  59.84     20. 3.0000E+02       0.    20.  3800.**********************  283.   **** ***** *****
1                                       0.0            /--   0.0                  0.0
                                 RELOCATE 2/3 INCH UP-/      0.0


                                           0.0                                 0.0

                                                             0.0
                       0.0                                                                         0.0
                                              0.0                            0.0

                            0.0                                                               0.0          VALLEY
 1280                                                        0.0                                     SUM CONC DUE TO ALL SRCS
                                                0.0                       0.0
                                 0.0                                                     0.0
                                                                                                   TEST RUN -- SO2
                                                                                    PARTIAL WIND ROSE FOR EASY DUPLICATION.
                                      0.0                    0.0                    0.0
         4.6                                        0.0               0.0                                       11.9
        HLIFE=   3.00 HRS.  CONCTR CORRCTD TO STD COND VIA   FACTOR 1.106.  MAX TOWARD  90. DEG.  NORTH TOWARD TOP.  PLOT 180.013
                  6.0                                                                                   2.9
                                            0.0                               0.0
                         7.6                                 0.0                                15.8
                                                       0.0         0.0
                                 9.9             0.0                     0.0            44.3
                                     11.9                                          74.4
                                                             0.0
                                            15.5      0.0       0.0        165.3
                                                           0.0    0.0
                                                     9.3  ********* 73.1                          MULTIPLY PRINTED VALUES BY
                                                          * COORD *                                1.0E+02 TO GET CONC. IN UG/M3
     4.8     5.8     7.4     9.6    12.9    15.5     8.3  *  _._  * 79.4   180.0    72.1    28.5     0.0     5.7    11.0
                                                          * 460,60*        SOR ELEV  COORDX  COORDY  STK HT  Q(GM/SEC)  FIXD DH
                                                     9.3  ********* 73.1   ******FT***********************M 0.0000E+00    ******
                                                           0.0    0.0
                                            14.6      0.0       0.0        158.4   BRIG.E  BRIG.F  DMIX    DMNI  STAR F WIDTH
                                                             0.0                   **************     0.    100.   6.00*******
                                     11.9                                          70.7
                                 9.9             0.0                     0.0            38.8            BRIGUN P(MB)  MWT
                                                       0.0         0.0                                ********  870.   0.0
                         7.6                                 0.0                                10.9
                                            0.0  VV MEAN WIND SPDS(MPS) VV    0.0
                  6.0              2.50000  0.00000  0.00000  0.00000  0.00000  0.00000                 0.0

         4.6                                        0.0               0.0                                        5.6
                                      0.0                    0.0                    0.0
                                                                                                AIR T  GAS T   DIAM  GAS V  FLOW
                                                                                                 283.***************************
                                 0.0                                                     0.0
                                                0.0                       0.0
                                                             0.0
                            0.0                                                               0.0

                                              0.0                           0.0
                       0.0                                                                         0.0
                                                             0.0

                                           0.0                                 0.0
                                                       0 KM     0.609KM   1.218KM   1.827KM   2.436KM   3.045KM   3.654KM
                                                       !....+....!....+....!....+....!....+....!....+....!....+....!
                                                             0.0   __RELOCATE 2/3 INCH DOWN
    RURL, SHRT-TERM MODE.               0.0                  0.0--/               0.0              SLOPING TERRAIN CONCEPT.
1                                     115.8            /-- 115.8                115.8
                                 RELOCATE 2/3 INCH UP-/    115.8


                                         115.8                               115.8

                                                           115.8
                     115.8                                                                       115.8
                                            115.8                          115.8

                          115.8                                                             115.8          VALLEY
 1280                                                      115.8                                     GROUND ELEV DIFFERENCES.
                                              115.8                     115.8
                               115.8                                                   115.8
                                                                                                   TEST RUN -- SO2
                                                                                    PARTIAL WIND ROSE FOR EASY DUPLICATION.
                                    115.8                  115.8                  115.8
         0.0                                      115.8             115.8                                      -33.5
                   NORTH TOWARD TOP.  (1/10)((SOURCE HT(1))-(RECPTR HT(N))), HTS IN METERS.
                  0.0                                                                                 -48.8
                                          115.8                             115.8
                         0.0                               115.8                               -37.8
                                                     115.8       115.8
                                 0.0           115.8                   115.8           -25.9
                                      0.0                                         -19.8
                                                           115.8
                                             0.0    115.8     115.8        -12.6
                                                         115.8  115.8
                                                     0.0  ********* -2.0                          MULTIPLY PRINTED VALUES BY
                                                          * COORD *                   1.0E+01 TO GET GROUND ELEV DIFF IN M
     0.0     0.0     0.0     0.0     0.0     0.0     0.0  *  _._  * -2.0   -12.6   -22.9   -33.5   -54.9   -44.8   -35.1
                                                          * 460,60*        SOR ELEV  COORDX  COORDY  STK HT  Q(GM/SEC)  FIXD DH
                                                     0.0  ********* -2.0    3800.FT***********************M 0.0000E+00    ******
                                                         115.8  115.8
                                             0.0    115.8     115.8        -12.6   BRIG.E  BRIG.F  DMIX    DMNI  STAR F WIDTH
                                                           115.8                   *******************************************
                                      0.0                                         -21.3
                                 0.0           115.8                   115.8           -29.0            BRIGUN P(MB)  MWT
                                                     115.8       115.8                                ********  870.******
                         0.0                               115.8                               -41.8
                                          115.8  VV MEAN WIND SPDS(MPS) VV  115.8
                  0.0            ******************************************************               -55.8

         0.0                                      115.8             115.8                                      -42.7
                                    115.8                  115.8                  115.8
                                                                                                AIR T  GAS T   DIAM  GAS V  FLOW
                                                                                                 283.***************************
                               115.8                                                   115.8
                                              115.8                     115.8
                                                           115.8
                          115.8                                                             115.8

                                            115.8                         115.8
                     115.8                                                                       115.8
                                                           115.8

                                         115.8                               115.8
                                                       0 KM     0.609KM   1.218KM   1.827KM   2.436KM   3.045KM   3.654KM
                                                       !....+....!....+....!....+....!....+....!....+....!....+....!
                                                           115.8   __RELOCATE 2/3 INCH DOWN
    RURL, SHRT-TERM MODE.             115.8                115.8--/             115.8              SLOPING TERRAIN CONCEPT.
