2002.09.26 08:23 B C:\ASPEN\Sample_Job_Files\a45201.job --> mountain.epa.gov /public/data/scram001/ftp/ASPEN/Sample_Job_Files a45201.job
2002.09.26 08:23 B C:\ASPEN\Sample_Job_Files\a80303.job --> mountain.epa.gov /public/data/scram001/ftp/ASPEN/Sample_Job_Files a80303.job
2002.09.26 08:23 B C:\ASPEN\Sample_Job_Files\aspena.a96.job --> mountain.epa.gov /public/data/scram001/ftp/ASPEN/Sample_Job_Files aspena.a96.job
2002.09.26 08:23 B C:\ASPEN\Sample_Job_Files\aspena.a96.sys --> mountain.epa.gov /public/data/scram001/ftp/ASPEN/Sample_Job_Files aspena.a96.sys
2002.09.26 08:23 B C:\ASPEN\Sample_Job_Files\aspena.a96pre.job --> mountain.epa.gov /public/data/scram001/ftp/ASPEN/Sample_Job_Files aspena.a96pre.job
2002.09.26 08:23 B C:\ASPEN\Sample_Job_Files\aspena.a96pre.sys --> mountain.epa.gov /public/data/scram001/ftp/ASPEN/Sample_Job_Files aspena.a96pre.sys
2002.09.26 08:23 B C:\ASPEN\Sample_Job_Files\aspena_area.job --> mountain.epa.gov /public/data/scram001/ftp/ASPEN/Sample_Job_Files aspena_area.job
2002.09.26 08:23 B C:\ASPEN\Sample_Job_Files\aspenb_area.job --> mountain.epa.gov /public/data/scram001/ftp/ASPEN/Sample_Job_Files aspenb_area.job
2002.09.26 08:23 B C:\ASPEN\Sample_Job_Files\b_area.job --> mountain.epa.gov /public/data/scram001/ftp/ASPEN/Sample_Job_Files b_area.job
2002.09.26 08:23 B C:\ASPEN\Sample_Job_Files\e45201.job --> mountain.epa.gov /public/data/scram001/ftp/ASPEN/Sample_Job_Files e45201.job
2002.09.26 08:23 B C:\ASPEN\Sample_Job_Files\e80303.job --> mountain.epa.gov /public/data/scram001/ftp/ASPEN/Sample_Job_Files e80303.job
2002.09.30 10:22 B C:\ASPEN\Sample_Job_Files\a45201.job --> publishftp.rtpnc.epa.gov /home/bfp/scram002/ASPEN/Sample_Job_Files a45201.job
2002.09.30 10:22 B C:\ASPEN\Sample_Job_Files\a80303.job --> publishftp.rtpnc.epa.gov /home/bfp/scram002/ASPEN/Sample_Job_Files a80303.job
2002.09.30 10:22 B C:\ASPEN\Sample_Job_Files\aspena.a96.job --> publishftp.rtpnc.epa.gov /home/bfp/scram002/ASPEN/Sample_Job_Files aspena.a96.job
2002.09.30 10:22 B C:\ASPEN\Sample_Job_Files\aspena.a96.sys --> publishftp.rtpnc.epa.gov /home/bfp/scram002/ASPEN/Sample_Job_Files aspena.a96.sys
2002.09.30 10:22 B C:\ASPEN\Sample_Job_Files\aspena.a96pre.job --> publishftp.rtpnc.epa.gov /home/bfp/scram002/ASPEN/Sample_Job_Files aspena.a96pre.job
2002.09.30 10:22 B C:\ASPEN\Sample_Job_Files\aspena.a96pre.sys --> publishftp.rtpnc.epa.gov /home/bfp/scram002/ASPEN/Sample_Job_Files aspena.a96pre.sys
2002.09.30 10:22 B C:\ASPEN\Sample_Job_Files\aspena_area.job --> publishftp.rtpnc.epa.gov /home/bfp/scram002/ASPEN/Sample_Job_Files aspena_area.job
2002.09.30 10:22 B C:\ASPEN\Sample_Job_Files\aspenb_area.job --> publishftp.rtpnc.epa.gov /home/bfp/scram002/ASPEN/Sample_Job_Files aspenb_area.job
2002.09.30 10:22 B C:\ASPEN\Sample_Job_Files\b_area.job --> publishftp.rtpnc.epa.gov /home/bfp/scram002/ASPEN/Sample_Job_Files b_area.job
2002.09.30 10:22 B C:\ASPEN\Sample_Job_Files\e45201.job --> publishftp.rtpnc.epa.gov /home/bfp/scram002/ASPEN/Sample_Job_Files e45201.job
2002.09.30 10:22 B C:\ASPEN\Sample_Job_Files\e80303.job --> publishftp.rtpnc.epa.gov /home/bfp/scram002/ASPEN/Sample_Job_Files e80303.job
