                        CAL3QHC: LINE SOURCE DISPERSION MODEL - VERSION 2.0 Dated 95221                        PAGE  1

      JOB: EXAMPLE - URBAN HIGHWAY (EX-3)                       RUN: URBAN HIGHWAY (FREE FLOW LINKS ONLY)    

      DATE :  9/ 2/ 4
      TIME : 15: 3:33

         The MODE flag has been set to c for calculating CO averages.

       SITE & METEOROLOGICAL VARIABLES  
       -------------------------------
       VS =   0.0 CM/S       VD =   0.0 CM/S       Z0 = 175. CM
        U =  1.0 M/S         CLAS =   4  (D)     ATIM =  60. MINUTES     MIXH =  1000. M   AMB =  0.0 PPM

       LINK VARIABLES
       --------------
         LINK DESCRIPTION     *         LINK COORDINATES (M)           *    LENGTH  BRG TYPE   VPH    EF      H   W    V/C QUEUE
                              *   X1        Y1        X2        Y2     *     (M)   (DEG)            (G/MI)   (M) (M)       (VEH)
      ------------------------*----------------------------------------*----------------------------------------------------------
       1. Northbound Lnk.1    *      0.0    -609.6       0.0     -15.2 *     594.   360. AG   5000.  29.6   0.0 18.3
       2. Northbound Lnk.2    *      0.0     -15.2       0.0     609.6 *     625.   360. AG   4000.  29.6   0.0 18.3
       3. Exit Ramp  Lnk.3    *      0.0     -15.2      21.3       0.0 *      26.    54. AG   1000.  54.0   0.0 12.2
       4. Exit Ramp  Lnk.4    *     21.3       0.0     152.4       0.0 *     131.    90. AG   1000.  54.0   0.0 12.2
       5. Southbound Lnk.5    *    -18.3     609.6     -18.3    -609.6 *    1219.   180. AG   5000.  29.6   0.0 18.3
                                                                                                                PAGE  2
      JOB: EXAMPLE - URBAN HIGHWAY (EX-3)                       RUN: URBAN HIGHWAY (FREE FLOW LINKS ONLY)    

      DATE :  9/ 2/ 4
      TIME : 15: 3:33

       ADDITIONAL QUEUE LINK PARAMETERS
       --------------------------------
         LINK DESCRIPTION     *    CYCLE    RED     CLEARANCE  APPROACH  SATURATION   IDLE   SIGNAL   ARRIVAL
                              *    LENGTH   TIME    LOST TIME    VOL     FLOW RATE   EM FAC   TYPE     RATE
                              *     (SEC)   (SEC)    (SEC)      (VPH)      (VPH)    (gm/hr)
      ------------------------*--------------------------------------------------------------------------------

       RECEPTOR LOCATIONS
       ------------------
                              *           COORDINATES (M)           *
         RECEPTOR             *      X          Y          Z        *
     -------------------------*-------------------------------------*
      1. REC 1 (SE RAMP)      *        15.2      -21.3        1.8   *
      2. REC 2 (SE)           *        15.2      -61.0        1.8   *
      3. REC 3 (SW)           *       -33.5      -21.3        1.8   *
      4. REC 4 (SW)           *       -33.5      -61.0        1.8   *
                                                                                                                PAGE  3
      JOB: EXAMPLE - URBAN HIGHWAY (EX-3)                       RUN: URBAN HIGHWAY (FREE FLOW LINKS ONLY)    

       MODEL RESULTS
       -------------

       REMARKS : In search of the angle corresponding to
                 the maximum concentration, only the first
                 angle, of the angles with same maximum
                 concentrations, is indicated as maximum.

 WIND ANGLE RANGE:   0.-360.

 WIND  * CONCENTRATION 
 ANGLE *      (PPM)
 (DEGR)* REC1  REC2  REC3  REC4 
 ------*------------------------
   0.  *   5.9   5.4   5.1   5.1
  10.  *   3.1   2.4   7.3   7.5
  20.  *   1.6   0.9   7.4   7.6
  30.  *   1.1   0.5   6.8   7.2
  40.  *   1.1   0.5   6.1   6.9
  50.  *   1.0   0.5   5.9   6.7
  60.  *   1.1   0.4   6.0   6.4
  70.  *   1.1   0.2   6.3   5.9
  80.  *   0.8   0.1   6.5   5.8
  90.  *   0.4   0.0   6.3   5.7
 100.  *   0.1   0.0   5.8   5.7
 110.  *   0.0   0.0   5.6   5.6
 120.  *   0.0   0.0   5.9   5.8
 130.  *   0.0   0.0   6.1   6.1
 140.  *   0.0   0.0   6.6   6.6
 150.  *   0.0   0.0   7.3   7.3
 160.  *   0.5   0.5   8.0   8.0
 170.  *   2.1   2.1   7.8   7.8
 180.  *   5.3   5.3   5.3   5.2
 190.  *   7.8   7.8   2.1   2.1
 200.  *   8.0   8.0   0.5   0.5
 210.  *   7.3   7.3   0.0   0.0
 220.  *   6.6   6.6   0.0   0.0
 230.  *   6.1   6.1   0.0   0.0
 240.  *   5.8   5.8   0.0   0.0
 250.  *   5.6   5.6   0.0   0.0
 260.  *   5.8   5.7   0.0   0.0
 270.  *   5.7   5.7   0.0   0.0
 280.  *   6.0   5.6   0.0   0.0
 290.  *   6.0   5.5   0.0   0.0
 300.  *   6.2   5.8   0.0   0.0
 310.  *   6.5   6.2   0.0   0.0
 320.  *   6.9   6.5   0.0   0.0
 330.  *   7.4   7.1   0.0   0.0
 340.  *   8.0   7.7   0.5   0.5
 350.  *   8.0   7.8   2.0   2.0
 360.  *   5.9   5.4   5.1   5.1
 ------*------------------------
 MAX   *   8.0   8.0   8.0   8.0
 DEGR. *  200   200   160   160

 THE HIGHEST CONCENTRATION OF    8.00 PPM OCCURRED AT RECEPTOR REC3 .
                                                                                                                PAGE  4
      JOB: EXAMPLE - URBAN HIGHWAY (EX-3)                       RUN: URBAN HIGHWAY (FREE FLOW LINKS ONLY)    

      DATE :  9/ 2/ 4
      TIME : 15: 3:33


      RECEPTOR - LINK MATRIX FOR THE ANGLE PRODUCING
      THE MAXIMUM CONCENTRATION FOR EACH RECEPTOR

          *    CO/LINK  (PPM) 
          *    ANGLE (DEGREES)
          *  REC1  REC2  REC3  REC4 
   LINK # *   200   200   160   160
   -------*------------------------
       1  *   5.2   5.2   2.8   2.8
       2  *   0.0   0.0   0.0   0.0
       3  *   0.0   0.0   0.0   0.0
       4  *   0.0   0.0   0.0   0.0
       5  *   2.8   2.8   5.2   5.2
