                        CAL3QHC: LINE SOURCE DISPERSION MODEL - VERSION 2.0 Dated 95221                        PAGE  1

      JOB: EXAMPLE - TWO WAY INTERSECTION (EX-1)                RUN: MAIN ST. AND LOCAL ST. INTERSECTION     

      DATE :  9/ 2/ 4
      TIME : 15: 3:34

         The MODE flag has been set to p for calculating PM averages.

       SITE & METEOROLOGICAL VARIABLES  
       -------------------------------
       VS =   0.0 CM/S       VD =   0.0 CM/S       Z0 = 175. CM
        U =  1.0 M/S         CLAS =   4  (D)     ATIM =  60. MINUTES     MIXH =  1000. M   AMB =  0.0 ug/m**3

       LINK VARIABLES
       --------------
         LINK DESCRIPTION     *         LINK COORDINATES (FT)          *    LENGTH  BRG TYPE   VPH    EF      H   W    V/C QUEUE
                              *   X1        Y1        X2        Y2     *     (FT)  (DEG)            (G/MI)  (FT) (FT)       (VEH)
      ------------------------*----------------------------------------*----------------------------------------------------------
       1. Main St.NB Appr.    *     10.0   -1000.0      10.0       0.0 *    1000.   360. AG   1500.   3.0   0.0 40.0
       2. Main St.NB Dep.     *     10.0       0.0      10.0    1000.0 *    1000.   360. AG   1500.   3.0   0.0 40.0
       3. Main St.SB Appr.    *    -10.0    1000.0     -10.0       0.0 *    1000.   180. AG   1200.   3.0   0.0 40.0
       4. Main St.SB Dep.     *    -10.0       0.0     -10.0   -1000.0 *    1000.   180. AG   1200.   3.0   0.0 40.0
       5. Local St.Appr.Lnk.  *  -1000.0       0.0       0.0       0.0 *    1000.    90. AG   1000.   3.0   0.0 40.0
       6. Local St.Dep.Lnk.   *      0.0       0.0    1000.0       0.0 *    1000.    90. AG   1000.   3.0   0.0 40.0
                                                                                                                PAGE  2
      JOB: EXAMPLE - TWO WAY INTERSECTION (EX-1)                RUN: MAIN ST. AND LOCAL ST. INTERSECTION     

      DATE :  9/ 2/ 4
      TIME : 15: 3:34


       RECEPTOR LOCATIONS
       ------------------
                              *           COORDINATES (FT)          *
         RECEPTOR             *      X          Y          Z        *
     -------------------------*-------------------------------------*
      1. REC 1 (SE CORNER)    *        45.0      -35.0        6.0   *
      2. REC 2 (SW CORNER)    *       -45.0      -35.0        6.0   *
      3. REC 3 (NW CORNER)    *       -45.0       35.0        6.0   *
      4. REC 4 (NE CORNER)    *        45.0       35.0        6.0   *
      5. REC 5 (E MID-MAIN)   *        45.0     -150.0        6.0   *
      6. REC 6 (W MID-MAIN)   *       -45.0     -150.0        6.0   *
      7. REC 7 (N MID-LOCAL)  *      -150.0       35.0        6.0   *
      8. REC 8 (S MID-LOCAL)  *      -150.0      -35.0        6.0   *
                                                                                                                PAGE  3
      JOB: EXAMPLE - TWO WAY INTERSECTION (EX-1)                RUN: MAIN ST. AND LOCAL ST. INTERSECTION     

       MODEL RESULTS
       -------------

       REMARKS : In search of the angle corresponding to
                 the maximum concentration, only the first
                 angle, of the angles with same maximum
                 concentrations, is indicated as maximum.

 WIND ANGLE RANGE:   0.-360.

 WIND  * CONCENTRATION 
 ANGLE *      (ug/m**3)
 (DEGR)* REC1  REC2  REC3  REC4  REC5  REC6  REC7  REC8 
 ------*------------------------------------------------
   0.  *  294.  284.  192.  202.  246.  235.   34.  126.
  10.  *  175.  369.  280.   86.  125.  322.   80.  170.
  20.  *  109.  378.  291.   20.   54.  331.  110.  200.
  30.  *   95.  359.  268.    2.   38.  309.  113.  206.
  40.  *   98.  343.  246.    0.   37.  285.  107.  204.
  50.  *  107.  333.  225.    0.   40.  263.  100.  207.
  60.  *  118.  336.  218.    1.   42.  257.   99.  216.
  70.  *  129.  342.  221.   10.   41.  250.  101.  222.
  80.  *  126.  336.  248.   40.   30.  238.  135.  222.
  90.  *   90.  299.  299.   90.   13.  222.  188.  188.
 100.  *   40.  248.  336.  126.    2.  210.  222.  135.
 110.  *   10.  221.  342.  129.    0.  210.  222.  101.
 120.  *    1.  218.  336.  118.    0.  216.  216.   99.
 130.  *    0.  225.  333.  107.    0.  225.  207.  100.
 140.  *    0.  246.  343.   98.    0.  246.  204.  107.
 150.  *    2.  268.  359.   95.    2.  268.  206.  113.
 160.  *   20.  291.  378.  109.   20.  288.  200.  110.
 170.  *   86.  280.  369.  175.   82.  274.  170.   80.
 180.  *  202.  191.  284.  294.  195.  184.  126.   34.
 190.  *  292.   80.  169.  381.  286.   76.   95.    7.
 200.  *  302.   19.  108.  389.  300.   18.   89.    0.
 210.  *  278.    2.   94.  368.  278.    2.   92.    0.
 220.  *  254.    0.   98.  352.  255.    0.   98.    0.
 230.  *  233.    0.  107.  341.  233.    0.  107.    0.
 240.  *  224.    1.  118.  343.  222.    0.  118.    1.
 250.  *  227.   10.  129.  348.  216.    0.  128.   10.
 260.  *  254.   40.  126.  342.  216.    2.  124.   39.
 270.  *  305.   90.   90.  305.  228.   13.   87.   87.
 280.  *  342.  126.   40.  254.  243.   30.   39.  124.
 290.  *  348.  129.   10.  227.  256.   41.   10.  128.
 300.  *  343.  118.    1.  224.  264.   42.    1.  118.
 310.  *  341.  107.    0.  233.  271.   40.    0.  107.
 320.  *  352.   98.    0.  254.  293.   37.    0.   98.
 330.  *  368.   94.    2.  278.  319.   38.    0.   92.
 340.  *  389.  108.   19.  302.  342.   52.    0.   89.
 350.  *  381.  169.   80.  292.  334.  119.    7.   95.
 360.  *  294.  284.  192.  202.  246.  235.   34.  126.
 ------*------------------------------------------------
 MAX   *  389.  378.  378.  389.  342.  331.  222.  222.
 DEGR. *  340    20   160   200   340    20   110    70

 THE HIGHEST CONCENTRATION OF    389. ug/m**3 OCCURRED AT RECEPTOR REC4 .
