1CTDMPLUS Dated(91107)                                                 PAGE   1

 CTDMPLUS TEST RUN                                                               






          INPUT/OUTPUT SWITCHES (1 = USE THIS OPTION, 0 = DO NOT USE OPTION )

          ICASE:  INCLUDE CASE-STUDY PRINTOUT: 0 = NONE, 1 = STABLE ONLY, 
                         2 = UNSTABLE ONLY  3 = ALL HOURS                    0
          ITOPN:  CREATE TOP 4 TABLE AT END OF RUN                           1
          ICONC:  CONCENTRATION OUTPUT:  0 = NONE, 1 = BINARY, 2/3 = TEXT    2


          INTERNAL PROGRAM SWITCHES

          IMIX: (IF 1, USE ON-SITE MIXING HEIGHT OBSERVATIONS       
                (OFF-SITE IF NOT AVAILABLE); IF 0, VICE VERSA)               1
          IWS1:  (IF 1, SET MINIMUM WIND SPEED TO 1.0 M/S)                   1
          ISIGV: (HORIZ. TURB. INTENSITY DATA (0=SIGMA-THETA 1=SIGMA-V)      0
          IWD:   (IF 1, SCALE WIND DIRECTION WITH HEIGHT)                    1
          ICHIQ: (IF 1, MODEL OUTPUTS CHI/Q;  OTHERWISE IT OUTPUTS CHI)      1
          ISOR: (IF 1, MODEL GIVES SOURCE CONTRIBUTION TABLE)                1
          IUNSTA: (IF 0, MODEL WILL NOT READ RAWIN FILE OR CALCULATE 
                         UNSTABLE HOURS)                                     1


          FOR HORIZONTAL SCALE, MULTIPLY USER UNITS BY     1.0000 TO GET METERS.
          FOR ELEVATION, MULTIPLY USER UNITS BY      .3048 TO GET METERS.

          SITE LATITUDE (> 0 IF NORTH) = 39.591
          SITE LONGITUDE (> 0 IF WEST) =  89.489
          SITE TIME ZONE (> 0 IF WEST) =    6.
          POLLUTANT # (FOR HOURLY EMISSIONS) =    1

     METEOROLOGICAL TOWER COORDINATE INFORMATION:
          X-COORD:        .000 (USER UNITS) *     1.0000 =           .0 (METERS)
          Y-COORD:        .000 (USER UNITS) *     1.0000 =           .0 (METERS)
          ELEVATION:  1000.000 (USER UNITS) *      .3048 =        304.8 (METERS)
1CTDMPLUS Dated(91107)                                                 PAGE   2

 CTDMPLUS TEST RUN                                                               



                * * * S O U R C E   I N F O R M A T I O N * * *


                     EMISSION      LOCATION         STK   STK   GAS   EXIT
 STK      NAME        RATE       X         Y        HT    DIA   TEMP  VEL 
  #                   (G/S)     (M)       (M)       (M)   (M)   (K)  (M/S)
 --- ---------------- -------- -------- ---------  ------ ----- ----- -----
 
  1 STACK-1            455.05      .00       .00  189.7   3.36 410.1 25.06
  2 STACK-2            255.05      .00     30.00  190.0   3.36 420.1 25.06

 ------------------------------------------

   COMMON BASE ELEVATION =   304.8 (METERS).
   THIS BASE ELEVATION IS USED FOR ALL STACKS IN THIS RUN;
   ALL STACK HEIGHTS MARKED WITH  *  HAVE BEEN ADJUSTED TO 
   RETAIN THE ACTUAL ELEVATION OF THE TOP OF THE STACKS.

   MULTIPLY HORIZONTAL USER UNITS BY: 1.000E+00 TO CONVERT TO METERS
   MULTIPLY VERTICAL USER UNITS BY: 3.048E-01 TO CONVERT TO METERS
1CTDMPLUS Dated(91107)                                                 PAGE   3

 CTDMPLUS TEST RUN                                                               


                                 RECEPTOR INFORMATION

 REC   IDENTIFICATION    EAST      NORTH  HEIGHT  ABOVE   GRD LVL
 NO.                     COORD     COORD  LOCAL GRD LVL  ELEVATION     HILL
                           (USER UNITS)    (USER UNITS) (USER UNITS)  NUMBER
 ---  ----------------  -------- -------- -------------  ----------   ------
 
   1  tstorg         1   -491.80   -46.29          .0      1000.0        1
   2  tstorg         2     61.72  -197.40          .0      1000.0        1
   3  tstorg         3    307.61   305.85          .0      1000.0        1
   4  tstorg         4    570.34   798.18          .0      1000.0        1
   5  tstorg         5   1152.17   739.28          .0      1000.0        1
   6  tstorg         6   1564.89   350.79          .0      1000.0        1
   7  tstorg         7   -673.70  -707.70          .0      1200.0        1
   8  tstorg         8   -457.57  -319.38          .0      1200.0        1
   9  tstorg         9     42.95  -378.95          .0      1200.0        1
  10  tstorg        10    308.67   -31.46          .0      1200.0        1
 
  11  tstorg        11    461.65   436.02          .0      1200.0        1
  12  tstorg        12    926.65   612.86          .0      1200.0        1
  13  tstorg        13   1335.00   315.99          .0      1200.0        1
  14  tstorg        14   1534.26  -112.69          .0      1200.0        1
  15  tstorg        15   -709.10 -1413.00          .0      1400.0        1
  16  tstorg        16   -509.00  -891.78          .0      1400.0        1
  17  tstorg        17   -343.77  -468.29          .0      1400.0        1
  18  tstorg        18    215.03  -517.67          .0      1400.0        1
  19  tstorg        19    415.68   -19.55          .0      1400.0        1
  20  tstorg        20    773.03   389.51          .0      1400.0        1
 
  21  tstorg        21   1262.78   188.79          .0      1400.0        1
  22  tstorg        22   1262.41  -268.84          .0      1400.0        1
  23  tstorg        23   -582.60 -2015.00          .0      1600.0        1
  24  tstorg        24   -542.87 -1414.91          .0      1600.0        1
  25  tstorg        25   -341.53  -863.47          .0      1600.0        1
  26  tstorg        26     64.97  -613.09          .0      1600.0        1
  27  tstorg        27    448.16  -311.09          .0      1600.0        1
  28  tstorg        28    729.32   205.74          .0      1600.0        1
  29  tstorg        29   1228.23     4.15          .0      1600.0        1
  30  tstorg        30    973.96  -516.83          .0      1600.0        1
 
  31  tstorg        31   -357.70 -2305.00          .0      1800.0        1
  32  tstorg        32   -372.83 -1767.05          .0      1800.0        1
  33  tstorg        33   -285.48 -1172.66          .0      1800.0        1
  34  tstorg        34     14.57  -720.66          .0      1800.0        1
  35  tstorg        35    486.38  -562.30          .0      1800.0        1
  36  tstorg        36    767.37   -34.06          .0      1800.0        1
  37  tstorg        37   1040.60  -246.59          .0      1800.0        1
  38  tstorg        38    765.56  -786.95          .0      1800.0        1
  39  tstorg        39   -211.00 -2248.00          .0      2000.0        1
  40  tstorg        40   -103.15 -1812.17          .0      2000.0        1
 ---------------------------------------------
   MULTIPLY HORIZONTAL USER UNITS BY: 1.000E+00 TO CONVERT TO METERS
   MULTIPLY VERTICAL USER UNITS BY: 3.048E-01 TO CONVERT TO METERS
1CTDMPLUS Dated(91107)                                                 PAGE   4

 CTDMPLUS TEST RUN                                                               


                                 RECEPTOR INFORMATION

 REC   IDENTIFICATION    EAST      NORTH  HEIGHT  ABOVE   GRD LVL
 NO.                     COORD     COORD  LOCAL GRD LVL  ELEVATION     HILL
                           (USER UNITS)    (USER UNITS) (USER UNITS)  NUMBER
 ---  ----------------  -------- -------- -------------  ----------   ------
 
  41  tstorg        41   -159.02 -1357.53          .0      2000.0        1
  42  tstorg        42     67.68  -957.10          .0      2000.0        1
  43  tstorg        43    524.56  -859.69          .0      2000.0        1
  44  tstorg        44    607.64 -1272.62          .0      2000.0        1
  45  tstorg        45    348.70 -2665.00          .0      2200.0        1
  46  tstorg        46    308.07 -2194.93          .0      2200.0        1
  47  tstorg        47    387.04 -1722.33          .0      2200.0        1
  48  tstorg        48    552.40 -1613.29          .0      2200.0        1
 ---------------------------------------------
   MULTIPLY HORIZONTAL USER UNITS BY: 1.000E+00 TO CONVERT TO METERS
   MULTIPLY VERTICAL USER UNITS BY: 3.048E-01 TO CONVERT TO METERS
1CTDMPLUS Dated(91107)                                                 PAGE   5

 CTDMPLUS TEST RUN                                                               

 TERRAIN INFORMATION (USER UNITS FOR ALL DATA)

 HILL # 1  tstorg                                  HILL TOP: 2240.0 (USER UNITS)

 BEST FIT ELLIPSE INFORMATION FOR WRAP: tstorg                                  
  CONTOUR  X-COORD   Y-COORD   MAJOR  AXIS   ELLIPSE AXIS LENGTHS
   HEIGHT    (HILL CENTER)     AZIM. FROM N    MAJOR      MINOR
  -------  --------  --------  ------------  --------   --------
   1000.0   487.500 -1686.000       10.0     2570.000   1070.000
   1200.0   487.500 -1686.000       10.0     2256.000    981.700
   1400.0   487.400 -1686.000      180.0     1979.000    925.600
   1600.0   487.500 -1686.000       10.0     1746.000    804.600
   1800.0   487.500 -1686.000      180.0     1238.000    728.800
   2000.0   413.100 -1716.000      150.0      877.800    453.900

 Hc CUT-OFF HILL INFORMATION FOR LIFT:  tstorg                                  
  CONTOUR  X-COORD  Y-COORD  MAJOR  AXIS  <--- INVERSE POLYNOMIAL VARIABLES --->
   HEIGHT    (HILL CENTER)  AZIM. FROM N  MAJ EXP MIN EXP   MAJ SCALE  MIN SCALE
  -------  -------- ------- ------------  ------- -------   ---------  ---------
   1000.0   473.100-1729.000     155.8      3.003   2.297    1479.930    680.273
   1200.0   470.200-1738.000     167.0      3.045   2.154    1343.875    634.572
   1400.0   465.900-1751.000     160.5      3.119   2.020    1196.329    577.539
   1600.0   458.700-1772.000     170.4      3.526   1.834     999.408    519.129
   1800.0   444.300-1815.000     166.0      3.860   1.780     837.300    409.716
   2000.0   475.400-1914.000     180.0      2.000   2.000    1031.051    251.334
 ---------------------------------------------
   MULTIPLY HORIZONTAL USER UNITS BY: 1.000E+00 TO CONVERT TO METERS
   MULTIPLY VERTICAL USER UNITS BY: 3.048E-01 TO CONVERT TO METERS

------------------------------------------------------
    SURFACE ROUGHNESS LENGTH OF EACH HILL:

 HILL #        1
 Z0 (M)     .760


1CTDMPLUS Dated(91107)                                                 PAGE   6

   MAP EDGES: XMIN =   -1650., XMAX =    2506., YMIN =   -2665., YMAX =     798.

                 * = SOURCE, RECEPTORS SHOWN BY HILL # (0-9,A-Z)


 + - - - - - - - - - - - - - - - - - - - - 1 - - - - 1 - - - - - - - - - - - - +
 |                                               1                             |
 |                                                                             |
 |                                       1     1                               |
 |                                   1                   1   1                 |
 |                                           1                                 |
 |                                                       1                     |
 |                             *                                               |
 |                     1       *     1 1       1       1                       |
 |                                                           1                 |
 |                               1                                             |
 |                     1                 1         1     1                     |
 |                               1                                             |
 |                       1                                                     |
 |                                 1     1         1                           |
 |                               1                                             |
 |                 1             1                                             |
 |                                             1                               |
 |                   1   1               1                                     |
 |                               1                                             |
 |                                                                             |
 |                         1                                                   |
 |                                         1                                   |
 |                           1                                                 |
 |                 1 1                                                         |
 |                                                                             |
 |                                         1                                   |
 |                                                                             |
 |                       1             1                                       |
 |                           1                                                 |
 |                                                                             |
 |                   1                                                         |
 |                                                                             |
 |                                   1                                         |
 |                       1 1                                                   |
 |                                                                             |
 |                                                                             |
 |                                                                             |
 |                                                                             |
 + - - - - - - - - - - - - - - - - - - 1 - - - - - - - - - - - - - - - - - - - +


                         SOURCE CONTRIBUTION TABLE
  DATE  6/26/80 HOUR  1


  REC #    TOTAL      STACK #  1   STACK #  2
     1    .0000E+00    .0000E+00    .0000E+00
     2    .0000E+00    .0000E+00    .0000E+00
     3    .0000E+00    .0000E+00    .0000E+00
     4    .0000E+00    .0000E+00    .0000E+00
     5    .0000E+00    .0000E+00    .0000E+00
     6    .0000E+00    .0000E+00    .0000E+00
     7    .0000E+00    .0000E+00    .0000E+00
     8    .0000E+00    .0000E+00    .0000E+00
     9    .6995E-20    .9810E-21    .6014E-20
    10    .8213E-21    .0000E+00    .8213E-21
    11    .0000E+00    .0000E+00    .0000E+00
    12    .6371E-19    .7558E-20    .5616E-19
    13    .2004E-11    .7813E-12    .1223E-11
    14    .7929E-10    .3346E-10    .4582E-10
    15    .5097E-13    .1833E-13    .3264E-13
    16    .0000E+00    .0000E+00    .0000E+00
    17    .0000E+00    .0000E+00    .0000E+00
    18    .9807E-11    .3787E-11    .6020E-11
    19    .2493E-14    .5307E-15    .1962E-14
    20    .3734E-14    .7275E-15    .3006E-14
    21    .2554E-07    .1171E-07    .1383E-07
    22    .3766E-06    .1822E-06    .1943E-06
    23    .0000E+00    .0000E+00    .0000E+00
    24    .0000E+00    .0000E+00    .0000E+00
    25    .0000E+00    .0000E+00    .0000E+00
    26    .0000E+00    .0000E+00    .0000E+00
    27    .6687E-03    .5423E-03    .1263E-03
    28    .0000E+00    .0000E+00    .0000E+00
    29    .0000E+00    .0000E+00    .0000E+00
    30    .1795E+00    .9330E-01    .8621E-01
    31    .0000E+00    .0000E+00    .0000E+00
    32    .0000E+00    .0000E+00    .0000E+00
    33    .0000E+00    .0000E+00    .0000E+00
    34    .0000E+00    .0000E+00    .0000E+00
    35    .1402E-10    .1238E-10    .1645E-11
    36    .3267E-09    .2996E-11    .3237E-09
    37    .1845E-04    .1816E-05    .1663E-04
    38    .1924E-07    .1526E-07    .3972E-08
    39    .0000E+00    .0000E+00    .0000E+00
    40    .0000E+00    .0000E+00    .0000E+00
    41    .0000E+00    .0000E+00    .0000E+00
    42    .0000E+00    .0000E+00    .0000E+00
    43    .0000E+00    .0000E+00    .0000E+00
    44    .0000E+00    .0000E+00    .0000E+00
    45    .0000E+00    .0000E+00    .0000E+00
    46    .0000E+00    .0000E+00    .0000E+00
    47    .0000E+00    .0000E+00    .0000E+00
    48    .0000E+00    .0000E+00    .0000E+00


                         SOURCE CONTRIBUTION TABLE
  DATE  6/26/80 HOUR  2


  REC #    TOTAL      STACK #  1   STACK #  2
     1    .0000E+00    .0000E+00    .0000E+00
     2    .0000E+00    .0000E+00    .0000E+00
     3    .0000E+00    .0000E+00    .0000E+00
     4    .0000E+00    .0000E+00    .0000E+00
     5    .0000E+00    .0000E+00    .0000E+00
     6    .0000E+00    .0000E+00    .0000E+00
     7    .0000E+00    .0000E+00    .0000E+00
     8    .0000E+00    .0000E+00    .0000E+00
     9    .9287E-08    .4264E-08    .5023E-08
    10    .9648E-08    .4497E-08    .5150E-08
    11    .1163E-07    .6121E-08    .5505E-08
    12    .9485E-08    .4413E-08    .5072E-08
    13    .7960E-08    .3185E-08    .4775E-08
    14    .6578E-08    .2555E-08    .4024E-08
    15    .6237E-04    .3201E-04    .3036E-04
    16    .8203E-04    .4349E-04    .3854E-04
    17    .9748E-04    .5640E-04    .4108E-04
    18    .5325E-04    .2828E-04    .2496E-04
    19    .7480E-04    .3888E-04    .3591E-04
    20    .7592E-04    .3970E-04    .3622E-04
    21    .6208E-04    .2858E-04    .3350E-04
    22    .5295E-04    .2387E-04    .2908E-04
    23    .0000E+00    .0000E+00    .0000E+00
    24    .0000E+00    .0000E+00    .0000E+00
    25    .0000E+00    .0000E+00    .0000E+00
    26    .0000E+00    .0000E+00    .0000E+00
    27    .9814E-01    .4051E-01    .5763E-01
    28    .0000E+00    .0000E+00    .0000E+00
    29    .0000E+00    .0000E+00    .0000E+00
    30    .3896E-06    .3024E-07    .3594E-06
    31    .0000E+00    .0000E+00    .0000E+00
    32    .0000E+00    .0000E+00    .0000E+00
    33    .0000E+00    .0000E+00    .0000E+00
    34    .0000E+00    .0000E+00    .0000E+00
    35    .7771E-02    .5302E-02    .2468E-02
    36    .0000E+00    .0000E+00    .0000E+00
    37    .0000E+00    .0000E+00    .0000E+00
    38    .1197E+00    .7288E-01    .4686E-01
    39    .0000E+00    .0000E+00    .0000E+00
    40    .0000E+00    .0000E+00    .0000E+00
    41    .0000E+00    .0000E+00    .0000E+00
    42    .0000E+00    .0000E+00    .0000E+00
    43    .4939E-05    .3363E-05    .1576E-05
    44    .2539E-07    .1595E-07    .9443E-08
    45    .0000E+00    .0000E+00    .0000E+00
    46    .0000E+00    .0000E+00    .0000E+00
    47    .4444E-12    .2440E-12    .2004E-12
    48    .2454E-09    .1435E-09    .1018E-09


                         SOURCE CONTRIBUTION TABLE
  DATE  6/26/80 HOUR  3


  REC #    TOTAL      STACK #  1   STACK #  2
     1    .0000E+00    .0000E+00    .0000E+00
     2    .0000E+00    .0000E+00    .0000E+00
     3    .0000E+00    .0000E+00    .0000E+00
     4    .0000E+00    .0000E+00    .0000E+00
     5    .0000E+00    .0000E+00    .0000E+00
     6    .0000E+00    .0000E+00    .0000E+00
     7    .0000E+00    .0000E+00    .0000E+00
     8    .0000E+00    .0000E+00    .0000E+00
     9    .4102E-08    .7028E-09    .3399E-08
    10    .2919E-08    .3307E-09    .2588E-08
    11    .4357E-17    .0000E+00    .4357E-17
    12    .3219E-08    .4123E-09    .2807E-08
    13    .1175E-08    .2158E-09    .9590E-09
    14    .7677E-09    .1397E-09    .6281E-09
    15    .6106E-04    .2291E-04    .3815E-04
    16    .1426E-04    .1787E-05    .1248E-04
    17    .1417E-08    .0000E+00    .1417E-08
    18    .6685E-04    .2683E-04    .4001E-04
    19    .2580E-04    .6276E-05    .1953E-04
    20    .2332E-04    .5106E-05    .1822E-04
    21    .5967E-05    .1326E-05    .4641E-05
    22    .4301E-05    .9485E-06    .3353E-05
    23    .1579E-01    .7902E-02    .7885E-02
    24    .1841E-01    .8386E-02    .1002E-01
    25    .7949E-03    .2445E-03    .5503E-03
    26    .1680E-01    .7062E-02    .9737E-02
    27    .1619E-01    .4115E-02    .1207E-01
    28    .3857E-02    .1025E-02    .2831E-02
    29    .1294E-02    .3207E-03    .9737E-03
    30    .1062E-02    .2620E-03    .8002E-03
    31    .0000E+00    .0000E+00    .0000E+00
    32    .0000E+00    .0000E+00    .0000E+00
    33    .0000E+00    .0000E+00    .0000E+00
    34    .3223E-05    .1710E-05    .1513E-05
    35    .7157E+00    .3791E+00    .3365E+00
    36    .0000E+00    .0000E+00    .0000E+00
    37    .0000E+00    .0000E+00    .0000E+00
    38    .4474E+00    .2152E+00    .2322E+00
    39    .8105E-11    .3293E-11    .4812E-11
    40    .5026E-07    .2386E-07    .2640E-07
    41    .2719E-08    .1199E-08    .1521E-08
    42    .8684E-04    .4716E-04    .3968E-04
    43    .2671E+00    .1511E+00    .1160E+00
    44    .1226E+00    .6847E-01    .5410E-01
    45    .1250E-02    .6571E-03    .5924E-03
    46    .9191E-02    .4964E-02    .4226E-02
    47    .2868E-01    .1581E-01    .1287E-01
    48    .6542E-01    .3617E-01    .2925E-01


                         SOURCE CONTRIBUTION TABLE
  DATE  6/26/80 HOUR  4


  REC #    TOTAL      STACK #  1   STACK #  2
     1    .0000E+00    .0000E+00    .0000E+00
     2    .3033E-13    .1301E-13    .1732E-13
     3    .0000E+00    .0000E+00    .0000E+00
     4    .0000E+00    .0000E+00    .0000E+00
     5    .3059E-14    .1194E-14    .1866E-14
     6    .9507E-11    .3936E-11    .5572E-11
     7    .1288E-10    .5894E-11    .6990E-11
     8    .0000E+00    .0000E+00    .0000E+00
     9    .1924E-08    .9839E-09    .9403E-09
    10    .2318E-09    .1166E-09    .1153E-09
    11    .0000E+00    .0000E+00    .0000E+00
    12    .1086E-11    .4287E-12    .6574E-12
    13    .2012E-07    .9845E-08    .1028E-07
    14    .6487E-07    .2996E-07    .3492E-07
    15    .8300E-05    .4526E-05    .3774E-05
    16    .5690E-05    .3171E-05    .2519E-05
    17    .4022E-07    .2101E-07    .1921E-07
    18    .1712E-04    .9310E-05    .7808E-05
    19    .1228E-05    .6880E-06    .5401E-06
    20    .8937E-07    .4789E-07    .4148E-07
    21    .4078E-04    .2176E-04    .1902E-04
    22    .8819E-04    .4522E-04    .4297E-04
    23    .1003E-02    .5779E-03    .4246E-03
    24    .1731E-02    .9985E-03    .7322E-03
    25    .3002E-02    .1747E-02    .1255E-02
    26    .4178E-02    .2411E-02    .1767E-02
    27    .4197E-02    .2422E-02    .1776E-02
    28    .4550E-03    .2694E-03    .1856E-03
    29    .1638E-01    .9119E-02    .7262E-02
    30    .2360E-01    .1284E-01    .1076E-01
    31    .1835E-01    .1083E-01    .7525E-02
    32    .2668E-01    .1575E-01    .1093E-01
    33    .5205E-01    .3076E-01    .2128E-01
    34    .1292E+00    .7625E-01    .5294E-01
    35    .4449E+00    .2545E+00    .1904E+00
    36    .1867E+00    .1107E+00    .7602E-01
    37    .5202E+00    .2946E+00    .2256E+00
    38    .6353E+00    .3526E+00    .2827E+00
    39    .0000E+00    .0000E+00    .0000E+00
    40    .5056E-11    .1951E-11    .3105E-11
    41    .0000E+00    .0000E+00    .0000E+00
    42    .2163E-04    .1166E-04    .9974E-05
    43    .1839E+01    .1054E+01    .7852E+00
    44    .1858E+00    .1049E+00    .8094E-01
    45    .1310E-04    .6541E-05    .6558E-05
    46    .3498E-03    .1814E-03    .1684E-03
    47    .5175E-02    .2814E-02    .2361E-02
    48    .3208E-01    .1771E-01    .1437E-01


                         SOURCE CONTRIBUTION TABLE
  DATE  6/26/80 HOUR  5


  REC #    TOTAL      STACK #  1   STACK #  2
     1    .0000E+00    .0000E+00    .0000E+00
     2    .0000E+00    .0000E+00    .0000E+00
     3    .0000E+00    .0000E+00    .0000E+00
     4    .0000E+00    .0000E+00    .0000E+00
     5    .0000E+00    .0000E+00    .0000E+00
     6    .0000E+00    .0000E+00    .0000E+00
     7    .2333E-17    .0000E+00    .2333E-17
     8    .0000E+00    .0000E+00    .0000E+00
     9    .6036E-10    .3846E-10    .2190E-10
    10    .2222E-10    .1453E-10    .7687E-11
    11    .4824E-15    .3214E-15    .1610E-15
    12    .2522E-10    .1645E-10    .8774E-11
    13    .5069E-08    .2629E-08    .2439E-08
    14    .1205E-07    .5750E-08    .6300E-08
    15    .1989E-05    .1267E-05    .7225E-06
    16    .7946E-07    .5591E-07    .2356E-07
    17    .4656E-10    .3420E-10    .1236E-10
    18    .3095E-05    .1928E-05    .1167E-05
    19    .3392E-06    .2305E-06    .1087E-06
    20    .2286E-06    .1570E-06    .7156E-07
    21    .2022E-04    .1151E-04    .8706E-05
    22    .3774E-04    .2033E-04    .1741E-04
    23    .6108E-03    .3972E-03    .2136E-03
    24    .2092E-02    .1345E-02    .7473E-03
    25    .2733E-03    .1914E-03    .8195E-04
    26    .1079E-02    .7188E-03    .3604E-03
    27    .1820E-02    .1182E-02    .6375E-03
    28    .4743E-03    .3262E-03    .1480E-03
    29    .1272E-01    .7532E-02    .5192E-02
    30    .1708E-01    .9844E-02    .7237E-02
    31    .0000E+00    .0000E+00    .0000E+00
    32    .0000E+00    .0000E+00    .0000E+00
    33    .0000E+00    .0000E+00    .0000E+00
    34    .0000E+00    .0000E+00    .0000E+00
    35    .2844E+00    .1840E+00    .1004E+00
    36    .0000E+00    .0000E+00    .0000E+00
    37    .1777E-10    .4138E-12    .1736E-10
    38    .7710E+00    .4679E+00    .3031E+00
    39    .0000E+00    .0000E+00    .0000E+00
    40    .0000E+00    .0000E+00    .0000E+00
    41    .0000E+00    .0000E+00    .0000E+00
    42    .0000E+00    .0000E+00    .0000E+00
    43    .5033E-03    .3373E-03    .1660E-03
    44    .5378E-06    .3304E-06    .2074E-06
    45    .0000E+00    .0000E+00    .0000E+00
    46    .0000E+00    .0000E+00    .0000E+00
    47    .0000E+00    .0000E+00    .0000E+00
    48    .4922E-09    .2741E-09    .2180E-09


                         SOURCE CONTRIBUTION TABLE
  DATE  6/26/80 HOUR  6


  REC #    TOTAL      STACK #  1   STACK #  2
     1    .0000E+00    .0000E+00    .0000E+00
     2    .0000E+00    .0000E+00    .0000E+00
     3    .0000E+00    .0000E+00    .0000E+00
     4    .0000E+00    .0000E+00    .0000E+00
     5    .0000E+00    .0000E+00    .0000E+00
     6    .3454E-11    .5617E-12    .2892E-11
     7    .1481E-15    .4865E-22    .1481E-15
     8    .0000E+00    .0000E+00    .0000E+00
     9    .3903E-09    .5687E-10    .3334E-09
    10    .1425E-09    .1188E-10    .1306E-09
    11    .1080E-14    .0000E+00    .1080E-14
    12    .1149E-09    .6140E-11    .1087E-09
    13    .8982E-08    .1937E-08    .7045E-08
    14    .1011E-06    .2446E-07    .7663E-07
    15    .4826E-04    .1834E-04    .2992E-04
    16    .3146E-05    .5733E-06    .2573E-05
    17    .1319E-07    .2421E-10    .1317E-07
    18    .6052E-04    .2189E-04    .3863E-04
    19    .5973E-05    .1157E-05    .4816E-05
    20    .3912E-05    .5576E-06    .3354E-05
    21    .2367E-04    .6618E-05    .1705E-04
    22    .2756E-04    .7952E-05    .1961E-04
    23    .6636E-03    .3112E-03    .3524E-03
    24    .3504E-03    .1517E-03    .1987E-03
    25    .0000E+00    .0000E+00    .0000E+00
    26    .3067E-04    .9462E-05    .2120E-04
    27    .2505E-02    .4408E-03    .2064E-02
    28    .0000E+00    .0000E+00    .0000E+00
    29    .5882E-04    .1759E-04    .4122E-04
    30    .5088E-04    .1514E-04    .3573E-04
    31    .6759E-05    .3252E-05    .3507E-05
    32    .2859E-06    .1435E-06    .1424E-06
    33    .0000E+00    .0000E+00    .0000E+00
    34    .9909E-09    .4501E-09    .5407E-09
    35    .4041E+00    .2152E+00    .1889E+00
    36    .0000E+00    .0000E+00    .0000E+00
    37    .1187E-07    .3886E-08    .7981E-08
    38    .4376E+00    .1980E+00    .2396E+00
    39    .0000E+00    .0000E+00    .0000E+00
    40    .0000E+00    .0000E+00    .0000E+00
    41    .0000E+00    .0000E+00    .0000E+00
    42    .8441E-07    .4089E-07    .4352E-07
    43    .1055E+00    .6131E-01    .4415E-01
    44    .3015E-01    .1712E-01    .1302E-01
    45    .4489E-05    .2201E-05    .2287E-05
    46    .3405E-03    .1802E-03    .1603E-03
    47    .1781E-02    .9760E-03    .8053E-03
    48    .9186E-02    .5107E-02    .4079E-02


                         SOURCE CONTRIBUTION TABLE
  DATE  6/26/80 HOUR  7


  REC #    TOTAL      STACK #  1   STACK #  2
     1    .0000E+00    .0000E+00    .0000E+00
     2    .0000E+00    .0000E+00    .0000E+00
     3    .0000E+00    .0000E+00    .0000E+00
     4    .0000E+00    .0000E+00    .0000E+00
     5    .0000E+00    .0000E+00    .0000E+00
     6    .0000E+00    .0000E+00    .0000E+00
     7    .3648E-12    .6105E-13    .3038E-12
     8    .0000E+00    .0000E+00    .0000E+00
     9    .4968E-12    .9675E-13    .4001E-12
    10    .0000E+00    .0000E+00    .0000E+00
    11    .0000E+00    .0000E+00    .0000E+00
    12    .0000E+00    .0000E+00    .0000E+00
    13    .2063E-09    .6507E-10    .1412E-09
    14    .8950E-08    .3583E-08    .5367E-08
    15    .1647E-09    .5264E-10    .1121E-09
    16    .3161E-09    .1022E-09    .2139E-09
    17    .7029E-09    .2304E-09    .4725E-09
    18    .3263E-09    .1043E-09    .2220E-09
    19    .7585E-06    .3247E-06    .4338E-06
    20    .3198E-09    .0000E+00    .3198E-09
    21    .4991E-06    .2162E-06    .2829E-06
    22    .2230E-06    .9647E-07    .1266E-06
    23    .5086E-10    .1483E-10    .3603E-10
    24    .7137E-10    .2215E-10    .4921E-10
    25    .8672E-10    .2694E-10    .5978E-10
    26    .8637E-10    .2663E-10    .5974E-10
    27    .1727E-01    .1260E-01    .4669E-02
    28    .2484E-08    .6293E-09    .1855E-08
    29    .8846E-07    .3715E-07    .5131E-07
    30    .5525E-01    .1802E-01    .3723E-01
    31    .0000E+00    .0000E+00    .0000E+00
    32    .0000E+00    .0000E+00    .0000E+00
    33    .0000E+00    .0000E+00    .0000E+00
    34    .0000E+00    .0000E+00    .0000E+00
    35    .7013E-06    .5525E-06    .1488E-06
    36    .0000E+00    .0000E+00    .0000E+00
    37    .3383E-09    .9084E-11    .3293E-09
    38    .1599E-02    .1094E-02    .5058E-03
    39    .0000E+00    .0000E+00    .0000E+00
    40    .0000E+00    .0000E+00    .0000E+00
    41    .0000E+00    .0000E+00    .0000E+00
    42    .0000E+00    .0000E+00    .0000E+00
    43    .9822E-10    .7126E-10    .2696E-10
    44    .3636E-11    .2323E-11    .1314E-11
    45    .0000E+00    .0000E+00    .0000E+00
    46    .0000E+00    .0000E+00    .0000E+00
    47    .0000E+00    .0000E+00    .0000E+00
    48    .0000E+00    .0000E+00    .0000E+00


                         SOURCE CONTRIBUTION TABLE
  DATE  6/26/80 HOUR  8


  REC #    TOTAL      STACK #  1   STACK #  2
     1    .0000E+00    .0000E+00    .0000E+00
     2    .0000E+00    .0000E+00    .0000E+00
     3    .0000E+00    .0000E+00    .0000E+00
     4    .0000E+00    .0000E+00    .0000E+00
     5    .0000E+00    .0000E+00    .0000E+00
     6    .0000E+00    .0000E+00    .0000E+00
     7    .9478E-09    .7517E-10    .8726E-09
     8    .0000E+00    .0000E+00    .0000E+00
     9    .4824E-04    .1171E-04    .3653E-04
    10    .0000E+00    .0000E+00    .0000E+00
    11    .0000E+00    .0000E+00    .0000E+00
    12    .0000E+00    .0000E+00    .0000E+00
    13    .0000E+00    .0000E+00    .0000E+00
    14    .5687E-11    .3999E-12    .5287E-11
    15    .1476E-02    .6361E-03    .8395E-03
    16    .5347E-03    .1851E-03    .3496E-03
    17    .2956E-08    .9463E-10    .2862E-08
    18    .5027E-01    .2253E-01    .2774E-01
    19    .0000E+00    .0000E+00    .0000E+00
    20    .0000E+00    .0000E+00    .0000E+00
    21    .0000E+00    .0000E+00    .0000E+00
    22    .2669E-06    .4897E-07    .2180E-06
    23    .1058E+00    .5398E-01    .5181E-01
    24    .2801E-01    .1369E-01    .1432E-01
    25    .1404E-01    .6333E-02    .7707E-02
    26    .1918E+00    .9928E-01    .9253E-01
    27    .9975E-04    .1814E-04    .8161E-04
    28    .0000E+00    .0000E+00    .0000E+00
    29    .1445E-15    .6859E-18    .1438E-15
    30    .3985E-02    .1443E-02    .2542E-02
    31    .5035E+00    .2589E+00    .2447E+00
    32    .5357E+00    .2775E+00    .2582E+00
    33    .2699E+00    .1365E+00    .1334E+00
    34    .5093E+00    .2711E+00    .2382E+00
    35    .8897E-01    .3859E-01    .5038E-01
    36    .4007E-16    .0000E+00    .4007E-16
    37    .6259E-06    .9573E-07    .5302E-06
    38    .3082E+00    .1473E+00    .1609E+00
    39    .8597E+00    .4430E+00    .4168E+00
    40    .1326E+01    .6831E+00    .6429E+00
    41    .1266E+01    .6599E+00    .6057E+00
    42    .2017E+01    .1073E+01    .9440E+00
    43    .1326E+01    .6876E+00    .6386E+00
    44    .2699E+01    .1393E+01    .1306E+01
    45    .8327E+00    .4272E+00    .4055E+00
    46    .1171E+01    .6021E+00    .5689E+00
    47    .1735E+01    .8945E+00    .8408E+00
    48    .1892E+01    .9747E+00    .9171E+00


                         SOURCE CONTRIBUTION TABLE
  DATE  6/26/80 HOUR  9


  REC #    TOTAL      STACK #  1   STACK #  2
     1    .0000E+00    .0000E+00    .0000E+00
     2    .1795E-03    .3016E-04    .1494E-03
     3    .0000E+00    .0000E+00    .0000E+00
     4    .0000E+00    .0000E+00    .0000E+00
     5    .0000E+00    .0000E+00    .0000E+00
     6    .0000E+00    .0000E+00    .0000E+00
     7    .8337E-09    .9452E-10    .7392E-09
     8    .0000E+00    .0000E+00    .0000E+00
     9    .6942E+00    .3530E+00    .3412E+00
    10    .0000E+00    .0000E+00    .0000E+00
    11    .0000E+00    .0000E+00    .0000E+00
    12    .0000E+00    .0000E+00    .0000E+00
    13    .0000E+00    .0000E+00    .0000E+00
    14    .1164E-07    .2415E-08    .9228E-08
    15    .3105E-02    .1451E-02    .1654E-02
    16    .5617E-02    .2581E-02    .3036E-02
    17    .4155E-04    .1001E-04    .3155E-04
    18    .3496E+01    .1850E+01    .1645E+01
    19    .0000E+00    .0000E+00    .0000E+00
    20    .0000E+00    .0000E+00    .0000E+00
    21    .0000E+00    .0000E+00    .0000E+00
    22    .3875E-04    .1241E-04    .2635E-04
    23    .4146E-01    .2062E-01    .2084E-01
    24    .6166E-01    .3104E-01    .3062E-01
    25    .1517E+00    .7637E-01    .7530E-01
    26    .2878E+01    .1530E+01    .1348E+01
    27    .1412E+00    .6234E-01    .7887E-01
    28    .0000E+00    .0000E+00    .0000E+00
    29    .4535E-11    .2434E-12    .4292E-11
    30    .1127E+00    .5225E-01    .6050E-01
    31    .3372E+00    .1707E+00    .1665E+00
    32    .3756E+00    .1922E+00    .1834E+00
    33    .4942E+00    .2537E+00    .2405E+00
    34    .2211E+01    .1159E+01    .1052E+01
    35    .2575E+01    .1327E+01    .1249E+01
    36    .3101E-10    .5439E-12    .3046E-10
    37    .1024E-03    .3233E-04    .7009E-04
    38    .2071E+01    .1051E+01    .1019E+01
    39    .6347E+00    .3230E+00    .3117E+00
    40    .7503E+00    .3817E+00    .3686E+00
    41    .7856E+00    .4006E+00    .3850E+00
    42    .1637E+01    .8465E+00    .7901E+00
    43    .2440E+01    .1254E+01    .1186E+01
    44    .1322E+01    .6726E+00    .6491E+00
    45    .5837E+00    .2948E+00    .2889E+00
    46    .7216E+00    .3652E+00    .3564E+00
    47    .9183E+00    .4660E+00    .4523E+00
    48    .9765E+00    .4955E+00    .4810E+00


                         SOURCE CONTRIBUTION TABLE
  DATE  6/26/80 HOUR 10


  REC #    TOTAL      STACK #  1   STACK #  2
     1    .0000E+00    .0000E+00    .0000E+00
     2    .8959E-02    .2436E-02    .6522E-02
     3    .0000E+00    .0000E+00    .0000E+00
     4    .0000E+00    .0000E+00    .0000E+00
     5    .0000E+00    .0000E+00    .0000E+00
     6    .3703E-15    .0000E+00    .3703E-15
     7    .9567E-12    .2335E-13    .9333E-12
     8    .0000E+00    .0000E+00    .0000E+00
     9    .1587E+01    .8281E+00    .7584E+00
    10    .1056E-07    .5019E-10    .1051E-07
    11    .0000E+00    .0000E+00    .0000E+00
    12    .0000E+00    .0000E+00    .0000E+00
    13    .1858E-16    .0000E+00    .1858E-16
    14    .1130E-03    .4003E-04    .7293E-04
    15    .7935E-03    .3746E-03    .4189E-03
    16    .1953E-02    .8563E-03    .1097E-02
    17    .1382E-04    .1937E-05    .1188E-04
    18    .3834E+01    .2031E+01    .1804E+01
    19    .5839E-07    .1018E-08    .5737E-07
    20    .0000E+00    .0000E+00    .0000E+00
    21    .3797E-10    .2190E-11    .3578E-10
    22    .8903E-02    .3713E-02    .5190E-02
    23    .9903E-02    .4977E-02    .4926E-02
    24    .2019E-01    .1009E-01    .1011E-01
    25    .8667E-01    .4151E-01    .4517E-01
    26    .2328E+01    .1233E+01    .1095E+01
    27    .1200E+01    .5763E+00    .6242E+00
    28    .0000E+00    .0000E+00    .0000E+00
    29    .6252E-05    .1555E-05    .4697E-05
    30    .6577E+00    .3206E+00    .3371E+00
    31    .9080E-01    .4594E-01    .4486E-01
    32    .1433E+00    .7335E-01    .6998E-01
    33    .2563E+00    .1313E+00    .1249E+00
    34    .1515E+01    .7923E+00    .7223E+00
    35    .3197E+01    .1655E+01    .1542E+01
    36    .2474E-04    .4152E-05    .2059E-04
    37    .2038E-01    .8489E-02    .1189E-01
    38    .1856E+01    .9451E+00    .9106E+00
    39    .3380E+00    .1730E+00    .1650E+00
    40    .5118E+00    .2621E+00    .2497E+00
    41    .4652E+00    .2393E+00    .2259E+00
    42    .1098E+01    .5690E+00    .5290E+00
    43    .1783E+01    .9189E+00    .8645E+00
    44    .9494E+00    .4842E+00    .4652E+00
    45    .4525E+00    .2292E+00    .2233E+00
    46    .5455E+00    .2769E+00    .2685E+00
    47    .6730E+00    .3425E+00    .3306E+00
    48    .7150E+00    .3634E+00    .3517E+00


                         SOURCE CONTRIBUTION TABLE
  DATE  6/26/80 HOUR 11


  REC #    TOTAL      STACK #  1   STACK #  2
     1    .0000E+00    .0000E+00    .0000E+00
     2    .6096E-02    .2111E-02    .3985E-02
     3    .0000E+00    .0000E+00    .0000E+00
     4    .0000E+00    .0000E+00    .0000E+00
     5    .3034E-11    .1858E-12    .2848E-11
     6    .2766E-02    .1132E-02    .1634E-02
     7    .0000E+00    .0000E+00    .0000E+00
     8    .0000E+00    .0000E+00    .0000E+00
     9    .3247E+00    .1768E+00    .1479E+00
    10    .9617E-02    .2915E-02    .6702E-02
    11    .0000E+00    .0000E+00    .0000E+00
    12    .7478E-13    .1462E-14    .7332E-13
    13    .3108E-02    .1238E-02    .1870E-02
    14    .1355E+00    .6266E-01    .7284E-01
    15    .0000E+00    .0000E+00    .0000E+00
    16    .0000E+00    .0000E+00    .0000E+00
    17    .0000E+00    .0000E+00    .0000E+00
    18    .1603E+01    .8688E+00    .7342E+00
    19    .5321E-01    .2012E-01    .3309E-01
    20    .2999E-07    .2887E-08    .2711E-07
    21    .1906E-01    .8101E-02    .1095E-01
    22    .5537E+00    .2645E+00    .2892E+00
    23    .6575E-08    .2973E-08    .3602E-08
    24    .4632E-10    .1452E-10    .3179E-10
    25    .2861E-08    .6554E-09    .2206E-08
    26    .3250E+00    .1776E+00    .1473E+00
    27    .3527E+01    .1846E+01    .1681E+01
    28    .6659E-03    .1895E-03    .4764E-03
    29    .1289E+00    .5865E-01    .7026E-01
    30    .1528E+01    .7676E+00    .7603E+00
    31    .5314E-05    .2660E-05    .2653E-05
    32    .1057E-04    .5221E-05    .5347E-05
    33    .5604E-04    .2559E-04    .3045E-04
    34    .1062E+00    .5650E-01    .4970E-01
    35    .1951E+01    .1025E+01    .9256E+00
    36    .3201E+00    .1461E+00    .1739E+00
    37    .8608E+00    .4198E+00    .4410E+00
    38    .1111E+01    .5756E+00    .5357E+00
    39    .1070E-03    .5487E-04    .5216E-04
    40    .2423E-02    .1258E-02    .1165E-02
    41    .2217E-02    .1143E-02    .1074E-02
    42    .8842E-01    .4688E-01    .4154E-01
    43    .7228E+00    .3794E+00    .3434E+00
    44    .2885E+00    .1498E+00    .1387E+00
    45    .1918E-01    .1004E-01    .9139E-02
    46    .4027E-01    .2109E-01    .1918E-01
    47    .9311E-01    .4859E-01    .4452E-01
    48    .1573E+00    .8174E-01    .7553E-01


                         SOURCE CONTRIBUTION TABLE
  DATE  6/26/80 HOUR 12


  REC #    TOTAL      STACK #  1   STACK #  2
     1    .0000E+00    .0000E+00    .0000E+00
     2    .6555E-02    .1822E-02    .4733E-02
     3    .0000E+00    .0000E+00    .0000E+00
     4    .0000E+00    .0000E+00    .0000E+00
     5    .0000E+00    .0000E+00    .0000E+00
     6    .4404E-09    .6308E-10    .3773E-09
     7    .0000E+00    .0000E+00    .0000E+00
     8    .0000E+00    .0000E+00    .0000E+00
     9    .9560E+00    .5055E+00    .4504E+00
    10    .9565E-06    .2792E-07    .9286E-06
    11    .0000E+00    .0000E+00    .0000E+00
    12    .0000E+00    .0000E+00    .0000E+00
    13    .1521E-09    .1436E-10    .1377E-09
    14    .1729E-02    .6903E-03    .1039E-02
    15    .4923E-06    .1996E-06    .2927E-06
    16    .4695E-06    .1388E-06    .3307E-06
    17    .2610E-11    .1371E-13    .2596E-11
    18    .2968E+01    .1606E+01    .1362E+01
    19    .9454E-05    .7396E-06    .8714E-05
    20    .0000E+00    .0000E+00    .0000E+00
    21    .2467E-06    .4765E-07    .1991E-06
    22    .4636E-01    .2049E-01    .2587E-01
    23    .1923E-03    .9525E-04    .9709E-04
    24    .2593E-03    .1238E-03    .1356E-03
    25    .2156E-02    .9936E-03    .1162E-02
    26    .1152E+01    .6156E+00    .5361E+00
    27    .2199E+01    .1102E+01    .1096E+01
    28    .2022E-14    .2351E-17    .2020E-14
    29    .3279E-03    .1104E-03    .2175E-03
    30    .1211E+01    .5991E+00    .6116E+00
    31    .4232E-02    .2143E-02    .2088E-02
    32    .1103E-01    .5641E-02    .5386E-02
    33    .3083E-01    .1518E-01    .1565E-01
    34    .6135E+00    .3230E+00    .2905E+00
    35    .3006E+01    .1566E+01    .1440E+01
    36    .1137E-02    .3303E-03    .8064E-03
    37    .1032E+00    .4588E-01    .5735E-01
    38    .1583E+01    .8158E+00    .7671E+00
    39    .3978E-01    .2062E-01    .1917E-01
    40    .1539E+00    .7980E-01    .7414E-01
    41    .1154E+00    .5981E-01    .5557E-01
    42    .5000E+00    .2617E+00    .2383E+00
    43    .1301E+01    .6772E+00    .6235E+00
    44    .5992E+00    .3083E+00    .2909E+00
    45    .2966E+00    .1509E+00    .1456E+00
    46    .3253E+00    .1667E+00    .1586E+00
    47    .3841E+00    .1974E+00    .1868E+00
    48    .4280E+00    .2195E+00    .2085E+00


                         SOURCE CONTRIBUTION TABLE
  DATE  6/26/80 HOUR 13


  REC #    TOTAL      STACK #  1   STACK #  2
     1    .0000E+00    .0000E+00    .0000E+00
     2    .2033E+00    .7521E-01    .1281E+00
     3    .0000E+00    .0000E+00    .0000E+00
     4    .0000E+00    .0000E+00    .0000E+00
     5    .0000E+00    .0000E+00    .0000E+00
     6    .6510E-08    .9163E-09    .5594E-08
     7    .8107E-13    .2456E-15    .8083E-13
     8    .0000E+00    .0000E+00    .0000E+00
     9    .2959E+01    .1572E+01    .1388E+01
    10    .1050E-03    .5756E-05    .9920E-04
    11    .0000E+00    .0000E+00    .0000E+00
    12    .0000E+00    .0000E+00    .0000E+00
    13    .2531E-08    .2230E-09    .2308E-08
    14    .5234E-02    .2180E-02    .3054E-02
    15    .1058E-02    .4849E-03    .5727E-03
    16    .2684E-02    .1077E-02    .1607E-02
    17    .2785E-04    .3963E-05    .2388E-04
    18    .3190E+01    .1693E+01    .1497E+01
    19    .3791E-03    .3605E-04    .3431E-03
    20    .0000E+00    .0000E+00    .0000E+00
    21    .3306E-05    .6814E-06    .2625E-05
    22    .8344E-01    .3789E-01    .4555E-01
    23    .8508E-02    .4242E-02    .4266E-02
    24    .1872E-01    .9106E-02    .9610E-02
    25    .8977E-01    .4450E-01    .4527E-01
    26    .1856E+01    .9802E+00    .8762E+00
    27    .2947E+01    .1491E+01    .1456E+01
    28    .1054E-12    .4384E-16    .1053E-12
    29    .1820E-02    .6547E-03    .1166E-02
    30    .9922E+00    .4883E+00    .5040E+00
    31    .4958E-01    .2531E-01    .2427E-01
    32    .9308E-01    .4759E-01    .4548E-01
    33    .2062E+00    .1057E+00    .1005E+00
    34    .1209E+01    .6320E+00    .5767E+00
    35    .2517E+01    .1304E+01    .1213E+01
    36    .7851E-02    .2528E-02    .5323E-02
    37    .1821E+00    .8323E-01    .9890E-01
    38    .1342E+01    .6855E+00    .6567E+00
    39    .1818E+00    .9311E-01    .8867E-01
    40    .3433E+00    .1749E+00    .1684E+00
    41    .3425E+00    .1747E+00    .1678E+00
    42    .8427E+00    .4370E+00    .4058E+00
    43    .1267E+01    .6519E+00    .6154E+00
    44    .6604E+00    .3368E+00    .3236E+00
    45    .3270E+00    .1656E+00    .1614E+00
    46    .3838E+00    .1949E+00    .1889E+00
    47    .4701E+00    .2393E+00    .2308E+00
    48    .4973E+00    .2529E+00    .2444E+00


                         SOURCE CONTRIBUTION TABLE
  DATE  6/26/80 HOUR 14


  REC #    TOTAL      STACK #  1   STACK #  2
     1    .0000E+00    .0000E+00    .0000E+00
     2    .4894E-04    .1046E-04    .3848E-04
     3    .0000E+00    .0000E+00    .0000E+00
     4    .0000E+00    .0000E+00    .0000E+00
     5    .0000E+00    .0000E+00    .0000E+00
     6    .5475E-06    .1510E-06    .3965E-06
     7    .0000E+00    .0000E+00    .0000E+00
     8    .0000E+00    .0000E+00    .0000E+00
     9    .4672E-01    .2534E-01    .2138E-01
    10    .1960E-05    .1401E-06    .1820E-05
    11    .0000E+00    .0000E+00    .0000E+00
    12    .0000E+00    .0000E+00    .0000E+00
    13    .2926E-06    .6913E-07    .2235E-06
    14    .1089E-01    .4593E-02    .6295E-02
    15    .0000E+00    .0000E+00    .0000E+00
    16    .0000E+00    .0000E+00    .0000E+00
    17    .0000E+00    .0000E+00    .0000E+00
    18    .1086E+01    .6023E+00    .4842E+00
    19    .4892E-04    .7650E-05    .4127E-04
    20    .1297E-22    .0000E+00    .1297E-22
    21    .1920E-04    .5715E-05    .1349E-04
    22    .1528E+00    .6937E-01    .8344E-01
    23    .5875E-10    .2548E-10    .3327E-10
    24    .1552E-12    .4643E-13    .1088E-12
    25    .6756E-11    .1100E-11    .5656E-11
    26    .8823E-01    .4933E-01    .3890E-01
    27    .2430E+01    .1253E+01    .1177E+01
    28    .3716E-09    .1780E-10    .3538E-09
    29    .2987E-02    .1133E-02    .1855E-02
    30    .1641E+01    .8153E+00    .8253E+00
    31    .3335E-06    .1679E-06    .1656E-06
    32    .4819E-06    .2364E-06    .2455E-06
    33    .1547E-05    .7195E-06    .8279E-06
    34    .1969E-01    .1049E-01    .9192E-02
    35    .2315E+01    .1245E+01    .1070E+01
    36    .6991E-02    .2467E-02    .4524E-02
    37    .2393E+00    .1091E+00    .1301E+00
    38    .1308E+01    .6859E+00    .6225E+00
    39    .1788E-04    .9217E-05    .8663E-05
    40    .6299E-03    .3223E-03    .3076E-03
    41    .2921E-03    .1450E-03    .1471E-03
    42    .2504E-01    .1338E-01    .1166E-01
    43    .6652E+00    .3525E+00    .3127E+00
    44    .2186E+00    .1150E+00    .1036E+00
    45    .1683E-01    .8883E-02    .7949E-02
    46    .2722E-01    .1435E-01    .1286E-01
    47    .5693E-01    .3005E-01    .2688E-01
    48    .1046E+00    .5463E-01    .4993E-01


                         SOURCE CONTRIBUTION TABLE
  DATE  6/26/80 HOUR 15


  REC #    TOTAL      STACK #  1   STACK #  2
     1    .0000E+00    .0000E+00    .0000E+00
     2    .1593E-03    .2872E-04    .1305E-03
     3    .0000E+00    .0000E+00    .0000E+00
     4    .0000E+00    .0000E+00    .0000E+00
     5    .0000E+00    .0000E+00    .0000E+00
     6    .1671E-13    .9927E-15    .1572E-13
     7    .0000E+00    .0000E+00    .0000E+00
     8    .0000E+00    .0000E+00    .0000E+00
     9    .2982E+00    .1560E+00    .1422E+00
    10    .1762E-09    .6246E-12    .1755E-09
    11    .0000E+00    .0000E+00    .0000E+00
    12    .0000E+00    .0000E+00    .0000E+00
    13    .1537E-14    .4211E-16    .1494E-14
    14    .1047E-03    .3703E-04    .6763E-04
    15    .1541E-08    .5432E-09    .9974E-09
    16    .3703E-09    .7500E-10    .2953E-09
    17    .0000E+00    .0000E+00    .0000E+00
    18    .2592E+01    .1425E+01    .1167E+01
    19    .5026E-08    .8742E-10    .4939E-08
    20    .0000E+00    .0000E+00    .0000E+00
    21    .9859E-10    .9442E-11    .8915E-10
    22    .8151E-02    .3340E-02    .4811E-02
    23    .1795E-04    .8766E-05    .9185E-05
    24    .8405E-05    .3822E-05    .4583E-05
    25    .6846E-04    .2900E-04    .3946E-04
    26    .7134E+00    .3865E+00    .3269E+00
    27    .1040E+01    .5019E+00    .5378E+00
    28    .0000E+00    .0000E+00    .0000E+00
    29    .4599E-05    .1183E-05    .3416E-05
    30    .8335E+00    .4047E+00    .4287E+00
    31    .9591E-03    .4834E-03    .4757E-03
    32    .2237E-02    .1137E-02    .1100E-02
    33    .5541E-02    .2660E-02    .2880E-02
    34    .3224E+00    .1700E+00    .1524E+00
    35    .3266E+01    .1709E+01    .1557E+01
    36    .1046E-04    .1936E-05    .8520E-05
    37    .1802E-01    .7343E-02    .1068E-01
    38    .1847E+01    .9526E+00    .8948E+00
    39    .1215E-01    .6283E-02    .5866E-02
    40    .6691E-01    .3469E-01    .3222E-01
    41    .4266E-01    .2210E-01    .2056E-01
    42    .3078E+00    .1618E+00    .1461E+00
    43    .1420E+01    .7402E+00    .6800E+00
    44    .5768E+00    .2985E+00    .2783E+00
    45    .2170E+00    .1109E+00    .1061E+00
    46    .2307E+00    .1190E+00    .1117E+00
    47    .2967E+00    .1535E+00    .1433E+00
    48    .3596E+00    .1856E+00    .1740E+00


                         SOURCE CONTRIBUTION TABLE
  DATE  6/26/80 HOUR 16


  REC #    TOTAL      STACK #  1   STACK #  2
     1    .0000E+00    .0000E+00    .0000E+00
     2    .1175E-05    .8416E-07    .1091E-05
     3    .0000E+00    .0000E+00    .0000E+00
     4    .0000E+00    .0000E+00    .0000E+00
     5    .0000E+00    .0000E+00    .0000E+00
     6    .0000E+00    .0000E+00    .0000E+00
     7    .1315E-10    .1129E-11    .1202E-10
     8    .0000E+00    .0000E+00    .0000E+00
     9    .2610E+00    .1291E+00    .1320E+00
    10    .0000E+00    .0000E+00    .0000E+00
    11    .0000E+00    .0000E+00    .0000E+00
    12    .0000E+00    .0000E+00    .0000E+00
    13    .0000E+00    .0000E+00    .0000E+00
    14    .9102E-15    .4237E-16    .8678E-15
    15    .1504E-02    .7124E-03    .7917E-03
    16    .1327E-02    .5370E-03    .7902E-03
    17    .1856E-05    .2829E-06    .1573E-05
    18    .2788E+01    .1472E+01    .1316E+01
    19    .0000E+00    .0000E+00    .0000E+00
    20    .0000E+00    .0000E+00    .0000E+00
    21    .0000E+00    .0000E+00    .0000E+00
    22    .3881E-08    .6623E-09    .3218E-08
    23    .4224E-01    .2090E-01    .2134E-01
    24    .4397E-01    .2200E-01    .2198E-01
    25    .7968E-01    .3948E-01    .4020E-01
    26    .2833E+01    .1506E+01    .1327E+01
    27    .5724E-02    .2017E-02    .3707E-02
    28    .0000E+00    .0000E+00    .0000E+00
    29    .0000E+00    .0000E+00    .0000E+00
    30    .5396E-02    .2131E-02    .3265E-02
    31    .2615E+00    .1321E+00    .1294E+00
    32    .3391E+00    .1711E+00    .1680E+00
    33    .4296E+00    .2162E+00    .2134E+00
    34    .2327E+01    .1224E+01    .1103E+01
    35    .1412E+01    .7121E+00    .7000E+00
    36    .0000E+00    .0000E+00    .0000E+00
    37    .1256E-07    .1882E-08    .1068E-07
    38    .1315E+01    .6514E+00    .6640E+00
    39    .5007E+00    .2538E+00    .2469E+00
    40    .6974E+00    .3567E+00    .3407E+00
    41    .7743E+00    .3980E+00    .3763E+00
    42    .1861E+01    .9636E+00    .8976E+00
    43    .2797E+01    .1435E+01    .1362E+01
    44    .1448E+01    .7392E+00    .7087E+00
    45    .4575E+00    .2315E+00    .2261E+00
    46    .6005E+00    .3047E+00    .2958E+00
    47    .8377E+00    .4266E+00    .4111E+00
    48    .9278E+00    .4723E+00    .4554E+00


                         SOURCE CONTRIBUTION TABLE
  DATE  6/26/80 HOUR 17


  REC #    TOTAL      STACK #  1   STACK #  2
     1    .0000E+00    .0000E+00    .0000E+00
     2    .1094E-02    .1991E-03    .8952E-03
     3    .0000E+00    .0000E+00    .0000E+00
     4    .0000E+00    .0000E+00    .0000E+00
     5    .0000E+00    .0000E+00    .0000E+00
     6    .0000E+00    .0000E+00    .0000E+00
     7    .5900E-02    .2422E-02    .3478E-02
     8    .6306E-07    .1167E-08    .6189E-07
     9    .1668E+01    .8499E+00    .8178E+00
    10    .0000E+00    .0000E+00    .0000E+00
    11    .0000E+00    .0000E+00    .0000E+00
    12    .0000E+00    .0000E+00    .0000E+00
    13    .0000E+00    .0000E+00    .0000E+00
    14    .0000E+00    .0000E+00    .0000E+00
    15    .2512E+00    .1247E+00    .1265E+00
    16    .4409E+00    .2177E+00    .2232E+00
    17    .9292E-01    .3893E-01    .5400E-01
    18    .3507E+01    .1826E+01    .1681E+01
    19    .0000E+00    .0000E+00    .0000E+00
    20    .0000E+00    .0000E+00    .0000E+00
    21    .0000E+00    .0000E+00    .0000E+00
    22    .5209E-08    .6277E-09    .4581E-08
    23    .3404E+00    .1723E+00    .1681E+00
    24    .5859E+00    .2975E+00    .2884E+00
    25    .1242E+01    .6311E+00    .6111E+00
    26    .4104E+01    .2155E+01    .1949E+01
    27    .2656E-01    .9867E-02    .1670E-01
    28    .0000E+00    .0000E+00    .0000E+00
    29    .0000E+00    .0000E+00    .0000E+00
    30    .9257E-02    .3767E-02    .5490E-02
    31    .4610E+00    .2328E+00    .2282E+00
    32    .6876E+00    .3493E+00    .3383E+00
    33    .1193E+01    .6087E+00    .5846E+00
    34    .3277E+01    .1702E+01    .1575E+01
    35    .1428E+01    .7190E+00    .7094E+00
    36    .0000E+00    .0000E+00    .0000E+00
    37    .2530E-07    .2563E-08    .2273E-07
    38    .8657E+00    .4298E+00    .4359E+00
    39    .5281E+00    .2668E+00    .2613E+00
    40    .7392E+00    .3746E+00    .3646E+00
    41    .1112E+01    .5673E+00    .5444E+00
    42    .2055E+01    .1057E+01    .9981E+00
    43    .1880E+01    .9585E+00    .9220E+00
    44    .1129E+01    .5733E+00    .5556E+00
    45    .4049E+00    .2036E+00    .2014E+00
    46    .5303E+00    .2672E+00    .2632E+00
    47    .7420E+00    .3751E+00    .3669E+00
    48    .8011E+00    .4053E+00    .3958E+00


                         SOURCE CONTRIBUTION TABLE
  DATE  6/26/80 HOUR 18


  REC #    TOTAL      STACK #  1   STACK #  2
     1    .0000E+00    .0000E+00    .0000E+00
     2    .1134E-09    .3281E-11    .1101E-09
     3    .0000E+00    .0000E+00    .0000E+00
     4    .0000E+00    .0000E+00    .0000E+00
     5    .0000E+00    .0000E+00    .0000E+00
     6    .0000E+00    .0000E+00    .0000E+00
     7    .1038E-19    .0000E+00    .1038E-19
     8    .0000E+00    .0000E+00    .0000E+00
     9    .6691E-02    .3155E-02    .3536E-02
    10    .0000E+00    .0000E+00    .0000E+00
    11    .0000E+00    .0000E+00    .0000E+00
    12    .0000E+00    .0000E+00    .0000E+00
    13    .0000E+00    .0000E+00    .0000E+00
    14    .7768E-13    .8373E-14    .6931E-13
    15    .7987E-05    .3560E-05    .4427E-05
    16    .2946E-05    .9777E-06    .1968E-05
    17    .1731E-10    .1045E-11    .1626E-10
    18    .6882E+00    .3695E+00    .3188E+00
    19    .0000E+00    .0000E+00    .0000E+00
    20    .0000E+00    .0000E+00    .0000E+00
    21    .0000E+00    .0000E+00    .0000E+00
    22    .8676E-08    .1997E-08    .6679E-08
    23    .6685E-02    .3358E-02    .3327E-02
    24    .2300E-02    .1136E-02    .1164E-02
    25    .3237E-02    .1563E-02    .1674E-02
    26    .8495E+00    .4634E+00    .3861E+00
    27    .3925E-03    .1410E-03    .2514E-03
    28    .0000E+00    .0000E+00    .0000E+00
    29    .1539E-19    .1472E-21    .1524E-19
    30    .2973E-02    .1284E-02    .1689E-02
    31    .1342E+00    .6773E-01    .6642E-01
    32    .1507E+00    .7577E-01    .7497E-01
    33    .1104E+00    .5730E-01    .5314E-01
    34    .9524E+00    .5114E+00    .4410E+00
    35    .5454E+00    .2811E+00    .2643E+00
    36    .0000E+00    .0000E+00    .0000E+00
    37    .1136E-07    .2175E-08    .9180E-08
    38    .1173E+01    .5998E+00    .5731E+00
    39    .4371E+00    .2230E+00    .2142E+00
    40    .6562E+00    .3354E+00    .3208E+00
    41    .5379E+00    .2777E+00    .2602E+00
    42    .1533E+01    .8029E+00    .7302E+00
    43    .2660E+01    .1391E+01    .1270E+01
    44    .1576E+01    .8083E+00    .7680E+00
    45    .5232E+00    .2657E+00    .2575E+00
    46    .6612E+00    .3367E+00    .3246E+00
    47    .8983E+00    .4594E+00    .4389E+00
    48    .1001E+01    .5119E+00    .4893E+00


                         SOURCE CONTRIBUTION TABLE
  DATE  6/26/80 HOUR 19


  REC #    TOTAL      STACK #  1   STACK #  2
     1    .0000E+00    .0000E+00    .0000E+00
     2    .0000E+00    .0000E+00    .0000E+00
     3    .0000E+00    .0000E+00    .0000E+00
     4    .0000E+00    .0000E+00    .0000E+00
     5    .0000E+00    .0000E+00    .0000E+00
     6    .0000E+00    .0000E+00    .0000E+00
     7    .0000E+00    .0000E+00    .0000E+00
     8    .0000E+00    .0000E+00    .0000E+00
     9    .0000E+00    .0000E+00    .0000E+00
    10    .0000E+00    .0000E+00    .0000E+00
    11    .0000E+00    .0000E+00    .0000E+00
    12    .0000E+00    .0000E+00    .0000E+00
    13    .0000E+00    .0000E+00    .0000E+00
    14    .0000E+00    .0000E+00    .0000E+00
    15    .0000E+00    .0000E+00    .0000E+00
    16    .0000E+00    .0000E+00    .0000E+00
    17    .0000E+00    .0000E+00    .0000E+00
    18    .0000E+00    .0000E+00    .0000E+00
    19    .0000E+00    .0000E+00    .0000E+00
    20    .0000E+00    .0000E+00    .0000E+00
    21    .0000E+00    .0000E+00    .0000E+00
    22    .0000E+00    .0000E+00    .0000E+00
    23    .5894E-13    .3013E-13    .2881E-13
    24    .0000E+00    .0000E+00    .0000E+00
    25    .0000E+00    .0000E+00    .0000E+00
    26    .0000E+00    .0000E+00    .0000E+00
    27    .0000E+00    .0000E+00    .0000E+00
    28    .0000E+00    .0000E+00    .0000E+00
    29    .0000E+00    .0000E+00    .0000E+00
    30    .0000E+00    .0000E+00    .0000E+00
    31    .4887E-05    .2761E-05    .2126E-05
    32    .3052E-08    .1749E-08    .1303E-08
    33    .1431E-13    .8379E-14    .5928E-14
    34    .3994E-11    .2761E-11    .1233E-11
    35    .0000E+00    .0000E+00    .0000E+00
    36    .0000E+00    .0000E+00    .0000E+00
    37    .0000E+00    .0000E+00    .0000E+00
    38    .0000E+00    .0000E+00    .0000E+00
    39    .4715E-03    .2658E-03    .2058E-03
    40    .1126E-02    .6496E-03    .4766E-03
    41    .1017E-05    .5930E-06    .4237E-06
    42    .3414E-05    .2314E-05    .1100E-05
    43    .4574E-07    .2855E-07    .1719E-07
    44    .2852E+00    .1648E+00    .1204E+00
    45    .1307E+01    .6756E+00    .6316E+00
    46    .1467E+01    .7625E+00    .7047E+00
    47    .1920E+01    .1003E+01    .9176E+00
    48    .2738E+01    .1435E+01    .1303E+01


                         SOURCE CONTRIBUTION TABLE
  DATE  6/26/80 HOUR 20


  REC #    TOTAL      STACK #  1   STACK #  2
     1    .0000E+00    .0000E+00    .0000E+00
     2    .0000E+00    .0000E+00    .0000E+00
     3    .0000E+00    .0000E+00    .0000E+00
     4    .0000E+00    .0000E+00    .0000E+00
     5    .0000E+00    .0000E+00    .0000E+00
     6    .0000E+00    .0000E+00    .0000E+00
     7    .9374E-09    .8907E-09    .4667E-10
     8    .0000E+00    .0000E+00    .0000E+00
     9    .4856E-09    .4651E-09    .2045E-10
    10    .2304E-08    .9215E-09    .1382E-08
    11    .0000E+00    .0000E+00    .0000E+00
    12    .2465E-08    .1518E-08    .9470E-09
    13    .1578E-08    .4914E-09    .1086E-08
    14    .1302E-08    .3877E-09    .9138E-09
    15    .9454E-05    .9147E-05    .3071E-06
    16    .1430E-04    .1383E-04    .4674E-06
    17    .3046E-04    .2941E-04    .1044E-05
    18    .1108E-04    .1073E-04    .3497E-06
    19    .6263E-04    .2730E-04    .3534E-04
    20    .7414E-04    .3861E-04    .3553E-04
    21    .3892E-04    .1459E-04    .2433E-04
    22    .2949E-04    .1069E-04    .1879E-04
    23    .0000E+00    .0000E+00    .0000E+00
    24    .0000E+00    .0000E+00    .0000E+00
    25    .0000E+00    .0000E+00    .0000E+00
    26    .0000E+00    .0000E+00    .0000E+00
    27    .8879E-02    .2348E-02    .6531E-02
    28    .0000E+00    .0000E+00    .0000E+00
    29    .0000E+00    .0000E+00    .0000E+00
    30    .1574E-09    .5542E-11    .1519E-09
    31    .0000E+00    .0000E+00    .0000E+00
    32    .0000E+00    .0000E+00    .0000E+00
    33    .0000E+00    .0000E+00    .0000E+00
    34    .0000E+00    .0000E+00    .0000E+00
    35    .2751E-02    .1877E-02    .8744E-03
    36    .0000E+00    .0000E+00    .0000E+00
    37    .0000E+00    .0000E+00    .0000E+00
    38    .1975E-01    .1170E-01    .8048E-02
    39    .0000E+00    .0000E+00    .0000E+00
    40    .0000E+00    .0000E+00    .0000E+00
    41    .0000E+00    .0000E+00    .0000E+00
    42    .0000E+00    .0000E+00    .0000E+00
    43    .6174E-05    .4242E-05    .1932E-05
    44    .2227E-06    .1427E-06    .8004E-07
    45    .0000E+00    .0000E+00    .0000E+00
    46    .4815E-12    .2634E-12    .2181E-12
    47    .7985E-10    .4781E-10    .3204E-10
    48    .1171E-07    .7186E-08    .4524E-08


                         SOURCE CONTRIBUTION TABLE
  DATE  6/26/80 HOUR 21


  REC #    TOTAL      STACK #  1   STACK #  2
     1    .0000E+00    .0000E+00    .0000E+00
     2    .0000E+00    .0000E+00    .0000E+00
     3    .0000E+00    .0000E+00    .0000E+00
     4    .0000E+00    .0000E+00    .0000E+00
     5    .0000E+00    .0000E+00    .0000E+00
     6    .5539E-12    .1200E-12    .4339E-12
     7    .2972E-18    .0000E+00    .2972E-18
     8    .0000E+00    .0000E+00    .0000E+00
     9    .6612E-09    .9153E-10    .5697E-09
    10    .4722E-10    .1609E-11    .4561E-10
    11    .0000E+00    .0000E+00    .0000E+00
    12    .1211E-12    .4146E-16    .1211E-12
    13    .3668E-08    .9905E-09    .2677E-08
    14    .7080E-08    .1989E-08    .5091E-08
    15    .5758E-04    .2298E-04    .3460E-04
    16    .4057E-05    .8352E-06    .3222E-05
    17    .2672E-10    .6289E-15    .2672E-10
    18    .3787E-04    .1417E-04    .2370E-04
    19    .1528E-05    .2060E-06    .1322E-05
    20    .1212E-06    .3777E-08    .1175E-06
    21    .9560E-05    .3041E-05    .6519E-05
    22    .1053E-04    .3383E-05    .7149E-05
    23    .2848E-01    .1408E-01    .1441E-01
    24    .2983E-01    .1373E-01    .1610E-01
    25    .5772E-02    .1928E-02    .3844E-02
    26    .1300E-01    .5158E-02    .7842E-02
    27    .5236E-02    .1876E-02    .3360E-02
    28    .1718E-02    .3721E-03    .1346E-02
    29    .2575E-02    .8968E-03    .1678E-02
    30    .1742E-02    .6035E-03    .1139E-02
    31    .4619E-03    .2336E-03    .2283E-03
    32    .5794E-04    .2873E-04    .2921E-04
    33    .1729E-06    .6697E-07    .1060E-06
    34    .7420E-01    .4039E-01    .3381E-01
    35    .1884E+00    .8027E-01    .1082E+00
    36    .0000E+00    .0000E+00    .0000E+00
    37    .2011E-06    .7083E-07    .1302E-06
    38    .1004E+00    .4194E-01    .5843E-01
    39    .5657E-05    .2054E-05    .3603E-05
    40    .1007E-02    .4539E-03    .5530E-03
    41    .2384E-03    .1108E-03    .1276E-03
    42    .2243E+00    .1222E+00    .1021E+00
    43    .1378E+01    .6976E+00    .6804E+00
    44    .2131E+01    .1133E+01    .9984E+00
    45    .3227E+00    .1663E+00    .1564E+00
    46    .8847E+00    .4684E+00    .4163E+00
    47    .1254E+01    .6722E+00    .5817E+00
    48    .1771E+01    .9499E+00    .8209E+00


                         SOURCE CONTRIBUTION TABLE
  DATE  6/26/80 HOUR 22


  REC #    TOTAL      STACK #  1   STACK #  2
     1    .0000E+00    .0000E+00    .0000E+00
     2    .0000E+00    .0000E+00    .0000E+00
     3    .0000E+00    .0000E+00    .0000E+00
     4    .0000E+00    .0000E+00    .0000E+00
     5    .0000E+00    .0000E+00    .0000E+00
     6    .4092E-09    .1273E-09    .2819E-09
     7    .6826E-07    .2298E-07    .4528E-07
     8    .2583E-08    .4257E-09    .2157E-08
     9    .1649E-06    .5928E-07    .1056E-06
    10    .1841E-07    .5495E-08    .1291E-07
    11    .0000E+00    .0000E+00    .0000E+00
    12    .0000E+00    .0000E+00    .0000E+00
    13    .2636E-06    .9785E-07    .1658E-06
    14    .1250E-04    .5416E-05    .7086E-05
    15    .2446E-02    .1235E-02    .1211E-02
    16    .5625E-03    .2641E-03    .2984E-03
    17    .9893E-04    .4104E-04    .5789E-04
    18    .6785E-03    .3226E-03    .3558E-03
    19    .9188E-04    .3788E-04    .5400E-04
    20    .2589E-04    .6662E-05    .1923E-04
    21    .4125E-03    .1876E-03    .2249E-03
    22    .2098E-02    .9855E-03    .1113E-02
    23    .5485E-01    .2889E-01    .2596E-01
    24    .8266E-01    .4346E-01    .3920E-01
    25    .7995E-01    .4129E-01    .3866E-01
    26    .7799E-01    .4019E-01    .3780E-01
    27    .6513E-01    .3230E-01    .3283E-01
    28    .3745E-01    .1794E-01    .1951E-01
    29    .7624E-01    .3754E-01    .3870E-01
    30    .7387E-01    .3619E-01    .3768E-01
    31    .5560E-01    .2859E-01    .2701E-01
    32    .7559E-01    .3956E-01    .3603E-01
    33    .1416E+00    .7418E-01    .6738E-01
    34    .1541E+01    .8190E+00    .7215E+00
    35    .1997E+01    .9853E+00    .1012E+01
    36    .0000E+00    .0000E+00    .0000E+00
    37    .1341E+00    .6702E-01    .6711E-01
    38    .1365E+01    .6613E+00    .7040E+00
    39    .6898E-01    .3304E-01    .3594E-01
    40    .2965E+00    .1471E+00    .1495E+00
    41    .1792E+00    .8946E-01    .8977E-01
    42    .2102E+01    .1114E+01    .9875E+00
    43    .3715E+01    .1924E+01    .1792E+01
    44    .4035E+01    .2114E+01    .1921E+01
    45    .1503E+01    .7722E+00    .7305E+00
    46    .2323E+01    .1207E+01    .1116E+01
    47    .3140E+01    .1645E+01    .1495E+01
    48    .3481E+01    .1824E+01    .1657E+01


                         SOURCE CONTRIBUTION TABLE
  DATE  6/26/80 HOUR 23


  REC #    TOTAL      STACK #  1   STACK #  2
     1    .0000E+00    .0000E+00    .0000E+00
     2    .0000E+00    .0000E+00    .0000E+00
     3    .0000E+00    .0000E+00    .0000E+00
     4    .0000E+00    .0000E+00    .0000E+00
     5    .0000E+00    .0000E+00    .0000E+00
     6    .2823E-07    .9844E-08    .1839E-07
     7    .2013E-07    .5751E-08    .1437E-07
     8    .4641E-15    .0000E+00    .4641E-15
     9    .3150E-06    .1094E-06    .2057E-06
    10    .1002E-07    .2718E-08    .7305E-08
    11    .0000E+00    .0000E+00    .0000E+00
    12    .2202E-22    .0000E+00    .2202E-22
    13    .2729E-05    .1078E-05    .1651E-05
    14    .2687E-03    .1247E-03    .1440E-03
    15    .5219E-02    .2646E-02    .2572E-02
    16    .9693E-03    .4460E-03    .5233E-03
    17    .4172E-04    .1666E-04    .2507E-04
    18    .1667E-02    .7956E-03    .8716E-03
    19    .8518E-04    .3510E-04    .5008E-04
    20    .3031E-05    .1071E-05    .1960E-05
    21    .1795E-02    .8385E-03    .9566E-03
    22    .1312E-01    .6412E-02    .6709E-02
    23    .7133E-01    .3775E-01    .3358E-01
    24    .1170E+00    .6180E-01    .5519E-01
    25    .1094E+00    .5615E-01    .5326E-01
    26    .1106E+00    .5700E-01    .5361E-01
    27    .1076E+00    .5477E-01    .5282E-01
    28    .2859E-01    .1426E-01    .1433E-01
    29    .1856E+00    .9373E-01    .9183E-01
    30    .1761E+00    .8836E-01    .8772E-01
    31    .6051E-01    .3194E-01    .2857E-01
    32    .9549E-01    .5071E-01    .4478E-01
    33    .1977E+00    .1053E+00    .9237E-01
    34    .1080E+01    .5747E+00    .5055E+00
    35    .3861E+01    .1947E+01    .1914E+01
    36    .1211E-09    .1723E-11    .1194E-09
    37    .3318E+00    .1695E+00    .1624E+00
    38    .3061E+01    .1523E+01    .1538E+01
    39    .3922E-01    .1988E-01    .1934E-01
    40    .1191E+00    .5971E-01    .5940E-01
    41    .6399E-01    .3203E-01    .3196E-01
    42    .1317E+01    .6972E+00    .6199E+00
    43    .4964E+01    .2597E+01    .2367E+01
    44    .3971E+01    .2080E+01    .1891E+01
    45    .8577E+00    .4376E+00    .4201E+00
    46    .1450E+01    .7474E+00    .7023E+00
    47    .2500E+01    .1303E+01    .1197E+01
    48    .3017E+01    .1574E+01    .1442E+01


                         SOURCE CONTRIBUTION TABLE
  DATE  6/26/80 HOUR 24


  REC #    TOTAL      STACK #  1   STACK #  2
     1    .0000E+00    .0000E+00    .0000E+00
     2    .0000E+00    .0000E+00    .0000E+00
     3    .0000E+00    .0000E+00    .0000E+00
     4    .0000E+00    .0000E+00    .0000E+00
     5    .0000E+00    .0000E+00    .0000E+00
     6    .1703E-07    .5913E-08    .1112E-07
     7    .2138E-07    .6311E-08    .1507E-07
     8    .4304E-14    .0000E+00    .4304E-14
     9    .2661E-06    .9332E-07    .1728E-06
    10    .1138E-07    .3211E-08    .8165E-08
    11    .0000E+00    .0000E+00    .0000E+00
    12    .1096E-20    .0000E+00    .1096E-20
    13    .2022E-05    .7993E-06    .1223E-05
    14    .1739E-03    .8044E-04    .9344E-04
    15    .4053E-02    .2048E-02    .2006E-02
    16    .7954E-03    .3661E-03    .4293E-03
    17    .4489E-04    .1821E-04    .2668E-04
    18    .1330E-02    .6337E-03    .6961E-03
    19    .8477E-04    .3531E-04    .4946E-04
    20    .4582E-05    .1692E-05    .2889E-05
    21    .1427E-02    .6661E-03    .7609E-03
    22    .9888E-02    .4830E-02    .5058E-02
    23    .6536E-01    .3452E-01    .3084E-01
    24    .1045E+00    .5510E-01    .4942E-01
    25    .9505E-01    .4875E-01    .4630E-01
    26    .9617E-01    .4951E-01    .4666E-01
    27    .9388E-01    .4777E-01    .4611E-01
    28    .2873E-01    .1436E-01    .1437E-01
    29    .1577E+00    .7967E-01    .7802E-01
    30    .1531E+00    .7693E-01    .7616E-01
    31    .5999E-01    .3139E-01    .2860E-01
    32    .9078E-01    .4798E-01    .4280E-01
    33    .1856E+00    .9849E-01    .8711E-01
    34    .1160E+01    .6165E+00    .5435E+00
    35    .3639E+01    .1846E+01    .1793E+01
    36    .2184E-08    .5405E-10    .2130E-08
    37    .2961E+00    .1514E+00    .1447E+00
    38    .2994E+01    .1501E+01    .1494E+01
    39    .5076E-01    .2534E-01    .2542E-01
    40    .1652E+00    .8294E-01    .8231E-01
    41    .9229E-01    .4603E-01    .4625E-01
    42    .1429E+01    .7558E+00    .6728E+00
    43    .4541E+01    .2378E+01    .2163E+01
    44    .3712E+01    .1944E+01    .1767E+01
    45    .9365E+00    .4786E+00    .4578E+00
    46    .1510E+01    .7794E+00    .7309E+00
    47    .2458E+01    .1281E+01    .1177E+01
    48    .2896E+01    .1511E+01    .1385E+01
1CTDMPLUS Dated(91107)                                                 PAGE   7

 CTDMPLUS TEST RUN                                                               

 REC       TOP 4 CONCENTRATIONS [US/M**3] AT EACH RECEPTOR                   
  #    HIGHEST (JCD,HR)    SECOND (JCD,HR)     THIRD (JCD,HR)    FOURTH (JCD,HR)
 ---  -----------------  -----------------  -----------------  -----------------
 
   1  0.00E+00 (178, 1)  0.00E+00 (178, 2)  0.00E+00 (178, 3)  0.00E+00 (178, 4)
   2  2.03E-01 (178,13)  8.96E-03 (178,10)  6.55E-03 (178,12)  6.10E-03 (178,11)
   3  0.00E+00 (178, 1)  0.00E+00 (178, 2)  0.00E+00 (178, 3)  0.00E+00 (178, 4)
   4  0.00E+00 (178, 1)  0.00E+00 (178, 2)  0.00E+00 (178, 3)  0.00E+00 (178, 4)
   5  3.03E-12 (178,11)  3.06E-15 (178, 4)  0.00E+00 (178, 1)  0.00E+00 (178, 2)
   6  2.77E-03 (178,11)  5.47E-07 (178,14)  2.82E-08 (178,23)  1.70E-08 (178,24)
   7  5.90E-03 (178,17)  6.83E-08 (178,22)  2.14E-08 (178,24)  2.01E-08 (178,23)
   8  6.31E-08 (178,17)  2.58E-09 (178,22)  4.30E-15 (178,24)  4.64E-16 (178,23)
   9  2.96E+00 (178,13)  1.67E+00 (178,17)  1.59E+00 (178,10)  9.56E-01 (178,12)
  10  9.62E-03 (178,11)  1.05E-04 (178,13)  1.96E-06 (178,14)  9.57E-07 (178,12)
 
  11  1.16E-08 (178, 2)  1.08E-15 (178, 6)  4.82E-16 (178, 5)  4.36E-18 (178, 3)
  12  9.48E-09 (178, 2)  3.22E-09 (178, 3)  2.47E-09 (178,20)  1.15E-10 (178, 6)
  13  3.11E-03 (178,11)  2.73E-06 (178,23)  2.02E-06 (178,24)  2.93E-07 (178,14)
  14  1.35E-01 (178,11)  1.09E-02 (178,14)  5.23E-03 (178,13)  1.73E-03 (178,12)
  15  2.51E-01 (178,17)  5.22E-03 (178,23)  4.05E-03 (178,24)  3.10E-03 (178, 9)
  16  4.41E-01 (178,17)  5.62E-03 (178, 9)  2.68E-03 (178,13)  1.95E-03 (178,10)
  17  9.29E-02 (178,17)  9.89E-05 (178,22)  9.75E-05 (178, 2)  4.49E-05 (178,24)
  18  3.83E+00 (178,10)  3.51E+00 (178,17)  3.50E+00 (178, 9)  3.19E+00 (178,13)
  19  5.32E-02 (178,11)  3.79E-04 (178,13)  9.19E-05 (178,22)  8.52E-05 (178,23)
  20  7.59E-05 (178, 2)  7.41E-05 (178,20)  2.59E-05 (178,22)  2.33E-05 (178, 3)
 
  21  1.91E-02 (178,11)  1.80E-03 (178,23)  1.43E-03 (178,24)  4.13E-04 (178,22)
  22  5.54E-01 (178,11)  1.53E-01 (178,14)  8.34E-02 (178,13)  4.64E-02 (178,12)
  23  3.40E-01 (178,17)  1.06E-01 (178, 8)  7.13E-02 (178,23)  6.54E-02 (178,24)
  24  5.86E-01 (178,17)  1.17E-01 (178,23)  1.05E-01 (178,24)  8.27E-02 (178,22)
  25  1.24E+00 (178,17)  1.52E-01 (178, 9)  1.09E-01 (178,23)  9.51E-02 (178,24)
  26  4.10E+00 (178,17)  2.88E+00 (178, 9)  2.83E+00 (178,16)  2.33E+00 (178,10)
  27  3.53E+00 (178,11)  2.95E+00 (178,13)  2.43E+00 (178,14)  2.20E+00 (178,12)
  28  3.75E-02 (178,22)  2.87E-02 (178,24)  2.86E-02 (178,23)  3.86E-03 (178, 3)
  29  1.86E-01 (178,23)  1.58E-01 (178,24)  1.29E-01 (178,11)  7.62E-02 (178,22)
  30  1.64E+00 (178,14)  1.53E+00 (178,11)  1.21E+00 (178,12)  9.92E-01 (178,13)
 
  31  5.04E-01 (178, 8)  4.61E-01 (178,17)  3.37E-01 (178, 9)  2.62E-01 (178,16)
  32  6.88E-01 (178,17)  5.36E-01 (178, 8)  3.76E-01 (178, 9)  3.39E-01 (178,16)
  33  1.19E+00 (178,17)  4.94E-01 (178, 9)  4.30E-01 (178,16)  2.70E-01 (178, 8)
  34  3.28E+00 (178,17)  2.33E+00 (178,16)  2.21E+00 (178, 9)  1.54E+00 (178,22)
  35  3.86E+00 (178,23)  3.64E+00 (178,24)  3.27E+00 (178,15)  3.20E+00*(178,10)
  36  3.20E-01 (178,11)  1.87E-01 (178, 4)  7.85E-03 (178,13)  6.99E-03 (178,14)
  37  8.61E-01 (178,11)  5.20E-01 (178, 4)  3.32E-01 (178,23)  2.96E-01 (178,24)
  38  3.06E+00 (178,23)  2.99E+00 (178,24)  2.07E+00 (178, 9)  1.86E+00 (178,10)
  39  8.60E-01 (178, 8)  6.35E-01 (178, 9)  5.28E-01 (178,17)  5.01E-01 (178,16)
  40  1.33E+00 (178, 8)  7.50E-01 (178, 9)  7.39E-01 (178,17)  6.97E-01 (178,16)
1CTDMPLUS Dated(91107)                                                 PAGE   8

 CTDMPLUS TEST RUN                                                               

 REC       TOP 4 CONCENTRATIONS [US/M**3] AT EACH RECEPTOR            (CONT.)
  #    HIGHEST (JCD,HR)    SECOND (JCD,HR)     THIRD (JCD,HR)    FOURTH (JCD,HR)
 ---  -----------------  -----------------  -----------------  -----------------
 
  41  1.27E+00 (178, 8)  1.11E+00 (178,17)  7.86E-01 (178, 9)  7.74E-01 (178,16)
  42  2.10E+00 (178,22)  2.06E+00 (178,17)  2.02E+00 (178, 8)  1.86E+00 (178,16)
  43  4.96E+00*(178,23)  4.54E+00*(178,24)  3.72E+00*(178,22)  2.80E+00 (178,16)
  44  4.03E+00 (178,22)  3.97E+00 (178,23)  3.71E+00 (178,24)  2.70E+00 (178, 8)
  45  1.50E+00 (178,22)  1.31E+00 (178,19)  9.36E-01 (178,24)  8.58E-01 (178,23)
  46  2.32E+00 (178,22)  1.51E+00 (178,24)  1.47E+00 (178,19)  1.45E+00 (178,23)
  47  3.14E+00 (178,22)  2.50E+00 (178,23)  2.46E+00 (178,24)  1.92E+00 (178,19)
  48  3.48E+00 (178,22)  3.02E+00 (178,23)  2.90E+00 (178,24)  2.74E+00 (178,19)
