1                                  SDM (DATED 90320)
                             AN AIR QUALITY DISPERSION MODEL 
                                COMBINING MPTER AND SHORELINE FUMIGATION
                      SOURCE: UNAMAP FILE ON EPA'S IBM 3090, RTP. NC.
0                                 RURAL SDM - VERSION 90320
 Shoreline Dispersion Model Test Case #2                                         
 Boston Surface Data 1988, One Week                                              
 Derived Tower Data                                                              
0                            GENERAL INPUT INFORMATION

  THIS RUN OF SDM  -VERSION 90320 IS FOR THE POLLUTANT S02  FOR   7  24-HOUR PERIODS.
  CONCENTRATION ESTIMATES BEGIN ON HOUR- 1, JULIAN DAY-240, YEAR-1988.
  A FACTOR OF      1.0000000 HAS BEEN SPECIFIED TO CONVERT USER LENGTH UNITS TO KILOMETERS.
   1 SIGNIFICANT SOURCES ARE TO BE CONSIDERED.
 THIS RUN WILL NOT CONSIDER ANY POLLUTANT LOSS.
  HIGH-FIVE SUMMARY CONCENTRATION TABLES WILL BE OUTPUT FOR   4 AVERAGING PERIODS.
  AVG TIMES OF 1,3,8, AND 24 HOURS ARE AUTOMATICALLY DISPLAYED.
   A FACTOR OF      1.0000000 HAS BEEN SPECIFIED TO CONVERT USER HEIGHT UNITS TO METERS.
0 OPTION       OPTION LIST                   OPTION SPECIFICATION : 0= IGNORE OPTION
                                                                    1= USE OPTION
                        TECHNICAL OPTIONS
       1       TERRAIN ADJUSTMENTS                                   1
       2       DO NOT INCLUDE STACK DOWNWASH CALCULATIONS            0
       3       DO NOT INCLUDE GRADUAL PLUME RISE CALCULATIONS        1
       4       CALCULATE INITIAL PLUME SIZE                          1
                        INPUT OPTIONS
       5       READ MET DATA FROM CARDS                              1
       6       READ HOURLY EMISSIONS                                 0
       7       SPECIFY SIGNIFICANT SOURCES                           0
       8       READ RADIAL DISTANCES TO GENERATE RECEPTOR            0
                        PRINTED OUTPUT OPTIONS
       9       DELETE EMISSIONS WITH HEIGHT TABLE                    1
      10       DELETE MET DATA SUMMARY FOR AVG PERIOD                1
      11       DELETE HOURLY CONTRIBUTIONS                           1
      12       DELETE MET DATA ON HOURLY CONTRIBUTIONS               1
      13       DELETE FINAL PLUME RISE CALC ON HRLY CONTRIBUTIONS    1
      14       DELETE HOURLY SUMMARY                                 1
      15       DELETE MET DATA ON HRLY SUMMARY                       1
      16       DELETE FINAL PLUME RISE CALC ON HRLY SUMMARY          1
      17       DELETE AVG-PERIOD CONTRIBUTIONS                       1
      18       DELETE AVERAGING PERIOD SUMMARY                       1
      19       DELETE AVG CONCENTRATIONS AND HI-5 TABLES             0
                        OTHER CONTROL AND OUTPUT OPTIONS
      20       RUN IS PART OF A SEGMENTED RUN                        0
      21       WRITE PARTIAL CONC TO DISK OR TAPE                    0
      22       WRITE HOURLY CONC TO DISK OR TAPE                     0
      23       WRITE AVG-PERIOD CONC TO DISK OR TAPE                 0
      24       PUNCH AVG-PERIOD CONC ONTO CARDS                      0
                        DEFAULT  OPTION 
      25       USE DEFAULT OPTION                                    0
      26       TOWER.BIN FORMAT (0=BINARY,1=ASCII)                   1
0ANEMOMETER HEIGHT IS:     10.00
 EXPONENTS FOR POWER- LAW WIND INCREASE WITH HEIGHT ARE: .07, .07, .10, .15, .35, .55
 TERRAIN ADJUSTMENTS ARE:  .500, .500, .500, .500, .000, .000


1                                      POINT SOURCE INFORMATION

    SOURCE            EAST    NORTH   SO2(G/SEC)  PART(G/SEC)  STACK  STACK   STACK   STACK   POTEN. IMPACT  EFF   GRD-LVL BUOY FLUX
                      COORD   COORD   EMISSIONS   EMISSIONS    HT(M) TEMP(K) DIAM(M)VEL(M/SEC)(MICRO G/M**3) HT(M)   ELEV      F
                       (USER UNITS)                                                                                USER HT M**4/S**3
                                                                                                                    UNITS

   1 STACK #1           .00      .00     1000.00         .00  100.00  400.00    7.00   18.00       157.20   686.19     3.00   578.40
   2 STACK #2          -.20      .30      300.00         .00  100.00  400.00    7.00   18.00        47.16   686.19     3.00   578.40
   3 STACK #3          -.50      .10      400.00         .00  100.00  400.00    7.00   18.00        62.88   686.19     3.00   578.40
   4 STACK #4          -.20     -.20      750.00         .00  100.00  400.00    7.00   18.00       117.90   686.19     3.00   578.40
0 SIGNIFICANT S02  POINT SOURCES

       RANK          CHI-MAX    SOURCE NO.
                (MICROGRAMS/M**3)

          1            157.20       1

                                       SHORELINE DEFINITION

 DESCRIPTOR         EAST       NORTH    BEGINNING     ENDING      FETCH
                   COORD       COORD      ANGLE        ANGLE      (DEG)
                      (USER UNITS)        (DEG)        (DEG)

                    .500        .000      10.000     190.000      20.000



0                     ADDITIONAL INFORMATION ON SOURCES.
0  EMISSION INFORMATION FOR    4 (NPT) POINT SOURCES HAS BEEN INPUT
   1 SIGNIFICANT POINT SOURCES(NSIGP) ARE TO BE USED FOR THIS RUN
  THE ORDER OF SIGNIFICANCE(IMPS) FOR 25 OR LESS POINT SOURCES USED IN THIS RUN AS LISTED BY POINT SOURCE NUMBER:
      1
0                   RECEPTOR INFORMATION
0 RECEPTOR    IDENTIFICATION  EAST     NORTH     RECEPTOR HT     RECEPTOR GROUND LEVEL
                             COORD    COORD  ABV LOCAL GRD LVL        ELEVATION
                              (USER UNITS)         (METERS)          (USER HT UNITS)

    1          REC 1          -1.532     1.286        .0                 3.0
    2          REC 2          -1.286     1.532        .0                 3.0
    3          REC 3          -3.830     3.214        .0                11.0
    4          REC 4          -7.660     6.428        .0                40.0
    5          REC 5          -2.000      .000        .0                 3.0
    6          REC 6         -10.000      .000        .0                15.0
    7          REC 7          -4.330    -2.500        .0                 5.0
    8          REC 8          -4.924      .868        .0                 7.0
    9          REC 9          -9.848     1.736        .0                27.0
   10          REC 10         -8.660    -5.000        .0                25.0
0 * ONE ASTERISK INDICATES THAT THE ASSOCIATED RECEPTOR(S) HAVE A GROUND LEVEL ELEVATION LOWER THAN THE LOWEST SOURCE BASE ELEVATION.
 CAUTION SHOULD BE USED IN INTERPRETING CONCENTRATIONS FOR THESE RECEPTORS.
 **  TWO ASTERISKS INDICATE THAT THE ASSOCIATED RECEPTOR(S) HAVE GROUND LEVEL ELEVATIONS ABOVE THE LOWEST STACK TOP.
    CONSEQUENTLY NO CALCULATIONS WILL BE PERFORMED WITH THIS RECEPTOR.A SERIES OF ASTERISKS WILL INSTEAD APPEAR IN THE OUTPUT.
  SOURCE STACK #1     DAY240SHORELINE FUMIGATION HOURS  0  0  0  0  0  0  0  0  0  0  0  0  1  0  1  0  0  0  0  0  0  0  0  0
  SOURCE STACK #2     DAY240SHORELINE FUMIGATION HOURS  0  0  0  0  0  0  0  0  0  0  0  0  1  0  1  0  0  0  0  0  0  0  0  0
  SOURCE STACK #3     DAY240SHORELINE FUMIGATION HOURS  0  0  0  0  0  0  0  0  0  0  0  0  1  0  1  0  0  0  0  0  0  0  0  0
  SOURCE STACK #4     DAY240SHORELINE FUMIGATION HOURS  0  0  0  0  0  0  0  0  0  0  0  0  1  0  1  0  0  0  0  0  0  0  0  0
  SOURCE STACK #1     DAY243SHORELINE FUMIGATION HOURS  0  0  0  0  0  0  0  0  0  0  0  0  0  0  1  0  0  0  0  0  0  0  0  0
  SOURCE STACK #2     DAY243SHORELINE FUMIGATION HOURS  0  0  0  0  0  0  0  0  0  0  0  0  0  0  1  0  0  0  0  0  0  0  0  0
  SOURCE STACK #3     DAY243SHORELINE FUMIGATION HOURS  0  0  0  0  0  0  0  0  0  0  0  0  0  0  1  0  0  0  0  0  0  0  0  0
  SOURCE STACK #4     DAY243SHORELINE FUMIGATION HOURS  0  0  0  0  0  0  0  0  0  0  0  0  0  0  1  0  0  0  0  0  0  0  0  0
  SOURCE STACK #1     DAY245SHORELINE FUMIGATION HOURS  0  0  0  0  0  0  0  0  0  0  0  0  0  0  1  0  0  0  0  0  0  0  0  0
  SOURCE STACK #2     DAY245SHORELINE FUMIGATION HOURS  0  0  0  0  0  0  0  0  0  0  0  0  0  0  1  0  0  0  0  0  0  0  0  0
  SOURCE STACK #3     DAY245SHORELINE FUMIGATION HOURS  0  0  0  0  0  0  0  0  0  0  0  0  0  0  1  0  0  0  0  0  0  0  0  0
  SOURCE STACK #4     DAY245SHORELINE FUMIGATION HOURS  0  0  0  0  0  0  0  0  0  0  0  0  0  0  1  0  0  0  0  0  0  0  0  0
1                                      RURAL SDM - VERSION 90320
 Shoreline Dispersion Model Test Case #2                                         
 Boston Surface Data 1988, One Week                                              
 Derived Tower Data                                                              
0             RECEPTORS

 RECEPTOR    IDENTIFICATION  EAST     NORTH     RECEPTOR HT     RECEPTOR GROUND LEVEL             AVG CONC FOR PERIOD
                             COORD    COORD  ABV LOCAL GRD LVL       ELEVATION               DAY240.HR 1. TO DAY246.HR24.
                              (USER UNITS)        (METERS)         (USER HT UNITS)                 (MICROGRAMS/M**3)

    1          REC 1           -1.53      1.29        .0                 3.0                                     1.20
    2          REC 2           -1.29      1.53        .0                 3.0                                      .91
    3          REC 3           -3.83      3.21        .0                11.0                                     4.44
    4          REC 4           -7.66      6.43        .0                40.0                                     5.16
    5          REC 5           -2.00       .00        .0                 3.0                                     3.44
    6          REC 6          -10.00       .00        .0                15.0                                 *  10.49
    7          REC 7           -4.33     -2.50        .0                 5.0                                      .06
    8          REC 8           -4.92       .87        .0                 7.0                                     7.27
    9          REC 9           -9.85      1.74        .0                27.0                                     6.37
   10          REC 10          -8.66     -5.00        .0                25.0                                      .01
1                           FIVE HIGHEST  1-HOUR S02  CONCENTRATIONS((ENDING ON JULIAN DAY, HOUR)
                                                      (MICROGRAMS/M**3)

  RECEPTOR                           1                    2                    3                    4                    5

     1(  -1.53,   1.29)      96.65  (244,12)      54.25  (244,11)      38.90  (245,11)       1.89  (242,22)       1.79  (244,13)
     2(  -1.29,   1.53)     100.23  (244,11)      45.97  (244,12)       2.33  (242,22)       1.47  (245,11)       1.29  (243,17)
     3(  -3.83,   3.21)     350.03  (244,12)     156.31  (245,11)      56.96  (244,11)      47.02  (244,13)      39.63  (245,13)
     4(  -7.66,   6.43)     169.53  (244,13)     168.08  (244,12)     149.63  (245,13)     100.80  (245,14)      87.02  (245,11)
     5(  -2.00,    .00)     208.39  (243,15)     164.17  (244,10)      88.62  (240,12)      40.90  (245,10)      38.93  (240,11)
     6( -10.00,    .00) *   460.11  (243,15) *   323.25  (240,10)     232.22  (240,12)     209.66  (240,11)     183.47  (242,20)
     7(  -4.33,  -2.50)       9.39  (245, 9)        .49  (244,10)        .13  (242,19)        .01  (243,15)        .00  (240,10)
     8(  -4.92,    .87)     301.37  (245,10)     293.48  (243,15)     224.14  (240,11)     215.06  (240,12)      72.11  (240,10)
     9(  -9.85,   1.74)     337.95  (243,15)     198.33  (240,11)     192.38  (245,10)     141.17  (240,12)      89.38  (243,13)
    10(  -8.66,  -5.00)       1.14  (245, 9)        .09  (242,19)        .05  (244,10)        .00  (243,15)        .00  (240,10)
1                           FIVE HIGHEST  3-HOUR S02  CONCENTRATIONS((ENDING ON JULIAN DAY, HOUR)
                                                      (MICROGRAMS/M**3)

  RECEPTOR                           1                    2                    3                    4                    5

     1(  -1.53,   1.29)      50.30  (244,12)      13.37  (245,12)       1.12  (245,15)        .63  (242,24)        .61  (244,15)
     2(  -1.29,   1.53)      48.73  (244,12)        .78  (242,24)        .49  (245,12)        .44  (243,18)        .21  (245,15)
     3(  -3.83,   3.21)     135.66  (244,12)      59.48  (245,12)      25.69  (245,15)      15.71  (244,15)       4.02  (244,18)
     4(  -7.66,   6.43)      83.48  (245,15)      60.29  (244,12)      56.54  (244,15)      51.24  (245,12)      19.80  (244,18)
     5(  -2.00,    .00)      70.25  (243,15)      54.72  (244,12)      53.26  (240,12)      13.63  (245,12)        .93  (242,21)
     6( -10.00,    .00) *   255.04  (240,12) *   189.37  (243,15)      61.16  (242,21)      53.80  (244,12)      28.00  (245,12)
     7(  -4.33,  -2.50)       3.13  (245, 9)        .16  (244,12)        .04  (242,21)        .00  (243,15)        .00  (240,12)
     8(  -4.92,    .87)     170.44  (240,12)     105.28  (243,15)     100.46  (245,12)      20.33  (244,12)       7.00  (242,21)
     9(  -9.85,   1.74)     142.71  (243,15)     130.83  (240,12)      64.13  (245,12)       7.12  (244,12)       4.74  (242,21)
    10(  -8.66,  -5.00)        .38  (245, 9)        .03  (242,21)        .02  (244,12)        .00  (243,15)        .00  (240,12)
1                           FIVE HIGHEST  8-HOUR S02  CONCENTRATIONS((ENDING ON JULIAN DAY, HOUR)
                                                      (MICROGRAMS/M**3)

  RECEPTOR                           1                    2                    3                    4                    5

     1(  -1.53,   1.29)      19.09  (244,16)       5.47  (245,16)        .24  (242,24)        .17  (243,16)        .16  (244,24)
     2(  -1.29,   1.53)      18.29  (244,16)        .29  (242,24)        .26  (245,16)        .16  (243,24)        .02  (245,24)
     3(  -3.83,   3.21)      56.76  (244,16)      32.23  (245,16)       1.51  (244,24)       1.25  (242,24)        .84  (243,16)
     4(  -7.66,   6.43)      51.10  (245,16)      43.81  (244,16)       7.43  (244,24)       3.63  (243,16)       1.41  (245,24)
     5(  -2.00,    .00)      26.34  (243,16)      20.52  (244,16)      19.97  (240,16)       5.11  (245,16)        .35  (242,24)
     6( -10.00,    .00) *    95.64  (240,16) *    71.01  (243,16)      22.93  (242,24)      20.17  (244,16)      10.50  (245,16)
     7(  -4.33,  -2.50)       1.17  (245,16)        .06  (244,16)        .02  (242,24)        .00  (243,16)        .00  (240,16)
     8(  -4.92,    .87)      64.01  (240,16)      39.48  (243,16)      37.67  (245,16)       8.42  (244,16)       2.62  (242,24)
     9(  -9.85,   1.74)      53.52  (243,16)      49.10  (240,16)      24.05  (245,16)       3.73  (244,16)       1.78  (242,24)
    10(  -8.66,  -5.00)        .14  (245,16)        .01  (242,24)        .01  (244,16)        .00  (243,16)        .00  (240,16)
1                           FIVE HIGHEST 24-HOUR S02  CONCENTRATIONS((ENDING ON JULIAN DAY, HOUR)
                                                      (MICROGRAMS/M**3)

  RECEPTOR                           1                    2                    3                    4                    5

     1(  -1.53,   1.29)       6.42  (244,24)       1.85  (245,24)        .08  (242,24)        .06  (243,24)        .00  (240,24)
     2(  -1.29,   1.53)       6.10  (244,24)        .10  (242,24)        .10  (245,24)        .06  (243,24)        .00  (241,24)
     3(  -3.83,   3.21)      19.42  (244,24)      10.95  (245,24)        .42  (242,24)        .28  (243,24)        .00  (240,24)
     4(  -7.66,   6.43)      17.50  (245,24)      17.08  (244,24)       1.21  (243,24)        .31  (242,24)        .00  (240,24)
     5(  -2.00,    .00)       8.78  (243,24)       6.84  (244,24)       6.66  (240,24)       1.70  (245,24)        .12  (242,24)
     6( -10.00,    .00) *    31.88  (240,24) *    23.67  (243,24)       7.64  (242,24)       6.72  (244,24)       3.50  (245,24)
     7(  -4.33,  -2.50)        .39  (245,24)        .02  (244,24)        .01  (242,24)        .00  (243,24)        .00  (240,24)
     8(  -4.92,    .87)      21.34  (240,24)      13.16  (243,24)      12.56  (245,24)       2.96  (244,24)        .87  (242,24)
     9(  -9.85,   1.74)      17.84  (243,24)      16.37  (240,24)       8.02  (245,24)       1.76  (244,24)        .59  (242,24)
    10(  -8.66,  -5.00)        .05  (245,24)        .00  (242,24)        .00  (244,24)        .00  (243,24)        .00  (240,24)
