                                                           CAL3QHCR (Dated: 04181)

     DATE :  7/ 1/ 4                                                                                                 PAGE:  1
     TIME : 14:36: 5

     JOB: EXAMPLE - TWO WAY INTERSECTION (EX-1)                       RUN: MAIN ST. AND LOCAL ST. INTERSECTION     

       ===================
       General Information
       ===================

         Run start date:  1/ 1/99    Julian:   1
               end date:  1/ 2/99    Julian:   2

         A Tier 1 approach was used for input data preparation.

         The MODE flag has been set to C for calculating CO averages.

         Ambient background concentrations are excluded from the averages below.


       Site & Meteorological Constants
       -------------------------------
         VS =   0.0 CM/S       VD =   0.0 CM/S       Z0 = 175. CM     ATIM =  60.

           Met. Sfc. Sta. Id & Yr = 99999    99
           Upper Air Sta. Id & Yr = 99999    99

         Urban mixing heights were processed.

         In 1999, Julian day 1 is a Friday.   


       Link Data Constants - (Variable data in *.LNK file)
       -------------------

             LINK DESCRIPTION     *         LINK COORDINATES (FT)          *   LENGTH   BRG  TYPE    H     W  NLANES
                                  *     X1        Y1        X2        Y2   *    (FT)   (DEG)       (FT)  (FT)
          ------------------------*----------------------------------------*----------------------------------------
           1. Main St.NB Appr.    *     10.0   -1000.0      10.0       0.0 *    1000.   360.  AG    0.0  40.0
           2. Main St.NB Queue    *     10.0     -10.0      10.0   -1000.0 *     990.   180.  AG    0.0  20.0    2
           3. Main St.NB Dep.     *     10.0       0.0      10.0    1000.0 *    1000.   360.  AG    0.0  40.0
           4. Main St.SB Appr.    *    -10.0    1000.0     -10.0       0.0 *    1000.   180.  AG    0.0  40.0
           5. Main St.SB Queue    *    -10.0      10.0     -10.0    1000.0 *     990.   360.  AG    0.0  20.0    2
           6. Main St.SB Dep.     *    -10.0       0.0     -10.0   -1000.0 *    1000.   180.  AG    0.0  40.0
           7. Local St.Appr.Lnk.  *  -1000.0       0.0       0.0       0.0 *    1000.    90.  AG    0.0  40.0
           8. Local St.Queue Lnk. *    -20.0       0.0   -1000.0       0.0 *     980.   270.  AG    0.0  20.0    2
           9. Local St.Dep.Lnk.   *      0.0       0.0    1000.0       0.0 *    1000.    90.  AG    0.0  40.0
                                                          CAL3QHCR (Dated: 04181)

     DATE :  7/ 1/ 4                                                                                                 PAGE:  2
     TIME : 14:36: 5

     JOB: EXAMPLE - TWO WAY INTERSECTION (EX-1)                       RUN: MAIN ST. AND LOCAL ST. INTERSECTION     

       Receptor Data
       -------------

                                   *           COORDINATES (FT)
              RECEPTOR             *         X          Y          Z
          -------------------------*-------------------------------------
           1. REC 1 (SE CORNER)    *        45.0      -35.0        6.0
           2. REC 2 (SW CORNER)    *       -45.0      -35.0        6.0
           3. REC 3 (NW CORNER)    *       -45.0       35.0        6.0
           4. REC 4 (NE CORNER)    *        45.0       35.0        6.0
           5. REC 5 (E MID-MAIN)   *        45.0     -150.0        6.0
           6. REC 6 (W MID-MAIN)   *       -45.0     -150.0        6.0
           7. REC 7 (N MID-LOCAL)  *      -150.0       35.0        6.0
           8. REC 8 (S MID-LOCAL)  *      -150.0      -35.0        6.0

       Model Results
       -------------

         Remarks : In search of the wind direction corresponding
                   to the maximum concentration, only the first
                   direction, of the directions with the same maximum
                   concentrations, is indicated as the maximum.

                 * MAXIMUM HOURLY CONCENTRATIONS WITH ANY AMBIENT BACKGROUND CONCENTRATIONS (BKG) ADDED
                 *         (PPM)
                 *    REC1    REC2    REC3    REC4    REC5    REC6    REC7    REC8 
         --------*----------------------------------------------------------------
         MAX+BKG *    10.8    11.6    11.4     9.4     9.8     6.9     9.0     9.0
         - BKG   *     0.0     0.0     0.0     0.0     0.0     0.0     0.0     0.0
         --------*----------------------------------------------------------------
           MAX   *    10.8    11.6    11.4     9.4     9.8     6.9     9.0     9.0
         WIND DIR*    290      20     160     250     330      20     120      60
         JULIAN  *      2       1       1       2       2       1       1       1
         HOUR    *      6       3      17       2      10       3      13       7


         THE HIGHEST CONCENTRATION OF 11.60 PPM OCCURRED AT RECEPTOR REC2 .

                                                          CAL3QHCR (Dated: 04181)

     DATE :  7/ 1/ 4                                                                                                 PAGE:  3
     TIME : 14:36: 5

     JOB: EXAMPLE - TWO WAY INTERSECTION (EX-1)                       RUN: MAIN ST. AND LOCAL ST. INTERSECTION     

       ==============
       Output Section
       ==============

       NOTES PERTAINING TO THE REPORT

         1.  THE HIGHEST AVERAGE IN EACH OF THE FIRST TWO COLUMNS OF EACH TABLE BELOW ARE SUFFIXED BY AN ASTERISK (*).
             FOR PM OUTPUT, THERE IS ONLY ONE COLUMN AND ASTERISK FOR THE ANNUAL AVERAGE/PERIOD OF CONCERN TABLE.

         2.  THE NUMBERS IN PARENTHESES ARE THE JULIAN DAY AND ENDING HOUR FOR THE PRECEDING AVERAGE.

         3.  THE NUMBER OF CALM HOURS USED IN PRODUCING EACH AVERAGE ARE PREFIXED BY A C.


       PRIMARY AVERAGES.

         MAXIMUM 8-HOUR RUNNING NONOVERLAPPING AVERAGE CONCENTRATIONS
           IN PARTS PER MILLION (PPM),
             EXCLUDING AMBIENT BACKGROUND CONCENTRATIONS.

                                  Highest             Second highest
            Receptor               Ending                  Ending
             Number        Conc    Day Hr  Calm    Conc    Day Hr  Calm

                1          9.00   (  2,10) C 0     7.70   (  2,13) C 0
                2          8.79   (  2,18) C 0     8.66*  (  1, 8) C 0
                3          9.30*  (  1,19) C 0     7.74   (  1,24) C 0
                4          8.14   (  2, 4) C 0     6.84   (  2, 1) C 0
                5          8.22   (  2,12) C 0     6.55   (  2, 6) C 0
                6          6.29   (  2,21) C 0     6.29   (  1, 9) C 0
                7          7.91   (  1,18) C 0     5.74   (  1,14) C 0
                8          7.76   (  1, 9) C 0     7.76   (  2,21) C 0

         FIVE HIGHEST  1-HOUR END-TO-END AVERAGE CONCENTRATIONS IN PARTS PER MILLION
         EXCLUDING AMBIENT BACKGROUND CONCENTRATIONS.

                       Highest         Second Highest       Third Highest      Fourth Highest       Fifth Highest
           Rcptr        Ending              Ending              Ending              Ending              Ending
            No.   Conc  Day Hr  Calm  Conc  Day Hr  Calm  Conc  Day Hr  Calm  Conc  Day Hr  Calm  Conc  Day Hr  Calm 

              1  10.80 (  2, 6) C 0  10.70 (  2, 5) C 0   9.90 (  2, 7) C 0   9.20 (  2, 4) C 0   8.60 (  2, 8) C 0
              2  11.60*(  1, 3) C 0  11.60*(  2,15) C 0  11.30 (  1, 2) C 0  11.30 (  2,14) C 0  10.10 (  1, 4) C 0
              3  11.40 (  1,17) C 0  10.80 (  1,18) C 0  10.60 (  1,16) C 0   9.40 (  1,15) C 0   8.70 (  1,19) C 0
              4   9.40 (  2, 2) C 0   9.40 (  2, 3) C 0   8.40 (  1,21) C 0   8.20 (  2, 1) C 0   8.20 (  2, 4) C 0
              5   9.80 (  2,10) C 0   9.40 (  2, 9) C 0   9.30 (  2,11) C 0   8.40 (  2, 8) C 0   7.70 (  2,12) C 0
              6   6.90 (  1, 3) C 0   6.90 (  1, 4) C 0   6.90 (  2,15) C 0   6.90 (  2,16) C 0   6.70 (  1, 2) C 0
              7   9.00 (  1,13) C 0   9.00 (  1,14) C 0   8.50 (  1,15) C 0   8.20 (  1,12) C 0   8.20 (  2,24) C 0
              8   9.00 (  1, 7) C 0   9.00 (  2,19) C 0   8.90 (  1, 6) C 0   8.90 (  2,18) C 0   8.30 (  1, 5) C 0
                                                          CAL3QHCR (Dated: 04181)

     DATE :  7/ 1/ 4                                                                                                 PAGE:  4
     TIME : 14:36: 5

     JOB: EXAMPLE - TWO WAY INTERSECTION (EX-1)                       RUN: MAIN ST. AND LOCAL ST. INTERSECTION     


                                                           CALM DURATION FREQUENCY

           Hours of    Frequency
         Consecutive       of    
         Calm Winds    Occurrence    (Julian day/hour ending) of Significant Occurrences

 
           No calm wind hours were encountered during this processing period.
 
     Program terminated normally
 
