                                                           CAL3QHCR (Dated: 13196)

     DATE : 07/16/13                                                                                                 PAGE:  1
     TIME : 08:15:50

     JOB: EXAMPLE - TWO WAY INTERSECTION (EX-1)                       RUN: MAIN ST. AND LOCAL ST. INTERSECTION     

       ===================
       General Information
       ===================

         Run start date: 01/01/99    Julian:   1
               end date: 01/02/99    Julian:   2

         A Tier 1 approach was used for input data preparation.

         The MODE flag has been set to C for calculating CO averages.

         Ambient background concentrations are excluded from the averages below.


       Site & Meteorological Constants
       -------------------------------
         VS =   0.0 CM/S       VD =   0.0 CM/S       Z0 = 175. CM     ATIM =  60.

           Met. Sfc. Sta. Id & Yr = 99999    99
           Upper Air Sta. Id & Yr = 99999    99

         Urban mixing heights were processed.

         In 1999, Julian day 1 is a Friday.   


       Link Data Constants - (Variable data in *.LNK file)
       -------------------

             LINK DESCRIPTION     *         LINK COORDINATES (FT)          *   LENGTH   BRG  TYPE    H     W  NLANES
                                  *     X1        Y1        X2        Y2   *    (FT)   (DEG)       (FT)  (FT)
          ------------------------*----------------------------------------*----------------------------------------
           1. Main St.NB Appr.    *     10.0   -1000.0      10.0       0.0 *    1000.   360.  AG    0.0  40.0
           2. Main St.NB Queue    *     10.0     -10.0      10.0   -1000.0 *     990.   180.  AG    0.0  20.0    2
           3. Main St.NB Dep.     *     10.0       0.0      10.0    1000.0 *    1000.   360.  AG    0.0  40.0
           4. Main St.SB Appr.    *    -10.0    1000.0     -10.0       0.0 *    1000.   180.  AG    0.0  40.0
           5. Main St.SB Queue    *    -10.0      10.0     -10.0    1000.0 *     990.   360.  AG    0.0  20.0    2
           6. Main St.SB Dep.     *    -10.0       0.0     -10.0   -1000.0 *    1000.   180.  AG    0.0  40.0
           7. Local St.Appr.Lnk.  *  -1000.0       0.0       0.0       0.0 *    1000.    90.  AG    0.0  40.0
           8. Local St.Queue Lnk. *    -20.0       0.0   -1000.0       0.0 *     980.   270.  AG    0.0  20.0    2
           9. Local St.Dep.Lnk.   *      0.0       0.0    1000.0       0.0 *    1000.    90.  AG    0.0  40.0
                                                          CAL3QHCR (Dated: 13196)

     DATE : 07/16/13                                                                                                 PAGE:  2
     TIME : 08:15:50

     JOB: EXAMPLE - TWO WAY INTERSECTION (EX-1)                       RUN: MAIN ST. AND LOCAL ST. INTERSECTION     

       Receptor Data
       -------------

                                   *           COORDINATES (FT)
              RECEPTOR             *         X          Y          Z
          -------------------------*-------------------------------------
           1. REC 1 (SE CORNER)    *        45.0      -35.0        6.0
           2. REC 2 (SW CORNER)    *       -45.0      -35.0        6.0
           3. REC 3 (NW CORNER)    *       -45.0       35.0        6.0
           4. REC 4 (NE CORNER)    *        45.0       35.0        6.0
           5. REC 5 (E MID-MAIN)   *        45.0     -150.0        6.0
           6. REC 6 (W MID-MAIN)   *       -45.0     -150.0        6.0
           7. REC 7 (N MID-LOCAL)  *      -150.0       35.0        6.0
           8. REC 8 (S MID-LOCAL)  *      -150.0      -35.0        6.0

       Model Results
       -------------

         Remarks : In search of the wind direction corresponding
                   to the maximum concentration, only the first
                   direction, of the directions with the same maximum
                   concentrations, is indicated as the maximum.

                 * MAXIMUM HOURLY CONCENTRATIONS WITH ANY AMBIENT BACKGROUND CONCENTRATIONS (BKG) ADDED
                 *         (PPM)
                 *   REC0001  REC0002  REC0003  REC0004  REC0005  REC0006  REC0007  REC0008
         ----------*--------------------------------------------------------------------------------
         MAX+BKG *  10.8150  11.4922  11.3362   9.4709   9.7513   7.0316   9.0109   8.9083
         - BKG   *   0.0000   0.0000   0.0000   0.0000   0.0000   0.0000   0.0000   0.0000
         ----------*--------------------------------------------------------------------------------
           MAX   *  10.8150  11.4922  11.3362   9.4709   9.7513   7.0316   9.0109   8.9083
         WIND DIR*     290       20      160      260      330       20      130       50
         JULIAN  *       2        1        1        2        2        1        1        1
         HOUR    *       6        3       17        3       10        3       14        6


         THE HIGHEST CONCENTRATION OF 11.4922 PPM OCCURRED AT RECEPTOR REC0002.

                                                          CAL3QHCR (Dated: 13196)

     DATE : 07/16/13                                                                                                 PAGE:  3
     TIME : 08:15:50

     JOB: EXAMPLE - TWO WAY INTERSECTION (EX-1)                       RUN: MAIN ST. AND LOCAL ST. INTERSECTION     

       ==============
       Output Section
       ==============

       NOTES PERTAINING TO THE REPORT

         1.  THE HIGHEST AVERAGE IN EACH OF THE FIRST TWO COLUMNS OF EACH TABLE BELOW ARE SUFFIXED BY AN ASTERISK (*).
             FOR PM OUTPUT, THERE IS ONLY ONE COLUMN AND ASTERISK FOR THE ANNUAL AVERAGE/PERIOD OF CONCERN TABLE.

         2.  THE NUMBERS IN PARENTHESES ARE THE JULIAN DAY AND ENDING HOUR FOR THE PRECEDING AVERAGE.

         3.  THE NUMBER OF CALM HOURS USED IN PRODUCING EACH AVERAGE ARE PREFIXED BY A C.


       PRIMARY AVERAGES.

         MAXIMUM 8-HOUR RUNNING NONOVERLAPPING AVERAGE CONCENTRATIONS
           IN PARTS PER MILLION (PPM),
             EXCLUDING AMBIENT BACKGROUND CONCENTRATIONS.

                                  Highest             Second highest
            Receptor               Ending                  Ending
             Number        Conc    Day Hr  Calm    Conc    Day Hr  Calm

                1          9.00   (  2,10) C 0     7.71   (  2,13) C 0
                2          8.79   (  2,19) C 0     8.67*  (  1, 8) C 0
                3          9.37*  (  1,19) C 0     7.73   (  1,24) C 0
                4          8.11   (  2, 4) C 0     6.82   (  2, 1) C 0
                5          8.27   (  2,12) C 0     6.57   (  2, 6) C 0
                6          6.33   (  1, 9) C 0     6.33   (  2,21) C 0
                7          7.90   (  1,18) C 0     5.73   (  1,14) C 0
                8          7.73   (  2,21) C 0     7.73   (  1, 9) C 0

         SIX HIGHEST  1-HOUR END-TO-END AVERAGE CONCENTRATIONS IN PARTS PER MILLION
         EXCLUDING AMBIENT BACKGROUND CONCENTRATIONS.

                  Highest                Second Highest         Third Highest        Fourth Highest         Fifth Highest         Sixth Highest
            Rcptr         Ending               Ending               Ending               Ending               Ending               Ending
            No.   Conc  Day Hr  Calm    Conc  Day Hr  Calm    Conc  Day Hr  Calm    Conc  Day Hr  Calm    Conc  Day Hr  Calm    Conc  Day Hr  Calm   

              1  10.8150 (  2, 6) C 0  10.7028 (  2, 5) C 0   9.8321 (  2, 7) C 0   9.1763 (  2, 4) C 0   8.5680 (  2, 8) C 0   7.9059 (  2, 9) C 0
              2  11.4922*(  1, 3) C 0  11.4922*(  2,15) C 0  11.2848 (  1, 2) C 0  11.2848 (  2,14) C 0  10.1489 (  1, 4) C 0  10.1489 (  2,16) C 0
              3  11.3362 (  1,17) C 0  10.7831 (  1,18) C 0  10.6522 (  1,16) C 0   9.5109 (  1,15) C 0   8.8728 (  1,19) C 0   8.3654 (  1,14) C 0
              4   9.4709 (  2, 3) C 0   9.2753 (  2, 2) C 0   8.4427 (  1,21) C 0   8.1938 (  2, 4) C 0   8.0549 (  2, 1) C 0   8.0287 (  1,20) C 0
              5   9.7513 (  2,10) C 0   9.4124 (  2, 9) C 0   9.3741 (  2,11) C 0   8.5127 (  2, 8) C 0   7.7218 (  2,12) C 0   7.6918 (  2, 7) C 0
              6   7.0316 (  1, 3) C 0   7.0316 (  2,15) C 0   6.8191 (  1, 2) C 0   6.8191 (  2,14) C 0   6.8057 (  1, 4) C 0   6.8057 (  2,16) C 0
              7   9.0109 (  1,14) C 0   8.9232 (  1,13) C 0   8.5619 (  1,15) C 0   8.0928 (  1,12) C 0   8.0928 (  2,24) C 0   8.0092 (  1,16) C 0
              8   8.9083 (  1, 6) C 0   8.9083 (  2,18) C 0   8.8596 (  1, 7) C 0   8.8596 (  2,19) C 0   8.2630 (  1, 5) C 0   8.2630 (  2,17) C 0
                                                          CAL3QHCR (Dated: 13196)

     DATE : 07/16/13                                                                                                 PAGE:  4
     TIME : 08:15:50

     JOB: EXAMPLE - TWO WAY INTERSECTION (EX-1)                       RUN: MAIN ST. AND LOCAL ST. INTERSECTION     


                                                           CALM DURATION FREQUENCY

           Hours of    Frequency
         Consecutive       of    
         Calm Winds    Occurrence    (Julian day/hour ending) of Significant Occurrences

 
           No calm wind hours were encountered during this processing period.
 
     Program terminated normally
 
