                                                           CAL3QHCR (Dated: 13196)

     DATE : 07/16/13                                                                                                 PAGE:  1
     TIME : 08:26:11

     JOB: EXAMPLE OF PM-10 ROADWAY HOT SPOT                           RUN: MAIN ST. BETWEEN DISTANT INTERSECTIONS  

       ===================
       General Information
       ===================

         Run start date: 01/01/64    Julian:   1
               end date: 12/31/64    Julian: 366

         A Tier 1 approach was used for input data preparation.

         The MODE flag has been set to p for calculating PM averages.

         Ambient background concentrations are included in the averages below.


       Site & Meteorological Constants
       -------------------------------
         VS =   0.0 CM/S       VD =   0.0 CM/S       Z0 = 175. CM     ATIM =  60.

           Met. Sfc. Sta. Id & Yr = 94823    64
           Upper Air Sta. Id & Yr = 94823    64

         Urban mixing heights were processed.

         In 1964, Julian day 1 is a Wednesday.


       Link Data Constants - (Variable data in *.LNK file)
       -------------------

             LINK DESCRIPTION     *         LINK COORDINATES (FT)          *   LENGTH   BRG  TYPE    H     W  NLANES
                                  *     X1        Y1        X2        Y2   *    (FT)   (DEG)       (FT)  (FT)
          ------------------------*----------------------------------------*----------------------------------------
           1. Main St.NB Appr/Dep *     10.0   -1000.0      10.0    1000.0 *    2000.   360.  AG    0.0  40.0
           2. Main St.SB Appr/Dep *    -10.0    1000.0     -10.0   -1000.0 *    2000.   180.  AG    0.0  40.0
           3. Local St.Appr./Dep  *  -1000.0       0.0    1000.0       0.0 *    2000.    90.  AG    0.0  40.0

       Receptor Data
       -------------

                                   *           COORDINATES (FT)
              RECEPTOR             *         X          Y          Z
          -------------------------*-------------------------------------
           1. REC 1 (SE MIDPOINT)  *        45.0      -35.0        6.0
           2. REC 2 (SW MIDPOINT)  *       -45.0      -35.0        6.0
           3. REC 3 (NW MIDPOINT)  *       -45.0       35.0        6.0
           4. REC 4 (NE MIDPOINT)  *        45.0       35.0        6.0
           5. REC 5 (E MID-MAIN)   *        45.0     -150.0        6.0
                                                          CAL3QHCR (Dated: 13196)

     DATE : 07/16/13                                                                                                 PAGE:  2
     TIME : 08:26:11

     JOB: EXAMPLE OF PM-10 ROADWAY HOT SPOT                           RUN: MAIN ST. BETWEEN DISTANT INTERSECTIONS  

       Receptor Data
       -------------

                                   *           COORDINATES (FT)
              RECEPTOR             *         X          Y          Z
          -------------------------*-------------------------------------
           6. REC 6 (W MID-MAIN)   *       -45.0     -150.0        6.0
           7. REC 7 (N FAR-MAIN)   *      -150.0       35.0        6.0
           8. REC 8 (S FAR-MAIN)   *      -150.0      -35.0        6.0

       Model Results
       -------------

         Remarks : In search of the wind direction corresponding
                   to the maximum concentration, only the first
                   direction, of the directions with the same maximum
                   concentrations, is indicated as the maximum.

                 * MAXIMUM HOURLY CONCENTRATIONS WITH ANY AMBIENT BACKGROUND CONCENTRATIONS (BKG) ADDED
                 *   (MICROGRAMS/M**3)
                 *   REC0001  REC0002  REC0003  REC0004  REC0005  REC0006  REC0007  REC0008
         ----------*--------------------------------------------------------------------------------
         MAX+BKG * 412.9652 381.9921 424.7938 392.0609 356.4049 330.7981 273.6232 269.7002
         - BKG   *  50.0000  50.0000  50.0000  50.0000  50.0000  50.0000  50.0000  50.0000
         ----------*--------------------------------------------------------------------------------
           MAX   * 362.9652 331.9921 374.7938 342.0609 306.4049 280.7981 223.6232 219.7002
         WIND DIR*     328       80      168      228      328      168      107       80
         JULIAN  *     154      306       22      159      154       22      154      306
         HOUR    *       1       24        9       20        1        9        2       24


         THE HIGHEST CONCENTRATION OF  424.7938 UG/M**3 OCCURRED AT RECEPTOR REC0003.

                                                          CAL3QHCR (Dated: 13196)

     DATE : 07/16/13                                                                                                 PAGE:  3
     TIME : 08:26:11

     JOB: EXAMPLE OF PM-10 ROADWAY HOT SPOT                           RUN: MAIN ST. BETWEEN DISTANT INTERSECTIONS  

       ==============
       Output Section
       ==============

       NOTES PERTAINING TO THE REPORT

         1.  THE HIGHEST AVERAGE IN EACH OF THE FIRST TWO COLUMNS OF EACH TABLE BELOW ARE SUFFIXED BY AN ASTERISK (*).
             FOR PM OUTPUT, THERE IS ONLY ONE COLUMN AND ASTERISK FOR THE ANNUAL AVERAGE/PERIOD OF CONCERN TABLE.

         2.  THE NUMBERS IN PARENTHESES ARE THE JULIAN DAY AND ENDING HOUR FOR THE PRECEDING AVERAGE.

         3.  THE NUMBER OF CALM HOURS USED IN PRODUCING EACH AVERAGE ARE PREFIXED BY A C.


       PRIMARY AND SECONDARY AVERAGES.

         SIX HIGHEST 24-HOUR END-TO-END AVERAGE CONCENTRATIONS IN MICROGRAMS/M**3
         INCLUDING AMBIENT BACKGROUND CONCENTRATIONS.

                  Highest                Second Highest         Third Highest        Fourth Highest         Fifth Highest         Sixth Highest
            Rcptr         Ending               Ending               Ending               Ending               Ending               Ending
            No.   Conc  Day Hr  Calm    Conc  Day Hr  Calm    Conc  Day Hr  Calm    Conc  Day Hr  Calm    Conc  Day Hr  Calm    Conc  Day Hr  Calm   

              1 196.3929 (177,24) C 0 178.5712 (232,24) C 3 177.5193 (182,24) C 3 177.3578 ( 53,24) C 3 176.6059 ( 34,24) C 1 175.3931 (297,24) C 1
              2 200.5638 (306,24) C 5 187.6656 (338,24) C 2 186.0542 (251,24) C 4 185.9499 (110,24) C 1 185.0858 (190,24) C 2 183.0828 (246,24) C 2
              3 227.7060*(329,24) C 7 209.9906*(338,24) C 2 199.8850 (306,24) C 5 198.0377 (345,24) C 0 193.2741 ( 31,24) C 2 192.2264 (266,24) C 1
              4 196.6450 (347,24) C 2 193.6965 (182,24) C 3 193.3652 (314,24) C 1 183.9364 (201,24) C 2 176.7032 (181,24) C 0 172.2290 (302,24) C 5
              5 169.3567 (177,24) C 0 162.2623 (182,24) C 3 158.5169 (347,24) C 2 156.3345 (314,24) C 1 155.4557 (232,24) C 3 154.4510 (297,24) C 1
              6 172.6905 (338,24) C 2 169.1879 (306,24) C 5 168.7845 (110,24) C 1 166.0201 (329,24) C 7 159.7351 (251,24) C 4 158.4597 (246,24) C 2
              7 156.5915 (329,24) C 7 142.6181 (338,24) C 2 138.9705 (266,24) C 1 138.3498 (345,24) C 0 137.2820 (306,24) C 5 136.4953 ( 31,24) C 2
              8 138.0207 (306,24) C 5 128.9047 (251,24) C 4 128.8732 (190,24) C 2 126.1906 (246,24) C 2 125.3878 ( 49,24) C 5 124.3924 (202,24) C 6

         THE HIGHEST ANNUAL AVERAGE CONCENTRATIONS
                 IN MICROGRAMS/M**3 
         INCLUDING AMBIENT BACKGROUND CONCENTRATIONS.

            Receptor       Maximum  Ending
             Number        Conc     Day Hr  Calm
               1         112.2207  (366,24) C 592
               2         104.3290  (366,24) C 592
               3         109.1065  (366,24) C 592
               4         116.9981* (366,24) C 592
               5         100.8026  (366,24) C 592
               6          92.9126  (366,24) C 592
               7          84.8696  (366,24) C 592
               8          80.0952  (366,24) C 592
                                                          CAL3QHCR (Dated: 13196)

     DATE : 07/16/13                                                                                                 PAGE:  4
     TIME : 08:26:11

     JOB: EXAMPLE OF PM-10 ROADWAY HOT SPOT                           RUN: MAIN ST. BETWEEN DISTANT INTERSECTIONS  

       LINK CONTRIBUTION TABLES


         MAXIMUM 24-HOUR AVERAGED LINK CONTRIBUTIONS
                 IN MICROGRAMS/M**3 
         INCLUDING AMBIENT BACKGROUND CONCENTRATIONS.

           Rcptr Total  Ending  Ambient  Total   Link  Link  Link
            No.   Conc  Day Hr  Backgnd   Link    +1    +2    +3
 
             1  196.3929 (177,24)    50.00  146.3929  66.8493 38.9734 40.5703
             2  200.5638 (306,24)    50.00  150.5638  53.7728 56.4621 40.3289
             3  227.7060 (329,24)    47.22  180.4838  56.8142 62.2342 61.4354
             4  196.6450 (347,24)    50.00  146.6449  69.9829 38.3718 38.2902
             5  169.3567 (177,24)    50.00  119.3567  66.8351 38.9601 13.5615
             6  172.6905 (338,24)    50.00  122.6905  56.7772 60.8649  5.0483
             7  156.5915 (329,24)    47.22  109.3693  25.3112 22.4339 61.6241
             8  138.0207 (306,24)    50.00   88.0207  25.0844 22.1302 40.8060

         SECOND HIGHEST 24-HOUR AVERAGED LINK CONTRIBUTIONS
                 IN MICROGRAMS/M**3 
         INCLUDING AMBIENT BACKGROUND CONCENTRATIONS.

           Rcptr Total  Ending  Ambient  Total   Link  Link  Link
            No.   Conc  Day Hr  Backgnd   Link    +1    +2    +3
 
             1  178.5712 (232,24)    50.00  128.5712  59.5227 34.5420 34.5065
             2  187.6656 (338,24)    50.00  137.6656  56.8586 60.9204 19.8867
             3  209.9906 (338,24)    50.00  159.9906  56.8983 60.9481 42.1443
             4  193.6965 (182,24)    50.00  143.6966  67.3392 40.0425 36.3149
             5  162.2623 (182,24)    50.00  112.2623  67.1938 39.9082  5.1603
             6  169.1879 (306,24)    50.00  119.1879  53.7205 56.4217  9.0456
             7  142.6181 (338,24)    50.00   92.6181  26.7167 23.5927 42.3086
             8  128.9047 (251,24)    50.00   78.9047  21.3804 18.9256 38.5987

         MAXIMUM ANNUAL AVERAGED LINK CONTRIBUTIONS
                 IN MICROGRAMS/M**3 
         INCLUDING AMBIENT BACKGROUND CONCENTRATIONS.

           Rcptr Total  Ending  Ambient  Total   Link  Link  Link
            No.   Conc  Day Hr  Backgnd   Link    +1    +2    +3
 
             1  112.2207 (366,24)    50.00   62.2209  29.2894 16.7163 16.2151
             2  104.3290 (366,24)    50.00   54.3295  17.8638 20.2682 16.1975
             3  109.1065 (366,24)    50.00   59.1065  17.8784 20.2799 20.9482
             4  116.9981 (366,24)    50.00   66.9982  29.3039 16.7278 20.9666
             5  100.8026 (366,24)    50.00   50.8028  29.2426 16.6790  4.8812
             6   92.9126 (366,24)    50.00   42.9126  17.8158 20.2300  4.8667
             7   84.8696 (366,24)    50.00   34.8697   7.3441  6.6153 20.9102
                                                          CAL3QHCR (Dated: 13196)

     DATE : 07/16/13                                                                                                 PAGE:  5
     TIME : 08:26:11

     JOB: EXAMPLE OF PM-10 ROADWAY HOT SPOT                           RUN: MAIN ST. BETWEEN DISTANT INTERSECTIONS  

       LINK CONTRIBUTION TABLES


         MAXIMUM ANNUAL AVERAGED LINK CONTRIBUTIONS
                 IN MICROGRAMS/M**3 
         INCLUDING AMBIENT BACKGROUND CONCENTRATIONS.

           Rcptr Total  Ending  Ambient  Total   Link  Link  Link
            No.   Conc  Day Hr  Backgnd   Link    +1    +2    +3
 
             8   80.0952 (366,24)    50.00   30.0953   7.3303  6.6040 16.1610
                                                          CAL3QHCR (Dated: 13196)

     DATE : 07/16/13                                                                                                 PAGE:  6
     TIME : 08:26:11

     JOB: EXAMPLE OF PM-10 ROADWAY HOT SPOT                           RUN: MAIN ST. BETWEEN DISTANT INTERSECTIONS  


                                                           CALM DURATION FREQUENCY

           Hours of    Frequency
         Consecutive       of    
         Calm Winds    Occurrence    (Julian day/hour ending) of Significant Occurrences

              1           188        (  7,13)( 11, 5)( 11,13)( 21,24)( 23,19)( 29, 5)( 31, 3)( 31, 6)( 34,24)( 35, 6)
                                     ( 40,18)( 42,23)( 43, 5)( 46, 2)( 46,14)( 48, 5)( 54, 2)( 54, 6)( 56, 2)( 59, 8)
                                     ( 62, 6)( 62,23)( 71,19)( 72,23)( 73, 4)( 73, 8)( 76, 8)( 83, 4)( 84,23)( 85, 1)
                                     (105, 7)(110,18)(111,20)(125, 5)(126, 2)(126, 4)(132,21)(136, 8)(137, 4)(137, 6)
                                     (143,21)(144, 1)(154, 4)(154, 6)(156, 6)(158, 1)(160,24)(164, 1)(169, 6)(174, 4)
                                     (174,20)(175,21)(179, 6)(180, 5)(180,24)(182, 3)(182, 6)(184, 1)(188, 7)(188,24)
                                     (190, 2)(190,24)(191, 4)(191, 6)(192, 1)(192, 6)(193, 3)(193,23)(195,24)(198, 8)
                                     (199,20)(201,21)(201,24)(202, 2)(202, 5)(202,23)(203, 6)(204, 2)(204, 5)(204, 7)
                                     (205,22)(205,24)(206, 2)(206, 4)(210, 5)(212, 2)(214, 9)(214,21)(214,23)(215, 2)
                                     (215, 4)(215,21)(228,23)(230, 3)(233, 4)(238, 5)(239,22)(240, 2)(242, 3)(242,21)
                                     (242,23)(243, 1)(243,23)(244, 2)(244, 5)(246,22)(246,24)(247, 7)(248, 5)(250,22)
                                     (253,21)(255, 1)(257,24)(258, 3)(259,24)(260,21)(261, 1)(261, 6)(261, 8)(261,21)
                                     (261,24)(262, 3)(262, 7)(263, 1)(263, 3)(266, 4)(267, 3)(270, 1)(270, 5)(271,21)
                                     (273,14)(273,20)(276, 8)(277, 1)(280,23)(285, 8)(285,19)(288,19)(288,22)(289, 7)
                                     (289,18)(289,20)(289,24)(291,18)(292, 4)(292, 8)(294, 6)(297,23)(299, 4)(300, 6)
                                     (300, 8)(301, 4)(301, 7)(301,19)(302, 5)(306, 7)(306,15)(306,20)(307, 2)(308, 7)
                                     (308,22)(309,17)(311,19)(311,21)(312,18)(312,21)(314, 5)(315, 1)(319,11)(319,21)
                                     (320,20)(324,15)(329, 4)(329, 6)(336, 8)(338,21)(338,23)(339,11)(344,19)(344,21)
                                     (346, 8)(347, 5)(347,16)(356,19)(356,21)(357, 1)(357,23)(363,19)
              2            55        ( 23,24)( 24, 3)( 29, 8)( 36,18)( 43, 3)( 46, 6)( 48,22)( 49, 3)(102, 3)(111,24)
                                     (125,23)(136, 6)(139, 2)(139, 6)(156, 3)(157,21)(174,23)(193, 1)(196, 4)(198, 6)
                                     (198,23)(200,23)(203, 2)(203,22)(205, 1)(205, 5)(205, 8)(208,23)(222,24)(242, 6)
                                     (247, 3)(249,24)(250, 3)(250, 6)(250, 9)(261, 4)(262,20)(262,23)(272, 1)(279, 5)
                                     (281, 7)(286, 7)(288, 8)(289, 1)(299, 2)(301,23)(302, 2)(302,23)(306,23)(328,22)
                                     (329, 9)(344,24)(355,24)(356, 8)(361,10)
              3            27        ( 18,23)( 45,24)( 49, 7)( 53, 7)(102, 7)(107, 2)(144, 6)(160, 7)(180,22)(183, 2)
                                     (193, 7)(194, 3)(199,24)(202,21)(209, 4)(218, 3)(228, 7)(230, 7)(243, 6)(280, 5)
                                     (281, 3)(289, 5)(301, 2)(312, 7)(320, 4)(329,19)(356, 4)
              4            12        ( 87,24)(170, 2)(198, 3)(209,24)(233, 1)(248, 1)(254,23)(269,23)(280, 1)(300,22)
                                     (312, 3)(320, 9)
              5            12        (142,24)(143, 6)(147, 2)(169, 4)(178, 7)(188, 4)(189, 6)(228, 3)(254, 6)(286,23)
                                     (295, 1)(307, 8)
              6             6        ( 59, 6)(199, 6)(238, 2)(259, 3)(288, 5)(298, 6)
              7             3        (229, 7)(286, 3)(310, 2)
              9             2        (220, 6)(252, 5)
             10             3        (253, 7)(305, 9)(309, 9)
 
     Program terminated normally
 
