                                                           CAL3QHCR (Dated: 04181)

     DATE :  7/ 1/ 4                                                                                                 PAGE:  1
     TIME : 14:37: 1

     JOB: EXAMPLE - TWO WAY INTERSECTION (EX-1)                       RUN: MAIN ST. AND LOCAL ST. INTERSECTION     

       ===================
       General Information
       ===================

         Run start date:  1/ 1/64    Julian:   1
               end date: 12/31/64    Julian: 366

         A Tier 2 approach was used for input data preparation.

         The MODE flag has been set to p for calculating PM averages.

         Ambient background concentrations are included in the averages below.


       Site & Meteorological Constants
       -------------------------------
         VS =   0.0 CM/S       VD =   0.0 CM/S       Z0 = 175. CM     ATIM =  60.

           Met. Sfc. Sta. Id & Yr = 94823    64
           Upper Air Sta. Id & Yr = 94823    64

         Urban mixing heights were processed.

         In 1964, Julian day 1 is a Wednesday.

         The patterns from the input file
         have been assigned as follows:

           Pattern # 1 is assigned to Monday.   
           Pattern # 1 is assigned to Tuesday.  
           Pattern # 1 is assigned to Wednesday.
           Pattern # 1 is assigned to Thursday. 
           Pattern # 1 is assigned to Friday.   
           Pattern # 2 is assigned to Saturday. 
           Pattern # 3 is assigned to Sunday.   

       Link Data Constants - (Variable data in *.LNK file)
       -------------------

             LINK DESCRIPTION     *         LINK COORDINATES (FT)          *   LENGTH   BRG  TYPE    H     W  NLANES
                                  *     X1        Y1        X2        Y2   *    (FT)   (DEG)       (FT)  (FT)
          ------------------------*----------------------------------------*----------------------------------------
           1. Main St.NB Appr/Dep *     10.0   -1000.0      10.0    1000.0 *    2000.   360.  AG    0.0  40.0
           2. Main St.SB Appr/Dep *    -10.0    1000.0     -10.0   -1000.0 *    2000.   180.  AG    0.0  40.0
           3. Local St.Appr.Dep.  *  -1000.0       0.0    1000.0       0.0 *    2000.    90.  AG    0.0  40.0
                                                          CAL3QHCR (Dated: 04181)

     DATE :  7/ 1/ 4                                                                                                 PAGE:  2
     TIME : 14:37: 1

     JOB: EXAMPLE - TWO WAY INTERSECTION (EX-1)                       RUN: MAIN ST. AND LOCAL ST. INTERSECTION     

       Receptor Data
       -------------

                                   *           COORDINATES (FT)
              RECEPTOR             *         X          Y          Z
          -------------------------*-------------------------------------
           1. REC 1 (SE CORNER)    *        45.0      -35.0        6.0
           2. REC 2 (SW CORNER)    *       -45.0      -35.0        6.0
           3. REC 3 (NW CORNER)    *       -45.0       35.0        6.0
           4. REC 4 (NE CORNER)    *        45.0       35.0        6.0
           5. REC 5 (E MID-MAIN)   *        45.0     -150.0        6.0
           6. REC 6 (W MID-MAIN)   *       -45.0     -150.0        6.0
           7. REC 7 (N MID-LOCAL)  *      -150.0       35.0        6.0
           8. REC 8 (S MID-LOCAL)  *      -150.0      -35.0        6.0

       Model Results
       -------------

         Remarks : In search of the wind direction corresponding
                   to the maximum concentration, only the first
                   direction, of the directions with the same maximum
                   concentrations, is indicated as the maximum.

                 * MAXIMUM HOURLY CONCENTRATIONS WITH ANY AMBIENT BACKGROUND CONCENTRATIONS (BKG) ADDED
                 *   (MICROGRAMS/M**3)
                 *    REC1    REC2    REC3    REC4    REC5    REC6    REC7    REC8 
         --------*----------------------------------------------------------------
         MAX+BKG *   318.4   336.2   427.4   358.6   286.3   331.6   263.7   216.5
         - BKG   *    50.0    50.0    50.0    50.0    50.0    50.0    50.0    50.0
         --------*----------------------------------------------------------------
           MAX   *   268.4   286.2   377.4   308.6   236.3   281.6   213.7   166.5
         WIND DIR*    283      16     151     195     195     151     151      83
         JULIAN  *    218     217     258      48      48     258     258     154
         HOUR    *      7      17       8       7       7       8       8       7


         THE HIGHEST CONCENTRATION OF  427.40 UG/M**3 OCCURRED AT RECEPTOR REC3 .

                                                          CAL3QHCR (Dated: 04181)

     DATE :  7/ 1/ 4                                                                                                 PAGE:  3
     TIME : 14:37:12

     JOB: EXAMPLE - TWO WAY INTERSECTION (EX-1)                       RUN: MAIN ST. AND LOCAL ST. INTERSECTION     

       ==============
       Output Section
       ==============

       NOTES PERTAINING TO THE REPORT

         1.  THE HIGHEST AVERAGE IN EACH OF THE FIRST TWO COLUMNS OF EACH TABLE BELOW ARE SUFFIXED BY AN ASTERISK (*).
             FOR PM OUTPUT, THERE IS ONLY ONE COLUMN AND ASTERISK FOR THE ANNUAL AVERAGE/PERIOD OF CONCERN TABLE.

         2.  THE NUMBERS IN PARENTHESES ARE THE JULIAN DAY AND ENDING HOUR FOR THE PRECEDING AVERAGE.

         3.  THE NUMBER OF CALM HOURS USED IN PRODUCING EACH AVERAGE ARE PREFIXED BY A C.


       PRIMARY AND SECONDARY AVERAGES.

         FIVE HIGHEST 24-HOUR END-TO-END AVERAGE CONCENTRATIONS IN MICROGRAMS/M**3
         INCLUDING AMBIENT BACKGROUND CONCENTRATIONS.

                       Highest         Second Highest       Third Highest      Fourth Highest       Fifth Highest
           Rcptr        Ending              Ending              Ending              Ending              Ending
            No.   Conc  Day Hr  Calm  Conc  Day Hr  Calm  Conc  Day Hr  Calm  Conc  Day Hr  Calm  Conc  Day Hr  Calm 

              1 137.30 (177,24) C 0 135.95 (232,24) C 3 135.67 (311,24) C 3 132.71 (169,24) C 7 132.16 (279,24) C 5
              2 151.09 (190,24) C 2 148.26 (338,24) C 2 144.49 (344,24) C 4 144.04 (202,24) C 6 143.98 (251,24) C 4
              3 163.32*(338,24) C 2 154.04*( 24,24) C 2 153.45 (329,24) C 7 152.31 (209,24) C 7 151.37 (345,24) C 0
              4 145.84 (314,24) C 1 141.90 (182,24) C 3 141.17 (347,24) C 2 136.33 (302,24) C 5 134.14 ( 43,24) C 3
              5 121.54 (177,24) C 0 120.53 (232,24) C 3 119.46 (182,24) C 3 118.24 (314,24) C 1 117.98 (311,24) C 3
              6 136.40 (338,24) C 2 130.57 (344,24) C 4 129.95 (190,24) C 2 125.86 (202,24) C 6 125.85 (251,24) C 4
              7 115.96 (338,24) C 2 114.44 ( 24,24) C 2 111.57 (345,24) C 0 110.71 (329,24) C 7 109.25 ( 31,24) C 2
              8 109.29 (190,24) C 2 103.93 (202,24) C 6 103.91 (251,24) C 4 102.78 ( 49,24) C 5 101.23 (246,24) C 2

         THE HIGHEST ANNUAL AVERAGE CONCENTRATIONS
                 IN MICROGRAMS/M**3 
         INCLUDING AMBIENT BACKGROUND CONCENTRATIONS.

           Receptor      Maximum  Ending
            Number         Conc   Day Hr  Calm
               1          89.15  (366,24) C 592
               2          83.25  (366,24) C 592
               3          86.51  (366,24) C 592
               4          92.41* (366,24) C 592
               5          82.13  (366,24) C 592
               6          76.24  (366,24) C 592
               7          71.59  (366,24) C 592
               8          68.33  (366,24) C 592
                                                          CAL3QHCR (Dated: 04181)

     DATE :  7/ 1/ 4                                                                                                 PAGE:  4
     TIME : 14:37:12

     JOB: EXAMPLE - TWO WAY INTERSECTION (EX-1)                       RUN: MAIN ST. AND LOCAL ST. INTERSECTION     

       LINK CONTRIBUTION TABLES


         MAXIMUM 24-HOUR AVERAGED LINK CONTRIBUTIONS
                 IN MICROGRAMS/M**3 
         INCLUDING AMBIENT BACKGROUND CONCENTRATIONS.

           Rcptr Total  Ending  Ambient  Total   Link  Link  Link
            No.   Conc  Day Hr  Backgnd   Link    +1    +2    +3
 
             1  137.30 (177,24)  50.00   87.30  40.45 23.38 23.47
             2  151.09 (190,24)  50.00  101.09  33.16 36.27 31.65
             3  163.32 (338,24)  50.00  113.32  40.11 42.77 30.44
             4  145.84 (314,24)  50.00   95.84  42.75 24.97 28.11
             5  121.54 (177,24)  50.00   71.54  40.48 23.38  7.68
             6  136.40 (338,24)  50.00   86.40  40.01 42.71  3.67
             7  115.96 (338,24)  50.00   65.96  18.79 16.59 30.59
             8  109.29 (190,24)  50.00   59.29  14.60 12.99 31.70

         SECOND HIGHEST 24-HOUR AVERAGED LINK CONTRIBUTIONS
                 IN MICROGRAMS/M**3 
         INCLUDING AMBIENT BACKGROUND CONCENTRATIONS.

           Rcptr Total  Ending  Ambient  Total   Link  Link  Link
            No.   Conc  Day Hr  Backgnd   Link    +1    +2    +3
 
             1  135.95 (232,24)  50.00   85.95  40.27 23.26 22.42
             2  148.26 (338,24)  50.00   98.26  40.07 42.75 15.44
             3  154.04 ( 24,24)  50.00  104.04  34.22 35.86 33.95
             4  141.90 (182,24)  50.00   91.90  42.18 24.98 24.75
             5  120.53 (232,24)  50.00   70.53  40.35 23.32  6.87
             6  130.57 (344,24)  50.00   80.57  33.55 39.40  7.62
             7  114.44 ( 24,24)  50.00   64.44  16.09 14.17 34.18
             8  103.93 (202,24)  50.00   53.93  14.73 13.06 26.14

         MAXIMUM ANNUAL AVERAGED LINK CONTRIBUTIONS
                 IN MICROGRAMS/M**3 
         INCLUDING AMBIENT BACKGROUND CONCENTRATIONS.

           Rcptr Total  Ending  Ambient  Total   Link  Link  Link
            No.   Conc  Day Hr  Backgnd   Link    +1    +2    +3
 
             1   89.15 (366,24)  50.00   39.15  18.61 10.61  9.93
             2   83.25 (366,24)  50.00   33.25  10.91 12.42  9.92
             3   86.51 (366,24)  50.00   36.51  10.91 12.43 13.16
             4   92.41 (366,24)  50.00   42.41  18.62 10.61 13.18
             5   82.13 (366,24)  50.00   32.13  18.58 10.58  2.97
             6   76.24 (366,24)  50.00   26.24  10.88 12.40  2.96
             7   71.59 (366,24)  50.00   21.58   4.44  4.01 13.14
                                                          CAL3QHCR (Dated: 04181)

     DATE :  7/ 1/ 4                                                                                                 PAGE:  5
     TIME : 14:37:12

     JOB: EXAMPLE - TWO WAY INTERSECTION (EX-1)                       RUN: MAIN ST. AND LOCAL ST. INTERSECTION     

       LINK CONTRIBUTION TABLES


         MAXIMUM ANNUAL AVERAGED LINK CONTRIBUTIONS
                 IN MICROGRAMS/M**3 
         INCLUDING AMBIENT BACKGROUND CONCENTRATIONS.

           Rcptr Total  Ending  Ambient  Total   Link  Link  Link
            No.   Conc  Day Hr  Backgnd   Link    +1    +2    +3
 
             8   68.33 (366,24)  50.00   18.33   4.43  4.00  9.90
                                                          CAL3QHCR (Dated: 04181)

     DATE :  7/ 1/ 4                                                                                                 PAGE:  6
     TIME : 14:37:12

     JOB: EXAMPLE - TWO WAY INTERSECTION (EX-1)                       RUN: MAIN ST. AND LOCAL ST. INTERSECTION     


                                                           CALM DURATION FREQUENCY

           Hours of    Frequency
         Consecutive       of    
         Calm Winds    Occurrence    (Julian day/hour ending) of Significant Occurrences

              1           188        (  7,13)( 11, 5)( 11,13)( 21,24)( 23,19)( 29, 5)( 31, 3)( 31, 6)( 34,24)( 35, 6)
                                     ( 40,18)( 42,23)( 43, 5)( 46, 2)( 46,14)( 48, 5)( 54, 2)( 54, 6)( 56, 2)( 59, 8)
                                     ( 62, 6)( 62,23)( 71,19)( 72,23)( 73, 4)( 73, 8)( 76, 8)( 83, 4)( 84,23)( 85, 1)
                                     (105, 7)(110,18)(111,20)(125, 5)(126, 2)(126, 4)(132,21)(136, 8)(137, 4)(137, 6)
                                     (143,21)(144, 1)(154, 4)(154, 6)(156, 6)(158, 1)(160,24)(164, 1)(169, 6)(174, 4)
                                     (174,20)(175,21)(179, 6)(180, 5)(180,24)(182, 3)(182, 6)(184, 1)(188, 7)(188,24)
                                     (190, 2)(190,24)(191, 4)(191, 6)(192, 1)(192, 6)(193, 3)(193,23)(195,24)(198, 8)
                                     (199,20)(201,21)(201,24)(202, 2)(202, 5)(202,23)(203, 6)(204, 2)(204, 5)(204, 7)
                                     (205,22)(205,24)(206, 2)(206, 4)(210, 5)(212, 2)(214, 9)(214,21)(214,23)(215, 2)
                                     (215, 4)(215,21)(228,23)(230, 3)(233, 4)(238, 5)(239,22)(240, 2)(242, 3)(242,21)
                                     (242,23)(243, 1)(243,23)(244, 2)(244, 5)(246,22)(246,24)(247, 7)(248, 5)(250,22)
                                     (253,21)(255, 1)(257,24)(258, 3)(259,24)(260,21)(261, 1)(261, 6)(261, 8)(261,21)
                                     (261,24)(262, 3)(262, 7)(263, 1)(263, 3)(266, 4)(267, 3)(270, 1)(270, 5)(271,21)
                                     (273,14)(273,20)(276, 8)(277, 1)(280,23)(285, 8)(285,19)(288,19)(288,22)(289, 7)
                                     (289,18)(289,20)(289,24)(291,18)(292, 4)(292, 8)(294, 6)(297,23)(299, 4)(300, 6)
                                     (300, 8)(301, 4)(301, 7)(301,19)(302, 5)(306, 7)(306,15)(306,20)(307, 2)(308, 7)
                                     (308,22)(309,17)(311,19)(311,21)(312,18)(312,21)(314, 5)(315, 1)(319,11)(319,21)
                                     (320,20)(324,15)(329, 4)(329, 6)(336, 8)(338,21)(338,23)(339,11)(344,19)(344,21)
                                     (346, 8)(347, 5)(347,16)(356,19)(356,21)(357, 1)(357,23)(363,19)
              2            55        ( 23,24)( 24, 3)( 29, 8)( 36,18)( 43, 3)( 46, 6)( 48,22)( 49, 3)(102, 3)(111,24)
                                     (125,23)(136, 6)(139, 2)(139, 6)(156, 3)(157,21)(174,23)(193, 1)(196, 4)(198, 6)
                                     (198,23)(200,23)(203, 2)(203,22)(205, 1)(205, 5)(205, 8)(208,23)(222,24)(242, 6)
                                     (247, 3)(249,24)(250, 3)(250, 6)(250, 9)(261, 4)(262,20)(262,23)(272, 1)(279, 5)
                                     (281, 7)(286, 7)(288, 8)(289, 1)(299, 2)(301,23)(302, 2)(302,23)(306,23)(328,22)
                                     (329, 9)(344,24)(355,24)(356, 8)(361,10)
              3            27        ( 18,23)( 45,24)( 49, 7)( 53, 7)(102, 7)(107, 2)(144, 6)(160, 7)(180,22)(183, 2)
                                     (193, 7)(194, 3)(199,24)(202,21)(209, 4)(218, 3)(228, 7)(230, 7)(243, 6)(280, 5)
                                     (281, 3)(289, 5)(301, 2)(312, 7)(320, 4)(329,19)(356, 4)
              4            12        ( 87,24)(170, 2)(198, 3)(209,24)(233, 1)(248, 1)(254,23)(269,23)(280, 1)(300,22)
                                     (312, 3)(320, 9)
              5            12        (142,24)(143, 6)(147, 2)(169, 4)(178, 7)(188, 4)(189, 6)(228, 3)(254, 6)(286,23)
                                     (295, 1)(307, 8)
              6             6        ( 59, 6)(199, 6)(238, 2)(259, 3)(288, 5)(298, 6)
              7             3        (229, 7)(286, 3)(310, 2)
              9             2        (220, 6)(252, 5)
             10             3        (253, 7)(305, 9)(309, 9)
 
     Program terminated normally
 
