                                                           CAL3QHCR (Dated: 13196)

     DATE : 07/16/13                                                                                                 PAGE:  1
     TIME : 08:26:23

     JOB: EXAMPLE - TWO WAY INTERSECTION (EX-1)                       RUN: MAIN ST. AND LOCAL ST. INTERSECTION     

       ===================
       General Information
       ===================

         Run start date: 01/01/64    Julian:   1
               end date: 12/31/64    Julian: 366

         A Tier 2 approach was used for input data preparation.

         The MODE flag has been set to p for calculating PM averages.

         Ambient background concentrations are included in the averages below.


       Site & Meteorological Constants
       -------------------------------
         VS =   0.0 CM/S       VD =   0.0 CM/S       Z0 = 175. CM     ATIM =  60.

           Met. Sfc. Sta. Id & Yr = 94823    64
           Upper Air Sta. Id & Yr = 94823    64

         Urban mixing heights were processed.

         In 1964, Julian day 1 is a Wednesday.

         The patterns from the input file
         have been assigned as follows:

           Pattern # 1 is assigned to Monday.   
           Pattern # 1 is assigned to Tuesday.  
           Pattern # 1 is assigned to Wednesday.
           Pattern # 1 is assigned to Thursday. 
           Pattern # 1 is assigned to Friday.   
           Pattern # 2 is assigned to Saturday. 
           Pattern # 3 is assigned to Sunday.   

       Link Data Constants - (Variable data in *.LNK file)
       -------------------

             LINK DESCRIPTION     *         LINK COORDINATES (FT)          *   LENGTH   BRG  TYPE    H     W  NLANES
                                  *     X1        Y1        X2        Y2   *    (FT)   (DEG)       (FT)  (FT)
          ------------------------*----------------------------------------*----------------------------------------
           1. Main St.NB Appr/Dep *     10.0   -1000.0      10.0    1000.0 *    2000.   360.  AG    0.0  40.0
           2. Main St.SB Appr/Dep *    -10.0    1000.0     -10.0   -1000.0 *    2000.   180.  AG    0.0  40.0
           3. Local St.Appr.Dep.  *  -1000.0       0.0    1000.0       0.0 *    2000.    90.  AG    0.0  40.0
                                                          CAL3QHCR (Dated: 13196)

     DATE : 07/16/13                                                                                                 PAGE:  2
     TIME : 08:26:23

     JOB: EXAMPLE - TWO WAY INTERSECTION (EX-1)                       RUN: MAIN ST. AND LOCAL ST. INTERSECTION     

       Receptor Data
       -------------

                                   *           COORDINATES (FT)
              RECEPTOR             *         X          Y          Z
          -------------------------*-------------------------------------
           1. REC 1 (SE CORNER)    *        45.0      -35.0        6.0
           2. REC 2 (SW CORNER)    *       -45.0      -35.0        6.0
           3. REC 3 (NW CORNER)    *       -45.0       35.0        6.0
           4. REC 4 (NE CORNER)    *        45.0       35.0        6.0
           5. REC 5 (E MID-MAIN)   *        45.0     -150.0        6.0
           6. REC 6 (W MID-MAIN)   *       -45.0     -150.0        6.0
           7. REC 7 (N MID-LOCAL)  *      -150.0       35.0        6.0
           8. REC 8 (S MID-LOCAL)  *      -150.0      -35.0        6.0

       Model Results
       -------------

         Remarks : In search of the wind direction corresponding
                   to the maximum concentration, only the first
                   direction, of the directions with the same maximum
                   concentrations, is indicated as the maximum.

                 * MAXIMUM HOURLY CONCENTRATIONS WITH ANY AMBIENT BACKGROUND CONCENTRATIONS (BKG) ADDED
                 *   (MICROGRAMS/M**3)
                 *   REC0001  REC0002  REC0003  REC0004  REC0005  REC0006  REC0007  REC0008
         ----------*--------------------------------------------------------------------------------
         MAX+BKG * 318.4252 336.2115 427.4521 358.5953 286.3040 331.5401 263.7045 216.5111
         - BKG   *  50.0000  50.0000  50.0000  50.0000  50.0000  50.0000  50.0000  50.0000
         ----------*--------------------------------------------------------------------------------
           MAX   * 268.4252 286.2115 377.4521 308.5953 236.3040 281.5401 213.7045 166.5111
         WIND DIR*     283       16      151      195      195      151      151       83
         JULIAN  *     218      217      258       48       48      258      258      154
         HOUR    *       7       17        8        7        7        8        8        7


         THE HIGHEST CONCENTRATION OF  427.4521 UG/M**3 OCCURRED AT RECEPTOR REC0003.

                                                          CAL3QHCR (Dated: 13196)

     DATE : 07/16/13                                                                                                 PAGE:  3
     TIME : 08:26:23

     JOB: EXAMPLE - TWO WAY INTERSECTION (EX-1)                       RUN: MAIN ST. AND LOCAL ST. INTERSECTION     

       ==============
       Output Section
       ==============

       NOTES PERTAINING TO THE REPORT

         1.  THE HIGHEST AVERAGE IN EACH OF THE FIRST TWO COLUMNS OF EACH TABLE BELOW ARE SUFFIXED BY AN ASTERISK (*).
             FOR PM OUTPUT, THERE IS ONLY ONE COLUMN AND ASTERISK FOR THE ANNUAL AVERAGE/PERIOD OF CONCERN TABLE.

         2.  THE NUMBERS IN PARENTHESES ARE THE JULIAN DAY AND ENDING HOUR FOR THE PRECEDING AVERAGE.

         3.  THE NUMBER OF CALM HOURS USED IN PRODUCING EACH AVERAGE ARE PREFIXED BY A C.


       PRIMARY AND SECONDARY AVERAGES.

         SIX HIGHEST 24-HOUR END-TO-END AVERAGE CONCENTRATIONS IN MICROGRAMS/M**3
         INCLUDING AMBIENT BACKGROUND CONCENTRATIONS.

                  Highest                Second Highest         Third Highest        Fourth Highest         Fifth Highest         Sixth Highest
            Rcptr         Ending               Ending               Ending               Ending               Ending               Ending
            No.   Conc  Day Hr  Calm    Conc  Day Hr  Calm    Conc  Day Hr  Calm    Conc  Day Hr  Calm    Conc  Day Hr  Calm    Conc  Day Hr  Calm   

              1 137.2871 (177,24) C 0 135.9503 (232,24) C 3 135.6597 (311,24) C 3 132.7209 (169,24) C 7 132.1363 (279,24) C 5 131.0022 ( 34,24) C 1
              2 151.0760 (190,24) C 2 148.2628 (338,24) C 2 144.5008 (344,24) C 4 144.0557 (202,24) C 6 144.0070 (251,24) C 4 142.0657 (273,24) C 2
              3 163.3182*(338,24) C 2 154.0519*( 24,24) C 2 153.4516 (329,24) C 7 152.2987 (209,24) C 7 151.3893 (345,24) C 0 148.7800 ( 31,24) C 2
              4 145.8437 (314,24) C 1 141.8968 (182,24) C 3 141.1611 (347,24) C 2 136.3536 (302,24) C 5 134.1510 ( 43,24) C 3 130.0468 (178,24) C 5
              5 121.5384 (177,24) C 0 120.5487 (232,24) C 3 119.4511 (182,24) C 3 118.2361 (314,24) C 1 117.9548 (311,24) C 3 117.5520 (169,24) C 7
              6 136.3779 (338,24) C 2 130.5602 (344,24) C 4 129.9524 (190,24) C 2 125.8778 (202,24) C 6 125.8587 (251,24) C 4 125.5066 (273,24) C 2
              7 115.9647 (338,24) C 2 114.4414 ( 24,24) C 2 111.5550 (345,24) C 0 110.7190 (329,24) C 7 109.2570 ( 31,24) C 2 108.5365 (209,24) C 7
              8 109.2758 (190,24) C 2 103.9388 (202,24) C 6 103.9072 (251,24) C 4 102.7897 ( 49,24) C 5 101.2388 (246,24) C 2 100.8873 (338,24) C 2

         THE HIGHEST ANNUAL AVERAGE CONCENTRATIONS
                 IN MICROGRAMS/M**3 
         INCLUDING AMBIENT BACKGROUND CONCENTRATIONS.

            Receptor       Maximum  Ending
             Number        Conc     Day Hr  Calm
               1          89.1512  (366,24) C 592
               2          83.2523  (366,24) C 592
               3          86.5101  (366,24) C 592
               4          92.4095* (366,24) C 592
               5          82.1363  (366,24) C 592
               6          76.2393  (366,24) C 592
               7          71.5861  (366,24) C 592
               8          68.3304  (366,24) C 592
                                                          CAL3QHCR (Dated: 13196)

     DATE : 07/16/13                                                                                                 PAGE:  4
     TIME : 08:26:23

     JOB: EXAMPLE - TWO WAY INTERSECTION (EX-1)                       RUN: MAIN ST. AND LOCAL ST. INTERSECTION     

       LINK CONTRIBUTION TABLES


         MAXIMUM 24-HOUR AVERAGED LINK CONTRIBUTIONS
                 IN MICROGRAMS/M**3 
         INCLUDING AMBIENT BACKGROUND CONCENTRATIONS.

           Rcptr Total  Ending  Ambient  Total   Link  Link  Link
            No.   Conc  Day Hr  Backgnd   Link    +1    +2    +3
 
             1  137.2871 (177,24)    50.00   87.2871  40.4504 23.3751 23.4616
             2  151.0760 (190,24)    50.00  101.0760  33.1574 36.2680 31.6505
             3  163.3182 (338,24)    50.00  113.3182  40.1077 42.7709 30.4396
             4  145.8437 (314,24)    50.00   95.8437  42.7583 24.9731 28.1123
             5  121.5384 (177,24)    50.00   71.5384  40.4672 23.3886  7.6827
             6  136.3779 (338,24)    50.00   86.3780  40.0083 42.7013  3.6684
             7  115.9647 (338,24)    50.00   65.9648  18.7870 16.5885 30.5892
             8  109.2758 (190,24)    50.00   59.2758  14.5936 12.9876 31.6946

         SECOND HIGHEST 24-HOUR AVERAGED LINK CONTRIBUTIONS
                 IN MICROGRAMS/M**3 
         INCLUDING AMBIENT BACKGROUND CONCENTRATIONS.

           Rcptr Total  Ending  Ambient  Total   Link  Link  Link
            No.   Conc  Day Hr  Backgnd   Link    +1    +2    +3
 
             1  135.9503 (232,24)    50.00   85.9503  40.2707 23.2600 22.4196
             2  148.2628 (338,24)    50.00   98.2628  40.0747 42.7475 15.4405
             3  154.0519 ( 24,24)    50.00  104.0519  34.2211 35.8627 33.9681
             4  141.8968 (182,24)    50.00   91.8968  42.1797 24.9750 24.7421
             5  120.5487 (232,24)    50.00   70.5487  40.3465 23.3222  6.8799
             6  130.5602 (344,24)    50.00   80.5602  33.5478 39.4067  7.6057
             7  114.4414 ( 24,24)    50.00   64.4414  16.0806 14.1746 34.1862
             8  103.9388 (202,24)    50.00   53.9388  14.7284 13.0629 26.1475

         MAXIMUM ANNUAL AVERAGED LINK CONTRIBUTIONS
                 IN MICROGRAMS/M**3 
         INCLUDING AMBIENT BACKGROUND CONCENTRATIONS.

           Rcptr Total  Ending  Ambient  Total   Link  Link  Link
            No.   Conc  Day Hr  Backgnd   Link    +1    +2    +3
 
             1   89.1512 (366,24)    50.00   39.1511  18.6104 10.6059  9.9348
             2   83.2523 (366,24)    50.00   33.2526  10.9062 12.4234  9.9230
             3   86.5101 (366,24)    50.00   36.5103  10.9150 12.4306 13.1647
             4   92.4095 (366,24)    50.00   42.4093  18.6193 10.6130 13.1769
             5   82.1363 (366,24)    50.00   32.1362  18.5808 10.5823  2.9731
             6   76.2393 (366,24)    50.00   26.2395  10.8764 12.3997  2.9634
             7   71.5861 (366,24)    50.00   21.5862   4.4411  4.0052 13.1399
                                                          CAL3QHCR (Dated: 13196)

     DATE : 07/16/13                                                                                                 PAGE:  5
     TIME : 08:26:23

     JOB: EXAMPLE - TWO WAY INTERSECTION (EX-1)                       RUN: MAIN ST. AND LOCAL ST. INTERSECTION     

       LINK CONTRIBUTION TABLES


         MAXIMUM ANNUAL AVERAGED LINK CONTRIBUTIONS
                 IN MICROGRAMS/M**3 
         INCLUDING AMBIENT BACKGROUND CONCENTRATIONS.

           Rcptr Total  Ending  Ambient  Total   Link  Link  Link
            No.   Conc  Day Hr  Backgnd   Link    +1    +2    +3
 
             8   68.3304 (366,24)    50.00   18.3305   4.4327  3.9984  9.8994
                                                          CAL3QHCR (Dated: 13196)

     DATE : 07/16/13                                                                                                 PAGE:  6
     TIME : 08:26:23

     JOB: EXAMPLE - TWO WAY INTERSECTION (EX-1)                       RUN: MAIN ST. AND LOCAL ST. INTERSECTION     


                                                           CALM DURATION FREQUENCY

           Hours of    Frequency
         Consecutive       of    
         Calm Winds    Occurrence    (Julian day/hour ending) of Significant Occurrences

              1           188        (  7,13)( 11, 5)( 11,13)( 21,24)( 23,19)( 29, 5)( 31, 3)( 31, 6)( 34,24)( 35, 6)
                                     ( 40,18)( 42,23)( 43, 5)( 46, 2)( 46,14)( 48, 5)( 54, 2)( 54, 6)( 56, 2)( 59, 8)
                                     ( 62, 6)( 62,23)( 71,19)( 72,23)( 73, 4)( 73, 8)( 76, 8)( 83, 4)( 84,23)( 85, 1)
                                     (105, 7)(110,18)(111,20)(125, 5)(126, 2)(126, 4)(132,21)(136, 8)(137, 4)(137, 6)
                                     (143,21)(144, 1)(154, 4)(154, 6)(156, 6)(158, 1)(160,24)(164, 1)(169, 6)(174, 4)
                                     (174,20)(175,21)(179, 6)(180, 5)(180,24)(182, 3)(182, 6)(184, 1)(188, 7)(188,24)
                                     (190, 2)(190,24)(191, 4)(191, 6)(192, 1)(192, 6)(193, 3)(193,23)(195,24)(198, 8)
                                     (199,20)(201,21)(201,24)(202, 2)(202, 5)(202,23)(203, 6)(204, 2)(204, 5)(204, 7)
                                     (205,22)(205,24)(206, 2)(206, 4)(210, 5)(212, 2)(214, 9)(214,21)(214,23)(215, 2)
                                     (215, 4)(215,21)(228,23)(230, 3)(233, 4)(238, 5)(239,22)(240, 2)(242, 3)(242,21)
                                     (242,23)(243, 1)(243,23)(244, 2)(244, 5)(246,22)(246,24)(247, 7)(248, 5)(250,22)
                                     (253,21)(255, 1)(257,24)(258, 3)(259,24)(260,21)(261, 1)(261, 6)(261, 8)(261,21)
                                     (261,24)(262, 3)(262, 7)(263, 1)(263, 3)(266, 4)(267, 3)(270, 1)(270, 5)(271,21)
                                     (273,14)(273,20)(276, 8)(277, 1)(280,23)(285, 8)(285,19)(288,19)(288,22)(289, 7)
                                     (289,18)(289,20)(289,24)(291,18)(292, 4)(292, 8)(294, 6)(297,23)(299, 4)(300, 6)
                                     (300, 8)(301, 4)(301, 7)(301,19)(302, 5)(306, 7)(306,15)(306,20)(307, 2)(308, 7)
                                     (308,22)(309,17)(311,19)(311,21)(312,18)(312,21)(314, 5)(315, 1)(319,11)(319,21)
                                     (320,20)(324,15)(329, 4)(329, 6)(336, 8)(338,21)(338,23)(339,11)(344,19)(344,21)
                                     (346, 8)(347, 5)(347,16)(356,19)(356,21)(357, 1)(357,23)(363,19)
              2            55        ( 23,24)( 24, 3)( 29, 8)( 36,18)( 43, 3)( 46, 6)( 48,22)( 49, 3)(102, 3)(111,24)
                                     (125,23)(136, 6)(139, 2)(139, 6)(156, 3)(157,21)(174,23)(193, 1)(196, 4)(198, 6)
                                     (198,23)(200,23)(203, 2)(203,22)(205, 1)(205, 5)(205, 8)(208,23)(222,24)(242, 6)
                                     (247, 3)(249,24)(250, 3)(250, 6)(250, 9)(261, 4)(262,20)(262,23)(272, 1)(279, 5)
                                     (281, 7)(286, 7)(288, 8)(289, 1)(299, 2)(301,23)(302, 2)(302,23)(306,23)(328,22)
                                     (329, 9)(344,24)(355,24)(356, 8)(361,10)
              3            27        ( 18,23)( 45,24)( 49, 7)( 53, 7)(102, 7)(107, 2)(144, 6)(160, 7)(180,22)(183, 2)
                                     (193, 7)(194, 3)(199,24)(202,21)(209, 4)(218, 3)(228, 7)(230, 7)(243, 6)(280, 5)
                                     (281, 3)(289, 5)(301, 2)(312, 7)(320, 4)(329,19)(356, 4)
              4            12        ( 87,24)(170, 2)(198, 3)(209,24)(233, 1)(248, 1)(254,23)(269,23)(280, 1)(300,22)
                                     (312, 3)(320, 9)
              5            12        (142,24)(143, 6)(147, 2)(169, 4)(178, 7)(188, 4)(189, 6)(228, 3)(254, 6)(286,23)
                                     (295, 1)(307, 8)
              6             6        ( 59, 6)(199, 6)(238, 2)(259, 3)(288, 5)(298, 6)
              7             3        (229, 7)(286, 3)(310, 2)
              9             2        (220, 6)(252, 5)
             10             3        (253, 7)(305, 9)(309, 9)
 
     Program terminated normally
 
