 BPIPPRM-45degrees                                                             

                              BPIPPRM (Dated: 19191_DRFT)
 DATE :  8/20/2019
 TIME : 15: 2:39
 BPIPPRM-45degrees                                                             

 ============================
 BPIP PROCESSING INFORMATION:
 ============================

   The p  flag has been set for preparing downwash related data
          for a model run utilizing the PRIME algorithm.

   Inputs entered in METERS     will be converted to meters using 
    a conversion factor of    1.0000.  Output will be in meters.

   The UTMP variable is set to UTMY.  The input is assumed to be in
     UTM coordinates.  BPIP will move the UTM origin to the first pair of
     UTM coordinates read.  The UTM coordinates of the new origin will 
     be subtracted from all the other UTM coordinates entered to form 
     this new local coordinate system.

   Plant north is set to   0.00 degrees with respect to True North.  


 BPIPPRM-45degrees                                                             



                PRELIMINARY* GEP STACK HEIGHT RESULTS TABLE
                         (Output Units: meters)

                            Stack-Building            Preliminary*
         Stack    Stack     Base Elevation    GEP**   GEP Stack
         Name     Height    Differences       EQN1    Height Value


        stack      20.00         0.00        40.00        65.00

   * Results are based on Determinants 1 & 2 on pages 1 & 2 of the GEP
     Technical Support Document.  Determinant 3 may be investigated for
     additional stack height credit.  Final values result after
     Determinant 3 has been taken into consideration.
  ** Results were derived from Equation 1 on page 6 of GEP Technical
     Support Document.  Values have been adjusted for any stack-building
     base elevation differences.

     Note:  Criteria for determining stack heights for modeling emission
     limitations for a source can be found in Table 3.1 of the
     GEP Technical Support Document.





                              BPIPPRM (Dated: 19191_DRFT)
 DATE :  8/20/2019
 TIME : 15: 2:39


 BPIPPRM-45degrees                                                             

  BPIP output is in meters


     SO BUILDHGT stack      16.00   16.00   16.00   16.00   16.00   16.00
     SO BUILDHGT stack      16.00   16.00   16.00   16.00   16.00   16.00
     SO BUILDHGT stack      16.00   16.00   16.00   16.00   16.00   16.00
     SO BUILDHGT stack      16.00   16.00   16.00   16.00   16.00   16.00
     SO BUILDHGT stack      16.00   16.00   16.00   16.00   16.00   16.00
     SO BUILDHGT stack      16.00   16.00   16.00   16.00   16.00   16.00
     SO BUILDWID stack      30.12   27.33   23.71   19.37   17.89   19.32
     SO BUILDWID stack      22.21   25.49   28.00   29.66   30.42   30.25
     SO BUILDWID stack      29.16   29.66   31.71   32.81   32.90   32.00
     SO BUILDWID stack      30.12   27.33   23.71   19.37   17.89   19.32
     SO BUILDWID stack      22.21   25.49   28.00   29.66   30.42   30.25
     SO BUILDWID stack      29.16   29.66   31.71   32.81   32.90   32.00
     SO BUILDLEN stack      29.66   30.42   30.25   29.16   29.66   31.71
     SO BUILDLEN stack      32.81   32.90   32.00   30.12   27.33   23.71
     SO BUILDLEN stack      19.37   17.89   19.32   22.21   25.49   28.00
     SO BUILDLEN stack      29.66   30.42   30.25   29.16   29.66   31.71
     SO BUILDLEN stack      32.81   32.90   32.00   30.12   27.33   23.71
     SO BUILDLEN stack      19.37   17.89   19.32   22.21   25.49   28.00
     SO XBADJ    stack     -14.13  -13.84  -13.12  -12.01  -11.52  -11.66
     SO XBADJ    stack     -11.45  -10.89  -10.00   -8.81   -7.34   -5.66
     SO XBADJ    stack      -3.80   -4.30   -7.12   -9.74  -12.05  -14.00
     SO XBADJ    stack     -15.52  -16.58  -17.12  -17.15  -18.14  -20.05
     SO XBADJ    stack     -21.36  -22.01  -22.00  -21.32  -19.99  -18.05
     SO XBADJ    stack     -15.57  -13.60  -12.20  -12.47  -13.44  -14.00
     SO YBADJ    stack      -6.26   -6.32   -6.20   -5.88   -4.65   -2.54
     SO YBADJ    stack      -1.37   -0.69    0.00    0.69    1.37    2.00
     SO YBADJ    stack       2.57    3.31    4.20    4.95    5.56    6.00
     SO YBADJ    stack       6.26    6.32    6.20    5.88    4.65    2.54
     SO YBADJ    stack       1.37    0.69   -0.00   -0.69   -1.37   -2.00
     SO YBADJ    stack      -2.57   -3.31   -4.20   -4.95   -5.56   -6.00
