1                     CHAVG               (DATED 81180)

1











                                                         CHAVG - VERSION 1.0
0                                                    NOTES PERTAINING TO THE REPORT

0                                      1.  THE HIGHEST LENGTH OF RECORD AVERAGE IS INDICATED
                                           BY AN ASTERISK (*).
0                                      2.  THE HIGHEST AND HIGHEST SECOND RUNNING AVERAGE
                                           FOR EACH AVERAGING PERIOD ARE INDICATED BY AN
                                           ASTERISK (*).
0                                      3.  THE SECOND HIGHEST NONOVERLAPPING RUNNING AVERAGE
                                           FOR EACH RECEPTOR AND EACH AVERAGING TIME IS
                                           INDICATED BY (SH).  THE SECOND HIGHEST NONOVER-
                                           LAPPING RUNNING AVERAGE IS DETERMINED ACCORDING
                                           TO METHODS DESCRIBED IN 'GUIDELINES FOR AIR
                                           QUALITY MAINTENANCE PLANNING AND ANALYSIS VOLUME
                                           11: AIR QUALITY MONITORING AND DATA ANALYSIS'
                                           (EPA 450/4-74-012, SEPT. 1974; OAQPS NO. 1.2-030)
                                           AND 'GUIDELINES FOR THE INTERPRETATION OF AIR
                                           QUALITY STANDARDS' (OAQPS NO. 1.2-008 REV. FEB.
                                           1977).
0                                      4.  THE HIGHEST AND HIGHEST SECOND END-TO-END AVERAGE
                                           FOR EACH AVERAGING PERIOD ARE INDICATED BY AN
                                           ASTERISK (*).
1POSTPROCESSOR TEST                                                                                            CHAVG REPORT
 GENERATED DATA                                                                                                PAGE   1
 05 JAN 81
0AVERAGE CONCENTRATIONS FOR LENGTH OF RECORD TOTALING  240 HOURS.  PERIOD ENDS AT DAY  10 AND HOUR 24.
      (ASTERISK INDICATES HIGHEST CONCENTRATIONS.)

      RECEPTOR    EAST COORDINATE    NORTH COORDINATE           CONCENTRATION
                    (USER UNITS)       (USER UNITS)     (MICRO-GRAMS PER CUBIC METER)
          1          0.000               1.000                      61.563
          2          0.000               2.000                      46.330
          3          0.000               3.000                      41.227
          4          1.414               1.414                      69.520
          5          2.121               2.121                      59.995
          6          1.000               0.000                     102.548
          7          2.000               0.000                     104.591
          8          3.000               0.000                      93.497
          9          1.414              -1.414                     110.765 *
         10          2.121              -2.121                     101.214
         11          0.000              -1.000                      96.836
         12          0.000              -2.000                      96.057
         13          0.000              -3.000                      86.551
         14         -1.414              -1.414                      67.605
         15         -2.121              -2.121                      58.962
         16         -1.000               0.000                      59.049
         17         -2.000               0.000                      35.147
         18         -3.000               0.000                      23.390
         19         -1.414               1.414                      31.559
         20         -2.121               2.121                      28.702
1POSTPROCESSOR TEST                                                                                            CHAVG REPORT
 GENERATED DATA                                                                                                PAGE   2
 05 JAN 81
0  3-HOUR RUNNING AVERAGE CONCENTRATIONS IN MICROGRAMS/M**3 (ENDING ON JULIAN DAY, HR)
0RECEPTOR
    1        144.15   (  5, 6)        143.91 SH(  4, 6)        143.01   (  5, 5)        142.58   (  4, 5)
    2        147.56   (  5, 5)        147.10 SH(  4, 5)        142.57   (  6, 5)        141.26   (  3, 5)
    3        133.48   (  5, 5)        133.06 SH(  4, 5)        129.05   (  6, 5)        128.31   (  5, 4)
    4        197.41   (  5, 6)        197.10 SH(  4, 6)        194.53   (  5, 7)        194.51   (  4, 7)
    5        182.64   (  5, 6)        182.35 SH(  4, 6)        175.99   (  6, 6)        175.65   (  5, 7)
    6        223.66   (  4, 8)        223.28 SH(  5, 8)        219.60   (  4, 9)        218.88   (  5, 9)
    7        242.77   (  4, 8)        242.36 SH(  5, 8)        233.93   (  4, 7)        233.91   (  5, 7)
    8        224.35   (  4, 8)        223.98 SH(  5, 8)        216.02   (  3, 8)        215.14   (  4, 7)
    9        269.37*  (  4,10)        268.86*  (  4, 9)        268.02 SH(  5,10)        267.94   (  5, 9)
   10        247.89   (  4,10)        246.65 SH(  5,10)        246.26   (  4, 9)        245.43   (  5, 9)
   11        245.31   (  4,11)        243.71   (  4,10)        243.68 SH(  5,11)        242.48   (  5,10)
   12        269.09   (  4,11)        267.28 SH(  5,11)        266.39   (  4,10)        265.03   (  5,10)
   13        246.46   (  4,11)        245.73   (  4,10)        244.82 SH(  5,11)        244.49   (  5,10)
   14        221.24   (  4,12)        219.81   (  4,11)        219.42 SH(  5,12)        218.35   (  5,11)
   15        205.49   (  4,12)        203.81 SH(  5,12)        201.09   (  4,11)        199.75   (  5,11)
   16        145.07   (  4,12)        143.94 SH(  5,12)        141.34   (  4,11)        140.82   (  3,12)
   17        103.68   (  4,12)        102.92 SH(  5,12)        100.85   (  3,12)         98.69   (  6,12)
   18         43.27   (  4,12)         43.06   (  4,13)         43.04 SH(  5,12)         42.83   (  5,13)
   19         89.42   (  5, 4)         89.23   (  5, 3)         89.03 SH(  4, 4)         88.74   (  4, 3)
   20         79.89   (  5, 3)         79.46 SH(  4, 3)         77.75   (  6, 3)         76.54   (  3, 3)
1POSTPROCESSOR TEST                                                                                            CHAVG REPORT
 GENERATED DATA                                                                                                PAGE   3
 05 JAN 81
0  8-HOUR RUNNING AVERAGE CONCENTRATIONS IN MICROGRAMS/M**3 (ENDING ON JULIAN DAY, HR)
0RECEPTOR
    1        117.29   (  5, 8)        117.03 SH(  4, 8)        115.61   (  5, 9)        115.45   (  4, 9)        113.79   (  5, 7)
             113.46   (  4, 7)        113.40   (  6, 8)        112.67   (  3, 8)        111.70   (  6, 9)

    2        104.16   (  5, 6)        103.74 SH(  4, 6)        102.27   (  5, 7)        101.89   (  4, 7)        100.97   (  6, 6)
              99.80   (  3, 6)         99.14   (  6, 7)         98.05   (  3, 7)         97.52   (  5, 8)

    3         89.34   (  5, 6)         88.96 SH(  4, 6)         87.42   (  5, 5)         87.37   (  5, 7)         87.04   (  4, 5)
              87.02   (  4, 7)         86.74   (  6, 6)         85.68   (  3, 6)         84.92   (  6, 5)

    4        153.11   (  5, 8)        152.84 SH(  4, 8)        150.35   (  5, 9)        150.17   (  4, 9)        147.71   (  6, 8)
             146.93   (  3, 8)        145.10   (  5, 7)        144.98   (  6, 9)        144.74   (  4, 7)

    5        133.79   (  5, 8)        133.51 SH(  4, 8)        132.82   (  5, 7)        132.48   (  4, 7)        129.22   (  6, 8)
             128.43   (  3, 8)        128.35   (  6, 7)        127.39   (  3, 7)        126.88   (  5, 9)

    6        198.08   (  4,11)        197.92   (  4,12)        197.60 SH(  5,11)        197.18   (  5,12)        192.15   (  4,13)
             191.88   (  4,10)        191.63   (  5,10)        191.17   (  5,13)        191.05   (  3,12)

    7        205.78   (  4,11)        205.33 SH(  5,11)        202.64   (  4,10)        202.41   (  5,10)        201.81   (  4,12)
             201.12   (  5,12)        198.32   (  3,11)        197.03   (  6,11)        195.10   (  3,10)

    8        184.28   (  4,10)        184.09 SH(  5,10)        183.80   (  4,11)        183.44   (  5,11)        177.49   (  3,10)
             177.19   (  3,11)        176.93   (  6,10)        176.92   (  4,12)        176.38   (  5,12)

    9        245.37*  (  4,13)        243.99*SH(  5,13)        241.60   (  4,12)        240.54   (  5,12)        239.67   (  4,14)
             237.99   (  5,14)        237.10   (  3,13)        233.19   (  6,13)        233.17   (  3,12)

   10        227.00   (  4,13)        225.72 SH(  5,13)        223.26   (  4,12)        222.29   (  5,12)        221.49   (  4,14)
             219.95   (  5,14)        219.40   (  3,13)        215.80   (  6,13)        215.54   (  3,12)

   11        218.97   (  4,14)        218.40   (  4,13)        217.41 SH(  5,14)        217.10   (  5,13)        211.99   (  3,14)
             211.20   (  3,13)        209.73   (  4,15)        208.10   (  4,12)        207.98   (  5,15)

   12        238.31   (  4,14)        236.59 SH(  5,14)        234.14   (  4,13)        232.71   (  5,13)        230.66   (  3,14)
             229.26   (  4,15)        227.34   (  5,15)        226.40   (  3,13)        225.79   (  6,14)

   13        218.97   (  4,14)        217.40 SH(  5,14)        212.58   (  4,13)        212.00   (  3,14)        211.27   (  5,13)
             210.98   (  4,15)        209.23   (  5,15)        207.57   (  6,14)        205.62   (  3,13)

   14        178.64   (  4,15)        177.72   (  4,14)        177.17 SH(  5,15)        176.38   (  5,14)        173.29   (  3,15)
             172.30   (  3,14)        169.13   (  6,15)        168.49   (  6,14)        164.76   (  4,16)

   15        158.74   (  4,15)        157.44 SH(  5,15)        154.07   (  3,15)        152.65   (  4,14)        151.45   (  5,14)
             150.41   (  6,15)        148.15   (  3,14)        146.81   (  4,16)        145.56   (  5,16)

   16        116.90   (  4,14)        116.08 SH(  5,14)        115.78   (  4,15)        114.89   (  5,15)        113.56   (  3,14)
             112.55   (  3,15)        112.27   (  4,13)        111.57   (  5,13)        111.24   (  6,14)

   17         64.94   (  4,14)         64.94   (  4,15)         64.94   (  4,16)         64.50 SH(  5,14)         64.50   (  5,15)
              64.50   (  5,16)         63.44   (  3,14)         63.44   (  3,15)         63.44   (  3,16)

   18         28.98   (  4,13)         28.98   (  4,14)         28.98   (  4,15)         28.98   (  4,16)         28.98   (  4,17)
              28.89 SH(  5,13)         28.89   (  5,14)         28.89   (  5,15)         28.89   (  5,16)

1POSTPROCESSOR TEST                                                                                            CHAVG REPORT
 GENERATED DATA                                                                                                PAGE   4
 05 JAN 81
0  8-HOUR RUNNING AVERAGE CONCENTRATIONS IN MICROGRAMS/M**3 (ENDING ON JULIAN DAY, HR)
0RECEPTOR
   19         59.86   (  5, 5)         59.60   (  5, 4)         59.57 SH(  4, 5)         59.39   (  5, 6)         59.32   (  4, 4)
              59.11   (  4, 6)         58.44   (  6, 5)         58.19   (  6, 4)         57.98   (  6, 6)

   20         50.42   (  5, 4)         50.42   (  5, 5)         50.18 SH(  4, 4)         50.18   (  4, 5)         49.99   (  5, 6)
              49.75   (  4, 6)         49.36   (  6, 4)         49.36   (  6, 5)         48.93   (  6, 6)

1POSTPROCESSOR TEST                                                                                            CHAVG REPORT
 GENERATED DATA                                                                                                PAGE   5
 05 JAN 81
0 24-HOUR RUNNING AVERAGE CONCENTRATIONS IN MICROGRAMS/M**3 (ENDING ON JULIAN DAY, HR)
0RECEPTOR
    1         69.15   (  5, 5)         69.15   (  5, 6)         69.15   (  5, 7)         69.14   (  5, 4)         69.14   (  5, 8)
              69.13   (  5, 9)         69.12   (  5, 3)         69.12   (  5,10)         69.10   (  5,11)         69.10   (  5, 2)
              69.09   (  5,12)         69.07   (  5,13)         69.07   (  5, 1)         69.06   (  5,14)         69.05   (  4,24)
              69.04   (  5,15)         69.04   (  4,23)         69.03   (  4,22)         69.02   (  4,20)         69.02   (  4,21)
              69.02   (  4,19)         69.01   (  4,18)         69.01   (  5,16)         68.99   (  4,17)         68.98 SH(  5,17)

    2         51.10   (  5, 6)         51.10   (  5, 5)         51.10   (  5, 7)         51.10   (  5, 8)         51.10   (  5, 9)
              51.10   (  5,10)         51.10   (  5,11)         51.10   (  5,12)         51.10   (  5,13)         51.10   (  5,14)
              51.10   (  5,15)         51.09   (  5,16)         51.09   (  5, 4)         51.08   (  5,17)         51.07   (  5, 3)
              51.05   (  5,18)         51.04   (  5,19)         51.04   (  5, 2)         51.04   (  5,20)         51.04   (  5,21)
              51.03   (  5,22)         51.01   (  5, 1)         51.01   (  5,23)         50.98   (  4,24)         50.97 SH(  4,23)

    3         45.07   (  5, 6)         45.07   (  5, 7)         45.07   (  5, 8)         45.07   (  5, 9)         45.07   (  5,10)
              45.07   (  5, 5)         45.07   (  5,11)         45.07   (  5,12)         45.07   (  5,13)         45.07   (  5,14)
              45.07   (  5,15)         45.07   (  5,16)         45.06   (  5,17)         45.06   (  5, 4)         45.04   (  5,18)
              45.04   (  5, 3)         45.03   (  5,19)         45.03   (  5,20)         45.03   (  5,21)         45.02   (  5,22)
              45.01   (  5, 2)         45.00   (  5,23)         44.99   (  5, 1)         44.97   (  4,24)         44.96 SH(  5,24)

    4         78.53   (  5, 6)         78.53   (  5, 5)         78.52   (  5, 7)         78.51   (  5, 4)         78.50   (  5, 8)
              78.49   (  5, 9)         78.49   (  5,10)         78.49   (  5,11)         78.49   (  5,12)         78.49   (  5,13)
              78.49   (  5, 3)         78.48   (  5,14)         78.46   (  5, 2)         78.45   (  5,15)         78.43   (  5, 1)
              78.41   (  4,24)         78.40   (  5,16)         78.40   (  4,23)         78.39   (  4,22)         78.38   (  4,20)
              78.38   (  4,21)         78.38   (  4,19)         78.37   (  4,18)         78.35   (  5,17)         78.33 SH(  4,17)

    5         67.25   (  5, 6)         67.25   (  5, 5)         67.24   (  5, 7)         67.24   (  5, 4)         67.24   (  5, 8)
              67.24   (  5, 9)         67.24   (  5,10)         67.24   (  5,11)         67.24   (  5,12)         67.24   (  5,13)
              67.24   (  5,14)         67.22   (  5,15)         67.22   (  5, 3)         67.19   (  5, 2)         67.19   (  5,16)
              67.16   (  5, 1)         67.14   (  5,17)         67.14   (  4,24)         67.13   (  4,23)         67.12   (  4,22)
              67.12   (  4,20)         67.12   (  4,21)         67.12   (  4,19)         67.11   (  5,18)         67.10 SH(  4,18)

    6        117.74   (  5, 5)        117.74   (  5, 6)        117.73   (  5, 4)        117.72   (  5, 7)        117.71   (  5, 3)
             117.69   (  5, 8)        117.68   (  5, 2)        117.66   (  5, 1)        117.65   (  5, 9)        117.65   (  4,24)
             117.64   (  4,23)        117.63   (  4,22)        117.63   (  4,20)        117.63   (  4,21)        117.63   (  4,19)
             117.62   (  4,18)        117.60   (  5,10)        117.59   (  4,17)        117.54   (  5,11)        117.53   (  4,16)
             117.48   (  5,12)        117.44   (  4,15)        117.41   (  5,13)        117.34   (  5,14)        117.32 SH(  4,14)

    7        120.14   (  5, 5)        120.14   (  5, 6)        120.13   (  5, 4)        120.12   (  5, 7)        120.10   (  5, 3)
             120.09   (  5, 8)        120.08   (  5, 2)        120.06   (  5, 1)        120.05   (  5, 9)        120.05   (  4,24)
             120.04   (  4,23)        120.03   (  4,22)        120.03   (  4,20)        120.03   (  4,21)        120.03   (  4,19)
             120.02   (  4,18)        120.00   (  5,10)        119.98   (  4,17)        119.95   (  5,11)        119.92   (  4,16)
             119.90   (  5,12)        119.83   (  5,13)        119.82   (  4,15)        119.76   (  5,14)        119.70 SH(  4,14)

    8        106.99   (  5, 6)        106.99   (  5, 5)        106.98   (  5, 4)        106.97   (  5, 7)        106.96   (  5, 3)
             106.94   (  5, 8)        106.93   (  5, 2)        106.92   (  5, 1)        106.91   (  4,24)        106.91   (  5, 9)
             106.90   (  4,23)        106.90   (  4,22)        106.90   (  4,20)        106.90   (  4,21)        106.90   (  4,19)
             106.88   (  4,18)        106.87   (  5,10)        106.85   (  4,17)        106.83   (  5,11)        106.80   (  4,16)
             106.80   (  5,12)        106.75   (  5,13)        106.71   (  4,15)        106.68   (  5,14)        106.61 SH(  5,15)

1POSTPROCESSOR TEST                                                                                            CHAVG REPORT
 GENERATED DATA                                                                                                PAGE   6
 05 JAN 81
0 24-HOUR RUNNING AVERAGE CONCENTRATIONS IN MICROGRAMS/M**3 (ENDING ON JULIAN DAY, HR)
0RECEPTOR
    9        127.54*  (  5, 5)        127.54*  (  5, 6)        127.53   (  5, 4)        127.52   (  5, 7)        127.51   (  5, 3)
             127.51   (  5, 2)        127.50   (  4,20)        127.50   (  4,21)        127.50   (  4,22)        127.50   (  4,23)
             127.50   (  4,24)        127.50   (  5, 1)        127.50   (  4,19)        127.49   (  4,18)        127.48   (  5, 8)
             127.47   (  4,17)        127.43   (  5, 9)        127.41   (  4,16)        127.35   (  5,10)        127.31   (  4,15)
             127.27   (  5,11)        127.18   (  5,12)        127.16   (  4,14)        127.08   (  5,13)        126.98 SH(  5,14)

   10        116.24   (  5, 5)        116.24   (  5, 6)        116.23   (  5, 4)        116.22   (  5, 7)        116.22   (  5, 3)
             116.22   (  4,20)        116.22   (  4,21)        116.22   (  4,22)        116.22   (  4,23)        116.22   (  4,24)
             116.22   (  5, 1)        116.22   (  4,19)        116.22   (  5, 2)        116.21   (  4,18)        116.19   (  5, 8)
             116.18   (  4,17)        116.13   (  5, 9)        116.13   (  4,16)        116.07   (  5,10)        116.04   (  4,15)
             115.99   (  5,11)        115.91   (  4,14)        115.90   (  5,12)        115.81   (  5,13)        115.73 SH(  4,13)

   11        111.07   (  5, 5)        111.07   (  5, 6)        111.06   (  5, 4)        111.05   (  5, 7)        111.05   (  5, 3)
             111.05   (  5, 2)        111.04   (  5, 1)        111.04   (  4,24)        111.04   (  4,23)        111.04   (  4,22)
             111.03   (  4,20)        111.03   (  4,21)        111.03   (  4,19)        111.03   (  4,18)        111.02   (  5, 8)
             111.01   (  4,17)        110.97   (  4,16)        110.97   (  5, 9)        110.90   (  5,10)        110.90   (  4,15)
             110.82   (  5,11)        110.77   (  4,14)        110.73   (  5,12)        110.63   (  5,13)        110.60 SH(  4,13)

   12        110.19   (  5, 5)        110.19   (  5, 6)        110.18   (  4,18)        110.18   (  4,19)        110.18   (  4,20)
             110.18   (  4,21)        110.18   (  4,22)        110.18   (  4,23)        110.18   (  4,24)        110.18   (  5, 1)
             110.18   (  5, 2)        110.18   (  5, 3)        110.18   (  5, 4)        110.17   (  4,17)        110.17   (  5, 7)
             110.14   (  4,16)        110.14   (  5, 8)        110.08   (  5, 9)        110.06   (  4,15)        110.00   (  5,10)
             109.92   (  4,14)        109.91   (  5,11)        109.81   (  5,12)        109.73   (  4,13)        109.71 SH(  5,13)

   13         98.93   (  4,17)         98.93   (  4,18)         98.93   (  4,19)         98.93   (  4,20)         98.93   (  4,21)
              98.93   (  4,22)         98.93   (  4,23)         98.93   (  4,24)         98.93   (  5, 1)         98.93   (  5, 2)
              98.93   (  5, 3)         98.93   (  5, 6)         98.93   (  5, 4)         98.93   (  5, 5)         98.92   (  5, 7)
              98.90   (  4,16)         98.88   (  5, 8)         98.83   (  5, 9)         98.83   (  4,15)         98.76   (  5,10)
              98.70   (  4,14)         98.68   (  5,11)         98.59   (  5,12)         98.53   (  4,13)         98.49 SH(  5,13)

   14         76.49   (  4,16)         76.49   (  4,17)         76.49   (  4,18)         76.49   (  4,19)         76.49   (  4,20)
              76.49   (  4,21)         76.49   (  4,22)         76.49   (  4,23)         76.49   (  4,24)         76.49   (  5, 1)
              76.49   (  5, 2)         76.49   (  5, 3)         76.49   (  5, 4)         76.49   (  5, 5)         76.49   (  5, 6)
              76.49   (  5, 7)         76.47   (  5, 8)         76.47   (  4,15)         76.42   (  5, 9)         76.39   (  4,14)
              76.36   (  5,10)         76.28   (  5,11)         76.25   (  4,13)         76.20   (  5,12)         76.11 SH(  5,13)

   15         66.25   (  4,15)         66.25   (  4,16)         66.25   (  4,17)         66.25   (  4,18)         66.25   (  4,19)
              66.25   (  4,20)         66.25   (  4,21)         66.25   (  4,22)         66.25   (  4,23)         66.25   (  4,24)
              66.25   (  5, 1)         66.25   (  5, 2)         66.25   (  5, 3)         66.25   (  5, 4)         66.25   (  5, 5)
              66.25   (  5, 6)         66.25   (  5, 7)         66.23   (  5, 8)         66.19   (  5, 9)         66.19   (  4,14)
              66.14   (  5,10)         66.07   (  4,13)         66.07   (  5,11)         65.99   (  5,12)         65.91 SH(  5,13)

   16         66.29   (  5, 6)         66.29   (  5, 5)         66.29   (  5, 4)         66.29   (  5, 7)         66.28   (  5, 3)
              66.28   (  5, 8)         66.27   (  5, 2)         66.26   (  5, 1)         66.25   (  5, 9)         66.25   (  4,24)
              66.24   (  4,23)         66.23   (  4,22)         66.23   (  4,20)         66.23   (  4,21)         66.23   (  4,19)
              66.23   (  4,18)         66.22   (  4,17)         66.21   (  5,10)         66.21   (  4,16)         66.19   (  4,15)
              66.16   (  5,11)         66.15   (  4,14)         66.11   (  5,12)         66.06   (  4,13)         66.06 SH(  5,13)

1POSTPROCESSOR TEST                                                                                            CHAVG REPORT
 GENERATED DATA                                                                                                PAGE   7
 05 JAN 81
0 24-HOUR RUNNING AVERAGE CONCENTRATIONS IN MICROGRAMS/M**3 (ENDING ON JULIAN DAY, HR)
0RECEPTOR
   17         37.99   (  5, 2)         37.99   (  5, 3)         37.99   (  5, 4)         37.99   (  5, 5)         37.99   (  5, 6)
              37.99   (  5, 7)         37.99   (  5, 8)         37.98   (  5, 1)         37.98   (  5, 9)         37.97   (  4,24)
              37.96   (  4,23)         37.96   (  4,22)         37.96   (  4,14)         37.96   (  4,15)         37.96   (  4,16)
              37.96   (  4,17)         37.96   (  4,18)         37.96   (  4,19)         37.96   (  4,20)         37.96   (  4,21)
              37.96   (  5,10)         37.93   (  4,13)         37.92   (  5,11)         37.88   (  5,12)         37.86 SH(  4,12)

   18         24.03   (  5, 1)         24.03   (  5, 2)         24.03   (  5, 3)         24.03   (  5, 4)         24.03   (  5, 5)
              24.03   (  5, 6)         24.03   (  5, 7)         24.03   (  5, 8)         24.03   (  5, 9)         24.03   (  5,10)
              24.03   (  4,24)         24.02   (  4,23)         24.02   (  4,22)         24.02   (  4,13)         24.02   (  4,14)
              24.02   (  4,15)         24.02   (  4,16)         24.02   (  4,17)         24.02   (  4,18)         24.02   (  4,19)
              24.02   (  4,20)         24.02   (  4,21)         24.02   (  4,12)         24.02   (  5,11)         24.00 SH(  5,12)

   19         33.66   (  5, 5)         33.66   (  5, 6)         33.66   (  5, 7)         33.66   (  5, 8)         33.66   (  5, 9)
              33.66   (  5,10)         33.66   (  5,11)         33.66   (  5,12)         33.66   (  5,13)         33.66   (  5,14)
              33.66   (  5,15)         33.66   (  5,16)         33.66   (  5,17)         33.66   (  5, 4)         33.66   (  5,18)
              33.66   (  5,19)         33.65   (  5, 3)         33.65   (  5,20)         33.65   (  5,21)         33.65   (  5,22)
              33.64   (  5, 2)         33.63   (  5,23)         33.61   (  5, 1)         33.59   (  4,24)         33.58 SH(  5,24)

   20         30.29   (  5, 4)         30.29   (  5, 5)         30.29   (  5, 6)         30.29   (  5, 7)         30.29   (  5, 8)
              30.29   (  5, 9)         30.29   (  5,10)         30.29   (  5,11)         30.29   (  5,12)         30.29   (  5,13)
              30.29   (  5,14)         30.29   (  5,15)         30.29   (  5,16)         30.29   (  5,17)         30.29   (  5,18)
              30.29   (  5,19)         30.29   (  5, 3)         30.29   (  5,20)         30.29   (  5,21)         30.29   (  5,22)
              30.28   (  5, 2)         30.27   (  5,23)         30.26   (  5, 1)         30.24   (  4,24)         30.22 SH(  5,24)

1POSTPROCESSOR TEST                                                                                            CHAVG REPORT
 GENERATED DATA                                                                                                PAGE   8
 05 JAN 81
0  4-HOUR RUNNING AVERAGE CONCENTRATIONS IN MICROGRAMS/M**3 (ENDING ON JULIAN DAY, HR)
0RECEPTOR
    1        140.88   (  5, 6)        140.56 SH(  4, 6)        136.05   (  6, 6)        135.16   (  5, 7)        135.13   (  3, 6)

    2        139.35   (  5, 5)        138.83 SH(  4, 5)        134.76   (  6, 5)        134.59   (  5, 6)        134.24   (  4, 6)

    3        126.68   (  5, 5)        126.21 SH(  4, 5)        122.59   (  6, 5)        121.25   (  3, 5)        115.88   (  5, 4)

    4        191.51   (  5, 7)        191.35 SH(  4, 7)        185.26   (  5, 6)        184.85   (  4, 6)        184.37   (  6, 7)

    5        173.53   (  5, 7)        173.37 SH(  4, 7)        171.18   (  5, 6)        170.81   (  4, 6)        167.15   (  6, 7)

    6        219.40   (  4, 9)        218.87 SH(  5, 9)        216.11   (  4, 8)        215.91   (  5, 8)        211.43   (  3, 9)

    7        235.03   (  4, 8)        234.81 SH(  5, 8)        234.36   (  4, 9)        233.80   (  5, 9)        226.09   (  3, 8)

    8        216.84   (  4, 8)        216.64 SH(  5, 8)        215.03   (  4, 9)        214.52   (  5, 9)        208.66   (  3, 8)

    9        266.80*  (  4,10)        265.68*SH(  5,10)        262.69   (  4,11)        261.17   (  5,11)        258.00   (  4, 9)

   10        245.24   (  4,10)        244.21 SH(  5,10)        242.50   (  4,11)        241.10   (  5,11)        237.22   (  4, 9)

   11        242.41   (  4,11)        240.99 SH(  5,11)        238.98   (  4,12)        237.21   (  5,12)        234.29   (  3,11)

   12        265.22   (  4,11)        263.66 SH(  5,11)        262.13   (  4,12)        260.17   (  5,12)        256.28   (  3,11)

   13        243.97   (  4,11)        242.55 SH(  5,11)        239.89   (  4,12)        238.12   (  5,12)        235.80   (  3,11)

   14        217.22   (  4,12)        215.60 SH(  5,12)        210.53   (  4,13)        210.36   (  3,12)        208.67   (  5,13)

   15        199.60   (  4,12)        198.13 SH(  5,12)        195.40   (  4,13)        193.68   (  5,13)        193.37   (  3,12)

   16        140.74   (  4,12)        139.74 SH(  5,12)        137.93   (  4,13)        136.78   (  5,13)        136.55   (  3,12)

   17         97.08   (  4,13)         96.32 SH(  5,13)         94.52   (  3,13)         92.38   (  6,13)         90.61   (  4,12)

   18         37.96   (  4,13)         37.78 SH(  5,13)         37.45   (  4,12)         37.36   (  3,13)         37.29   (  4,14)

   19         85.93   (  5, 4)         85.51 SH(  4, 4)         83.52   (  6, 4)         82.34   (  3, 4)         80.38   (  5, 3)

   20         72.77   (  5, 3)         72.36 SH(  4, 3)         70.91   (  6, 3)         69.76   (  3, 3)         68.54   (  5, 4)

1POSTPROCESSOR TEST                                                                                            CHAVG REPORT
 GENERATED DATA                                                                                                PAGE   9
 05 JAN 81
0FIVE HIGHEST  1-HOUR END-TO-END AVERAGE CONCENTRATIONS IN MICROGRAMS/M**3 (ENDING ON JULIAN DAY, HR)
0RECEPTOR      1                        2                        3                        4                        5

    1        149.88   (  5, 5)        149.64   (  4, 5)        148.06   (  5, 4)        147.60   (  4, 4)        144.58   (  6, 5)
    2        156.59   (  5, 4)        156.09   (  4, 4)        151.25   (  6, 4)        149.84   (  3, 4)        143.99   (  5, 5)
    3        145.90   (  5, 4)        145.44   (  4, 4)        140.98   (  6, 4)        139.68   (  3, 4)        132.76   (  5, 3)
    4        204.93   (  5, 5)        204.84   (  5, 6)        204.84   (  4, 6)        204.59   (  4, 5)        197.38   (  6, 5)
    5        190.39   (  5, 5)        190.37   (  5, 6)        190.37   (  4, 6)        190.08   (  4, 5)        183.44   (  6, 5)
    6        228.91   (  4, 7)        228.52   (  5, 7)        223.25   (  4, 8)        222.51   (  5, 8)        220.38   (  3, 7)
    7        250.01   (  4, 7)        249.59   (  5, 7)        240.63   (  3, 7)        239.96   (  5, 6)        239.96   (  4, 6)
    8        231.92   (  4, 7)        231.54   (  5, 7)        223.27   (  3, 7)        222.18   (  6, 7)        221.95   (  4, 8)
    9        274.24*  (  4, 8)        273.31*  (  5, 8)        273.25   (  4, 9)        271.87   (  5, 9)        264.30   (  3, 8)
   10        251.51   (  4, 9)        250.24   (  5, 9)        250.01   (  4, 8)        249.17   (  5, 8)        242.86   (  3, 9)
   11        248.96   (  4,10)        248.48   (  4, 9)        247.30   (  5,10)        247.23   (  5, 9)        240.80   (  3,10)
   12        273.25   (  4,10)        272.29   (  4, 9)        271.41   (  5,10)        270.91   (  5, 9)        264.22   (  3,10)
   13        250.94   (  4, 9)        249.75   (  4,10)        249.68   (  5, 9)        248.08   (  5,10)        242.31   (  3, 9)
   14        227.32   (  4,10)        226.97   (  4,11)        225.81   (  5,10)        225.09   (  5,11)        219.95   (  3,11)
   15        211.37   (  4,11)        209.94   (  4,10)        209.63   (  5,11)        208.56   (  5,10)        204.88   (  3,11)
   16        149.94   (  4,11)        148.76   (  5,11)        146.33   (  4,10)        145.54   (  3,11)        145.41   (  5,10)
   17        111.96   (  4,11)        111.13   (  5,11)        108.84   (  3,11)        106.49   (  6,11)        104.17   (  4,12)
   18         55.06   (  4,11)         54.74   (  5,11)         53.86   (  3,11)         52.97   (  6,11)         52.09   (  4,12)
   19         98.36   (  5, 3)         97.93   (  4, 3)         95.43   (  6, 3)         94.22   (  3, 3)         93.87   (  5, 2)
   20         86.56   (  5, 2)         86.08   (  4, 2)         84.19   (  6, 2)         82.82   (  3, 2)         81.84   (  5, 3)
1POSTPROCESSOR TEST                                                                                            CHAVG REPORT
 GENERATED DATA                                                                                                PAGE  10
 05 JAN 81
0FIVE HIGHEST  3-HOUR END-TO-END AVERAGE CONCENTRATIONS IN MICROGRAMS/M**3 (ENDING ON JULIAN DAY, HR)
0RECEPTOR      1                        2                        3                        4                        5

    1        144.15   (  5, 6)        143.91   (  4, 6)        139.09   (  6, 6)        138.43   (  3, 6)        129.61   (  7, 6)
    2        132.08   (  5, 6)        131.84   (  4, 6)        127.54   (  6, 6)        126.86   (  3, 6)        119.01   (  7, 6)
    3        105.88   (  5, 3)        105.28   (  4, 3)        102.78   (  6, 3)        102.32   (  5, 6)        102.11   (  4, 6)
    4        197.41   (  5, 6)        197.10   (  4, 6)        190.16   (  6, 6)        189.29   (  3, 6)        176.60   (  7, 6)
    5        182.64   (  5, 6)        182.35   (  4, 6)        175.99   (  6, 6)        175.19   (  3, 6)        163.56   (  7, 6)
    6        219.60   (  4, 9)        218.88   (  5, 9)        211.78   (  3, 9)        209.76   (  6, 9)        196.79   (  2, 9)
    7        232.50   (  4, 9)        231.75   (  5, 9)        224.17   (  3, 9)        222.05   (  6, 9)        208.20   (  2, 9)
    8        213.64   (  4, 9)        212.96   (  5, 9)        206.05   (  3, 9)        204.13   (  6, 9)        191.49   (  2, 9)
    9        268.86*  (  4, 9)        267.94*  (  5, 9)        259.14   (  3, 9)        256.55   (  6, 9)        242.36   (  4,12)
   10        246.26   (  4, 9)        245.43   (  5, 9)        237.43   (  3, 9)        235.07   (  6, 9)        225.77   (  4,12)
   11        235.82   (  4,12)        233.87   (  5,12)        228.48   (  3,12)        228.39   (  4, 9)        227.61   (  5, 9)
   12        258.74   (  4,12)        256.59   (  5,12)        250.63   (  3,12)        245.85   (  4, 9)        244.99   (  5, 9)
   13        236.21   (  4,12)        234.26   (  5,12)        228.86   (  3,12)        227.29   (  4, 9)        226.50   (  5, 9)
   14        221.24   (  4,12)        219.42   (  5,12)        214.41   (  3,12)        209.27   (  6,12)        200.10   (  2,12)
   15        205.49   (  4,12)        203.81   (  5,12)        199.19   (  3,12)        194.46   (  6,12)        186.01   (  2,12)
   16        145.07   (  4,12)        143.94   (  5,12)        140.82   (  3,12)        137.63   (  6,12)        131.94   (  2,12)
   17        103.68   (  4,12)        102.92   (  5,12)        100.85   (  3,12)         98.69   (  6,12)         94.91   (  2,12)
   18         43.27   (  4,12)         43.04   (  5,12)         42.49   (  3,12)         41.86   (  6,12)         40.85   (  2,12)
   19         89.23   (  5, 3)         88.74   (  4, 3)         86.74   (  6, 3)         85.36   (  3, 3)         81.72   (  7, 3)
   20         79.89   (  5, 3)         79.46   (  4, 3)         77.75   (  6, 3)         76.54   (  3, 3)         73.41   (  7, 3)
1POSTPROCESSOR TEST                                                                                            CHAVG REPORT
 GENERATED DATA                                                                                                PAGE  11
 05 JAN 81
0FIVE HIGHEST  8-HOUR END-TO-END AVERAGE CONCENTRATIONS IN MICROGRAMS/M**3 (ENDING ON JULIAN DAY, HR)
0RECEPTOR      1                        2                        3                        4                        5

    1        117.29   (  5, 8)        117.03   (  4, 8)        113.40   (  6, 8)        112.67   (  3, 8)        106.03   (  7, 8)
    2         97.52   (  5, 8)         97.19   (  4, 8)         94.54   (  6, 8)         93.60   (  3, 8)         88.76   (  7, 8)
    3         83.07   (  5, 8)         82.77   (  4, 8)         80.68   (  6, 8)         79.82   (  3, 8)         76.00   (  7, 8)
    4        153.11   (  5, 8)        152.84   (  4, 8)        147.71   (  6, 8)        146.93   (  3, 8)        137.57   (  7, 8)
    5        133.79   (  5, 8)        133.51   (  4, 8)        129.22   (  6, 8)        128.43   (  3, 8)        120.58   (  7, 8)
    6        161.00   (  5, 8)        160.87   (  4, 8)        155.14   (  6, 8)        154.75   (  3, 8)        153.88   (  4,16)
    7        172.02   (  5, 8)        171.89   (  4, 8)        165.69   (  6, 8)        165.32   (  3, 8)        153.97   (  7, 8)
    8        157.92   (  5, 8)        157.82   (  4, 8)        152.16   (  6, 8)        151.86   (  3, 8)        141.53   (  7, 8)
    9        206.14   (  4,16)        204.16   (  5,16)        200.12   (  3,16)        194.52   (  6,16)        187.13   (  2,16)
   10        191.09   (  4,16)        189.27   (  5,16)        185.55   (  3,16)        180.41   (  6,16)        173.61   (  2,16)
   11        192.14   (  4,16)        190.33   (  5,16)        186.55   (  3,16)        181.43   (  6,16)        174.51   (  2,16)
   12        209.62*  (  4,16)        207.63*  (  5,16)        203.45   (  3,16)        197.83   (  6,16)        190.19   (  2,16)
   13        192.62   (  4,16)        190.81   (  5,16)        187.00   (  3,16)        181.88   (  6,16)        174.93   (  2,16)
   14        164.76   (  4,16)        163.30   (  5,16)        160.00   (  3,16)        155.86   (  6,16)        149.84   (  2,16)
   15        146.81   (  4,16)        145.56   (  5,16)        142.61   (  3,16)        139.07   (  6,16)        133.68   (  2,16)
   16        108.40   (  4,16)        107.50   (  5,16)        105.50   (  3,16)        102.95   (  6,16)         99.29   (  2,16)
   17         64.94   (  4,16)         64.50   (  5,16)         63.44   (  3,16)         62.21   (  6,16)         60.27   (  2,16)
   18         28.98   (  4,16)         28.89   (  5,16)         28.68   (  3,16)         28.43   (  6,16)         28.05   (  2,16)
   19         53.22   (  5, 8)         53.01   (  4, 8)         52.01   (  6, 8)         51.41   (  3, 8)         49.58   (  7, 8)
   20         44.27   (  5, 8)         44.10   (  4, 8)         43.39   (  6, 8)         42.92   (  3, 8)         41.63   (  7, 8)
1POSTPROCESSOR TEST                                                                                            CHAVG REPORT
 GENERATED DATA                                                                                                PAGE  12
 05 JAN 81
0FIVE HIGHEST 24-HOUR END-TO-END AVERAGE CONCENTRATIONS IN MICROGRAMS/M**3 (ENDING ON JULIAN DAY, HR)
0RECEPTOR      1                        2                        3                        4                        5

    1         69.05   (  4,24)         68.87   (  5,24)         67.14   (  3,24)         66.63   (  6,24)         63.48   (  2,24)
    2         50.98   (  4,24)         50.96   (  5,24)         49.70   (  3,24)         49.62   (  6,24)         47.32   (  2,24)
    3         44.97   (  4,24)         44.96   (  5,24)         43.92   (  3,24)         43.89   (  6,24)         42.00   (  2,24)
    4         78.41   (  4,24)         78.23   (  5,24)         76.11   (  3,24)         75.60   (  6,24)         71.71   (  2,24)
    5         67.14   (  4,24)         67.03   (  5,24)         65.25   (  3,24)         64.93   (  6,24)         61.69   (  2,24)
    6        117.65   (  4,24)        117.07   (  5,24)        114.05   (  3,24)        112.41   (  6,24)        106.91   (  2,24)
    7        120.05   (  4,24)        119.47   (  5,24)        116.34   (  3,24)        114.72   (  6,24)        109.00   (  2,24)
    8        106.91   (  4,24)        106.43   (  5,24)        103.67   (  3,24)        102.32   (  6,24)         97.28   (  2,24)
    9        127.50*  (  4,24)        126.73*  (  5,24)        123.67   (  3,24)        121.49   (  6,24)        115.89   (  2,24)
   10        116.22   (  4,24)        115.50   (  5,24)        112.81   (  3,24)        110.79   (  6,24)        105.86   (  2,24)
   11        111.04   (  4,24)        110.35   (  5,24)        107.82   (  3,24)        105.88   (  6,24)        101.26   (  2,24)
   12        110.18   (  4,24)        109.43   (  5,24)        107.06   (  3,24)        104.95   (  6,24)        100.61   (  2,24)
   13         98.93   (  4,24)         98.26   (  5,24)         96.21   (  3,24)         94.31   (  6,24)         90.58   (  2,24)
   14         76.49   (  4,24)         75.98   (  5,24)         74.58   (  3,24)         73.13   (  6,24)         70.57   (  2,24)
   15         66.25   (  4,24)         65.81   (  5,24)         64.69   (  3,24)         63.47   (  6,24)         61.42   (  2,24)
   16         66.25   (  4,24)         65.91   (  5,24)         64.60   (  3,24)         63.66   (  6,24)         61.26   (  2,24)
   17         37.97   (  4,24)         37.80   (  5,24)         37.36   (  3,24)         36.90   (  6,24)         36.09   (  2,24)
   18         24.03   (  4,24)         23.98   (  5,24)         23.90   (  3,24)         23.77   (  6,24)         23.62   (  2,24)
   19         33.59   (  4,24)         33.58   (  5,24)         33.03   (  3,24)         33.00   (  6,24)         31.99   (  2,24)
   20         30.24   (  4,24)         30.22   (  5,24)         29.82   (  3,24)         29.78   (  6,24)         29.04   (  2,24)
1POSTPROCESSOR TEST                                                                                            CHAVG REPORT
 GENERATED DATA                                                                                                PAGE  13
 05 JAN 81
0FIVE HIGHEST  4-HOUR END-TO-END AVERAGE CONCENTRATIONS IN MICROGRAMS/M**3 (ENDING ON JULIAN DAY, HR)
0RECEPTOR      1                        2                        3                        4                        5

    1        118.78   (  4, 8)        118.74   (  5, 8)        115.85   (  5, 4)        115.29   (  4, 4)        114.61   (  3, 8)
    2        124.54   (  5, 4)        123.93   (  4, 4)        120.68   (  6, 4)        118.95   (  3, 4)        113.00   (  7, 4)
    3        115.88   (  5, 4)        115.32   (  4, 4)        112.33   (  6, 4)        110.75   (  3, 4)        105.29   (  7, 4)
    4        175.45   (  4, 8)        175.37   (  5, 8)        168.91   (  3, 8)        168.70   (  6, 8)        156.89   (  2, 8)
    5        146.54   (  4, 8)        146.53   (  5, 8)        141.18   (  3, 8)        141.14   (  6, 8)        131.36   (  2, 8)
    6        216.11   (  4, 8)        215.91   (  5, 8)        207.96   (  3, 8)        207.39   (  6, 8)        192.87   (  2, 8)
    7        235.03   (  4, 8)        234.81   (  5, 8)        226.09   (  3, 8)        225.48   (  6, 8)        209.55   (  2, 8)
    8        216.84   (  4, 8)        216.64   (  5, 8)        208.66   (  3, 8)        208.10   (  6, 8)        193.52   (  2, 8)
    9        250.08   (  4,12)        248.24   (  5,12)        242.05   (  3,12)        236.84   (  6,12)        233.11   (  4, 8)
   10        232.21   (  4,12)        230.50   (  5,12)        224.80   (  3,12)        219.99   (  6,12)        214.31   (  4, 8)
   11        238.98   (  4,12)        237.21   (  5,12)        231.35   (  3,12)        226.35   (  6,12)        215.63   (  2,12)
   12        262.13*  (  4,12)        260.17*  (  5,12)        253.69   (  3,12)        248.16   (  6,12)        236.31   (  2,12)
   13        239.89   (  4,12)        238.12   (  5,12)        232.22   (  3,12)        227.21   (  6,12)        216.44   (  2,12)
   14        217.22   (  4,12)        215.60   (  5,12)        210.36   (  3,12)        205.80   (  6,12)        196.22   (  2,12)
   15        199.60   (  4,12)        198.13   (  5,12)        193.37   (  3,12)        189.19   (  6,12)        180.50   (  2,12)
   16        140.74   (  4,12)        139.74   (  5,12)        136.55   (  3,12)        133.74   (  6,12)        127.90   (  2,12)
   17         90.61   (  4,12)         89.99   (  5,12)         88.19   (  3,12)         86.45   (  6,12)         83.15   (  2,12)
   18         37.45   (  4,12)         37.28   (  5,12)         36.87   (  3,12)         36.39   (  6,12)         35.64   (  2,12)
   19         85.93   (  5, 4)         85.51   (  4, 4)         83.52   (  6, 4)         82.34   (  3, 4)         78.70   (  7, 4)
   20         68.54   (  5, 4)         68.20   (  4, 4)         66.79   (  6, 4)         65.84   (  3, 4)         63.26   (  7, 4)
