1                     CHGEN               (DATED 81180)

1NPER,NAVG=     240       1
 POSTPROCESSOR TEST
 GENERATED DATA
 05 JAN 81
 NRECEP=   20
       0.0       1.0
       0.0       2.0
       0.0       3.0
       1.4       1.4
       2.1       2.1
       1.0       0.0
       2.0       0.0
       3.0       0.0
       1.4      -1.4
       2.1      -2.1
       0.0      -1.0
       0.0      -2.0
       0.0      -3.0
      -1.4      -1.4
      -2.1      -2.1
      -1.0       0.0
      -2.0       0.0
      -3.0       0.0
      -1.4       1.4
      -2.1       2.1

    1    1     64.25     68.95     64.29     65.09     61.78     50.21     46.41     38.78     20.00     20.00
               26.73     20.00     20.00     20.00     20.00     46.31     38.61     27.08     61.91     58.75

    1    2     85.17     92.04     85.61     90.33     84.63     70.20     69.04     61.50     24.06     20.00
               31.50     20.00     20.00     20.00     20.00     53.40     35.43     20.00     76.18     70.63

    1    3    105.04    113.46    106.31    118.59    109.42     96.59    101.00     94.27     49.81     22.08
               41.48     20.00     20.00     20.00     20.00     54.37     20.00     20.00     79.98     67.33

    1    4    118.65    125.22    116.99    145.17    133.36    126.58    136.87    128.14     91.53     73.70
               61.12     20.00     20.00     20.00     20.00     48.98     20.00     20.00     63.16     31.14

    1    5    120.70    116.13     98.91    163.39    152.11    154.74    169.01    155.40    139.37    128.65
               91.87     58.48     20.00     20.00     20.00     42.62     20.00     20.00     21.59     20.00

    1    6    109.36     79.04     35.04    164.24    152.96    175.17    191.66    175.45    180.32    168.35
              128.95    118.21     93.80     20.00     20.00     44.13     20.00     20.00     20.00     20.00

    1    7     89.28     21.82     20.00    140.82    119.13    183.80    200.35    186.16    207.46    190.36
              163.50    170.25    156.77     68.58     20.00     58.49     20.00     20.00     20.00     20.00

    1    8     69.31     20.00     20.00     97.41     50.95    180.11    192.00    179.09    220.29    201.19
              188.34    204.05    190.56    126.90     95.19     81.95     20.00     20.00     20.00     20.00

    1    9     55.91     20.00     20.00     49.92     20.00    167.74    169.73    152.23    220.46    203.25
              200.85    219.70    202.80    166.56    148.19    105.29     44.83     20.00     20.00     20.00

    1   10     49.45     20.00     20.00     20.00     20.00    152.51    143.64    118.20    211.38    196.69
              202.11    221.42    202.73    184.89    171.06    120.48     79.59     22.11     20.00     20.00

    1   11     46.56     20.00     20.00     20.00     20.00    139.20    124.19     94.05    197.95    184.89
              194.62    213.19    194.78    185.41    172.94    123.85     93.49     48.01     20.00     20.00

    1   12     44.43     20.00     20.00     20.00     20.00    129.63    115.82     88.11    183.67    171.65
              180.61    197.69    180.75    172.13    160.66    115.51     87.59     45.76     20.00     20.00

    1   13     42.83     20.00     20.00     20.00     20.00    122.74    115.87     96.14    168.38    157.00
              161.19    176.17    161.68    147.85    137.12     97.90     66.20     21.64     20.00     20.00

    1   14     43.22     20.00     20.00     39.34     20.00    115.51    116.79    105.48    149.59    138.46
              136.91    149.10    138.17    114.74    102.87     75.14     36.05     20.00     20.00     20.00

    1   15     46.04     20.00     20.00     60.88     36.34    104.55    110.83    104.01    125.76    115.68
              108.89    117.19    110.06     76.45     59.70     52.71     20.00     20.00     20.00     20.00

    1   16     48.87     20.76     20.00     70.35     61.31     88.26     95.16     89.25     98.13     91.00
               79.81     82.62     77.00     40.25     20.00     36.04     20.00     20.00     20.00     20.00

    1   17     47.76     38.34     24.67     64.80     61.30     68.20     73.32     68.29     69.80     66.08
               53.84     50.51     42.92     20.00     20.00     27.50     20.00     20.00     20.00     20.00

    1   18     41.08     40.12     36.52     50.01     47.65     48.20     51.19     48.34     44.98     42.74
               35.04     28.05     20.00     20.00     20.00     24.73     20.00     20.00     20.33     20.00

    1   19     31.37     32.13     31.18     34.43     33.07     32.29     33.47     32.47     28.25     26.19
               24.74     20.00     20.00     20.00     20.00     23.34     20.00     20.00     24.98     21.28

    1   20     23.17     23.49     23.22     23.68     23.34     22.86     23.02     22.77     21.11     20.08
               20.80     20.00     20.00     20.00     20.00     21.28     20.00     20.00     22.24     21.77

    1   21     20.00     20.00     20.00     20.00     20.00     20.00     20.00     20.00     20.00     20.00
               20.00     20.00     20.00     20.00     20.00     20.00     20.00     20.00     20.00     20.00

    1   22     23.37     23.73     23.38     23.44     23.18     22.30     22.01     21.43     20.00     20.00
               20.51     20.00     20.00     20.00     20.00     22.01     21.42     20.54     23.19     22.95

    1   23     33.34     34.76     33.34     33.14     32.19     28.52     26.81     23.97     20.00     20.00
               21.99     20.00     20.00     20.00     20.00     28.52     26.81     23.97     33.14     32.19

    1   24     49.31     52.43     49.31     48.86     46.77     38.71     34.97     28.73     20.00     20.00
               24.37     20.00     20.00     20.00     20.00     38.71     34.97     28.73     48.86     46.77

    2    1     70.19     75.53     70.23     71.15     67.39     54.26     49.95     41.30     20.00     20.00
               27.64     20.00     20.00     20.00     20.00     49.84     41.11     28.03     67.54     63.95

    2    2     93.83    101.62     94.33     99.67     93.22     76.88     75.56     67.02     24.61     20.00
               33.03     20.00     20.00     20.00     20.00     57.84     37.48     20.00     83.65     77.36

    2    3    116.23    125.76    117.67    131.56    121.19    106.67    111.66    104.05     53.73     22.35
               44.31     20.00     20.00     20.00     20.00     58.89     20.00     20.00     87.87     73.56

    2    4    131.50    138.92    129.62    161.46    148.12    140.46    152.08    142.22    100.84     80.69
               66.47     20.00     20.00     20.00     20.00     52.75     20.00     20.00     68.78     32.60

    2    5    133.67    128.52    109.08    181.85    169.13    172.10    188.20    172.85    154.75    142.64
              101.13     63.44     20.00     20.00     20.00     45.53     20.00     20.00     21.80     20.00

    2    6    120.75     86.57     36.96    182.62    169.89    194.94    213.52    195.25    200.74    187.25
              142.82    130.72    103.20     20.00     20.00     47.21     20.00     20.00     20.00     20.00

    2    7     98.01     22.05     20.00    156.04    131.61    204.42    223.06    207.09    231.07    211.82
              181.57    189.18    173.99     74.70     20.00     63.34     20.00     20.00     20.00     20.00

    2    8     75.45     20.00     20.00    107.05     54.81    200.04    213.41    198.89    245.22    223.75
              209.29    226.96    211.79    140.21    104.55     89.66     20.00     20.00     20.00     20.00

    2    9     60.33     20.00     20.00     53.60     20.00    185.91    188.14    168.50    245.11    225.78
              223.10    244.26    225.28    184.59    163.96    115.78     47.89     20.00     20.00     20.00

    2   10     53.03     20.00     20.00     20.00     20.00    168.60    158.67    130.13    234.63    218.16
              224.23    245.89    224.93    204.92    189.42    132.68     86.83     22.37     20.00     20.00

    2   11     49.75     20.00     20.00     20.00     20.00    153.49    136.69    102.94    219.30    204.67
              215.57    236.37    215.75    205.25    191.29    136.31    102.31     51.37     20.00     20.00

    2   12     47.33     20.00     20.00     20.00     20.00    142.61    127.17     96.18    203.05    189.61
              199.63    218.73    199.79    190.15    177.32    126.82     95.60     48.82     20.00     20.00

    2   13     45.50     20.00     20.00     20.00     20.00    134.74    127.07    105.04    185.72    173.01
              177.69    194.42    178.23    162.79    150.81    107.01     71.60     21.83     20.00     20.00

    2   14     45.89     20.00     20.00     41.57     20.00    126.52    127.95    115.34    164.53    152.12
              150.39    163.98    151.80    125.67    112.43     81.49     37.91     20.00     20.00     20.00

    2   15     49.00     20.00     20.00     65.53     38.20    114.16    121.15    113.56    137.79    126.56
              119.00    128.24    120.30     82.87     64.22     56.43     20.00     20.00     20.00     20.00

    2   16     52.11     20.84     20.00     76.00     65.94     95.92    103.59     97.01    106.89     98.96
               86.51     89.64     83.39     42.52     20.00     37.84     20.00     20.00     20.00     20.00

    2   17     50.82     40.37     25.19     69.75     65.86     73.52     79.21     73.62     75.30     71.17
               57.58     53.88     45.45     20.00     20.00     28.32     20.00     20.00     20.00     20.00

    2   18     43.37     42.31     38.31     53.28     50.66     51.27     54.58     51.42     47.70     45.21
               36.68     28.93     20.00     20.00     20.00     25.25     20.00     20.00     20.37     20.00

    2   19     32.59     33.43     32.38     35.98     34.47     33.61     34.92     33.80     29.13     26.85
               25.25     20.00     20.00     20.00     20.00     23.70     20.00     20.00     25.51     21.42

    2   20     23.51     23.85     23.56     24.07     23.69     23.16     23.34     23.06     21.23     20.09
               20.89     20.00     20.00     20.00     20.00     21.42     20.00     20.00     22.47     21.95

    2   21     20.00     20.00     20.00     20.00     20.00     20.00     20.00     20.00     20.00     20.00
               20.00     20.00     20.00     20.00     20.00     20.00     20.00     20.00     20.00     20.00

    2   22     23.72     24.11     23.72     23.79     23.51     22.54     22.22     21.58     20.00     20.00
               20.57     20.00     20.00     20.00     20.00     22.21     21.56     20.59     23.52     23.25

    2   23     34.68     36.25     34.68     34.46     33.41     29.37     27.50     24.37     20.00     20.00
               22.19     20.00     20.00     20.00     20.00     29.37     27.50     24.37     34.46     33.41

    2   24     52.20     55.63     52.20     51.71     49.42     40.56     36.44     29.59     20.00     20.00
               24.80     20.00     20.00     20.00     20.00     40.56     36.44     29.59     51.71     49.42

    3    1     75.06     80.91     75.11     76.11     71.99     57.59     52.86     43.36     20.00     20.00
               28.38     20.00     20.00     20.00     20.00     52.74     43.16     28.81     72.15     68.22

    3    2    100.87    109.40    101.42    107.27    100.20     82.30     80.86     71.50     25.04     20.00
               34.27     20.00     20.00     20.00     20.00     61.44     39.14     20.00     89.71     82.82

    3    3    125.24    135.66    126.81    142.00    130.66    114.78    120.23    111.91     56.89     22.57
               46.58     20.00     20.00     20.00     20.00     62.53     20.00     20.00     94.22     78.57

    3    4    141.74    149.84    139.68    174.45    159.88    151.52    164.21    153.44    108.27     86.26
               70.74     20.00     20.00     20.00     20.00     55.76     20.00     20.00     73.26     33.75

    3    5    143.91    138.29    117.10    196.43    182.56    185.80    203.35    186.61    166.88    153.69
              108.44     67.35     20.00     20.00     20.00     47.83     20.00     20.00     21.96     20.00

    3    6    129.64     92.45     38.46    196.98    183.13    210.38    230.61    210.73    216.70    202.02
              153.67    140.50    110.54     20.00     20.00     49.61     20.00     20.00     20.00     20.00

    3    7    104.76     22.23     20.00    167.81    141.27    220.38    240.63    223.27    249.34    228.41
              195.55    203.81    187.32     79.44     20.00     67.09     20.00     20.00     20.00     20.00

    3    8     80.15     20.00     20.00    114.43     57.76    215.30    229.80    214.05    264.30    241.01
              225.33    244.49    228.04    150.40    111.72     95.56     20.00     20.00     20.00     20.00

    3    9     63.68     20.00     20.00     56.39     20.00    199.67    202.09    180.82    263.79    242.86
              239.94    262.86    242.31    198.24    175.91    123.72     50.20     20.00     20.00     20.00

    3   10     55.71     20.00     20.00     20.00     20.00    180.67    169.92    139.07    252.05    234.24
              240.80    264.22    241.56    219.93    203.17    141.83     92.25     22.56     20.00     20.00

    3   11     52.11     20.00     20.00     20.00     20.00    164.09    145.95    109.52    235.11    219.33
              231.09    253.54    231.28    219.95    204.88    145.54    108.84     53.86     20.00     20.00

    3   12     49.45     20.00     20.00     20.00     20.00    152.12    135.49    102.09    217.25    202.77
              213.56    234.14    213.73    203.34    189.52    135.11    101.46     51.05     20.00     20.00

    3   13     47.44     20.00     20.00     20.00     20.00    143.43    135.18    111.48    198.27    184.59
              189.64    207.63    190.22    173.60    160.72    113.60     75.51     21.97     20.00     20.00

    3   14     47.81     20.00     20.00     43.17     20.00    134.39    135.93    122.39    175.21    161.89
              160.03    174.62    161.54    133.48    119.26     86.04     39.23     20.00     20.00     20.00

    3   15     51.09     20.00     20.00     68.81     39.52    120.95    128.45    120.31    146.28    134.24
              126.14    136.04    127.54     87.40     67.41     59.06     20.00     20.00     20.00     20.00

    3   16     54.37     20.90     20.00     79.94     69.17    101.25    109.46    102.42    112.99    104.51
               91.18     94.53     87.84     44.10     20.00     39.09     20.00     20.00     20.00     20.00

    3   17     52.93     41.76     25.54     73.16     69.00     77.19     83.26     77.29     79.08     74.67
               60.15     56.20     47.20     20.00     20.00     28.89     20.00     20.00     20.00     20.00

    3   18     44.93     43.80     39.53     55.49     52.70     53.35     56.88     53.52     49.55     46.89
               37.79     29.53     20.00     20.00     20.00     25.60     20.00     20.00     20.39     20.00

    3   19     33.41     34.30     33.18     37.01     35.41     34.49     35.88     34.70     29.72     27.30
               25.59     20.00     20.00     20.00     20.00     23.94     20.00     20.00     25.87     21.51

    3   20     23.73     24.10     23.78     24.32     23.92     23.36     23.55     23.26     21.31     20.09
               20.94     20.00     20.00     20.00     20.00     21.51     20.00     20.00     22.63     22.08

    3   21     20.00     20.00     20.00     20.00     20.00     20.00     20.00     20.00     20.00     20.00
               20.00     20.00     20.00     20.00     20.00     20.00     20.00     20.00     20.00     20.00

    3   22     23.94     24.36     23.94     24.01     23.72     22.69     22.35     21.67     20.00     20.00
               20.60     20.00     20.00     20.00     20.00     22.34     21.66     20.63     23.73     23.45

    3   23     35.53     37.18     35.53     35.29     34.18     29.91     27.93     24.62     20.00     20.00
               22.31     20.00     20.00     20.00     20.00     29.91     27.93     24.62     35.29     34.18

    3   24     53.99     57.61     53.99     53.48     51.05     41.70     37.36     30.13     20.00     20.00
               25.06     20.00     20.00     20.00     20.00     41.70     37.36     30.13     53.48     51.05

    4    1     78.02     84.18     78.07     79.12     74.78     59.61     54.62     44.62     20.00     20.00
               28.83     20.00     20.00     20.00     20.00     54.50     44.40     29.29     74.95     70.81

    4    2    105.06    114.03    105.64    111.79    104.36     85.53     84.01     74.17     25.31     20.00
               35.01     20.00     20.00     20.00     20.00     63.59     40.13     20.00     93.33     86.08

    4    3    130.49    141.44    132.15    148.10    136.19    119.51    125.24    116.50     58.73     22.70
               47.91     20.00     20.00     20.00     20.00     64.65     20.00     20.00     97.93     81.50

    4    4    147.60    156.09    145.44    181.88    166.62    157.85    171.15    159.86    112.51     89.45
               73.18     20.00     20.00     20.00     20.00     57.48     20.00     20.00     75.82     34.41

    4    5    149.64    143.76    121.60    204.59    190.08    193.47    211.83    194.32    173.68    159.87
              112.53     69.54     20.00     20.00     20.00     49.12     20.00     20.00     22.05     20.00

    4    6    134.51     95.66     39.28    204.84    190.37    218.83    239.96    219.20    225.43    210.10
              159.60    145.85    114.56     20.00     20.00     50.92     20.00     20.00     20.00     20.00

    4    7    108.36     22.33     20.00    174.10    146.43    228.91    250.01    231.92    259.09    237.28
              203.02    211.63    194.44     81.97     20.00     69.09     20.00     20.00     20.00     20.00

    4    8     82.60     20.00     20.00    118.27     59.30    223.25    238.34    221.95    274.24    250.01
              233.69    253.63    236.50    155.71    115.45     98.63     20.00     20.00     20.00     20.00

    4    9     65.37     20.00     20.00     57.80     20.00    206.65    209.16    187.06    273.25    251.51
              248.48    272.29    250.94    205.16    181.96    127.75     51.38     20.00     20.00     20.00

    4   10     57.03     20.00     20.00     20.00     20.00    186.60    175.47    143.47    260.62    242.16
              248.96    273.25    249.75    227.32    209.94    146.33     94.92     22.66     20.00     20.00

    4   11     53.24     20.00     20.00     20.00     20.00    169.15    150.37    112.67    242.66    226.32
              238.50    261.73    238.70    226.97    211.37    149.94    111.96     55.06     20.00     20.00

    4   12     50.42     20.00     20.00     20.00     20.00    156.51    139.33    104.82    223.80    208.84
              219.99    241.26    220.17    209.44    195.16    138.94    104.17     52.09     20.00     20.00

    4   13     48.30     20.00     20.00     20.00     20.00    147.31    138.80    114.35    203.87    189.76
              194.96    213.52    195.56    178.42    165.14    116.53     77.25     22.04     20.00     20.00

    4   14     48.63     20.00     20.00     43.85     20.00    137.77    139.36    125.41    179.79    166.07
              164.16    179.19    165.72    136.83    122.19     87.99     39.80     20.00     20.00     20.00

    4   15     51.95     20.00     20.00     70.16     40.06    123.74    131.45    123.08    149.77    137.40
              129.07    139.25    130.51     89.27     68.72     60.14     20.00     20.00     20.00     20.00

    4   16     55.25     20.93     20.00     81.48     70.44    103.35    111.77    104.55    115.39    106.69
               93.02     96.46     89.60     44.73     20.00     39.59     20.00     20.00     20.00     20.00

    4   17     53.72     42.28     25.68     74.43     70.17     78.56     84.78     78.66     80.50     75.98
               61.11     57.06     47.85     20.00     20.00     29.11     20.00     20.00     20.00     20.00

    4   18     45.48     44.32     39.97     56.28     53.42     54.09     57.70     54.26     50.20     47.49
               38.18     29.74     20.00     20.00     20.00     25.72     20.00     20.00     20.40     20.00

    4   19     33.68     34.59     33.45     37.36     35.72     34.78     36.21     35.00     29.92     27.45
               25.70     20.00     20.00     20.00     20.00     24.02     20.00     20.00     25.99     21.55

    4   20     23.80     24.17     23.85     24.40     23.99     23.42     23.62     23.32     21.33     20.09
               20.96     20.00     20.00     20.00     20.00     21.53     20.00     20.00     22.68     22.11

    4   21     20.00     20.00     20.00     20.00     20.00     20.00     20.00     20.00     20.00     20.00
               20.00     20.00     20.00     20.00     20.00     20.00     20.00     20.00     20.00     20.00

    4   22     23.99     24.42     24.00     24.07     23.77     22.73     22.38     21.70     20.00     20.00
               20.61     20.00     20.00     20.00     20.00     22.38     21.68     20.64     23.78     23.50

    4   23     35.73     37.40     35.73     35.49     34.36     30.04     28.03     24.68     20.00     20.00
               22.34     20.00     20.00     20.00     20.00     30.04     28.03     24.68     35.49     34.36

    4   24     54.37     58.02     54.37     53.84     51.39     41.94     37.55     30.24     20.00     20.00
               25.12     20.00     20.00     20.00     20.00     41.94     37.55     30.24     53.84     51.39

    5    1     78.55     84.77     78.60     79.67     75.29     59.97     54.94     44.84     20.00     20.00
               28.91     20.00     20.00     20.00     20.00     54.81     44.63     29.37     75.45     71.27

    5    2    105.68    114.72    106.27    112.46    104.97     86.01     84.48     74.57     25.35     20.00
               35.12     20.00     20.00     20.00     20.00     63.91     40.28     20.00     93.87     86.56

    5    3    131.10    142.10    132.76    148.80    136.83    120.06    125.82    117.03     58.95     22.71
               48.06     20.00     20.00     20.00     20.00     64.90     20.00     20.00     98.36     81.84

    5    4    148.06    156.59    145.90    182.48    167.15    158.35    171.70    160.37    112.85     89.70
               73.37     20.00     20.00     20.00     20.00     57.62     20.00     20.00     76.03     34.47

    5    5    149.88    143.99    121.78    204.93    190.39    193.78    212.18    194.64    173.96    160.13
              112.70     69.63     20.00     20.00     20.00     49.18     20.00     20.00     22.06     20.00

    5    6    134.51     95.67     39.28    204.84    190.37    218.83    239.96    219.20    225.43    210.10
              159.60    145.85    114.56     20.00     20.00     50.92     20.00     20.00     20.00     20.00

    5    7    108.20     22.33     20.00    173.82    146.20    228.52    249.59    231.54    258.66    236.88
              202.69    211.28    194.12     81.86     20.00     69.00     20.00     20.00     20.00     20.00

    5    8     82.37     20.00     20.00    117.92     59.16    222.51    237.54    221.22    273.31    249.17
              232.91    252.78    235.71    155.21    115.10     98.35     20.00     20.00     20.00     20.00

    5    9     65.12     20.00     20.00     57.60     20.00    205.63    208.13    186.15    271.87    250.24
              247.23    270.91    249.68    204.15    181.08    127.16     51.21     20.00     20.00     20.00

    5   10     56.76     20.00     20.00     20.00     20.00    185.39    174.34    142.58    258.87    240.55
              247.30    271.41    248.08    225.81    208.56    145.41     94.38     22.65     20.00     20.00

    5   11     52.94     20.00     20.00     20.00     20.00    167.79    149.19    111.83    240.64    224.45
              236.52    259.54    236.72    225.09    209.63    148.76    111.13     54.74     20.00     20.00

    5   12     50.09     20.00     20.00     20.00     20.00    155.03    138.03    103.90    221.58    206.79
              217.82    238.85    218.00    207.37    193.25    137.64    103.26     51.74     20.00     20.00

    5   13     47.94     20.00     20.00     20.00     20.00    145.69    137.29    113.16    201.54    187.61
              192.74    211.06    193.33    176.41    163.30    115.31     76.53     22.01     20.00     20.00

    5   14     48.21     20.00     20.00     43.51     20.00    136.06    137.63    123.89    177.48    163.96
              162.08    176.88    163.61    135.14    120.71     87.00     39.52     20.00     20.00     20.00

    5   15     51.43     20.00     20.00     69.35     39.73    122.06    129.63    121.41    147.66    135.49
              127.30    137.31    128.71     88.14     67.93     59.49     20.00     20.00     20.00     20.00

    5   16     54.62     20.91     20.00     80.37     69.53    101.84    110.11    103.02    113.67    105.12
               91.70     95.08     88.34     44.28     20.00     39.23     20.00     20.00     20.00     20.00

    5   17     53.05     41.84     25.57     73.35     69.18     77.39     83.49     77.50     79.30     74.87
               60.30     56.33     47.30     20.00     20.00     28.93     20.00     20.00     20.00     20.00

    5   18     44.93     43.80     39.53     55.49     52.70     53.35     56.88     53.52     49.55     46.89
               37.79     29.53     20.00     20.00     20.00     25.60     20.00     20.00     20.39     20.00

    5   19     33.36     34.25     33.14     36.95     35.35     34.43     35.83     34.65     29.69     27.27
               25.57     20.00     20.00     20.00     20.00     23.92     20.00     20.00     25.85     21.51

    5   20     23.70     24.07     23.76     24.29     23.89     23.33     23.53     23.23     21.30     20.09
               20.93     20.00     20.00     20.00     20.00     21.50     20.00     20.00     22.61     22.06

    5   21     20.00     20.00     20.00     20.00     20.00     20.00     20.00     20.00     20.00     20.00
               20.00     20.00     20.00     20.00     20.00     20.00     20.00     20.00     20.00     20.00

    5   22     23.88     24.29     23.88     23.95     23.66     22.65     22.32     21.65     20.00     20.00
               20.59     20.00     20.00     20.00     20.00     22.31     21.63     20.62     23.67     23.40

    5   23     35.25     36.87     35.25     35.02     33.93     29.73     27.79     24.54     20.00     20.00
               22.27     20.00     20.00     20.00     20.00     29.73     27.79     24.54     35.02     33.93

    5   24     53.26     56.80     53.26     52.76     50.38     41.23     36.98     29.91     20.00     20.00
               24.95     20.00     20.00     20.00     20.00     41.23     36.98     29.91     52.76     50.38

    6    1     76.56     82.58     76.61     77.64     73.41     58.61     53.76     44.00     20.00     20.00
               28.61     20.00     20.00     20.00     20.00     53.63     43.79     29.05     73.57     69.53

    6    2    102.63    111.34    103.19    109.17    101.95     83.65     82.18     72.62     25.16     20.00
               34.59     20.00     20.00     20.00     20.00     62.34     39.56     20.00     91.23     84.19

    6    3    126.95    137.54    128.55    143.99    132.46    116.32    121.87    113.41     57.49     22.61
               47.01     20.00     20.00     20.00     20.00     63.22     20.00     20.00     95.43     79.53

    6    4    143.06    151.25    140.98    176.13    161.40    152.94    165.77    154.89    109.22     86.98
               71.28     20.00     20.00     20.00     20.00     56.15     20.00     20.00     73.84     33.90

    6    5    144.58    138.93    117.63    197.38    183.44    186.69    204.34    187.51    167.67    154.41
              108.92     67.61     20.00     20.00     20.00     47.98     20.00     20.00     21.98     20.00

    6    6    129.64     92.45     38.47    196.98    183.13    210.38    230.61    210.73    216.70    202.02
              153.67    140.50    110.54     20.00     20.00     49.61     20.00     20.00     20.00     20.00

    6    7    104.30     22.23     20.00    167.02    140.62    219.30    239.44    222.18    248.10    227.30
              194.61    202.83    186.42     79.13     20.00     66.83     20.00     20.00     20.00     20.00

    6    8     79.51     20.00     20.00    113.42     57.36    213.21    227.55    211.98    261.68    238.65
              223.13    242.09    225.81    149.01    110.74     94.75     20.00     20.00     20.00     20.00

    6    9     62.98     20.00     20.00     55.81     20.00    196.79    199.18    178.24    259.88    239.29
              236.42    258.97    238.75    195.38    173.41    122.06     49.73     20.00     20.00     20.00

    6   10     54.95     20.00     20.00     20.00     20.00    177.24    166.73    136.54    247.10    229.68
              236.10    259.02    236.84    215.67    199.27    139.23     90.72     22.52     20.00     20.00

    6   11     51.26     20.00     20.00     20.00     20.00    160.26    142.61    107.15    229.40    214.03
              225.49    247.33    225.67    214.64    199.97    142.20    106.49     52.97     20.00     20.00

    6   12     48.51     20.00     20.00     20.00     20.00    147.92    131.82     99.49    210.98    196.96
              207.41    227.33    207.58    197.52    184.14    131.45     98.88     50.07     20.00     20.00

    6   13     46.42     20.00     20.00     20.00     20.00    138.87    130.93    108.10    191.68    178.51
              183.36    200.69    183.93    167.92    155.52    110.14     73.46     21.91     20.00     20.00

    6   14     46.64     20.00     20.00     42.19     20.00    129.57    131.05    118.08    168.67    155.91
              154.13    168.11    155.58    128.70    115.08     83.26     38.43     20.00     20.00     20.00

    6   15     49.62     20.00     20.00     66.51     38.60    116.18    123.32    115.57    140.31    128.84
              121.12    130.56    122.45     84.22     65.17     57.21     20.00     20.00     20.00     20.00

    6   16     52.57     20.86     20.00     76.80     66.60     97.00    104.78     98.11    108.12    100.08
               87.46     90.63     84.29     42.84     20.00     38.09     20.00     20.00     20.00     20.00

    6   17     51.04     40.51     25.23     70.11     66.19     73.90     79.63     74.00     75.69     71.53
               57.85     54.12     45.64     20.00     20.00     28.38     20.00     20.00     20.00     20.00

    6   18     43.37     42.31     38.31     53.28     50.66     51.27     54.58     51.42     47.70     45.21
               36.68     28.93     20.00     20.00     20.00     25.25     20.00     20.00     20.37     20.00

    6   19     32.51     33.34     32.29     35.87     34.37     33.51     34.81     33.71     29.07     26.81
               25.21     20.00     20.00     20.00     20.00     23.67     20.00     20.00     25.47     21.41

    6   20     23.46     23.80     23.51     24.01     23.64     23.11     23.29     23.02     21.21     20.08
               20.87     20.00     20.00     20.00     20.00     21.40     20.00     20.00     22.44     21.92

    6   21     20.00     20.00     20.00     20.00     20.00     20.00     20.00     20.00     20.00     20.00
               20.00     20.00     20.00     20.00     20.00     20.00     20.00     20.00     20.00     20.00

    6   22     23.61     24.00     23.62     23.68     23.41     22.47     22.16     21.53     20.00     20.00
               20.55     20.00     20.00     20.00     20.00     22.15     21.52     20.58     23.42     23.16

    6   23     34.17     35.68     34.17     33.96     32.95     29.05     27.24     24.22     20.00     20.00
               22.11     20.00     20.00     20.00     20.00     29.05     27.24     24.22     33.96     32.95

    6   24     50.87     54.15     50.87     50.40     48.19     39.70     35.76     29.19     20.00     20.00
               24.60     20.00     20.00     20.00     20.00     39.70     35.76     29.19     50.40     48.20

    7    1     72.40     77.97     72.45     73.40     69.49     55.77     51.27     42.24     20.00     20.00
               27.97     20.00     20.00     20.00     20.00     51.16     42.04     28.39     69.63     65.89

    7    2     96.43    104.49     96.95    102.47     95.80     78.88     77.51     68.67     24.77     20.00
               33.49     20.00     20.00     20.00     20.00     59.16     38.09     20.00     85.89     79.37

    7    3    118.76    128.54    120.24    134.49    123.85    108.94    114.06    106.25     54.62     22.41
               44.94     20.00     20.00     20.00     20.00     59.91     20.00     20.00     89.66     74.97

    7    4    133.44    141.00    131.53    163.93    150.36    142.56    154.38    144.35    102.25     81.74
               67.28     20.00     20.00     20.00     20.00     53.32     20.00     20.00     69.63     32.82

    7    5    134.66    129.46    109.86    183.26    170.43    173.42    189.66    174.17    155.91    143.71
              101.84     63.82     20.00     20.00     20.00     45.76     20.00     20.00     21.82     20.00

    7    6    120.75     86.57     36.97    182.62    169.90    194.94    213.52    195.26    200.74    187.25
              142.82    130.72    103.20     20.00     20.00     47.21     20.00     20.00     20.00     20.00

    7    7     97.34     22.04     20.00    154.88    130.66    202.84    221.31    205.48    229.26    210.17
              180.18    187.72    172.67     74.24     20.00     62.97     20.00     20.00     20.00     20.00

    7    8     74.51     20.00     20.00    105.57     54.22    196.96    210.10    195.84    241.36    220.26
              206.05    223.41    208.50    138.16    103.11     88.47     20.00     20.00     20.00     20.00

    7    9     59.30     20.00     20.00     52.75     20.00    181.67    183.85    164.71    239.36    220.53
              217.90    238.53    220.04    180.38    160.29    113.33     47.19     20.00     20.00     20.00

    7   10     51.91     20.00     20.00     20.00     20.00    163.56    153.97    126.40    227.34    211.44
              217.30    238.22    217.98    198.65    183.67    128.86     84.57     22.30     20.00     20.00

    7   11     48.50     20.00     20.00     20.00     20.00    147.86    131.76     99.45    210.88    196.87
              207.31    227.23    207.48    197.42    184.06    131.40     98.84     50.06     20.00     20.00

    7   12     45.95     20.00     20.00     20.00     20.00    136.43    121.77     92.34    193.81    181.06
              190.56    208.70    190.72    181.56    169.39    121.44     91.79     47.37     20.00     20.00

    7   13     44.01     20.00     20.00     20.00     20.00    128.02    120.80    100.06    176.01    164.04
              168.45    184.20    168.96    154.42    143.15    101.91     68.58     21.73     20.00     20.00

    7   14     44.17     20.00     20.00     40.14     20.00    119.42    120.76    108.99    154.89    143.31
              141.70    154.38    143.01    118.63    106.27     77.39     36.72     20.00     20.00     20.00

    7   15     46.84     20.00     20.00     62.13     36.85    107.13    113.60    106.58    128.99    118.61
              111.61    120.16    112.82     78.18     60.92     53.71     20.00     20.00     20.00     20.00

    7   16     49.46     20.78     20.00     71.38     62.15     89.65     96.69     90.65     99.71     92.44
               81.02     83.89     78.16     40.66     20.00     36.37     20.00     20.00     20.00     20.00

    7   17     48.04     38.53     24.72     65.26     61.72     68.68     73.86     68.77     70.30     66.55
               54.18     50.81     43.15     20.00     20.00     27.57     20.00     20.00     20.00     20.00

    7   18     41.08     40.12     36.52     50.01     47.65     48.20     51.19     48.34     44.98     42.74
               35.04     28.06     20.00     20.00     20.00     24.73     20.00     20.00     20.33     20.00

    7   19     31.26     32.01     31.07     34.29     32.94     32.17     33.34     32.34     28.16     26.13
               24.69     20.00     20.00     20.00     20.00     23.31     20.00     20.00     24.93     21.27

    7   20     23.11     23.42     23.16     23.61     23.27     22.80     22.96     22.72     21.09     20.08
               20.79     20.00     20.00     20.00     20.00     21.26     20.00     20.00     22.19     21.73

    7   21     20.00     20.00     20.00     20.00     20.00     20.00     20.00     20.00     20.00     20.00
               20.00     20.00     20.00     20.00     20.00     20.00     20.00     20.00     20.00     20.00

    7   22     23.24     23.58     23.24     23.30     23.06     22.21     21.93     21.37     20.00     20.00
               20.49     20.00     20.00     20.00     20.00     21.93     21.36     20.52     23.07     22.84

    7   23     32.69     34.04     32.69     32.50     31.59     28.10     26.48     23.78     20.00     20.00
               21.89     20.00     20.00     20.00     20.00     28.10     26.48     23.78     32.50     31.59

    7   24     47.60     50.54     47.60     47.18     45.21     37.62     34.09     28.22     20.00     20.00
               24.11     20.00     20.00     20.00     20.00     37.62     34.09     28.22     47.18     45.21

    8    1     66.79     71.76     66.83     67.68     64.19     51.94     47.92     39.85     20.00     20.00
               27.12     20.00     20.00     20.00     20.00     47.82     39.68     27.49     64.32     60.98

    8    2     88.15     95.34     88.61     93.54     87.59     72.50     71.28     63.40     24.25     20.00
               32.03     20.00     20.00     20.00     20.00     54.92     36.13     20.00     78.75     72.94

    8    3    107.94    116.65    109.26    121.95    112.48     99.20    103.76     96.81     50.83     22.15
               42.21     20.00     20.00     20.00     20.00     55.54     20.00     20.00     82.03     68.95

    8    4    120.89    127.60    119.18    148.00    135.93    128.99    139.51    130.59     93.15     74.91
               62.05     20.00     20.00     20.00     20.00     49.63     20.00     20.00     64.14     31.40

    8    5    121.83    117.22     99.81    165.00    153.60    156.26    170.68    156.93    140.71    129.87
               92.68     58.92     20.00     20.00     20.00     42.88     20.00     20.00     21.62     20.00

    8    6    109.36     79.05     35.05    164.25    152.96    175.17    191.66    175.46    180.32    168.36
              128.95    118.21     93.80     20.00     20.00     44.13     20.00     20.00     20.00     20.00

    8    7     88.51     21.81     20.00    139.49    118.03    181.98    198.34    184.32    205.38    188.47
              161.90    168.58    155.25     68.06     20.00     58.06     20.00     20.00     20.00     20.00

    8    8     68.23     20.00     20.00     95.71     50.28    176.57    188.20    175.58    215.86    197.19
              184.62    199.98    186.79    124.55     93.54     80.58     20.00     20.00     20.00     20.00

    8    9     54.73     20.00     20.00     48.94     20.00    162.87    164.80    147.88    213.85    197.21
              194.89    213.11    196.77    161.73    143.97    102.48     44.03     20.00     20.00     20.00

    8   10     48.17     20.00     20.00     20.00     20.00    146.72    138.25    113.92    203.01    188.97
              194.14    212.62    194.75    177.68    164.46    116.09     76.99     22.04     20.00     20.00

    8   11     45.12     20.00     20.00     20.00     20.00    132.72    118.54     90.04    188.28    175.94
              185.14    202.69    185.29    176.42    164.64    118.21     89.51     46.50     20.00     20.00

    8   12     42.85     20.00     20.00     20.00     20.00    122.53    109.62     83.71    173.06    161.83
              170.20    186.17    170.34    162.27    151.55    109.33     83.22     44.11     20.00     20.00

    8   13     41.12     20.00     20.00     20.00     20.00    115.02    108.67     90.42    157.23    146.70
              150.58    164.43    151.03    138.24    128.33     92.05     62.74     21.53     20.00     20.00

    8   14     41.23     20.00     20.00     37.70     20.00    107.35    108.53     98.19    138.52    128.35
              126.93    138.07    128.08    106.66     95.80     70.43     34.69     20.00     20.00     20.00

    8   15     43.56     20.00     20.00     56.98     34.79     96.48    102.16     95.99    115.66    106.55
              100.40    107.91    101.47     71.07     55.92     49.59     20.00     20.00     20.00     20.00

    8   16     45.83     20.68     20.00     65.05     56.96     81.07     87.24     81.95     89.89     83.52
               73.50     76.02     70.99     38.12     20.00     34.35     20.00     20.00     20.00     20.00

    8   17     44.56     36.23     24.14     59.64     56.54     62.64     67.17     62.72     64.06     60.77
               49.94     46.99     40.28     20.00     20.00     26.63     20.00     20.00     20.00     20.00

    8   18     38.44     37.61     34.45     46.26     44.20     44.68     47.29     44.80     41.86     39.90
               33.16     27.05     20.00     20.00     20.00     24.14     20.00     20.00     20.29     20.00

    8   19     29.84     30.50     29.68     32.49     31.31     30.64     31.66     30.79     27.14     25.36
               24.10     20.00     20.00     20.00     20.00     22.89     20.00     20.00     24.31     21.11

    8   20     22.72     22.98     22.76     23.15     22.86     22.45     22.59     22.37     20.95     20.07
               20.69     20.00     20.00     20.00     20.00     21.10     20.00     20.00     21.92     21.51

    8   21     20.00     20.00     20.00     20.00     20.00     20.00     20.00     20.00     20.00     20.00
               20.00     20.00     20.00     20.00     20.00     20.00     20.00     20.00     20.00     20.00

    8   22     22.82     23.12     22.83     22.88     22.67     21.93     21.69     21.20     20.00     20.00
               20.43     20.00     20.00     20.00     20.00     21.68     21.19     20.45     22.67     22.47

    8   23     31.06     32.23     31.06     30.89     30.10     27.06     25.65     23.29     20.00     20.00
               21.65     20.00     20.00     20.00     20.00     27.06     25.65     23.29     30.89     30.10

    8   24     44.02     46.58     44.02     43.66     41.94     35.33     32.27     27.15     20.00     20.00
               23.58     20.00     20.00     20.00     20.00     35.33     32.27     27.15     43.66     41.94

    9    1     60.69     65.02     60.73     61.47     58.43     47.78     44.29     37.27     20.00     20.00
               26.19     20.00     20.00     20.00     20.00     44.20     37.12     26.51     58.54     55.64

    9    2     79.22     85.47     79.63     83.91     78.74     65.62     64.57     57.72     23.70     20.00
               30.45     20.00     20.00     20.00     20.00     50.35     34.02     20.00     71.06     66.01

    9    3     96.37    103.94     97.52    108.54    100.31     88.78     92.74     86.70     46.77     21.86
               39.29     20.00     20.00     20.00     20.00     50.86     20.00     20.00     73.87     62.51

    9    4    107.55    113.38    106.08    131.08    120.61    114.59    123.71    115.97     83.48     67.65
               56.49     20.00     20.00     20.00     20.00     45.72     20.00     20.00     58.31     29.89

    9    5    108.32    104.32     89.22    145.76    135.87    138.18    150.69    138.76    124.69    115.29
               83.04     53.76     20.00     20.00     20.00     39.84     20.00     20.00     21.40     20.00

    9    6     97.46     71.19     33.05    145.03    135.25    154.50    168.79    154.75    158.96    148.59
              114.43    105.13     83.97     20.00     20.00     40.92     20.00     20.00     20.00     20.00

    9    7     79.35     21.57     20.00    123.51    104.93    160.32    174.50    162.35    180.60    165.95
              142.93    148.72    137.17     61.63     20.00     52.97     20.00     20.00     20.00     20.00

    9    8     61.76     20.00     20.00     85.56     46.22    155.57    165.64    154.71    189.59    173.42
              162.53    175.84    164.42    110.52     83.67     72.45     20.00     20.00     20.00     20.00

    9    9     50.06     20.00     20.00     45.05     20.00    143.65    145.32    130.68    187.77    173.36
              171.36    187.13    172.99    142.66    127.29     91.38     40.80     20.00     20.00     20.00

    9   10     44.37     20.00     20.00     20.00     20.00    129.62    122.29    101.25    178.32    166.17
              170.65    186.63    171.17    156.41    144.97    103.12     69.30     21.76     20.00     20.00

    9   11     41.72     20.00     20.00     20.00     20.00    117.48    105.21     80.57    165.52    154.84
              162.80    177.98    162.93    155.26    145.07    104.92     80.11     42.92     20.00     20.00

    9   12     39.75     20.00     20.00     20.00     20.00    108.63     97.47     75.07    152.31    142.60
              149.84    163.64    149.96    142.98    133.72     97.22     74.65     40.84     20.00     20.00

    9   13     38.25     20.00     20.00     20.00     20.00    102.11     96.62     80.86    138.59    129.49
              132.84    144.81    133.23    122.18    113.61     82.26     56.93     21.32     20.00     20.00

    9   14     38.35     20.00     20.00     35.29     20.00     95.47     96.49     87.55    122.40    113.61
              112.38    122.01    113.38     94.87     85.49     63.57     32.69     20.00     20.00     20.00

    9   15     40.35     20.00     20.00     51.94     32.78     86.06     90.96     85.64    102.63     94.75
               89.45     95.93     90.37     64.11     51.03     45.56     20.00     20.00     20.00     20.00

    9   16     42.31     20.59     20.00     58.90     51.92     72.74     78.07     73.50     80.36     74.85
               66.20     68.38     64.04     35.65     20.00     32.39     20.00     20.00     20.00     20.00

    9   17     41.21     34.01     23.57     54.23     51.55     56.82     60.73     56.89     58.04     55.20
               45.85     43.31     37.51     20.00     20.00     25.73     20.00     20.00     20.00     20.00

    9   18     35.92     35.20     32.48     42.67     40.89     41.31     43.56     41.41     38.88     37.18
               31.37     26.09     20.00     20.00     20.00     23.58     20.00     20.00     20.25     20.00

    9   19     28.50     29.07     28.36     30.78     29.77     29.18     30.07     29.32     26.16     24.63
               23.54     20.00     20.00     20.00     20.00     22.50     20.00     20.00     23.72     20.96

    9   20     22.35     22.58     22.38     22.72     22.47     22.11     22.23     22.05     20.82     20.06
               20.59     20.00     20.00     20.00     20.00     20.95     20.00     20.00     21.65     21.31

    9   21     20.00     20.00     20.00     20.00     20.00     20.00     20.00     20.00     20.00     20.00
               20.00     20.00     20.00     20.00     20.00     20.00     20.00     20.00     20.00     20.00

    9   22     22.44     22.70     22.44     22.49     22.30     21.67     21.46     21.03     20.00     20.00
               20.37     20.00     20.00     20.00     20.00     21.45     21.03     20.39     22.31     22.14

    9   23     29.55     30.56     29.55     29.40     28.72     26.09     24.88     22.84     20.00     20.00
               21.42     20.00     20.00     20.00     20.00     26.09     24.88     22.84     29.40     28.72

    9   24     40.75     42.96     40.75     40.44     38.96     33.25     30.60     26.18     20.00     20.00
               23.09     20.00     20.00     20.00     20.00     33.25     30.60     26.18     40.44     38.96

   10    1     55.17     58.91     55.20     55.84     53.21     44.01     40.99     34.92     20.00     20.00
               25.35     20.00     20.00     20.00     20.00     40.91     34.79     25.63     53.31     50.80

   10    2     71.20     76.60     71.55     75.25     70.78     59.44     58.53     52.60     23.20     20.00
               29.04     20.00     20.00     20.00     20.00     46.24     32.12     20.00     64.14     59.78

   10    3     86.05     92.59     87.04     96.57     89.46     79.49     82.91     77.69     43.15     21.61
               36.68     20.00     20.00     20.00     20.00     46.69     20.00     20.00     66.59     56.76

   10    4     95.76    100.80     94.48    116.11    107.05    101.84    109.74    103.04     74.92     61.23
               51.57     20.00     20.00     20.00     20.00     42.25     20.00     20.00     53.15     28.56

   10    5     96.46     92.99     79.92    128.87    120.31    122.30    133.13    122.81    110.63    102.49
               74.57     49.22     20.00     20.00     20.00     37.18     20.00     20.00     21.22     20.00

   10    6     87.09     64.34     31.30    128.30    119.83    136.50    148.88    136.72    140.36    131.38
              101.80     93.74     75.41     20.00     20.00     38.12     20.00     20.00     20.00     20.00

   10    7     71.44     21.36     20.00    109.72     93.61    141.62    153.91    143.38    159.19    146.50
              126.55    131.56    121.55     56.09     20.00     48.58     20.00     20.00     20.00     20.00

   10    8     56.22     20.00     20.00     76.86     42.74    137.59    146.32    136.84    167.09    153.07
              143.62    155.16    145.26     98.52     75.23     65.49     20.00     20.00     20.00     20.00

   10    9     46.09     20.00     20.00     41.75     20.00    127.32    128.77    116.07    165.62    153.12
              151.37    165.07    152.79    126.47    113.13     81.96     38.05     20.00     20.00     20.00

   10   10     41.17     20.00     20.00     20.00     20.00    115.23    108.86     90.58    157.53    146.98
              150.87    164.75    151.32    138.50    128.56     92.21     62.83     21.53     20.00     20.00

   10   11     38.89     20.00     20.00     20.00     20.00    104.75     94.09     72.67    146.52    137.24
              144.16    157.36    144.27    137.60    128.74     93.84     72.26     39.93     20.00     20.00

   10   12     37.19     20.00     20.00     20.00     20.00     97.13     87.42     67.93    135.15    126.70
              132.99    145.01    133.10    127.03    118.97     87.20     67.56     38.14     20.00     20.00

   10   13     35.90     20.00     20.00     20.00     20.00     91.53     86.75     73.02    123.31    115.38
              118.30    128.73    118.64    109.01    101.55     74.24     52.17     21.15     20.00     20.00

   10   14     36.00     20.00     20.00     33.33     20.00     85.81     86.70     78.91    109.30    101.63
              100.56    108.96    101.43     85.29     77.11     58.00     31.07     20.00     20.00     20.00

   10   15     37.76     20.00     20.00     47.89     31.15     77.67     81.95     77.31     92.14     85.27
               80.63     86.29     81.43     58.51     47.09     42.31     20.00     20.00     20.00     20.00

   10   16     39.50     20.52     20.00     54.01     47.90     66.10     70.76     66.76     72.76     67.95
               60.39     62.29     58.49     33.68     20.00     30.83     20.00     20.00     20.00     20.00

   10   17     38.56     32.26     23.13     49.96     47.61     52.23     55.65     52.29     53.30     50.81
               42.63     40.40     35.33     20.00     20.00     25.01     20.00     20.00     20.00     20.00

   10   18     33.96     33.32     30.94     39.87     38.31     38.67     40.65     38.76     36.54     35.06
               29.96     25.33     20.00     20.00     20.00     23.13     20.00     20.00     20.22     20.00

   10   19     27.46     27.96     27.33     29.46     28.57     28.06     28.84     28.18     25.41     24.06
               23.11     20.00     20.00     20.00     20.00     22.19     20.00     20.00     23.26     20.84

   10   20     22.06     22.27     22.09     22.39     22.17     21.86     21.96     21.80     20.72     20.05
               20.52     20.00     20.00     20.00     20.00     20.83     20.00     20.00     21.45     21.15

   10   21     20.00     20.00     20.00     20.00     20.00     20.00     20.00     20.00     20.00     20.00
               20.00     20.00     20.00     20.00     20.00     20.00     20.00     20.00     20.00     20.00

   10   22     22.15     22.38     22.15     22.19     22.03     21.47     21.28     20.91     20.00     20.00
               20.33     20.00     20.00     20.00     20.00     21.28     20.90     20.34     22.04     21.88

   10   23     28.43     29.33     28.43     28.30     27.70     25.38     24.31     22.51     20.00     20.00
               21.26     20.00     20.00     20.00     20.00     25.38     24.31     22.51     28.30     27.70

   10   24     38.36     40.31     38.36     38.08     36.77     31.72     29.37     25.47     20.00     20.00
               22.73     20.00     20.00     20.00     20.00     31.72     29.38     25.47     38.08     36.77
