
                     BLPSUM           (DATED 99176)                                                                       06/25/99
                                                                                                                          15:56:09

                                             BLPSUM  SCRAM VERSION (DATED 99176)                                          06/25/99
                                                                                                                          15:56:09
**********************************************************************************************************************************



 &INPUTS IJCOD1=999,IJCOD2=999,ISCOD1=151,0,0,0,0,0,0,0,0,0,0,0,0,0,0,
0,0,0,0,0,0,0,0,0,0,0,0,0,0,0,0,0,0,0,0,0,0,0,0,0,0,0,0,0,0,0,0,0,0,0,
0,0,0,0,0,0,0,0,0,0,0,0,ISCOD2=1,2,3,4,0,0,0,0,0,0,0,0,0,0,0,0,0,0,0,
0,0,0,0,0,0,0,0,0,0,0,0,0,0,0,0,0,0,0,0,0,0,0,0,0,0,0,0,0,0,0,0,0,0,0,
0,0,0,0,0,0,0,0,NSUM1=1,NSUM2=4,LSUM=T,LSCALE=T,LCOMPR=F /



 &ECH1 ISCAL1=151,0,0,0,0,0,0,0,0,0,0,0,0,0,0,0,0,0,0,0,0,0,0,0,0,0,0,
0,0,0,0,0,0,0,0,0,0,0,0,0,0,0,0,0,0,0,0,0,0,0,0,0,0,0,0,0,0,0,0,0,0,0,
ASCAL1=0.850000,0.00000,0.00000,0.00000,0.00000,0.00000,0.00000,0.00000,
0.00000,0.00000,0.00000,0.00000,0.00000,0.00000,0.00000,0.00000,0.00000,
0.00000,0.00000,0.00000,0.00000,0.00000,0.00000,0.00000,0.00000,0.00000,
0.00000,0.00000,0.00000,0.00000,0.00000,0.00000,0.00000,0.00000,0.00000,
0.00000,0.00000,0.00000,0.00000,0.00000,0.00000,0.00000,0.00000,0.00000,
0.00000,0.00000,0.00000,0.00000,0.00000,0.00000,0.00000,0.00000,0.00000,
0.00000,0.00000,0.00000,0.00000,0.00000,0.00000,0.00000,0.00000,0.00000,
BSCAL1=0.00000,0.00000,0.00000,0.00000,0.00000,0.00000,0.00000,0.00000,
0.00000,0.00000,0.00000,0.00000,0.00000,0.00000,0.00000,0.00000,0.00000,
0.00000,0.00000,0.00000,0.00000,0.00000,0.00000,0.00000,0.00000,0.00000,
0.00000,0.00000,0.00000,0.00000,0.00000,0.00000,0.00000,0.00000,0.00000,
0.00000,0.00000,0.00000,0.00000,0.00000,0.00000,0.00000,0.00000,0.00000,
0.00000,0.00000,0.00000,0.00000,0.00000,0.00000,0.00000,0.00000,0.00000,
0.00000,0.00000,0.00000,0.00000,0.00000,0.00000,0.00000,0.00000,0.00000,
ISCAL2=1,2,3,4,0,0,0,0,0,0,0,0,0,0,0,0,0,0,0,0,0,0,0,0,0,0,0,0,0,0,0,
0,0,0,0,0,0,0,0,0,0,0,0,0,0,0,0,0,0,0,0,0,0,0,0,0,0,0,0,0,0,0,ASCAL2=
0.760000,0.760000,0.760000,0.760000,0.00000,0.00000,0.00000,0.00000,
0.00000,0.00000,0.00000,0.00000,0.00000,0.00000,0.00000,0.00000,0.00000,
0.00000,0.00000,0.00000,0.00000,0.00000,0.00000,0.00000,0.00000,0.00000,
0.00000,0.00000,0.00000,0.00000,0.00000,0.00000,0.00000,0.00000,0.00000,
0.00000,0.00000,0.00000,0.00000,0.00000,0.00000,0.00000,0.00000,0.00000,
0.00000,0.00000,0.00000,0.00000,0.00000,0.00000,0.00000,0.00000,0.00000,
0.00000,0.00000,0.00000,0.00000,0.00000,0.00000,0.00000,0.00000,0.00000,
BSCAL2=0.00000,0.00000,0.00000,0.00000,0.00000,0.00000,0.00000,0.00000,
0.00000,0.00000,0.00000,0.00000,0.00000,0.00000,0.00000,0.00000,0.00000,
0.00000,0.00000,0.00000,0.00000,0.00000,0.00000,0.00000,0.00000,0.00000,
0.00000,0.00000,0.00000,0.00000,0.00000,0.00000,0.00000,0.00000,0.00000,
0.00000,0.00000,0.00000,0.00000,0.00000,0.00000,0.00000,0.00000,0.00000,
0.00000,0.00000,0.00000,0.00000,0.00000,0.00000,0.00000,0.00000,0.00000,
0.00000,0.00000,0.00000,0.00000,0.00000,0.00000,0.00000,0.00000,0.00000 /
                                             BLPSUM  SCRAM VERSION (DATED 99176)                                          06/25/99
                                                                                                                          15:56:09
**********************************************************************************************************************************


THIS RUN OF BLPSUM SUMS THE FOLLOWING SOURCE CONTRIBUTION GROUPS: 


     BLP RUN   SOURCE CONTRIBUTION GROUP

        1      ALL POINTS
        2      LINE  1
        2      LINE  2
        2      LINE  3
        2      LINE  4


ARRAY COMPRESSION OPTION NOT REQUESTED
                                             BLPSUM  SCRAM VERSION (DATED 99176)                                          06/25/99
                                                                                                                          15:56:09
**********************************************************************************************************************************


CONCENTRATION SCALING OPTION REQUESTED -- CONCENTRATIONS WILL BE SCALED IN THE FOLLOWING WAY:

                   CONC.(NEW--BLP FILE 1) = ASCAL1 * CONC.(OLD--BLP FILE 1) + BSCAL1
                   CONC.(NEW--BLP FILE 2) = ASCAL2 * CONC.(OLD--BLP FILE 2) + BSCAL2

WHERE ASCAL1, BSCAL1, ASCAL2, AND BSCAL2 ARE INPUT BY THE USER FOR EACH SOURCE CONTRIBUTION GROUP


SOURCE          SOURCE CODE      ASCAL1       BSCAL1
 GROUP            (ISCAL1)                   (UG/M**3)

ALL POINTS         151           0.8500         0.0000


SOURCE          SOURCE CODE      ASCAL2       BSCAL2
 GROUP            (ISCAL2)                   (UG/M**3)

LINE  1              1           0.7600         0.0000
LINE  2              2           0.7600         0.0000
LINE  3              3           0.7600         0.0000
LINE  4              4           0.7600         0.0000


BLP FILE 1 INFORMATION

     TITLE: BLP VERSION 4.1 TEST RUN #1 - LCOMPR = .TRUE.                                   
      NREC:  18
      NPTS:   3
    NLINES:   2


BLP FILE 2 INFORMATION

     TITLE: BLP VERSION 4.1 TEST RUN #2 - EXISTING & PROPOSED LINE SOURCES                  
      NREC:  18
      NPTS:   0
    NLINES:   4


BLP OUTPUT FILE INFORMATION

     TITLE: BLPSUM PORTION OF TEST CASE 2                                                   
      NREC:  18
      NPTS:   3
    NLINES:   4
                                             BLPSUM  SCRAM VERSION (DATED 99176)                                          06/25/99
                                                                                                                          15:56:09
**********************************************************************************************************************************




OUTPUT FILE CONTAINS CONCENTRATIONS FOR THE FOLLOWING DAYS (0=NOT INCLUDED; 1=INCLUDED):

1000000000   0000000000   0000000000   0000000000   0000000000   0000000000   0000000000   0000000000   0000000000   0000000000

0000000000   0000000000   0000000000   0000000000   0000000000   0000000000   0000000000   0000000000   0000000000   0000000000

0000000000   0000000000   0000000000   0000000000   0000000000   0000000000   0000000000   0000000000   0000000000   0000000000

0000000000   0000000000   0000000000   0000000000   0000000000   0000000000   000000


TOTAL OF   1 DAYS
