
                     POSTBLP          (DATED 99176)                                                                       06/25/99
                                                                                                                          15:56:09

                                           BLP POSTPROCESSOR  SCRAM VERSION (DATED 99176)                                 06/25/99
                                                                                                                          15:56:09
**********************************************************************************************************************************




 &OPTS XINT=0.00000,0.00000,0.00000,0.00000,0.00000,0.00000,0.00000,
0.00000,0.00000,0.00000,0.00000,0.00000,0.00000,0.00000,0.00000,0.00000,
0.00000,0.00000,0.00000,0.00000,0.00000,0.00000,0.00000,0.00000,0.00000,
XINT3=0.00000,0.00000,0.00000,0.00000,0.00000,0.00000,0.00000,0.00000,
0.00000,0.00000,0.00000,0.00000,0.00000,0.00000,0.00000,0.00000,0.00000,
0.00000,0.00000,0.00000,0.00000,0.00000,0.00000,0.00000,0.00000,XINT24=
0.00000,0.00000,0.00000,0.00000,0.00000,0.00000,0.00000,0.00000,0.00000,
0.00000,0.00000,0.00000,0.00000,0.00000,0.00000,0.00000,0.00000,0.00000,
0.00000,0.00000,0.00000,0.00000,0.00000,0.00000,0.00000,XINTN=0.00000,
0.00000,0.00000,0.00000,0.00000,0.00000,0.00000,0.00000,0.00000,0.00000,
0.00000,0.00000,0.00000,0.00000,0.00000,0.00000,0.00000,0.00000,0.00000,
0.00000,0.00000,0.00000,0.00000,0.00000,0.00000,NINT=0,NINT3=0,NINT24=
0,NINTN=0,LFRQ1=F,LFRQ3=F,LFRQ24=F,LFRQN=F,IRECEP=1,IECHO=0,0,0,0,0,0,
0,0,0,0,0,0,0,0,0,0,0,0,0,0,0,0,0,0,0,0,0,0,0,0,0,0,0,0,0,0,0,0,0,0,0,
0,0,0,0,0,0,0,0,0,0,0,0,0,0,0,0,0,0,0,0,0,0,0,0,0,0,0,0,0,0,0,0,0,0,0,
0,0,0,0,0,0,0,0,0,0,0,0,0,0,0,0,0,0,0,0,0,0,0,0,0,0,0,0,0,0,0,0,0,0,0,
0,0,0,0,0,0,0,0,0,0,0,0,0,0,0,0,0,0,0,0,0,0,0,0,0,0,0,0,0,0,0,0,0,0,0,
0,0,0,0,0,0,0,0,0,0,0,0,0,0,0,0,0,0,0,0,0,0,0,0,0,0,0,0,0,0,0,0,0,0,0,
0,0,0,0,0,0,0,0,0,0,0,0,0,0,0,0,0,0,0,0,0,0,0,0,0,0,0,0,0,0,0,0,0,0,0,
0,0,0,0,0,0,0,0,0,0,0,0,0,0,0,0,0,0,0,0,0,0,0,0,0,0,0,0,0,0,0,0,0,0,0,
0,0,0,0,0,0,0,0,0,0,0,0,0,0,0,0,0,0,0,0,0,0,0,0,0,0,0,0,0,0,0,0,0,0,0,
0,0,0,0,0,0,0,0,0,0,0,0,0,0,0,0,0,0,0,0,0,0,0,0,0,0,0,0,0,0,0,0,0,0,0,
0,0,0,0,0,0,0,0,0,0,0,0,0,0,0,0,0,0,0,0,0,0,0,0,0,0,0,0,0,0,0,0,0,0,0,
0,0,0,0,0,0,0,0,0,0,LECH1=F,LECH3=F,LECH24=F,LECHN=F,NSUM=0,ISCODE=0,
0,0,0,0,0,0,0,0,0,0,0,0,0,0,0,0,0,0,0,0,0,0,0,0,0,0,0,0,0,0,0,0,0,0,0,
0,0,0,0,0,0,0,0,0,0,0,0,0,0,0,0,0,0,0,0,0,0,0,0,0,0,LSUM=F,IJCODE=999,
LDCALM=T,LPRT=T,MIN3=3,MIN24=18,NAVG=8,MINN=6,LSCALE=F /
                                           BLP POSTPROCESSOR  SCRAM VERSION (DATED 99176)                                 06/25/99
                                                                                                                          15:56:09
**********************************************************************************************************************************




 &ECH1 ISCALE=0,0,0,0,0,0,0,0,0,0,0,0,0,0,0,0,0,0,0,0,0,0,0,0,0,0,0,0,
0,0,0,0,0,0,0,0,0,0,0,0,0,0,0,0,0,0,0,0,0,0,0,0,0,0,0,0,0,0,0,0,0,0,
ASCALE=0.00000,0.00000,0.00000,0.00000,0.00000,0.00000,0.00000,0.00000,
0.00000,0.00000,0.00000,0.00000,0.00000,0.00000,0.00000,0.00000,0.00000,
0.00000,0.00000,0.00000,0.00000,0.00000,0.00000,0.00000,0.00000,0.00000,
0.00000,0.00000,0.00000,0.00000,0.00000,0.00000,0.00000,0.00000,0.00000,
0.00000,0.00000,0.00000,0.00000,0.00000,0.00000,0.00000,0.00000,0.00000,
0.00000,0.00000,0.00000,0.00000,0.00000,0.00000,0.00000,0.00000,0.00000,
0.00000,0.00000,0.00000,0.00000,0.00000,0.00000,0.00000,0.00000,0.00000,
BSCALE=0.00000,0.00000,0.00000,0.00000,0.00000,0.00000,0.00000,0.00000,
0.00000,0.00000,0.00000,0.00000,0.00000,0.00000,0.00000,0.00000,0.00000,
0.00000,0.00000,0.00000,0.00000,0.00000,0.00000,0.00000,0.00000,0.00000,
0.00000,0.00000,0.00000,0.00000,0.00000,0.00000,0.00000,0.00000,0.00000,
0.00000,0.00000,0.00000,0.00000,0.00000,0.00000,0.00000,0.00000,0.00000,
0.00000,0.00000,0.00000,0.00000,0.00000,0.00000,0.00000,0.00000,0.00000,
0.00000,0.00000,0.00000,0.00000,0.00000,0.00000,0.00000,0.00000,0.00000 /
                                           BLP POSTPROCESSOR  SCRAM VERSION (DATED 99176)                                 06/25/99
                                                                                                                          15:56:09
**********************************************************************************************************************************


BLPSUM PORTION OF TEST CASE 2                                                        YEAR:  0



TOTAL NUMBER OF DAYS INCLUDED IN THIS RUN:   1

(0=NOT INCLUDED; 1=INCLUDED)


1000000000   0000000000   0000000000   0000000000   0000000000   0000000000   0000000000   0000000000   0000000000   0000000000

0000000000   0000000000   0000000000   0000000000   0000000000   0000000000   0000000000   0000000000   0000000000   0000000000

0000000000   0000000000   0000000000   0000000000   0000000000   0000000000   0000000000   0000000000   0000000000   0000000000

0000000000   0000000000   0000000000   0000000000   0000000000   0000000000   000000



TOTAL NUMBER OF SOURCES:   7

           LINE SOURCES:   4
          POINT SOURCES:   3


TOTAL NUMBER OF RECEPTORS:  18



SOURCE CONTRIBUTIONS FROM THE FOLLOWING LINE SOURCES ARE AVAILABLE: 

(0=NOT AVAILABLE; 1=AVAILABLE)

LINE SOURCE NUMBER     AVAILABILITY

        1                   0

        2                   0

        3                   0

        4                   0

     1 -  4                 0
                                           BLP POSTPROCESSOR  SCRAM VERSION (DATED 99176)                                 06/25/99
                                                                                                                          15:56:09
**********************************************************************************************************************************



SOURCE CONTRIBUTIONS FROM THE FOLLOWING POINT SOURCES ARE AVAILABLE: 

(0=NOT AVAILABLE; 1=AVAILABLE)

POINT SOURCE NUMBER     AVAILABILITY

         1                   0

         2                   0

         3                   0

      1 -  3                 0
                                           BLP POSTPROCESSOR  SCRAM VERSION (DATED 99176)                                 06/25/99
                                                                                                                          15:56:09
**********************************************************************************************************************************



         IJCODE = 999

(IJCODE SPECIFIES THE BLP CONCENTRATION OUTPUT DATA USED IN THIS RUN OF POSTBLP.
 THE CONCENTRATION DATA ASSOCIATED WITH IJCODE IS AS FOLLOWS: 

         IJCODE                  CONCENTRATION DATA

          1-10     SOURCE CONTRIBUTION - LINE SOURCE NUMBER "IJCODE"
           11      SOURCE CONTRIBUTION - ALL LINE SOURCES
         101-150   SOURCE CONTRIBUTION - POINT SOURCE NUMBER "IJCODE - 100"
          151      SOURCE CONTRIBUTION - ALL POINT SOURCES
          999      TOTAL CONCENTRATION)





FREQUENCY DISTRIBUTIONS REQUESTED IN THIS POSTBLP RUN: 

    1-HOUR AVERAGES ? NO 
    3-HOUR AVERAGES ? NO 
   24-HOUR AVERAGES ? NO 
    8-HOUR AVERAGES ? NO 
                                           BLP POSTPROCESSOR  SCRAM VERSION (DATED 99176)                                 06/25/99
                                                                                                                          15:56:09
**********************************************************************************************************************************



CONCENTRATIONS AT EACH RECEPTOR ARE PRINTED FOR THE FOLLOWING DAYS: 

(0=NOT PRINTED; 1=PRINTED)


0000000000   0000000000   0000000000   0000000000   0000000000   0000000000   0000000000   0000000000   0000000000   0000000000

0000000000   0000000000   0000000000   0000000000   0000000000   0000000000   0000000000   0000000000   0000000000   0000000000

0000000000   0000000000   0000000000   0000000000   0000000000   0000000000   0000000000   0000000000   0000000000   0000000000

0000000000   0000000000   0000000000   0000000000   0000000000   0000000000   000000


AND FOR THE FOLLOWING AVERAGING TIMES: 

    1-HOUR AVERAGES ? NO 
    3-HOUR AVERAGES ? NO 
   24-HOUR AVERAGES ? NO 
    8-HOUR AVERAGES ? NO 


USER-SPECIFIED AVERAGING TIME OPTION USED -- AVERAGING TIME =     8 HOURS
                                           BLP POSTPROCESSOR  SCRAM VERSION (DATED 99176)                                 06/25/99
                                                                                                                          15:56:09
**********************************************************************************************************************************

IF THE DECALM OPTION IS USED, CONCENTRATIONS DURING HOURS WITH WIND SPEEDS LE 1.0 M/S ARE 
TREATED AS MISSING - I.E., THEY ARE NOT USED IN THE CALCULATION OF 3-HOUR, 24-HOUR, "NAVG"-HOUR, AND
ANNUAL AVERAGES. THESE "MISSING" CONCENTRATIONS ARE ALSO EXCLUDED FROM THE TABLES OF
HIGHEST 1-HOUR AVERAGE CONCENTRATIONS. AT LEAST "MIN3","MIN24", AND "MINN" NONMISSING HOURS ARE 
NECESSARY FOR ANY 3-,24-, AND "NAVG"-HOUR AVERAGE CONCENTRATION TO BE INCLUDED IN THE TABLES OF HIGHEST
CONCENTRATIONS.

               OPTIONS USED IN THIS RUN:
                  DECALM OPTION ? YES
                  TABLE OF HOURS WITH WS LE 1.0 M/S ? YES

                  MINIMUM NUMBER OF HOURS OF DATA NEEDED IN CALCULATION OF 3-HOUR AVERAGES =  3
                  MINIMUM NUMBER OF HOURS OF DATA NEEDED IN CALCULATION OF 24-HOUR AVERAGES = 18
                  MINIMUM NUMBER OF HOURS OF DATA NEEDED IN CALCULATION OF     8-HOUR AVERAGES =     6
                                           BLP POSTPROCESSOR  SCRAM VERSION (DATED 99176)                                 06/25/99
                                                                                                                          15:56:09
**********************************************************************************************************************************

DECALM OPTION REQUESTED - THE FOLLOWING HOURS WITH WIND SPEEDS LE 1.0 M/S HAVE BEEN ELIMINATED

YEAR  DAY  HOUR    WIND SPEED   WIND DIR.   STABILITY   MIXING HT.   ------------HIGHEST CONCENTRATIONS - (UG/M**3)--------------
                     (M/S)      (DEGREES)                  (M)       HIGHEST  RECPT     2ND HIGHEST  RECPT     3RD HIGHEST  RECPT

  0     1   11        1.0         234           2           601        662.2     7           72.4       5            5.5       3
  0     1   12        1.0         226           2           746        451.0     7            7.8       9            7.3       5
                                           BLP POSTPROCESSOR  SCRAM VERSION (DATED 99176)                                 06/25/99
                                                                                                                          15:56:09
**********************************************************************************************************************************

                                     0.9 DAY (  22 HR) AVERAGE CONCENTRATIONS AT EACH RECEPTOR


              RECEPTOR       0.9 DAY AVERAGE CONCENTRATION               RECEPTOR       0.9 DAY AVERAGE CONCENTRATION
                                      (UG/M**3)                                                  (UG/M**3)
                  1                        0.0                              10                       50.6
                  2                        0.0                              11                        0.0
                  3                        0.0                              12                        6.5
                  4                        0.1                              13                        0.0
                  5                        0.2                              14                        0.0
                  6                        1.8                              15                        0.0
                  7                      299.5                              16                        0.0
                  8                       21.6                              17                        0.0
                  9                       89.0                              18                        0.0

TOTAL NUMBER OF HOURS:   24
NUMBER OF HOURS WITH WS LE 1.0 M/S:    2
NUMBER OF "GOOD" HOURS:   22
                                           BLP POSTPROCESSOR  SCRAM VERSION (DATED 99176)                                 06/25/99
                                                                                                                          15:56:09
**********************************************************************************************************************************

                          5 HIGHEST 1-HOUR AVERAGE CONCENTRATIONS AT EACH RECEPTOR  (JULIAN DAY,ENDING HR)

                RECEPTOR        HIGHEST            2ND HIGHEST          3RD HIGHEST          4TH HIGHEST          5TH HIGHEST
                               (UG/M**3)            (UG/M**3)            (UG/M**3)            (UG/M**3)            (UG/M**3)
                    1          0.0 (  0, 0)         0.0 (  0, 0)         0.0 (  0, 0)         0.0 (  0, 0)         0.0 (  0, 0)
                    2          0.1 (  1,15)         0.0 (  0, 0)         0.0 (  0, 0)         0.0 (  0, 0)         0.0 (  0, 0)
                    3          0.0 (  0, 0)         0.0 (  0, 0)         0.0 (  0, 0)         0.0 (  0, 0)         0.0 (  0, 0)
                    4          1.5 (  1,15)         0.0 (  0, 0)         0.0 (  0, 0)         0.0 (  0, 0)         0.0 (  0, 0)
                    5          3.5 (  1, 7)         0.0 (  1, 6)         0.0 (  0, 0)         0.0 (  0, 0)         0.0 (  0, 0)
                    6         39.5 (  1,15)         0.0 (  0, 0)         0.0 (  0, 0)         0.0 (  0, 0)         0.0 (  0, 0)
                    7       1860.3 (  1,23)      1589.4 (  1, 2)      1251.9 (  1, 5)       895.2 (  1, 6)       791.8 (  1, 7)
                    8        459.1 (  1,15)        16.0 (  1,16)         0.0 (  0, 0)         0.0 (  0, 0)         0.0 (  0, 0)
                    9       1069.0 (  1, 1)       845.5 (  1, 9)        35.0 (  1, 8)         6.7 (  1, 3)         2.0 (  1,10)
                   10        951.4 (  1,14)       146.1 (  1,13)        13.6 (  1,17)         1.0 (  1,18)         0.7 (  1,15)
                   11          0.0 (  0, 0)         0.0 (  0, 0)         0.0 (  0, 0)         0.0 (  0, 0)         0.0 (  0, 0)
                   12        131.9 (  1,19)         7.1 (  1,20)         3.3 (  1,17)         0.0 (  1,13)         0.0 (  0, 0)
                   13          0.0 (  0, 0)         0.0 (  0, 0)         0.0 (  0, 0)         0.0 (  0, 0)         0.0 (  0, 0)
                   14          0.0 (  0, 0)         0.0 (  0, 0)         0.0 (  0, 0)         0.0 (  0, 0)         0.0 (  0, 0)
                   15          0.0 (  0, 0)         0.0 (  0, 0)         0.0 (  0, 0)         0.0 (  0, 0)         0.0 (  0, 0)
                   16          0.0 (  0, 0)         0.0 (  0, 0)         0.0 (  0, 0)         0.0 (  0, 0)         0.0 (  0, 0)
                   17          0.0 (  0, 0)         0.0 (  0, 0)         0.0 (  0, 0)         0.0 (  0, 0)         0.0 (  0, 0)
                   18          0.0 (  0, 0)         0.0 (  0, 0)         0.0 (  0, 0)         0.0 (  0, 0)         0.0 (  0, 0)
                                           BLP POSTPROCESSOR  SCRAM VERSION (DATED 99176)                                 06/25/99
                                                                                                                          15:56:09
**********************************************************************************************************************************

                          5 HIGHEST 3-HOUR AVERAGE CONCENTRATIONS AT EACH RECEPTOR  (JULIAN DAY,ENDING HR)

                RECEPTOR        HIGHEST           2ND HIGHEST         3RD HIGHEST         4TH HIGHEST         5TH HIGHEST
                               (UG/M**3)           (UG/M**3)           (UG/M**3)           (UG/M**3)           (UG/M**3)
                    1          0.0 (  0, 0)        0.0 (  0, 0)        0.0 (  0, 0)        0.0 (  0, 0)        0.0 (  0, 0)
                    2          0.0 (  1,15)        0.0 (  0, 0)        0.0 (  0, 0)        0.0 (  0, 0)        0.0 (  0, 0)
                    3          0.0 (  0, 0)        0.0 (  0, 0)        0.0 (  0, 0)        0.0 (  0, 0)        0.0 (  0, 0)
                    4          0.5 (  1,15)        0.0 (  0, 0)        0.0 (  0, 0)        0.0 (  0, 0)        0.0 (  0, 0)
                    5          1.2 (  1, 9)        0.0 (  1, 6)        0.0 (  0, 0)        0.0 (  0, 0)        0.0 (  0, 0)
                    6         13.2 (  1,15)        0.0 (  0, 0)        0.0 (  0, 0)        0.0 (  0, 0)        0.0 (  0, 0)
                    7        731.4 (  1, 6)      630.1 (  1,24)      529.8 (  1, 3)      263.9 (  1, 9)        5.9 (  1,21)
                    8        153.0 (  1,15)        5.3 (  1,18)        0.0 (  0, 0)        0.0 (  0, 0)        0.0 (  0, 0)
                    9        358.5 (  1, 3)      293.5 (  1, 9)        0.0 (  1,21)        0.0 (  1,24)        0.0 (  0, 0)
                   10        366.1 (  1,15)        4.9 (  1,18)        0.0 (  0, 0)        0.0 (  0, 0)        0.0 (  0, 0)
                   11          0.0 (  0, 0)        0.0 (  0, 0)        0.0 (  0, 0)        0.0 (  0, 0)        0.0 (  0, 0)
                   12         46.3 (  1,21)        1.1 (  1,18)        0.0 (  1,15)        0.0 (  0, 0)        0.0 (  0, 0)
                   13          0.0 (  0, 0)        0.0 (  0, 0)        0.0 (  0, 0)        0.0 (  0, 0)        0.0 (  0, 0)
                   14          0.0 (  0, 0)        0.0 (  0, 0)        0.0 (  0, 0)        0.0 (  0, 0)        0.0 (  0, 0)
                   15          0.0 (  0, 0)        0.0 (  0, 0)        0.0 (  0, 0)        0.0 (  0, 0)        0.0 (  0, 0)
                   16          0.0 (  0, 0)        0.0 (  0, 0)        0.0 (  0, 0)        0.0 (  0, 0)        0.0 (  0, 0)
                   17          0.0 (  0, 0)        0.0 (  0, 0)        0.0 (  0, 0)        0.0 (  0, 0)        0.0 (  0, 0)
                   18          0.0 (  0, 0)        0.0 (  0, 0)        0.0 (  0, 0)        0.0 (  0, 0)        0.0 (  0, 0)
                                           BLP POSTPROCESSOR  SCRAM VERSION (DATED 99176)                                 06/25/99
                                                                                                                          15:56:09
**********************************************************************************************************************************

                              5 HIGHEST 24-HOUR AVERAGE CONCENTRATIONS AT EACH RECEPTOR  (JULIAN DAY)

                RECEPTOR        HIGHEST           2ND HIGHEST         3RD HIGHEST         4TH HIGHEST         5TH HIGHEST
                               (UG/M**3)           (UG/M**3)           (UG/M**3)           (UG/M**3)           (UG/M**3)
                    1          0.0 (  0)           0.0 (  0)           0.0 (  0)           0.0 (  0)           0.0 (  0)
                    2          0.0 (  1)           0.0 (  0)           0.0 (  0)           0.0 (  0)           0.0 (  0)
                    3          0.0 (  0)           0.0 (  0)           0.0 (  0)           0.0 (  0)           0.0 (  0)
                    4          0.1 (  1)           0.0 (  0)           0.0 (  0)           0.0 (  0)           0.0 (  0)
                    5          0.2 (  1)           0.0 (  0)           0.0 (  0)           0.0 (  0)           0.0 (  0)
                    6          1.8 (  1)           0.0 (  0)           0.0 (  0)           0.0 (  0)           0.0 (  0)
                    7        299.5 (  1)           0.0 (  0)           0.0 (  0)           0.0 (  0)           0.0 (  0)
                    8         21.6 (  1)           0.0 (  0)           0.0 (  0)           0.0 (  0)           0.0 (  0)
                    9         89.0 (  1)           0.0 (  0)           0.0 (  0)           0.0 (  0)           0.0 (  0)
                   10         50.6 (  1)           0.0 (  0)           0.0 (  0)           0.0 (  0)           0.0 (  0)
                   11          0.0 (  0)           0.0 (  0)           0.0 (  0)           0.0 (  0)           0.0 (  0)
                   12          6.5 (  1)           0.0 (  0)           0.0 (  0)           0.0 (  0)           0.0 (  0)
                   13          0.0 (  0)           0.0 (  0)           0.0 (  0)           0.0 (  0)           0.0 (  0)
                   14          0.0 (  0)           0.0 (  0)           0.0 (  0)           0.0 (  0)           0.0 (  0)
                   15          0.0 (  0)           0.0 (  0)           0.0 (  0)           0.0 (  0)           0.0 (  0)
                   16          0.0 (  0)           0.0 (  0)           0.0 (  0)           0.0 (  0)           0.0 (  0)
                   17          0.0 (  0)           0.0 (  0)           0.0 (  0)           0.0 (  0)           0.0 (  0)
                   18          0.0 (  0)           0.0 (  0)           0.0 (  0)           0.0 (  0)           0.0 (  0)
                                           BLP POSTPROCESSOR  SCRAM VERSION (DATED 99176)                                 06/25/99
                                                                                                                          15:56:09
**********************************************************************************************************************************

                        5 HIGHEST     8-HOUR AVERAGE CONCENTRATIONS AT EACH RECEPTOR  (JULIAN DAY,ENDING HR)

                RECEPTOR        HIGHEST           2ND HIGHEST         3RD HIGHEST         4TH HIGHEST         5TH HIGHEST
                               (UG/M**3)           (UG/M**3)           (UG/M**3)           (UG/M**3)           (UG/M**3)
                    1          0.0 (  0, 0)        0.0 (  0, 0)        0.0 (  0, 0)        0.0 (  0, 0)        0.0 (  0, 0)
                    2          0.0 (  1,16)        0.0 (  0, 0)        0.0 (  0, 0)        0.0 (  0, 0)        0.0 (  0, 0)
                    3          0.0 (  0, 0)        0.0 (  0, 0)        0.0 (  0, 0)        0.0 (  0, 0)        0.0 (  0, 0)
                    4          0.2 (  1,16)        0.0 (  0, 0)        0.0 (  0, 0)        0.0 (  0, 0)        0.0 (  0, 0)
                    5          0.4 (  1, 8)        0.0 (  0, 0)        0.0 (  0, 0)        0.0 (  0, 0)        0.0 (  0, 0)
                    6          6.6 (  1,16)        0.0 (  0, 0)        0.0 (  0, 0)        0.0 (  0, 0)        0.0 (  0, 0)
                    7        571.9 (  1, 8)      238.5 (  1,24)       17.5 (  1,16)        0.0 (  0, 0)        0.0 (  0, 0)
                    8         79.2 (  1,16)        0.0 (  0, 0)        0.0 (  0, 0)        0.0 (  0, 0)        0.0 (  0, 0)
                    9        141.2 (  1,16)      138.8 (  1, 8)        0.0 (  1,24)        0.0 (  0, 0)        0.0 (  0, 0)
                   10        183.0 (  1,16)        1.8 (  1,24)        0.0 (  0, 0)        0.0 (  0, 0)        0.0 (  0, 0)
                   11          0.0 (  0, 0)        0.0 (  0, 0)        0.0 (  0, 0)        0.0 (  0, 0)        0.0 (  0, 0)
                   12         17.8 (  1,24)        0.0 (  1,16)        0.0 (  0, 0)        0.0 (  0, 0)        0.0 (  0, 0)
                   13          0.0 (  0, 0)        0.0 (  0, 0)        0.0 (  0, 0)        0.0 (  0, 0)        0.0 (  0, 0)
                   14          0.0 (  0, 0)        0.0 (  0, 0)        0.0 (  0, 0)        0.0 (  0, 0)        0.0 (  0, 0)
                   15          0.0 (  0, 0)        0.0 (  0, 0)        0.0 (  0, 0)        0.0 (  0, 0)        0.0 (  0, 0)
                   16          0.0 (  0, 0)        0.0 (  0, 0)        0.0 (  0, 0)        0.0 (  0, 0)        0.0 (  0, 0)
                   17          0.0 (  0, 0)        0.0 (  0, 0)        0.0 (  0, 0)        0.0 (  0, 0)        0.0 (  0, 0)
                   18          0.0 (  0, 0)        0.0 (  0, 0)        0.0 (  0, 0)        0.0 (  0, 0)        0.0 (  0, 0)
                                           BLP POSTPROCESSOR  SCRAM VERSION (DATED 99176)                                 06/25/99
                                                                                                                          15:56:09
**********************************************************************************************************************************

                                             TOP 50 1-HOUR AVERAGE CONCENTRATIONS


          DAY   HOUR   WIND SPEED   WIND DIRECTION   STABILITY   MIXING HEIGHT   RECEPTOR    1-HOUR CONCENTRATION
                         (M/S)         (DEGREES)                   (METERS)                      (UG/M**3)
            1    23       2.6             230            6            785            7             1860.3
            1     2       2.1             228            6            809            7             1589.4
            1     5       3.6             233            5            829            7             1251.9
            1     1       1.5             201            6            802            9             1069.0
            1    14       2.1             349            3            891           10              951.4
            1     6       2.6             232            4            836            7              895.2
            1     9       3.1             197            4            415            9              845.5
            1     7       3.1             236            4            843            7              791.8
            1    15       1.5             312            2            891            8              459.1
            1    13       2.1               3            3            891           10              146.1
            1    19       1.5              24            4            849           12              131.9
            1    10       1.5             221            3            456            7              105.3
            1     4       2.6             223            6            822            7               47.2
            1    15       1.5             312            2            891            6               39.5
            1     8       3.6             213            4            800            9               35.0
            1    22       1.5             222            6            799            7               22.8
            1    21       2.1             220            5            816            7               17.8
            1    16       1.5             324            4            891            8               16.0
            1    17       3.1              11            3            882           10               13.6
            1    24       4.1             220            5            772            7                7.4
            1    20       2.1              17            5            832           12                7.1
            1     3       2.1             214            6            815            9                6.7
            1     7       3.1             236            4            843            5                3.5
            1    17       3.1              11            3            882           12                3.3
            1    10       1.5             221            3            456            9                2.0
            1    15       1.5             312            2            891            4                1.5
            1    18       1.5               7            4            865           10                1.0
            1    15       1.5             312            2            891           10                0.7
            1    21       2.1             220            5            816            9                0.1
            1    24       4.1             220            5            772            9                0.1
            1    15       1.5             312            2            891            2                0.1
            1     8       3.6             213            4            800            7                0.0
            1    13       2.1               3            3            891           12                0.0
            1     6       2.6             232            4            836            5                0.0
            1    16       1.5             324            4            891           10                0.0
            0     0       0.0               0            0              0            0                0.0
            0     0       0.0               0            0              0            0                0.0
            0     0       0.0               0            0              0            0                0.0
            0     0       0.0               0            0              0            0                0.0
            0     0       0.0               0            0              0            0                0.0
            0     0       0.0               0            0              0            0                0.0
            0     0       0.0               0            0              0            0                0.0
            0     0       0.0               0            0              0            0                0.0
            0     0       0.0               0            0              0            0                0.0
            0     0       0.0               0            0              0            0                0.0
            0     0       0.0               0            0              0            0                0.0
            0     0       0.0               0            0              0            0                0.0
            0     0       0.0               0            0              0            0                0.0
            0     0       0.0               0            0              0            0                0.0
            0     0       0.0               0            0              0            0                0.0
                                           BLP POSTPROCESSOR  SCRAM VERSION (DATED 99176)                                 06/25/99
                                                                                                                          15:56:09
**********************************************************************************************************************************

                                                TOP 50 3-HOUR AVERAGE CONCENTRATIONS


                                        DAY   ENDING HOUR   RECEPTOR   3-HOUR CONCENTRATION
                                                                          (UG/M**3)
                                          1        6            7            731.4
                                          1       24            7            630.1
                                          1        3            7            529.8
                                          1       15           10            366.1
                                          1        3            9            358.5
                                          1        9            9            293.5
                                          1        9            7            263.9
                                          1       15            8            153.0
                                          1       21           12             46.3
                                          1       15            6             13.2
                                          1       21            7              5.9
                                          1       18            8              5.3
                                          1       18           10              4.9
                                          1        9            5              1.2
                                          1       18           12              1.1
                                          1       15            4              0.5
                                          1       21            9              0.0
                                          1       24            9              0.0
                                          1       15            2              0.0
                                          1       15           12              0.0
                                          1        6            5              0.0
                                          0        0            0              0.0
                                          0        0            0              0.0
                                          0        0            0              0.0
                                          0        0            0              0.0
                                          0        0            0              0.0
                                          0        0            0              0.0
                                          0        0            0              0.0
                                          0        0            0              0.0
                                          0        0            0              0.0
                                          0        0            0              0.0
                                          0        0            0              0.0
                                          0        0            0              0.0
                                          0        0            0              0.0
                                          0        0            0              0.0
                                          0        0            0              0.0
                                          0        0            0              0.0
                                          0        0            0              0.0
                                          0        0            0              0.0
                                          0        0            0              0.0
                                          0        0            0              0.0
                                          0        0            0              0.0
                                          0        0            0              0.0
                                          0        0            0              0.0
                                          0        0            0              0.0
                                          0        0            0              0.0
                                          0        0            0              0.0
                                          0        0            0              0.0
                                          0        0            0              0.0
                                          0        0            0              0.0
                                           BLP POSTPROCESSOR  SCRAM VERSION (DATED 99176)                                 06/25/99
                                                                                                                          15:56:09
**********************************************************************************************************************************

                                         TOP 50 24-HOUR AVERAGE CONCENTRATIONS


                                        DAY   RECEPTOR   24-HOUR CONCENTRATION
                                                              (UG/M**3)
                                          1       7            299.5
                                          1       9             89.0
                                          1      10             50.6
                                          1       8             21.6
                                          1      12              6.5
                                          1       6              1.8
                                          1       5              0.2
                                          1       4              0.1
                                          1       2              0.0
                                          0       0              0.0
                                          0       0              0.0
                                          0       0              0.0
                                          0       0              0.0
                                          0       0              0.0
                                          0       0              0.0
                                          0       0              0.0
                                          0       0              0.0
                                          0       0              0.0
                                          0       0              0.0
                                          0       0              0.0
                                          0       0              0.0
                                          0       0              0.0
                                          0       0              0.0
                                          0       0              0.0
                                          0       0              0.0
                                          0       0              0.0
                                          0       0              0.0
                                          0       0              0.0
                                          0       0              0.0
                                          0       0              0.0
                                          0       0              0.0
                                          0       0              0.0
                                          0       0              0.0
                                          0       0              0.0
                                          0       0              0.0
                                          0       0              0.0
                                          0       0              0.0
                                          0       0              0.0
                                          0       0              0.0
                                          0       0              0.0
                                          0       0              0.0
                                          0       0              0.0
                                          0       0              0.0
                                          0       0              0.0
                                          0       0              0.0
                                          0       0              0.0
                                          0       0              0.0
                                          0       0              0.0
                                          0       0              0.0
                                          0       0              0.0
                                           BLP POSTPROCESSOR  SCRAM VERSION (DATED 99176)                                 06/25/99
                                                                                                                          15:56:09
**********************************************************************************************************************************

                                             TOP 50     8-HOUR AVERAGE CONCENTRATIONS


                                        DAY   ENDING HOUR   RECEPTOR     8-HOUR CONCENTRATION
                                                                            (UG/M**3)
                                          1        8            7              571.9
                                          1       24            7              238.5
                                          1       16           10              183.0
                                          1       16            9              141.2
                                          1        8            9              138.8
                                          1       16            8               79.2
                                          1       24           12               17.8
                                          1       16            7               17.5
                                          1       16            6                6.6
                                          1       24           10                1.8
                                          1        8            5                0.4
                                          1       16            4                0.2
                                          1       24            9                0.0
                                          1       16            2                0.0
                                          1       16           12                0.0
                                          0        0            0                0.0
                                          0        0            0                0.0
                                          0        0            0                0.0
                                          0        0            0                0.0
                                          0        0            0                0.0
                                          0        0            0                0.0
                                          0        0            0                0.0
                                          0        0            0                0.0
                                          0        0            0                0.0
                                          0        0            0                0.0
                                          0        0            0                0.0
                                          0        0            0                0.0
                                          0        0            0                0.0
                                          0        0            0                0.0
                                          0        0            0                0.0
                                          0        0            0                0.0
                                          0        0            0                0.0
                                          0        0            0                0.0
                                          0        0            0                0.0
                                          0        0            0                0.0
                                          0        0            0                0.0
                                          0        0            0                0.0
                                          0        0            0                0.0
                                          0        0            0                0.0
                                          0        0            0                0.0
                                          0        0            0                0.0
                                          0        0            0                0.0
                                          0        0            0                0.0
                                          0        0            0                0.0
                                          0        0            0                0.0
                                          0        0            0                0.0
                                          0        0            0                0.0
                                          0        0            0                0.0
                                          0        0            0                0.0
                                          0        0            0                0.0
