
                     POSTBLP          (DATED 99176)                                                                       06/25/99
                                                                                                                          15:56:05

                                           BLP POSTPROCESSOR  SCRAM VERSION (DATED 99176)                                 06/25/99
                                                                                                                          15:56:05
**********************************************************************************************************************************




 &OPTS XINT=0.00000,0.00000,0.00000,0.00000,0.00000,0.00000,0.00000,
0.00000,0.00000,0.00000,0.00000,0.00000,0.00000,0.00000,0.00000,0.00000,
0.00000,0.00000,0.00000,0.00000,0.00000,0.00000,0.00000,0.00000,0.00000,
XINT3=0.00000,0.00000,0.00000,0.00000,0.00000,0.00000,0.00000,0.00000,
0.00000,0.00000,0.00000,0.00000,0.00000,0.00000,0.00000,0.00000,0.00000,
0.00000,0.00000,0.00000,0.00000,0.00000,0.00000,0.00000,0.00000,XINT24=
0.00000,0.00000,0.00000,0.00000,0.00000,0.00000,0.00000,0.00000,0.00000,
0.00000,0.00000,0.00000,0.00000,0.00000,0.00000,0.00000,0.00000,0.00000,
0.00000,0.00000,0.00000,0.00000,0.00000,0.00000,0.00000,XINTN=0.00000,
0.00000,0.00000,0.00000,0.00000,0.00000,0.00000,0.00000,0.00000,0.00000,
0.00000,0.00000,0.00000,0.00000,0.00000,0.00000,0.00000,0.00000,0.00000,
0.00000,0.00000,0.00000,0.00000,0.00000,0.00000,NINT=0,NINT3=0,NINT24=
0,NINTN=0,LFRQ1=F,LFRQ3=F,LFRQ24=F,LFRQN=F,IRECEP=1,IECHO=0,0,0,0,0,0,
0,0,0,0,0,0,0,0,0,0,0,0,0,0,0,0,0,0,0,0,0,0,0,0,0,0,0,0,0,0,0,0,0,0,0,
0,0,0,0,0,0,0,0,0,0,0,0,0,0,0,0,0,0,0,0,0,0,0,0,0,0,0,0,0,0,0,0,0,0,0,
0,0,0,0,0,0,0,0,0,0,0,0,0,0,0,0,0,0,0,0,0,0,0,0,0,0,0,0,0,0,0,0,0,0,0,
0,0,0,0,0,0,0,0,0,0,0,0,0,0,0,0,0,0,0,0,0,0,0,0,0,0,0,0,0,0,0,0,0,0,0,
0,0,0,0,0,0,0,0,0,0,0,0,0,0,0,0,0,0,0,0,0,0,0,0,0,0,0,0,0,0,0,0,0,0,0,
0,0,0,0,0,0,0,0,0,0,0,0,0,0,0,0,0,0,0,0,0,0,0,0,0,0,0,0,0,0,0,0,0,0,0,
0,0,0,0,0,0,0,0,0,0,0,0,0,0,0,0,0,0,0,0,0,0,0,0,0,0,0,0,0,0,0,0,0,0,0,
0,0,0,0,0,0,0,0,0,0,0,0,0,0,0,0,0,0,0,0,0,0,0,0,0,0,0,0,0,0,0,0,0,0,0,
0,0,0,0,0,0,0,0,0,0,0,0,0,0,0,0,0,0,0,0,0,0,0,0,0,0,0,0,0,0,0,0,0,0,0,
0,0,0,0,0,0,0,0,0,0,0,0,0,0,0,0,0,0,0,0,0,0,0,0,0,0,0,0,0,0,0,0,0,0,0,
0,0,0,0,0,0,0,0,0,0,LECH1=F,LECH3=F,LECH24=F,LECHN=F,NSUM=3,ISCODE=1,
2,151,0,0,0,0,0,0,0,0,0,0,0,0,0,0,0,0,0,0,0,0,0,0,0,0,0,0,0,0,0,0,0,0,
0,0,0,0,0,0,0,0,0,0,0,0,0,0,0,0,0,0,0,0,0,0,0,0,0,0,0,LSUM=T,IJCODE=999,
LDCALM=T,LPRT=T,MIN3=3,MIN24=18,NAVG=8,MINN=6,LSCALE=T /
                                           BLP POSTPROCESSOR  SCRAM VERSION (DATED 99176)                                 06/25/99
                                                                                                                          15:56:05
**********************************************************************************************************************************




 &ECH1 ISCALE=1,2,151,0,0,0,0,0,0,0,0,0,0,0,0,0,0,0,0,0,0,0,0,0,0,0,0,
0,0,0,0,0,0,0,0,0,0,0,0,0,0,0,0,0,0,0,0,0,0,0,0,0,0,0,0,0,0,0,0,0,0,0,
ASCALE=0.850000,0.850000,1.00000,0.00000,0.00000,0.00000,0.00000,0.00000,
0.00000,0.00000,0.00000,0.00000,0.00000,0.00000,0.00000,0.00000,0.00000,
0.00000,0.00000,0.00000,0.00000,0.00000,0.00000,0.00000,0.00000,0.00000,
0.00000,0.00000,0.00000,0.00000,0.00000,0.00000,0.00000,0.00000,0.00000,
0.00000,0.00000,0.00000,0.00000,0.00000,0.00000,0.00000,0.00000,0.00000,
0.00000,0.00000,0.00000,0.00000,0.00000,0.00000,0.00000,0.00000,0.00000,
0.00000,0.00000,0.00000,0.00000,0.00000,0.00000,0.00000,0.00000,0.00000,
BSCALE=0.00000,0.00000,20.0000,0.00000,0.00000,0.00000,0.00000,0.00000,
0.00000,0.00000,0.00000,0.00000,0.00000,0.00000,0.00000,0.00000,0.00000,
0.00000,0.00000,0.00000,0.00000,0.00000,0.00000,0.00000,0.00000,0.00000,
0.00000,0.00000,0.00000,0.00000,0.00000,0.00000,0.00000,0.00000,0.00000,
0.00000,0.00000,0.00000,0.00000,0.00000,0.00000,0.00000,0.00000,0.00000,
0.00000,0.00000,0.00000,0.00000,0.00000,0.00000,0.00000,0.00000,0.00000,
0.00000,0.00000,0.00000,0.00000,0.00000,0.00000,0.00000,0.00000,0.00000 /
                                           BLP POSTPROCESSOR  SCRAM VERSION (DATED 99176)                                 06/25/99
                                                                                                                          15:56:05
**********************************************************************************************************************************


BLP VERSION 4.1 TEST RUN #1 - LCOMPR = .TRUE.                                        YEAR:  0



TOTAL NUMBER OF DAYS INCLUDED IN THIS RUN:   1

(0=NOT INCLUDED; 1=INCLUDED)


1000000000   0000000000   0000000000   0000000000   0000000000   0000000000   0000000000   0000000000   0000000000   0000000000

0000000000   0000000000   0000000000   0000000000   0000000000   0000000000   0000000000   0000000000   0000000000   0000000000

0000000000   0000000000   0000000000   0000000000   0000000000   0000000000   0000000000   0000000000   0000000000   0000000000

0000000000   0000000000   0000000000   0000000000   0000000000   0000000000   000000



TOTAL NUMBER OF SOURCES:   5

           LINE SOURCES:   2
          POINT SOURCES:   3


TOTAL NUMBER OF RECEPTORS:  18



SOURCE CONTRIBUTIONS FROM THE FOLLOWING LINE SOURCES ARE AVAILABLE: 

(0=NOT AVAILABLE; 1=AVAILABLE)

LINE SOURCE NUMBER     AVAILABILITY

        1                   1

        2                   1

     1 -  2                 1
                                           BLP POSTPROCESSOR  SCRAM VERSION (DATED 99176)                                 06/25/99
                                                                                                                          15:56:05
**********************************************************************************************************************************



SOURCE CONTRIBUTIONS FROM THE FOLLOWING POINT SOURCES ARE AVAILABLE: 

(0=NOT AVAILABLE; 1=AVAILABLE)

POINT SOURCE NUMBER     AVAILABILITY

         1                   1

         2                   1

         3                   1

      1 -  3                 1
                                           BLP POSTPROCESSOR  SCRAM VERSION (DATED 99176)                                 06/25/99
                                                                                                                          15:56:05
**********************************************************************************************************************************



THE BLP CONCENTRATION DATA USED IN THIS RUN OF POSTBLP IS THE SUM OF THE FOLLOWING   3 SETS
 OF SOURCE CONTRIBUTION DATA: 

ISCODE = (1)  1   (2)  2   (3)151

        WHERE THE CONCENTRATION DATA ASSOCIATED WITH EACH ISCODE IS IDENTIFIED AS FOLLOWS: 

         ISCODE                  CONCENTRATION DATA

          1-10     SOURCE CONTRIBUTION - LINE SOURCE NUMBER "ISCODE"
           11      SOURCE CONTRIBUTION - ALL LINE SOURCES
         101-150   SOURCE CONTRIBUTION - POINT SOURCE NUMBER "ISCODE - 100"
          151      SOURCE CONTRIBUTION - ALL POINT SOURCES
          999      TOTAL CONCENTRATION)





FREQUENCY DISTRIBUTIONS REQUESTED IN THIS POSTBLP RUN: 

    1-HOUR AVERAGES ? NO 
    3-HOUR AVERAGES ? NO 
   24-HOUR AVERAGES ? NO 
    8-HOUR AVERAGES ? NO 
                                           BLP POSTPROCESSOR  SCRAM VERSION (DATED 99176)                                 06/25/99
                                                                                                                          15:56:05
**********************************************************************************************************************************


CONCENTRATION SCALING OPTION REQUESTED -- CONCENTRATIONS WILL BE SCALED IN THE FOLLOWING WAY: 

                   CONC.(NEW) = ASCALE * CONC.(OLD) + BSCALE

WHERE ASCALE AND BSCALE ARE INPUT BY THE USER FOR EACH SOURCE CONTRIBUTION GROUP


SOURCE          SOURCE CODE      ASCALE       BSCALE
 GROUP            (ISCALE)                   (UG/M**3)

LINE  1              1           0.8500         0.0000
LINE  2              2           0.8500         0.0000
ALL POINTS         151           1.0000        20.0000
                                           BLP POSTPROCESSOR  SCRAM VERSION (DATED 99176)                                 06/25/99
                                                                                                                          15:56:05
**********************************************************************************************************************************



CONCENTRATIONS AT EACH RECEPTOR ARE PRINTED FOR THE FOLLOWING DAYS: 

(0=NOT PRINTED; 1=PRINTED)


0000000000   0000000000   0000000000   0000000000   0000000000   0000000000   0000000000   0000000000   0000000000   0000000000

0000000000   0000000000   0000000000   0000000000   0000000000   0000000000   0000000000   0000000000   0000000000   0000000000

0000000000   0000000000   0000000000   0000000000   0000000000   0000000000   0000000000   0000000000   0000000000   0000000000

0000000000   0000000000   0000000000   0000000000   0000000000   0000000000   000000


AND FOR THE FOLLOWING AVERAGING TIMES: 

    1-HOUR AVERAGES ? NO 
    3-HOUR AVERAGES ? NO 
   24-HOUR AVERAGES ? NO 
    8-HOUR AVERAGES ? NO 


USER-SPECIFIED AVERAGING TIME OPTION USED -- AVERAGING TIME =     8 HOURS
                                           BLP POSTPROCESSOR  SCRAM VERSION (DATED 99176)                                 06/25/99
                                                                                                                          15:56:05
**********************************************************************************************************************************

IF THE DECALM OPTION IS USED, CONCENTRATIONS DURING HOURS WITH WIND SPEEDS LE 1.0 M/S ARE 
TREATED AS MISSING - I.E., THEY ARE NOT USED IN THE CALCULATION OF 3-HOUR, 24-HOUR, "NAVG"-HOUR, AND
ANNUAL AVERAGES. THESE "MISSING" CONCENTRATIONS ARE ALSO EXCLUDED FROM THE TABLES OF
HIGHEST 1-HOUR AVERAGE CONCENTRATIONS. AT LEAST "MIN3","MIN24", AND "MINN" NONMISSING HOURS ARE 
NECESSARY FOR ANY 3-,24-, AND "NAVG"-HOUR AVERAGE CONCENTRATION TO BE INCLUDED IN THE TABLES OF HIGHEST
CONCENTRATIONS.

               OPTIONS USED IN THIS RUN:
                  DECALM OPTION ? YES
                  TABLE OF HOURS WITH WS LE 1.0 M/S ? YES

                  MINIMUM NUMBER OF HOURS OF DATA NEEDED IN CALCULATION OF 3-HOUR AVERAGES =  3
                  MINIMUM NUMBER OF HOURS OF DATA NEEDED IN CALCULATION OF 24-HOUR AVERAGES = 18
                  MINIMUM NUMBER OF HOURS OF DATA NEEDED IN CALCULATION OF     8-HOUR AVERAGES =     6
                                           BLP POSTPROCESSOR  SCRAM VERSION (DATED 99176)                                 06/25/99
                                                                                                                          15:56:05
**********************************************************************************************************************************

DECALM OPTION REQUESTED - THE FOLLOWING HOURS WITH WIND SPEEDS LE 1.0 M/S HAVE BEEN ELIMINATED

YEAR  DAY  HOUR    WIND SPEED   WIND DIR.   STABILITY   MIXING HT.   ------------HIGHEST CONCENTRATIONS - (UG/M**3)--------------
                     (M/S)      (DEGREES)                  (M)       HIGHEST  RECPT     2ND HIGHEST  RECPT     3RD HIGHEST  RECPT

  0     1   11        1.0         234           2           601        836.6     7          118.7       5           27.7       3
  0     1   12        1.0         226           2           746        577.5     7           29.6       9           29.1       5
                                           BLP POSTPROCESSOR  SCRAM VERSION (DATED 99176)                                 06/25/99
                                                                                                                          15:56:05
**********************************************************************************************************************************

                                     0.9 DAY (  22 HR) AVERAGE CONCENTRATIONS AT EACH RECEPTOR


              RECEPTOR       0.9 DAY AVERAGE CONCENTRATION               RECEPTOR       0.9 DAY AVERAGE CONCENTRATION
                                      (UG/M**3)                                                  (UG/M**3)
                  1                       20.0                              10                       80.9
                  2                       20.0                              11                       20.0
                  3                       20.0                              12                       27.5
                  4                       20.1                              13                       20.0
                  5                       20.2                              14                       20.0
                  6                       22.0                              15                       20.0
                  7                      276.7                              16                       20.0
                  8                       47.0                              17                       20.0
                  9                      120.4                              18                       20.0

TOTAL NUMBER OF HOURS:   24
NUMBER OF HOURS WITH WS LE 1.0 M/S:    2
NUMBER OF "GOOD" HOURS:   22
                                           BLP POSTPROCESSOR  SCRAM VERSION (DATED 99176)                                 06/25/99
                                                                                                                          15:56:05
**********************************************************************************************************************************

                          5 HIGHEST 1-HOUR AVERAGE CONCENTRATIONS AT EACH RECEPTOR  (JULIAN DAY,ENDING HR)

                RECEPTOR        HIGHEST            2ND HIGHEST          3RD HIGHEST          4TH HIGHEST          5TH HIGHEST
                               (UG/M**3)            (UG/M**3)            (UG/M**3)            (UG/M**3)            (UG/M**3)
                    1         20.0 (  1, 5)        20.0 (  1, 4)        20.0 (  1, 3)        20.0 (  1, 2)        20.0 (  1, 1)
                    2         20.1 (  1,15)        20.0 (  1, 5)        20.0 (  1, 4)        20.0 (  1, 3)        20.0 (  1, 2)
                    3         20.0 (  1, 5)        20.0 (  1, 4)        20.0 (  1, 3)        20.0 (  1, 2)        20.0 (  1, 1)
                    4         21.5 (  1,15)        20.0 (  1, 5)        20.0 (  1, 4)        20.0 (  1, 3)        20.0 (  1, 2)
                    5         24.8 (  1, 7)        20.0 (  1, 6)        20.0 (  1, 5)        20.0 (  1, 4)        20.0 (  1, 3)
                    6         64.0 (  1,15)        20.0 (  1, 5)        20.0 (  1, 4)        20.0 (  1, 3)        20.0 (  1, 2)
                    7       1326.7 (  1,23)      1119.4 (  1, 5)      1099.4 (  1, 6)      1031.3 (  1, 2)       997.0 (  1, 7)
                    8        595.3 (  1,15)        38.9 (  1,16)        20.0 (  1, 5)        20.0 (  1, 4)        20.0 (  1, 3)
                    9       1172.1 (  1, 1)      1026.7 (  1, 9)        58.0 (  1, 8)        29.7 (  1, 3)        22.7 (  1,10)
                   10       1165.9 (  1,14)       200.4 (  1,13)        31.6 (  1,17)        21.2 (  1,18)        20.7 (  1,15)
                   11         20.0 (  1, 5)        20.0 (  1, 4)        20.0 (  1, 3)        20.0 (  1, 2)        20.0 (  1, 1)
                   12        175.2 (  1,19)        27.0 (  1,20)        23.5 (  1,17)        20.0 (  1,13)        20.0 (  1, 5)
                   13         20.0 (  1, 5)        20.0 (  1, 4)        20.0 (  1, 3)        20.0 (  1, 2)        20.0 (  1, 1)
                   14         20.0 (  1, 5)        20.0 (  1, 4)        20.0 (  1, 3)        20.0 (  1, 2)        20.0 (  1, 1)
                   15         20.0 (  1, 5)        20.0 (  1, 4)        20.0 (  1, 3)        20.0 (  1, 2)        20.0 (  1, 1)
                   16         20.0 (  1, 5)        20.0 (  1, 4)        20.0 (  1, 3)        20.0 (  1, 2)        20.0 (  1, 1)
                   17         20.0 (  1, 5)        20.0 (  1, 4)        20.0 (  1, 3)        20.0 (  1, 2)        20.0 (  1, 1)
                   18         20.0 (  1, 5)        20.0 (  1, 4)        20.0 (  1, 3)        20.0 (  1, 2)        20.0 (  1, 1)
                                           BLP POSTPROCESSOR  SCRAM VERSION (DATED 99176)                                 06/25/99
                                                                                                                          15:56:05
**********************************************************************************************************************************

                          5 HIGHEST 3-HOUR AVERAGE CONCENTRATIONS AT EACH RECEPTOR  (JULIAN DAY,ENDING HR)

                RECEPTOR        HIGHEST           2ND HIGHEST         3RD HIGHEST         4TH HIGHEST         5TH HIGHEST
                               (UG/M**3)           (UG/M**3)           (UG/M**3)           (UG/M**3)           (UG/M**3)
                    1         20.0 (  1,18)       20.0 (  1,15)       20.0 (  1, 9)       20.0 (  1, 6)       20.0 (  1, 3)
                    2         20.0 (  1,15)       20.0 (  1,18)       20.0 (  1, 9)       20.0 (  1, 6)       20.0 (  1, 3)
                    3         20.0 (  1,18)       20.0 (  1,15)       20.0 (  1, 9)       20.0 (  1, 6)       20.0 (  1, 3)
                    4         20.5 (  1,15)       20.0 (  1,18)       20.0 (  1, 9)       20.0 (  1, 6)       20.0 (  1, 3)
                    5         21.6 (  1, 9)       20.0 (  1, 6)       20.0 (  1,18)       20.0 (  1,15)       20.0 (  1, 3)
                    6         34.7 (  1,15)       20.0 (  1,18)       20.0 (  1, 9)       20.0 (  1, 6)       20.0 (  1, 3)
                    7        753.0 (  1, 6)      459.9 (  1,24)      357.1 (  1, 3)      345.7 (  1, 9)       22.8 (  1,21)
                    8        211.8 (  1,15)       26.3 (  1,18)       20.0 (  1, 9)       20.0 (  1, 6)       20.0 (  1, 3)
                    9        407.3 (  1, 3)      368.2 (  1, 9)       20.1 (  1,21)       20.1 (  1,24)       20.0 (  1,18)
                   10        462.4 (  1,15)       24.3 (  1,18)       20.0 (  1, 9)       20.0 (  1, 6)       20.0 (  1, 3)
                   11         20.0 (  1,18)       20.0 (  1,15)       20.0 (  1, 9)       20.0 (  1, 6)       20.0 (  1, 3)
                   12         74.1 (  1,21)       21.2 (  1,18)       20.0 (  1,15)       20.0 (  1, 9)       20.0 (  1, 6)
                   13         20.0 (  1,18)       20.0 (  1,15)       20.0 (  1, 9)       20.0 (  1, 6)       20.0 (  1, 3)
                   14         20.0 (  1,18)       20.0 (  1,15)       20.0 (  1, 9)       20.0 (  1, 6)       20.0 (  1, 3)
                   15         20.0 (  1,18)       20.0 (  1,15)       20.0 (  1, 9)       20.0 (  1, 6)       20.0 (  1, 3)
                   16         20.0 (  1,18)       20.0 (  1,15)       20.0 (  1, 9)       20.0 (  1, 6)       20.0 (  1, 3)
                   17         20.0 (  1,18)       20.0 (  1,15)       20.0 (  1, 9)       20.0 (  1, 6)       20.0 (  1, 3)
                   18         20.0 (  1,18)       20.0 (  1,15)       20.0 (  1, 9)       20.0 (  1, 6)       20.0 (  1, 3)
                                           BLP POSTPROCESSOR  SCRAM VERSION (DATED 99176)                                 06/25/99
                                                                                                                          15:56:05
**********************************************************************************************************************************

                              5 HIGHEST 24-HOUR AVERAGE CONCENTRATIONS AT EACH RECEPTOR  (JULIAN DAY)

                RECEPTOR        HIGHEST           2ND HIGHEST         3RD HIGHEST         4TH HIGHEST         5TH HIGHEST
                               (UG/M**3)           (UG/M**3)           (UG/M**3)           (UG/M**3)           (UG/M**3)
                    1         20.0 (  1)           0.0 (  0)           0.0 (  0)           0.0 (  0)           0.0 (  0)
                    2         20.0 (  1)           0.0 (  0)           0.0 (  0)           0.0 (  0)           0.0 (  0)
                    3         20.0 (  1)           0.0 (  0)           0.0 (  0)           0.0 (  0)           0.0 (  0)
                    4         20.1 (  1)           0.0 (  0)           0.0 (  0)           0.0 (  0)           0.0 (  0)
                    5         20.2 (  1)           0.0 (  0)           0.0 (  0)           0.0 (  0)           0.0 (  0)
                    6         22.0 (  1)           0.0 (  0)           0.0 (  0)           0.0 (  0)           0.0 (  0)
                    7        276.7 (  1)           0.0 (  0)           0.0 (  0)           0.0 (  0)           0.0 (  0)
                    8         47.0 (  1)           0.0 (  0)           0.0 (  0)           0.0 (  0)           0.0 (  0)
                    9        120.4 (  1)           0.0 (  0)           0.0 (  0)           0.0 (  0)           0.0 (  0)
                   10         80.9 (  1)           0.0 (  0)           0.0 (  0)           0.0 (  0)           0.0 (  0)
                   11         20.0 (  1)           0.0 (  0)           0.0 (  0)           0.0 (  0)           0.0 (  0)
                   12         27.5 (  1)           0.0 (  0)           0.0 (  0)           0.0 (  0)           0.0 (  0)
                   13         20.0 (  1)           0.0 (  0)           0.0 (  0)           0.0 (  0)           0.0 (  0)
                   14         20.0 (  1)           0.0 (  0)           0.0 (  0)           0.0 (  0)           0.0 (  0)
                   15         20.0 (  1)           0.0 (  0)           0.0 (  0)           0.0 (  0)           0.0 (  0)
                   16         20.0 (  1)           0.0 (  0)           0.0 (  0)           0.0 (  0)           0.0 (  0)
                   17         20.0 (  1)           0.0 (  0)           0.0 (  0)           0.0 (  0)           0.0 (  0)
                   18         20.0 (  1)           0.0 (  0)           0.0 (  0)           0.0 (  0)           0.0 (  0)
                                           BLP POSTPROCESSOR  SCRAM VERSION (DATED 99176)                                 06/25/99
                                                                                                                          15:56:05
**********************************************************************************************************************************

                        5 HIGHEST     8-HOUR AVERAGE CONCENTRATIONS AT EACH RECEPTOR  (JULIAN DAY,ENDING HR)

                RECEPTOR        HIGHEST           2ND HIGHEST         3RD HIGHEST         4TH HIGHEST         5TH HIGHEST
                               (UG/M**3)           (UG/M**3)           (UG/M**3)           (UG/M**3)           (UG/M**3)
                    1         20.0 (  1,24)       20.0 (  1,16)       20.0 (  1, 8)        0.0 (  0, 0)        0.0 (  0, 0)
                    2         20.0 (  1,16)       20.0 (  1,24)       20.0 (  1, 8)        0.0 (  0, 0)        0.0 (  0, 0)
                    3         20.0 (  1,24)       20.0 (  1,16)       20.0 (  1, 8)        0.0 (  0, 0)        0.0 (  0, 0)
                    4         20.2 (  1,16)       20.0 (  1,24)       20.0 (  1, 8)        0.0 (  0, 0)        0.0 (  0, 0)
                    5         20.6 (  1, 8)       20.0 (  1,24)       20.0 (  1,16)        0.0 (  0, 0)        0.0 (  0, 0)
                    6         27.3 (  1,16)       20.0 (  1,24)       20.0 (  1, 8)        0.0 (  0, 0)        0.0 (  0, 0)
                    7        543.4 (  1, 8)      186.0 (  1,24)       41.9 (  1,16)        0.0 (  0, 0)        0.0 (  0, 0)
                    8        119.0 (  1,16)       20.0 (  1,24)       20.0 (  1, 8)        0.0 (  0, 0)        0.0 (  0, 0)
                    9        188.2 (  1,16)      170.0 (  1, 8)       20.0 (  1,24)        0.0 (  0, 0)        0.0 (  0, 0)
                   10        241.2 (  1,16)       21.6 (  1,24)       20.0 (  1, 8)        0.0 (  0, 0)        0.0 (  0, 0)
                   11         20.0 (  1,24)       20.0 (  1,16)       20.0 (  1, 8)        0.0 (  0, 0)        0.0 (  0, 0)
                   12         40.7 (  1,24)       20.0 (  1,16)       20.0 (  1, 8)        0.0 (  0, 0)        0.0 (  0, 0)
                   13         20.0 (  1,24)       20.0 (  1,16)       20.0 (  1, 8)        0.0 (  0, 0)        0.0 (  0, 0)
                   14         20.0 (  1,24)       20.0 (  1,16)       20.0 (  1, 8)        0.0 (  0, 0)        0.0 (  0, 0)
                   15         20.0 (  1,24)       20.0 (  1,16)       20.0 (  1, 8)        0.0 (  0, 0)        0.0 (  0, 0)
                   16         20.0 (  1,24)       20.0 (  1,16)       20.0 (  1, 8)        0.0 (  0, 0)        0.0 (  0, 0)
                   17         20.0 (  1,24)       20.0 (  1,16)       20.0 (  1, 8)        0.0 (  0, 0)        0.0 (  0, 0)
                   18         20.0 (  1,24)       20.0 (  1,16)       20.0 (  1, 8)        0.0 (  0, 0)        0.0 (  0, 0)
                                           BLP POSTPROCESSOR  SCRAM VERSION (DATED 99176)                                 06/25/99
                                                                                                                          15:56:05
**********************************************************************************************************************************

                                             TOP 50 1-HOUR AVERAGE CONCENTRATIONS


          DAY   HOUR   WIND SPEED   WIND DIRECTION   STABILITY   MIXING HEIGHT   RECEPTOR    1-HOUR CONCENTRATION
                         (M/S)         (DEGREES)                   (METERS)                      (UG/M**3)
            1    23       2.6             230            6            785            7             1326.7
            1     1       1.5             201            6            802            9             1172.1
            1    14       2.1             349            3            891           10             1165.9
            1     5       3.6             233            5            829            7             1119.4
            1     6       2.6             232            4            836            7             1099.4
            1     2       2.1             228            6            809            7             1031.3
            1     9       3.1             197            4            415            9             1026.7
            1     7       3.1             236            4            843            7              997.0
            1    15       1.5             312            2            891            8              595.3
            1    13       2.1               3            3            891           10              200.4
            1    19       1.5              24            4            849           12              175.2
            1    10       1.5             221            3            456            7              151.5
            1    15       1.5             312            2            891            6               64.0
            1     8       3.6             213            4            800            9               58.0
            1     4       2.6             223            6            822            7               40.1
            1    16       1.5             324            4            891            8               38.9
            1    17       3.1              11            3            882           10               31.6
            1     3       2.1             214            6            815            9               29.7
            1    22       1.5             222            6            799            7               29.2
            1    21       2.1             220            5            816            7               28.4
            1    20       2.1              17            5            832           12               27.0
            1     7       3.1             236            4            843            5               24.8
            1    24       4.1             220            5            772            7               23.9
            1    17       3.1              11            3            882           12               23.5
            1    10       1.5             221            3            456            9               22.7
            1    15       1.5             312            2            891            4               21.5
            1    18       1.5               7            4            865           10               21.2
            1    15       1.5             312            2            891           10               20.7
            1    21       2.1             220            5            816            9               20.2
            1    24       4.1             220            5            772            9               20.2
            1    15       1.5             312            2            891            2               20.1
            1    13       2.1               3            3            891           12               20.0
            1     6       2.6             232            4            836            5               20.0
            1     8       3.6             213            4            800            7               20.0
            1    16       1.5             324            4            891           10               20.0
            1     1       1.5             201            6            802            6               20.0
            1     1       1.5             201            6            802            5               20.0
            1     1       1.5             201            6            802            4               20.0
            1     1       1.5             201            6            802            3               20.0
            1     1       1.5             201            6            802            2               20.0
            1     1       1.5             201            6            802           12               20.0
            1     1       1.5             201            6            802           11               20.0
            1     1       1.5             201            6            802           10               20.0
            1     1       1.5             201            6            802            1               20.0
            1     1       1.5             201            6            802            8               20.0
            1     1       1.5             201            6            802            7               20.0
            1     1       1.5             201            6            802           18               20.0
            1     1       1.5             201            6            802           17               20.0
            1     1       1.5             201            6            802           16               20.0
            1     1       1.5             201            6            802           15               20.0
                                           BLP POSTPROCESSOR  SCRAM VERSION (DATED 99176)                                 06/25/99
                                                                                                                          15:56:05
**********************************************************************************************************************************

                                                TOP 50 3-HOUR AVERAGE CONCENTRATIONS


                                        DAY   ENDING HOUR   RECEPTOR   3-HOUR CONCENTRATION
                                                                          (UG/M**3)
                                          1        6            7            753.0
                                          1       15           10            462.4
                                          1       24            7            459.9
                                          1        3            9            407.3
                                          1        9            9            368.2
                                          1        3            7            357.1
                                          1        9            7            345.7
                                          1       15            8            211.8
                                          1       21           12             74.1
                                          1       15            6             34.7
                                          1       18            8             26.3
                                          1       18           10             24.3
                                          1       21            7             22.8
                                          1        9            5             21.6
                                          1       18           12             21.2
                                          1       15            4             20.5
                                          1       21            9             20.1
                                          1       24            9             20.1
                                          1       15            2             20.0
                                          1       15           12             20.0
                                          1        6            5             20.0
                                          1        3            6             20.0
                                          1        3            5             20.0
                                          1        3            4             20.0
                                          1        3            3             20.0
                                          1        3           12             20.0
                                          1        3           11             20.0
                                          1        3           10             20.0
                                          1        3            2             20.0
                                          1        3            8             20.0
                                          1        3            1             20.0
                                          1        3           18             20.0
                                          1        3           17             20.0
                                          1        3           16             20.0
                                          1        3           15             20.0
                                          1        3           14             20.0
                                          1        6            6             20.0
                                          1        3           13             20.0
                                          1        6            4             20.0
                                          1        6            3             20.0
                                          1        6            2             20.0
                                          1        6           12             20.0
                                          1        6           11             20.0
                                          1        6           10             20.0
                                          1        6            9             20.0
                                          1        6            8             20.0
                                          1        6            1             20.0
                                          1        6           18             20.0
                                          1        6           17             20.0
                                          1        6           16             20.0
                                           BLP POSTPROCESSOR  SCRAM VERSION (DATED 99176)                                 06/25/99
                                                                                                                          15:56:05
**********************************************************************************************************************************

                                         TOP 50 24-HOUR AVERAGE CONCENTRATIONS


                                        DAY   RECEPTOR   24-HOUR CONCENTRATION
                                                              (UG/M**3)
                                          1       7            276.7
                                          1       9            120.4
                                          1      10             80.9
                                          1       8             47.0
                                          1      12             27.5
                                          1       6             22.0
                                          1       5             20.2
                                          1       4             20.1
                                          1       2             20.0
                                          1      11             20.0
                                          1       3             20.0
                                          1       1             20.0
                                          1      18             20.0
                                          1      17             20.0
                                          1      16             20.0
                                          1      15             20.0
                                          1      14             20.0
                                          1      13             20.0
                                          0       0              0.0
                                          0       0              0.0
                                          0       0              0.0
                                          0       0              0.0
                                          0       0              0.0
                                          0       0              0.0
                                          0       0              0.0
                                          0       0              0.0
                                          0       0              0.0
                                          0       0              0.0
                                          0       0              0.0
                                          0       0              0.0
                                          0       0              0.0
                                          0       0              0.0
                                          0       0              0.0
                                          0       0              0.0
                                          0       0              0.0
                                          0       0              0.0
                                          0       0              0.0
                                          0       0              0.0
                                          0       0              0.0
                                          0       0              0.0
                                          0       0              0.0
                                          0       0              0.0
                                          0       0              0.0
                                          0       0              0.0
                                          0       0              0.0
                                          0       0              0.0
                                          0       0              0.0
                                          0       0              0.0
                                          0       0              0.0
                                          0       0              0.0
                                           BLP POSTPROCESSOR  SCRAM VERSION (DATED 99176)                                 06/25/99
                                                                                                                          15:56:05
**********************************************************************************************************************************

                                             TOP 50     8-HOUR AVERAGE CONCENTRATIONS


                                        DAY   ENDING HOUR   RECEPTOR     8-HOUR CONCENTRATION
                                                                            (UG/M**3)
                                          1        8            7              543.4
                                          1       16           10              241.2
                                          1       16            9              188.2
                                          1       24            7              186.0
                                          1        8            9              170.0
                                          1       16            8              119.0
                                          1       16            7               41.9
                                          1       24           12               40.7
                                          1       16            6               27.3
                                          1       24           10               21.6
                                          1        8            5               20.6
                                          1       16            4               20.2
                                          1       24            9               20.0
                                          1       16            2               20.0
                                          1       16           12               20.0
                                          1        8            6               20.0
                                          1        8            4               20.0
                                          1        8            3               20.0
                                          1        8           12               20.0
                                          1        8           11               20.0
                                          1        8           10               20.0
                                          1        8            2               20.0
                                          1        8            8               20.0
                                          1        8            1               20.0
                                          1        8           18               20.0
                                          1        8           17               20.0
                                          1        8           16               20.0
                                          1        8           15               20.0
                                          1       16            5               20.0
                                          1       16           11               20.0
                                          1        8           14               20.0
                                          1       16            3               20.0
                                          1        8           13               20.0
                                          1       16            1               20.0
                                          1       16           18               20.0
                                          1       16           17               20.0
                                          1       16           16               20.0
                                          1       16           15               20.0
                                          1       16           14               20.0
                                          1       16           13               20.0
                                          1       24            6               20.0
                                          1       24            5               20.0
                                          1       24           14               20.0
                                          1       24           13               20.0
                                          1       24            4               20.0
                                          1       24           11               20.0
                                          1       24            3               20.0
                                          1       24            2               20.0
                                          1       24            8               20.0
                                          1       24            1               20.0
