1                     CALMPRO               (DATED 84152)

 DAY # CALMS  P1 P2 P3 P4 P5 P6 P7 P8
   1       0   0  0  0  0  0  0  0  0
   2       0   0  0  0  0  0  0  0  0
   3       0   0  0  0  0  0  0  0  0
   4       0   0  0  0  0  0  0  0  0
   5       0   0  0  0  0  0  0  0  0
   6       0   0  0  0  0  0  0  0  0
   7       0   0  0  0  0  0  0  0  0
   8       0   0  0  0  0  0  0  0  0
   9       0   0  0  0  0  0  0  0  0
  10       4   0  0  0  0  0  0  2  2
  11       0   0  0  0  0  0  0  0  0
  12       0   0  0  0  0  0  0  0  0
  13       0   0  0  0  0  0  0  0  0
  14       2   0  2  0  0  0  0  0  0
  15       0   0  0  0  0  0  0  0  0
  16       0   0  0  0  0  0  0  0  0
  17       3   1  1  1  0  0  0  0  0
  18       0   0  0  0  0  0  0  0  0
  19       0   0  0  0  0  0  0  0  0
  20       0   0  0  0  0  0  0  0  0
  21       0   0  0  0  0  0  0  0  0
  22       0   0  0  0  0  0  0  0  0
  23       3   0  0  0  0  0  0  2  1
  24       0   0  0  0  0  0  0  0  0
  25       0   0  0  0  0  0  0  0  0
  26       0   0  0  0  0  0  0  0  0
  27       4   0  2  2  0  0  0  0  0
  28       2   0  0  0  0  0  0  2  0
  29       1   1  0  0  0  0  0  0  0
  30       4   0  0  1  1  1  1  0  0
  31       1   0  0  0  1  0  0  0  0
  32       0   0  0  0  0  0  0  0  0
  33       4   0  2  1  1  0  0  0  0
  34       0   0  0  0  0  0  0  0  0
  35       8   2  1  1  0  1  0  2  1
  36       1   0  1  0  0  0  0  0  0
  37       0   0  0  0  0  0  0  0  0
  38       0   0  0  0  0  0  0  0  0
  39       1   0  0  0  0  0  0  0  1
  40       1   0  1  0  0  0  0  0  0
  41       1   1  0  0  0  0  0  0  0
  42       1   0  0  0  0  0  0  1  0
  43       0   0  0  0  0  0  0  0  0
  44       0   0  0  0  0  0  0  0  0
  45       2   0  0  0  0  0  0  1  1
  46       0   0  0  0  0  0  0  0  0
  47       0   0  0  0  0  0  0  0  0
  48       1   0  0  0  0  0  0  0  1
  49       0   0  0  0  0  0  0  0  0
  50       0   0  0  0  0  0  0  0  0
  51       0   0  0  0  0  0  0  0  0
  52       0   0  0  0  0  0  0  0  0
  53       4   0  0  0  0  0  0  1  3
  54       0   0  0  0  0  0  0  0  0
  55       2   0  0  0  0  0  0  2  0
  56       0   0  0  0  0  0  0  0  0
  57       0   0  0  0  0  0  0  0  0
  58       4   0  1  1  1  0  0  1  0
  59       3   1  2  0  0  0  0  0  0
  60       0   0  0  0  0  0  0  0  0
  61       0   0  0  0  0  0  0  0  0
  62       0   0  0  0  0  0  0  0  0
  63       0   0  0  0  0  0  0  0  0
  64       0   0  0  0  0  0  0  0  0
  65       0   0  0  0  0  0  0  0  0
  66       2   1  1  0  0  0  0  0  0
  67       0   0  0  0  0  0  0  0  0
  68       0   0  0  0  0  0  0  0  0
  69       0   0  0  0  0  0  0  0  0
  70       0   0  0  0  0  0  0  0  0
  71       4   1  0  1  0  0  0  1  1
  72       0   0  0  0  0  0  0  0  0
  73       0   0  0  0  0  0  0  0  0
  74       0   0  0  0  0  0  0  0  0
  75       2   0  0  0  1  0  0  1  0
  76       0   0  0  0  0  0  0  0  0
  77       0   0  0  0  0  0  0  0  0
  78       1   0  0  0  0  0  0  0  1
  79       0   0  0  0  0  0  0  0  0
  80       0   0  0  0  0  0  0  0  0
  81       0   0  0  0  0  0  0  0  0
  82       1   0  0  0  0  0  0  1  0
  83       0   0  0  0  0  0  0  0  0
  84       0   0  0  0  0  0  0  0  0
  85       0   0  0  0  0  0  0  0  0
  86       0   0  0  0  0  0  0  0  0
  87       0   0  0  0  0  0  0  0  0
  88       0   0  0  0  0  0  0  0  0
  89       0   0  0  0  0  0  0  0  0
  90       0   0  0  0  0  0  0  0  0
  91       0   0  0  0  0  0  0  0  0
  92       0   0  0  0  0  0  0  0  0
  93       0   0  0  0  0  0  0  0  0
  94       0   0  0  0  0  0  0  0  0
  95       0   0  0  0  0  0  0  0  0
  96       0   0  0  0  0  0  0  0  0
  97       0   0  0  0  0  0  0  0  0
  98       0   0  0  0  0  0  0  0  0
  99       0   0  0  0  0  0  0  0  0
 100       0   0  0  0  0  0  0  0  0
 101       2   0  0  0  0  0  0  1  1
 102       0   0  0  0  0  0  0  0  0
 103       0   0  0  0  0  0  0  0  0
 104       0   0  0  0  0  0  0  0  0
 105       0   0  0  0  0  0  0  0  0
 106       4   1  1  0  0  0  0  2  0
 107       0   0  0  0  0  0  0  0  0
 108       0   0  0  0  0  0  0  0  0
 109       0   0  0  0  0  0  0  0  0
 110       2   1  0  0  1  0  0  0  0
 111       0   0  0  0  0  0  0  0  0
 112       0   0  0  0  0  0  0  0  0
 113       0   0  0  0  0  0  0  0  0
 114       1   0  1  0  0  0  0  0  0
 115       0   0  0  0  0  0  0  0  0
 116       0   0  0  0  0  0  0  0  0
 117       0   0  0  0  0  0  0  0  0
 118       0   0  0  0  0  0  0  0  0
 119       0   0  0  0  0  0  0  0  0
 120       0   0  0  0  0  0  0  0  0
 121       0   0  0  0  0  0  0  0  0
 122       0   0  0  0  0  0  0  0  0
 123       0   0  0  0  0  0  0  0  0
 124       1   0  0  0  0  0  0  1  0
 125       1   0  0  0  0  0  0  0  1
 126       4   1  1  1  0  0  0  0  1
 127       1   0  1  0  0  0  0  0  0
 128       0   0  0  0  0  0  0  0  0
 129       0   0  0  0  0  0  0  0  0
 130       0   0  0  0  0  0  0  0  0
 131       4   0  0  0  0  0  0  1  3
 132       3   2  1  0  0  0  0  0  0
 133       1   0  0  0  0  0  0  1  0
 134       0   0  0  0  0  0  0  0  0
 135       2   0  0  0  0  0  0  0  2
 136       9   3  3  1  1  0  0  0  1
 137       0   0  0  0  0  0  0  0  0
 138       3   0  0  0  0  0  0  0  3
 139       5   2  3  0  0  0  0  0  0
 140       0   0  0  0  0  0  0  0  0
 141       0   0  0  0  0  0  0  0  0
 142       4   0  0  0  0  0  0  2  2
 143       4   3  1  0  0  0  0  0  0
 144       0   0  0  0  0  0  0  0  0
 145       0   0  0  0  0  0  0  0  0
 146       3   0  2  1  0  0  0  0  0
 147       0   0  0  0  0  0  0  0  0
 148       1   1  0  0  0  0  0  0  0
 149       0   0  0  0  0  0  0  0  0
 150       0   0  0  0  0  0  0  0  0
 151       0   0  0  0  0  0  0  0  0
 152       0   0  0  0  0  0  0  0  0
 153       0   0  0  0  0  0  0  0  0
 154       3   2  1  0  0  0  0  0  0
 155       1   1  0  0  0  0  0  0  0
 156       4   0  0  0  0  0  0  1  3
 157       4   2  2  0  0  0  0  0  0
 158       2   0  1  0  0  0  0  1  0
 159       3   0  0  0  0  0  0  3  0
 160       1   1  0  0  0  0  0  0  0
 161       0   0  0  0  0  0  0  0  0
 162       0   0  0  0  0  0  0  0  0
 163       0   0  0  0  0  0  0  0  0
 164       0   0  0  0  0  0  0  0  0
 165       1   0  0  0  0  0  0  0  1
 166       0   0  0  0  0  0  0  0  0
 167       0   0  0  0  0  0  0  0  0
 168       0   0  0  0  0  0  0  0  0
 169       1   0  0  0  0  0  0  1  0
 170       0   0  0  0  0  0  0  0  0
 171       0   0  0  0  0  0  0  0  0
 172       2   0  0  0  0  0  0  0  2
 173       4   0  1  0  0  0  0  1  2
 174       4   2  0  0  0  0  1  1  0
 175       0   0  0  0  0  0  0  0  0
 176       1   0  1  0  0  0  0  0  0
 177       8   2  3  0  0  0  0  1  2
 178      10   2  0  1  0  0  2  2  3
 179       6   2  1  1  0  0  0  2  0
 180       5   0  0  0  0  0  0  2  3
 181       4   0  2  1  0  0  0  1  0
 182       6   2  1  0  0  0  0  1  2
 183       3   0  1  0  0  0  0  0  2
 184       4   2  1  1  0  0  0  0  0
 185       0   0  0  0  0  0  0  0  0
 186       3   0  0  0  0  0  0  1  2
 187       7   2  1  1  0  0  0  1  2
 188       4   0  3  1  0  0  0  0  0
 189       2   2  0  0  0  0  0  0  0
 190       2   1  0  0  0  0  0  0  1
 191       2   0  1  0  0  0  0  1  0
 192       4   2  1  0  0  0  0  0  1
 193      10   2  3  2  0  0  0  1  2
 194       3   3  0  0  0  0  0  0  0
 195       1   0  1  0  0  0  0  0  0
 196       0   0  0  0  0  0  0  0  0
 197       0   0  0  0  0  0  0  0  0
 198       6   1  0  0  0  0  0  2  3
 199       5   1  2  1  0  0  0  0  1
 200       5   2  1  0  0  0  0  1  1
 201       5   1  2  0  1  0  0  0  1
 202       9   3  3  1  0  0  0  1  1
 203       9   1  2  2  0  0  0  2  2
 204       8   2  3  0  0  0  0  2  1
 205       8   1  1  1  0  0  1  2  2
 206       2   0  1  0  0  0  0  0  1
 207       7   2  3  0  0  1  0  0  1
 208       4   1  0  1  0  0  0  0  2
 209       5   1  2  1  0  0  0  1  0
 210       3   2  1  0  0  0  0  0  0
 211       0   0  0  0  0  0  0  0  0
 212       0   0  0  0  0  0  0  0  0
 213       0   0  0  0  0  0  0  0  0
 214       0   0  0  0  0  0  0  0  0
 215       0   0  0  0  0  0  0  0  0
 216       0   0  0  0  0  0  0  0  0
 217       0   0  0  0  0  0  0  0  0
 218       0   0  0  0  0  0  0  0  0
 219       1   0  0  0  0  0  0  0  1
 220       3   2  1  0  0  0  0  0  0
 221       0   0  0  0  0  0  0  0  0
 222       1   0  0  0  0  0  0  1  0
 223       2   0  0  1  0  0  0  0  1
 224       0   0  0  0  0  0  0  0  0
 225       0   0  0  0  0  0  0  0  0
 226       7   2  3  1  0  0  0  0  1
 227       3   1  2  0  0  0  0  0  0
 228       0   0  0  0  0  0  0  0  0
 229       8   2  2  1  0  0  0  1  2
 230       5   2  3  0  0  0  0  0  0
 231       1   1  0  0  0  0  0  0  0
 232       6   1  2  1  0  0  0  1  1
 233       2   0  0  0  0  0  0  2  0
 234       1   0  0  0  0  0  0  0  1
 235       0   0  0  0  0  0  0  0  0
 236       0   0  0  0  0  0  0  0  0
 237       4   1  1  2  0  0  0  0  0
 238       0   0  0  0  0  0  0  0  0
 239       0   0  0  0  0  0  0  0  0
 240       1   0  0  0  0  0  0  1  0
 241       0   0  0  0  0  0  0  0  0
 242       4   2  2  0  0  0  0  0  0
 243       4   1  0  0  0  0  0  1  2
 244       0   0  0  0  0  0  0  0  0
 245       0   0  0  0  0  0  0  0  0
 246       0   0  0  0  0  0  0  0  0
 247       4   2  0  0  1  1  0  0  0
 248       2   1  1  0  0  0  0  0  0
 249       3   0  1  0  0  0  0  1  1
 250       1   1  0  0  0  0  0  0  0
 251       2   0  2  0  0  0  0  0  0
 252      10   3  3  1  0  0  0  1  2
 253      11   3  3  2  0  0  0  2  1
 254      11   3  3  2  0  0  0  1  2
 255       4   3  1  0  0  0  0  0  0
 256       0   0  0  0  0  0  0  0  0
 257       2   0  0  0  0  0  0  0  2
 258      13   2  3  2  1  0  0  2  3
 259       7   2  3  0  0  0  0  2  0
 260       7   2  1  1  0  0  0  1  2
 261       5   2  1  0  0  1  1  0  0
 262       0   0  0  0  0  0  0  0  0
 263       5   0  0  0  0  0  1  2  2
 264       6   2  1  2  0  0  0  1  0
 265       3   0  0  0  0  0  0  1  2
 266       3   2  0  0  0  0  0  1  0
 267       0   0  0  0  0  0  0  0  0
 268       2   0  0  0  0  0  0  2  0
 269       0   0  0  0  0  0  0  0  0
 270       0   0  0  0  0  0  0  0  0
 271       0   0  0  0  0  0  0  0  0
 272       0   0  0  0  0  0  0  0  0
 273       6   0  0  0  0  0  0  3  3
 274       3   3  0  0  0  0  0  0  0
 275       0   0  0  0  0  0  0  0  0
 276       3   0  0  0  0  0  0  0  3
 277       8   3  3  2  0  0  0  0  0
 278       0   0  0  0  0  0  0  0  0
 279       1   0  0  0  0  0  0  0  1
 280       6   1  0  1  0  0  0  3  1
 281       3   0  1  2  0  0  0  0  0
 282       0   0  0  0  0  0  0  0  0
 283       1   0  0  0  0  0  0  0  1
 284       0   0  0  0  0  0  0  0  0
 285       1   0  0  0  0  0  0  0  1
 286       7   1  3  0  0  0  0  3  0
 287       5   1  1  0  0  0  0  2  1
 288       2   1  0  1  0  0  0  0  0
 289       2   0  1  0  0  0  0  0  1
 290       0   0  0  0  0  0  0  0  0
 291       4   0  0  0  0  0  0  3  1
 292       5   3  2  0  0  0  0  0  0
 293       3   0  0  1  0  0  0  0  2
 294       6   3  2  1  0  0  0  0  0
 295       0   0  0  0  0  0  0  0  0
 296       8   3  2  2  0  0  0  0  1
 297       5   0  0  0  0  0  0  2  3
 298       9   2  3  3  0  0  0  1  0
 299       2   0  0  0  0  0  1  1  0
 300      10   2  2  1  0  0  1  1  3
 301       2   1  1  0  0  0  0  0  0
 302       0   0  0  0  0  0  0  0  0
 303       0   0  0  0  0  0  0  0  0
 304       4   0  2  1  0  0  0  1  0
 305       0   0  0  0  0  0  0  0  0
 306       1   0  1  0  0  0  0  0  0
 307       5   0  0  0  0  0  0  3  2
 308      16   3  3  3  0  0  2  3  2
 309      13   1  3  2  1  0  1  2  3
 310       6   2  3  1  0  0  0  0  0
 311      10   0  2  2  0  0  1  3  2
 312       4   2  0  1  0  0  1  0  0
 313       4   0  0  0  0  0  1  1  2
 314       8   3  3  2  0  0  0  0  0
 315       0   0  0  0  0  0  0  0  0
 316       0   0  0  0  0  0  0  0  0
 317       0   0  0  0  0  0  0  0  0
 318       3   0  0  0  0  0  0  2  1
 319       1   1  0  0  0  0  0  0  0
 320       1   0  1  0  0  0  0  0  0
 321       0   0  0  0  0  0  0  0  0
 322       4   0  3  1  0  0  0  0  0
 323       2   0  0  0  0  0  0  2  0
 324       3   0  0  0  1  2  0  0  0
 325       0   0  0  0  0  0  0  0  0
 326       0   0  0  0  0  0  0  0  0
 327       0   0  0  0  0  0  0  0  0
 328       5   0  0  0  0  0  0  3  2
 329       5   2  0  1  0  0  0  1  1
 330       0   0  0  0  0  0  0  0  0
 331       0   0  0  0  0  0  0  0  0
 332       0   0  0  0  0  0  0  0  0
 333       0   0  0  0  0  0  0  0  0
 334       1   0  1  0  0  0  0  0  0
 335       2   0  0  0  0  0  0  0  2
 336       7   2  3  2  0  0  0  0  0
 337       1   0  0  0  0  0  0  1  0
 338       1   0  0  0  0  0  1  0  0
 339       1   0  1  0  0  0  0  0  0
 340       0   0  0  0  0  0  0  0  0
 341       2   0  0  0  0  0  0  0  2
 342       1   1  0  0  0  0  0  0  0
 343       0   0  0  0  0  0  0  0  0
 344       2   0  1  1  0  0  0  0  0
 345       0   0  0  0  0  0  0  0  0
 346       0   0  0  0  0  0  0  0  0
 347       0   0  0  0  0  0  0  0  0
 348       0   0  0  0  0  0  0  0  0
 349       0   0  0  0  0  0  0  0  0
 350       1   0  0  0  1  0  0  0  0
 351       0   0  0  0  0  0  0  0  0
 352       0   0  0  0  0  0  0  0  0
 353       7   0  0  0  0  0  2  3  2
 354       0   0  0  0  0  0  0  0  0
 355       8   0  0  0  0  0  2  3  3
 356       8   3  3  2  0  0  0  0  0
 357       0   0  0  0  0  0  0  0  0
 358       0   0  0  0  0  0  0  0  0
 359       0   0  0  0  0  0  0  0  0
 360       1   0  0  0  0  0  1  0  0
 361       0   0  0  0  0  0  0  0  0
 362       0   0  0  0  0  0  0  0  0
 363       1   0  0  1  0  0  0  0  0
 364       0   0  0  0  0  0  0  0  0
 365       0   0  0  0  0  0  0  0  0
 366       6   1  3  2  0  0  0  0  0
 TOTAL NUMBER OF CALM HOURS
          714
0 NUMBER OF 3-HR PERIODS WITH
     1   2   3 CALM HRS
   233 137  69
0 NUMBER OF 24-HR PERIODS WITH
     1   2   3   4   5  6  7  8  9 10 11 12 13 14 15 16 17 18 19 20 21 22 23 24 CALM HRS
    42  29  23  31  15 10  8 10  4  5  2  0  2  0  0  1  0  0  0  0  0  0  0  0
1          10 STATIONS WILL BE PROCESSED IN THIS RUN OF CALMPRO.
0
 MPTER RUN FOR TEST OF CALMPRO AND RUNAVG
 1964 CINCINATI SURFACE, DAYTON UPPER AIR
 AT TEN DISCRETE RECEPTORS
0             RECEPTORS

 RECEPTOR    IDENTIFICATION  EAST     NORTH     RECEPTOR HT     RECEPTOR GROUND LEVEL             AVG CONC FOR PERIOD
                             COORD    COORD  ABV LOCAL GRD LVL       ELEVATION               DAY  1.HR 1. TO DAY365.HR24.
                              (USER UNITS)        (METERS)         (USER HT UNITS)                 (MICROGRAMS/M**3)

    1                          99.87     83.25                                                               *  47.85 C
    2                          94.40     75.14                                                                  25.83 C
    3                          93.31     76.07                                                                  25.17 C
    4                          94.18     75.70                                                                  28.64 C
    5                          92.60     76.85                                                                  24.58 C
    6                          95.00     73.80                                                                  20.45 C
    7                          95.87     73.40                                                                  17.22 C
    8                          96.84     72.25                                                                  23.33 C
    9                          95.00     74.00                                                                  21.23 C
   10                          95.28     72.83                                                                  15.58 C
0                                       FIVE HIGHEST  1-HOUR SO2  CONCENTRATIONS((ENDING ON JULIAN DAY, HOUR)
                                                      (MICROGRAMS/M**3)

  RECEPTOR                           1                    2                    3                    4                    5

     1(  99.87,  83.25)    2809.44  (165, 2)    2772.54  (235, 2)    2742.84  (128,20)    2740.31  (195,24)    2683.41  (276, 5)
     2(  94.40,  75.14)    2688.92  (122,20)    2289.79  (229,20)    2270.94  (245,22)    2231.59  (150,22)    2224.42  (258, 8)
     3(  93.31,  76.07)    2827.43  (163,20) *  2794.94  (242,20)    2551.31  (249,22)    2546.25  (285, 7)    2469.62  (281, 4)
     4(  94.18,  75.70)    2871.20  (361, 3)    2598.99  (305, 8)    2592.00  (138,20)    2530.74  (109,21)    2434.85  (212,20)
     5(  92.60,  76.85) *  2897.01  (174, 5)    2602.22  (201, 3)    2570.23  (164, 5)    2520.76  (203, 1)    2512.26  (263,20)
     6(  95.00,  73.80)    2461.14  (218,20)    2454.77  (304, 4)    2320.72  (313,21)    2308.72  (318,21)    2285.29  ( 33,20)
     7(  95.87,  73.40)    2425.82  (271,22)    2388.67  (312, 5)    2382.54  (304, 1)    2315.47  (281, 3)    2289.62  ( 34, 7)
     8(  96.84,  72.25)    2748.95  (222, 6)    2598.97  (208, 5)    2549.78  (203, 6)    2435.20  (218, 4)    2414.81  ( 42, 8)
     9(  95.00,  74.00)    2543.50  (218,20)    2435.11  (313,21)    2422.24  (318,21)    2381.12  (309, 3)    2300.35  (232, 1)
    10(  95.28,  72.83)    2678.60  (212, 6)    2583.74  (312, 6)    2472.81  (329, 4)    2415.98  (312,19)    2291.69  (304, 8)
0                                       FIVE HIGHEST  3-HOUR SO2  CONCENTRATIONS((ENDING ON JULIAN DAY, HOUR)
                                                      (MICROGRAMS/M**3)

  RECEPTOR                           1                    2                    3                    4                    5

     1(  99.87,  83.25)    1628.65  (359, 6)    1460.45  ( 17,24)    1391.19  ( 23, 6)    1227.82  ( 19, 9)    1190.77  (351,18)
     2(  94.40,  75.14)    1450.32  (141,24)    1436.47  (245,24)    1324.45  ( 67,21)    1285.00  (219, 6)    1252.62  (115,21)
     3(  93.31,  76.07)    1190.34  (180, 3)    1141.45  (304,18)    1028.04  ( 95, 3)    1022.36  ( 41,12)     942.68  (163,21)
     4(  94.18,  75.70)    1269.55  (272, 3)    1196.18  (218,24)    1195.16  ( 95,21)    1074.49  ( 95, 6)    1031.30  (272,12)
     5(  92.60,  76.85)    1399.07  (213, 6)    1127.63  (164, 6)    1094.35  (116,21)    1077.66  ( 12,12)    1059.61  ( 95, 9)
     6(  95.00,  73.80)    1563.04  ( 33,21) *  1486.65  (218,21)    1278.25  ( 12,18)    1146.49  ( 94,21)    1140.56  ( 13, 3)
     7(  95.87,  73.40)    1333.01  (312, 6)    1068.23  (163, 3)     987.36  (255,24)     829.81  (271,24)     806.81  (330, 9)
     8(  96.84,  72.25) *  1838.29  (303,24)    1195.24  (217,24)    1023.39  (362, 3)     987.03  ( 42, 9)     968.97  (222, 6)
     9(  95.00,  74.00)    1344.63  ( 12,18)    1335.03  (218,21)    1293.88  ( 33,21)    1146.37  ( 13, 3)    1103.92  (149, 3)
    10(  95.28,  72.83)    1180.40  (312, 6)     934.79  (163, 3)     892.87  (212, 6)     824.27  (329, 6)     805.78  (312,21)
0                                       FIVE HIGHEST  8-HOUR SO2  CONCENTRATIONS((ENDING ON JULIAN DAY, HOUR)
                                                      (MICROGRAMS/M**3)

  RECEPTOR                           1                    2                    3                    4                    5

     1(  99.87,  83.25)     836.04  ( 23, 8)     702.64  ( 24,24)     659.99  (351,24)     627.36  (128,24)     621.92  ( 74, 8)
     2(  94.40,  75.14)     764.20  (116, 8)     756.34  (141,24)     727.12  (115,24)     695.11  (245,24)     649.48  (219, 8)
     3(  93.31,  76.07)     630.97  ( 95, 8)     594.97C (281, 8)     583.93  (272, 8)     550.30  ( 12, 8)     518.32C (192,24)
     4(  94.18,  75.70)     799.06  (272, 8)     693.25  (115,24)     624.03  (256, 8)     513.98  (116, 8)     504.18  (272,16)
     5(  92.60,  76.85)     820.43  (116,24)     754.83  (213, 8)     686.26  (142, 8)     660.99  (305, 8)     618.34  (151, 8)
     6(  95.00,  73.80)     851.76  ( 33,24)     681.72  (256, 8)     625.59  (149, 8)     603.39  (218,24)     596.03  ( 13, 8)
     7(  95.87,  73.40)     727.14C (304, 8)     666.51C (312, 8)     484.82  (149,24)     451.76  (255,24)     428.40C (281, 8)
     8(  96.84,  72.25) *   955.77  (303,24)     615.85  (362, 8)     611.51  (217,24)     592.90  (290, 8)     534.09  (222, 8)
     9(  95.00,  74.00)     908.95  ( 33,24) *   762.62  (149, 8)     740.55  (256, 8)     643.04  ( 12,24)     621.32  ( 13, 8)
    10(  95.28,  72.83)     699.96C (304, 8)     590.20C (312, 8)     428.78  (330,16)     412.13C (329, 8)     382.52C (192, 8)
0                                       FIVE HIGHEST 24-HOUR SO2  CONCENTRATIONS((ENDING ON JULIAN DAY, HOUR)
                                                      (MICROGRAMS/M**3)

  RECEPTOR                           1                    2                    3                    4                    5

     1(  99.87,  83.25)     473.01  (351,24)     397.81C ( 23,24)     312.37  (359,24)     291.42  (315,24)     279.15  ( 74,24)
     2(  94.40,  75.14)     499.28  (115,24)     356.29  (116,24)     336.57  (272,24)     318.05C (257,24)     286.90  (141,24)
     3(  93.31,  76.07)     387.42  ( 95,24)     339.41C (274,24)     336.67  (272,24)     273.98  ( 12,24)     271.58  (163,24)
     4(  94.18,  75.70)     472.83  (272,24) *   442.20  (115,24)     399.62  ( 95,24)     290.89C (274,24)     289.10  (256,24)
     5(  92.60,  76.85) *   511.57  (305,24)     347.23  (116,24)     314.69C (142,24)     274.44  (151,24)     273.54C (366,24)
     6(  95.00,  73.80)     459.95  (256,24)     340.70C ( 33,24)     265.69  (115,24)     245.23  ( 34,24)     237.68  ( 12,24)
     7(  95.87,  73.40)     277.75C (312,24)     255.62C (255,24)     253.26C (304,24)     199.45  (290,24)     189.47  (149,24)
     8(  96.84,  72.25)     359.01  (362,24)     350.13  (217,24)     335.05C (255,24)     318.59  (303,24)     316.21  (290,24)
     9(  95.00,  74.00)     491.38  (256,24)     363.58C ( 33,24)     287.04  (115,24)     281.75  ( 12,24)     259.74  (149,24)
    10(  95.28,  72.83)     297.93C (312,24)     226.87C (304,24)     181.31  (330,24)     163.18  (163,24)     155.02  (212,24)
